<?xml version="1.0" encoding="UTF-8"?>
<testsuite xmlns:xsi="http://www.w3.org/2001/XMLSchema-instance" xsi:noNamespaceSchemaLocation="https://maven.apache.org/surefire/maven-surefire-plugin/xsd/surefire-test-report-3.0.xsd" version="3.0" name="TestSuite" time="33.615" tests="6" errors="0" skipped="0" failures="0">
  <properties>
    <property name="java.specification.version" value="15"/>
    <property name="webdriver.chrome.driver" value="C:\Users\farha\IdeaProjects\CucumberProject/src/main/java/driver/drivers/chromedriver.exe"/>
    <property name="sun.cpu.isalist" value="amd64"/>
    <property name="sun.jnu.encoding" value="Cp1252"/>
    <property name="java.class.path" value="C:\Users\farha\IdeaProjects\CucumberProject\target\test-classes;C:\Users\farha\IdeaProjects\CucumberProject\target\classes;C:\Users\farha\.m2\repository\org\apache\maven\maven-core\3.8.5\maven-core-3.8.5.jar;C:\Users\farha\.m2\repository\org\apache\maven\maven-model\3.8.5\maven-model-3.8.5.jar;C:\Users\farha\.m2\repository\org\apache\maven\maven-settings\3.8.5\maven-settings-3.8.5.jar;C:\Users\farha\.m2\repository\org\apache\maven\maven-settings-builder\3.8.5\maven-settings-builder-3.8.5.jar;C:\Users\farha\.m2\repository\org\codehaus\plexus\plexus-sec-dispatcher\2.0\plexus-sec-dispatcher-2.0.jar;C:\Users\farha\.m2\repository\org\codehaus\plexus\plexus-cipher\2.0\plexus-cipher-2.0.jar;C:\Users\farha\.m2\repository\org\apache\maven\maven-builder-support\3.8.5\maven-builder-support-3.8.5.jar;C:\Users\farha\.m2\repository\org\apache\maven\maven-repository-metadata\3.8.5\maven-repository-metadata-3.8.5.jar;C:\Users\farha\.m2\repository\org\apache\maven\maven-artifact\3.8.5\maven-artifact-3.8.5.jar;C:\Users\farha\.m2\repository\org\apache\maven\maven-plugin-api\3.8.5\maven-plugin-api-3.8.5.jar;C:\Users\farha\.m2\repository\org\apache\maven\maven-model-builder\3.8.5\maven-model-builder-3.8.5.jar;C:\Users\farha\.m2\repository\org\apache\maven\maven-resolver-provider\3.8.5\maven-resolver-provider-3.8.5.jar;C:\Users\farha\.m2\repository\org\apache\maven\resolver\maven-resolver-impl\1.6.3\maven-resolver-impl-1.6.3.jar;C:\Users\farha\.m2\repository\org\apache\maven\resolver\maven-resolver-api\1.6.3\maven-resolver-api-1.6.3.jar;C:\Users\farha\.m2\repository\org\apache\maven\resolver\maven-resolver-spi\1.6.3\maven-resolver-spi-1.6.3.jar;C:\Users\farha\.m2\repository\org\apache\maven\resolver\maven-resolver-util\1.6.3\maven-resolver-util-1.6.3.jar;C:\Users\farha\.m2\repository\org\apache\maven\shared\maven-shared-utils\3.3.4\maven-shared-utils-3.3.4.jar;C:\Users\farha\.m2\repository\org\eclipse\sisu\org.eclipse.sisu.plexus\0.3.5\org.eclipse.sisu.plexus-0.3.5.jar;C:\Users\farha\.m2\repository\javax\annotation\javax.annotation-api\1.2\javax.annotation-api-1.2.jar;C:\Users\farha\.m2\repository\org\eclipse\sisu\org.eclipse.sisu.inject\0.3.5\org.eclipse.sisu.inject-0.3.5.jar;C:\Users\farha\.m2\repository\com\google\inject\guice\4.2.2\guice-4.2.2-no_aop.jar;C:\Users\farha\.m2\repository\aopalliance\aopalliance\1.0\aopalliance-1.0.jar;C:\Users\farha\.m2\repository\javax\inject\javax.inject\1\javax.inject-1.jar;C:\Users\farha\.m2\repository\org\codehaus\plexus\plexus-utils\3.3.0\plexus-utils-3.3.0.jar;C:\Users\farha\.m2\repository\org\codehaus\plexus\plexus-classworlds\2.6.0\plexus-classworlds-2.6.0.jar;C:\Users\farha\.m2\repository\org\codehaus\plexus\plexus-interpolation\1.26\plexus-interpolation-1.26.jar;C:\Users\farha\.m2\repository\org\codehaus\plexus\plexus-component-annotations\2.1.0\plexus-component-annotations-2.1.0.jar;C:\Users\farha\.m2\repository\org\apache\commons\commons-lang3\3.8.1\commons-lang3-3.8.1.jar;C:\Users\farha\.m2\repository\org\slf4j\slf4j-api\1.7.32\slf4j-api-1.7.32.jar;C:\Users\farha\.m2\repository\org\seleniumhq\selenium\selenium-java\4.1.4\selenium-java-4.1.4.jar;C:\Users\farha\.m2\repository\org\seleniumhq\selenium\selenium-api\4.1.4\selenium-api-4.1.4.jar;C:\Users\farha\.m2\repository\org\seleniumhq\selenium\selenium-chrome-driver\4.1.4\selenium-chrome-driver-4.1.4.jar;C:\Users\farha\.m2\repository\com\google\auto\service\auto-service-annotations\1.0.1\auto-service-annotations-1.0.1.jar;C:\Users\farha\.m2\repository\com\google\auto\service\auto-service\1.0.1\auto-service-1.0.1.jar;C:\Users\farha\.m2\repository\com\google\auto\auto-common\1.2\auto-common-1.2.jar;C:\Users\farha\.m2\repository\org\seleniumhq\selenium\selenium-chromium-driver\4.1.4\selenium-chromium-driver-4.1.4.jar;C:\Users\farha\.m2\repository\org\seleniumhq\selenium\selenium-json\4.1.4\selenium-json-4.1.4.jar;C:\Users\farha\.m2\repository\org\seleniumhq\selenium\selenium-devtools-v100\4.1.4\selenium-devtools-v100-4.1.4.jar;C:\Users\farha\.m2\repository\org\seleniumhq\selenium\selenium-devtools-v101\4.1.4\selenium-devtools-v101-4.1.4.jar;C:\Users\farha\.m2\repository\org\seleniumhq\selenium\selenium-devtools-v85\4.1.4\selenium-devtools-v85-4.1.4.jar;C:\Users\farha\.m2\repository\org\seleniumhq\selenium\selenium-devtools-v99\4.1.4\selenium-devtools-v99-4.1.4.jar;C:\Users\farha\.m2\repository\org\seleniumhq\selenium\selenium-edge-driver\4.1.4\selenium-edge-driver-4.1.4.jar;C:\Users\farha\.m2\repository\org\seleniumhq\selenium\selenium-firefox-driver\4.1.4\selenium-firefox-driver-4.1.4.jar;C:\Users\farha\.m2\repository\org\seleniumhq\selenium\selenium-ie-driver\4.1.4\selenium-ie-driver-4.1.4.jar;C:\Users\farha\.m2\repository\org\seleniumhq\selenium\selenium-opera-driver\4.1.4\selenium-opera-driver-4.1.4.jar;C:\Users\farha\.m2\repository\org\seleniumhq\selenium\selenium-remote-driver\4.1.4\selenium-remote-driver-4.1.4.jar;C:\Users\farha\.m2\repository\io\netty\netty-buffer\4.1.76.Final\netty-buffer-4.1.76.Final.jar;C:\Users\farha\.m2\repository\io\netty\netty-codec-http\4.1.76.Final\netty-codec-http-4.1.76.Final.jar;C:\Users\farha\.m2\repository\io\netty\netty-codec\4.1.76.Final\netty-codec-4.1.76.Final.jar;C:\Users\farha\.m2\repository\io\netty\netty-handler\4.1.76.Final\netty-handler-4.1.76.Final.jar;C:\Users\farha\.m2\repository\io\netty\netty-common\4.1.76.Final\netty-common-4.1.76.Final.jar;C:\Users\farha\.m2\repository\io\netty\netty-transport-classes-epoll\4.1.76.Final\netty-transport-classes-epoll-4.1.76.Final.jar;C:\Users\farha\.m2\repository\io\netty\netty-transport-classes-kqueue\4.1.76.Final\netty-transport-classes-kqueue-4.1.76.Final.jar;C:\Users\farha\.m2\repository\io\netty\netty-transport-native-epoll\4.1.76.Final\netty-transport-native-epoll-4.1.76.Final.jar;C:\Users\farha\.m2\repository\io\netty\netty-transport-native-kqueue\4.1.76.Final\netty-transport-native-kqueue-4.1.76.Final.jar;C:\Users\farha\.m2\repository\io\netty\netty-transport-native-unix-common\4.1.76.Final\netty-transport-native-unix-common-4.1.76.Final.jar;C:\Users\farha\.m2\repository\io\netty\netty-transport\4.1.76.Final\netty-transport-4.1.76.Final.jar;C:\Users\farha\.m2\repository\io\netty\netty-resolver\4.1.76.Final\netty-resolver-4.1.76.Final.jar;C:\Users\farha\.m2\repository\io\opentelemetry\opentelemetry-api\1.13.0\opentelemetry-api-1.13.0.jar;C:\Users\farha\.m2\repository\io\opentelemetry\opentelemetry-context\1.13.0\opentelemetry-context-1.13.0.jar;C:\Users\farha\.m2\repository\io\opentelemetry\opentelemetry-exporter-logging\1.13.0\opentelemetry-exporter-logging-1.13.0.jar;C:\Users\farha\.m2\repository\io\opentelemetry\opentelemetry-sdk-metrics\1.13.0-alpha\opentelemetry-sdk-metrics-1.13.0-alpha.jar;C:\Users\farha\.m2\repository\io\opentelemetry\opentelemetry-sdk-logs\1.13.0-alpha\opentelemetry-sdk-logs-1.13.0-alpha.jar;C:\Users\farha\.m2\repository\io\opentelemetry\opentelemetry-sdk-common\1.13.0\opentelemetry-sdk-common-1.13.0.jar;C:\Users\farha\.m2\repository\io\opentelemetry\opentelemetry-sdk-extension-autoconfigure-spi\1.13.0\opentelemetry-sdk-extension-autoconfigure-spi-1.13.0.jar;C:\Users\farha\.m2\repository\io\opentelemetry\opentelemetry-sdk-extension-autoconfigure\1.13.0-alpha\opentelemetry-sdk-extension-autoconfigure-1.13.0-alpha.jar;C:\Users\farha\.m2\repository\io\opentelemetry\opentelemetry-sdk-trace\1.13.0\opentelemetry-sdk-trace-1.13.0.jar;C:\Users\farha\.m2\repository\io\opentelemetry\opentelemetry-sdk\1.13.0\opentelemetry-sdk-1.13.0.jar;C:\Users\farha\.m2\repository\io\opentelemetry\opentelemetry-semconv\1.13.0-alpha\opentelemetry-semconv-1.13.0-alpha.jar;C:\Users\farha\.m2\repository\io\ous\jtoml\2.0.0\jtoml-2.0.0.jar;C:\Users\farha\.m2\repository\net\bytebuddy\byte-buddy\1.12.9\byte-buddy-1.12.9.jar;C:\Users\farha\.m2\repository\org\apache\commons\commons-exec\1.3\commons-exec-1.3.jar;C:\Users\farha\.m2\repository\org\asynchttpclient\async-http-client\2.12.3\async-http-client-2.12.3.jar;C:\Users\farha\.m2\repository\org\asynchttpclient\async-http-client-netty-utils\2.12.3\async-http-client-netty-utils-2.12.3.jar;C:\Users\farha\.m2\repository\io\netty\netty-codec-socks\4.1.60.Final\netty-codec-socks-4.1.60.Final.jar;C:\Users\farha\.m2\repository\io\netty\netty-handler-proxy\4.1.60.Final\netty-handler-proxy-4.1.60.Final.jar;C:\Users\farha\.m2\repository\io\netty\netty-transport-native-epoll\4.1.60.Final\netty-transport-native-epoll-4.1.60.Final-linux-x86_64.jar;C:\Users\farha\.m2\repository\io\netty\netty-transport-native-kqueue\4.1.60.Final\netty-transport-native-kqueue-4.1.60.Final-osx-x86_64.jar;C:\Users\farha\.m2\repository\org\reactivestreams\reactive-streams\1.0.3\reactive-streams-1.0.3.jar;C:\Users\farha\.m2\repository\com\typesafe\netty\netty-reactive-streams\2.0.4\netty-reactive-streams-2.0.4.jar;C:\Users\farha\.m2\repository\com\sun\activation\jakarta.activation\1.2.2\jakarta.activation-1.2.2.jar;C:\Users\farha\.m2\repository\org\seleniumhq\selenium\selenium-http\4.1.4\selenium-http-4.1.4.jar;C:\Users\farha\.m2\repository\dev\failsafe\failsafe\3.2.3\failsafe-3.2.3.jar;C:\Users\farha\.m2\repository\org\seleniumhq\selenium\selenium-safari-driver\4.1.4\selenium-safari-driver-4.1.4.jar;C:\Users\farha\.m2\repository\org\seleniumhq\selenium\selenium-support\4.1.4\selenium-support-4.1.4.jar;C:\Users\farha\.m2\repository\io\cucumber\cucumber-java\7.3.4\cucumber-java-7.3.4.jar;C:\Users\farha\.m2\repository\io\cucumber\cucumber-core\7.3.4\cucumber-core-7.3.4.jar;C:\Users\farha\.m2\repository\io\cucumber\cucumber-gherkin\7.3.4\cucumber-gherkin-7.3.4.jar;C:\Users\farha\.m2\repository\io\cucumber\cucumber-gherkin-messages\7.3.4\cucumber-gherkin-messages-7.3.4.jar;C:\Users\farha\.m2\repository\io\cucumber\gherkin\23.0.1\gherkin-23.0.1.jar;C:\Users\farha\.m2\repository\io\cucumber\messages\18.0.0\messages-18.0.0.jar;C:\Users\farha\.m2\repository\io\cucumber\tag-expressions\4.1.0\tag-expressions-4.1.0.jar;C:\Users\farha\.m2\repository\io\cucumber\cucumber-expressions\15.1.1\cucumber-expressions-15.1.1.jar;C:\Users\farha\.m2\repository\io\cucumber\datatable\7.3.4\datatable-7.3.4.jar;C:\Users\farha\.m2\repository\io\cucumber\cucumber-plugin\7.3.4\cucumber-plugin-7.3.4.jar;C:\Users\farha\.m2\repository\io\cucumber\docstring\7.3.4\docstring-7.3.4.jar;C:\Users\farha\.m2\repository\io\cucumber\html-formatter\19.1.0\html-formatter-19.1.0.jar;C:\Users\farha\.m2\repository\io\cucumber\ci-environment\9.0.4\ci-environment-9.0.4.jar;C:\Users\farha\.m2\repository\org\apiguardian\apiguardian-api\1.1.2\apiguardian-api-1.1.2.jar;C:\Users\farha\.m2\repository\io\cucumber\cucumber-testng\7.3.4\cucumber-testng-7.3.4.jar;C:\Users\farha\.m2\repository\org\apache\poi\poi\5.2.2\poi-5.2.2.jar;C:\Users\farha\.m2\repository\commons-codec\commons-codec\1.15\commons-codec-1.15.jar;C:\Users\farha\.m2\repository\org\apache\commons\commons-collections4\4.4\commons-collections4-4.4.jar;C:\Users\farha\.m2\repository\org\apache\commons\commons-math3\3.6.1\commons-math3-3.6.1.jar;C:\Users\farha\.m2\repository\commons-io\commons-io\2.11.0\commons-io-2.11.0.jar;C:\Users\farha\.m2\repository\com\zaxxer\SparseBitSet\1.2\SparseBitSet-1.2.jar;C:\Users\farha\.m2\repository\com\google\guava\guava\31.1-jre\guava-31.1-jre.jar;C:\Users\farha\.m2\repository\com\google\guava\failureaccess\1.0.1\failureaccess-1.0.1.jar;C:\Users\farha\.m2\repository\com\google\guava\listenablefuture\9999.0-empty-to-avoid-conflict-with-guava\listenablefuture-9999.0-empty-to-avoid-conflict-with-guava.jar;C:\Users\farha\.m2\repository\com\google\code\findbugs\jsr305\3.0.2\jsr305-3.0.2.jar;C:\Users\farha\.m2\repository\org\checkerframework\checker-qual\3.12.0\checker-qual-3.12.0.jar;C:\Users\farha\.m2\repository\com\google\errorprone\error_prone_annotations\2.11.0\error_prone_annotations-2.11.0.jar;C:\Users\farha\.m2\repository\com\google\j2objc\j2objc-annotations\1.3\j2objc-annotations-1.3.jar;C:\Users\farha\.m2\repository\org\apache\logging\log4j\log4j-core\2.17.2\log4j-core-2.17.2.jar;C:\Users\farha\.m2\repository\org\apache\logging\log4j\log4j-api\2.17.2\log4j-api-2.17.2.jar;C:\Users\farha\.m2\repository\log4j\log4j\1.2.17\log4j-1.2.17.jar;C:\Users\farha\.m2\repository\commons-logging\commons-logging\1.2\commons-logging-1.2.jar;C:\Users\farha\.m2\repository\org\springframework\boot\spring-boot-starter-test\2.7.0\spring-boot-starter-test-2.7.0.jar;C:\Users\farha\.m2\repository\org\springframework\boot\spring-boot-starter\2.7.0\spring-boot-starter-2.7.0.jar;C:\Users\farha\.m2\repository\org\springframework\boot\spring-boot\2.7.0\spring-boot-2.7.0.jar;C:\Users\farha\.m2\repository\org\springframework\spring-context\5.3.20\spring-context-5.3.20.jar;C:\Users\farha\.m2\repository\org\springframework\spring-aop\5.3.20\spring-aop-5.3.20.jar;C:\Users\farha\.m2\repository\org\springframework\spring-beans\5.3.20\spring-beans-5.3.20.jar;C:\Users\farha\.m2\repository\org\springframework\spring-expression\5.3.20\spring-expression-5.3.20.jar;C:\Users\farha\.m2\repository\org\springframework\boot\spring-boot-autoconfigure\2.7.0\spring-boot-autoconfigure-2.7.0.jar;C:\Users\farha\.m2\repository\org\springframework\boot\spring-boot-starter-logging\2.7.0\spring-boot-starter-logging-2.7.0.jar;C:\Users\farha\.m2\repository\ch\qos\logback\logback-classic\1.2.11\logback-classic-1.2.11.jar;C:\Users\farha\.m2\repository\ch\qos\logback\logback-core\1.2.11\logback-core-1.2.11.jar;C:\Users\farha\.m2\repository\org\apache\logging\log4j\log4j-to-slf4j\2.17.2\log4j-to-slf4j-2.17.2.jar;C:\Users\farha\.m2\repository\org\slf4j\jul-to-slf4j\1.7.36\jul-to-slf4j-1.7.36.jar;C:\Users\farha\.m2\repository\jakarta\annotation\jakarta.annotation-api\1.3.5\jakarta.annotation-api-1.3.5.jar;C:\Users\farha\.m2\repository\org\yaml\snakeyaml\1.30\snakeyaml-1.30.jar;C:\Users\farha\.m2\repository\org\springframework\boot\spring-boot-test\2.7.0\spring-boot-test-2.7.0.jar;C:\Users\farha\.m2\repository\org\springframework\boot\spring-boot-test-autoconfigure\2.7.0\spring-boot-test-autoconfigure-2.7.0.jar;C:\Users\farha\.m2\repository\com\jayway\jsonpath\json-path\2.7.0\json-path-2.7.0.jar;C:\Users\farha\.m2\repository\net\minidev\json-smart\2.4.7\json-smart-2.4.7.jar;C:\Users\farha\.m2\repository\net\minidev\accessors-smart\2.4.7\accessors-smart-2.4.7.jar;C:\Users\farha\.m2\repository\org\ow2\asm\asm\9.1\asm-9.1.jar;C:\Users\farha\.m2\repository\jakarta\xml\bind\jakarta.xml.bind-api\2.3.3\jakarta.xml.bind-api-2.3.3.jar;C:\Users\farha\.m2\repository\jakarta\activation\jakarta.activation-api\1.2.2\jakarta.activation-api-1.2.2.jar;C:\Users\farha\.m2\repository\org\assertj\assertj-core\3.22.0\assertj-core-3.22.0.jar;C:\Users\farha\.m2\repository\org\hamcrest\hamcrest\2.2\hamcrest-2.2.jar;C:\Users\farha\.m2\repository\org\junit\jupiter\junit-jupiter\5.8.2\junit-jupiter-5.8.2.jar;C:\Users\farha\.m2\repository\org\junit\jupiter\junit-jupiter-api\5.8.2\junit-jupiter-api-5.8.2.jar;C:\Users\farha\.m2\repository\org\opentest4j\opentest4j\1.2.0\opentest4j-1.2.0.jar;C:\Users\farha\.m2\repository\org\junit\jupiter\junit-jupiter-params\5.8.2\junit-jupiter-params-5.8.2.jar;C:\Users\farha\.m2\repository\org\junit\jupiter\junit-jupiter-engine\5.8.2\junit-jupiter-engine-5.8.2.jar;C:\Users\farha\.m2\repository\org\mockito\mockito-core\4.5.1\mockito-core-4.5.1.jar;C:\Users\farha\.m2\repository\net\bytebuddy\byte-buddy-agent\1.12.9\byte-buddy-agent-1.12.9.jar;C:\Users\farha\.m2\repository\org\objenesis\objenesis\3.2\objenesis-3.2.jar;C:\Users\farha\.m2\repository\org\mockito\mockito-junit-jupiter\4.5.1\mockito-junit-jupiter-4.5.1.jar;C:\Users\farha\.m2\repository\org\skyscreamer\jsonassert\1.5.0\jsonassert-1.5.0.jar;C:\Users\farha\.m2\repository\com\vaadin\external\google\android-json\0.0.20131108.vaadin1\android-json-0.0.20131108.vaadin1.jar;C:\Users\farha\.m2\repository\org\springframework\spring-core\5.3.20\spring-core-5.3.20.jar;C:\Users\farha\.m2\repository\org\springframework\spring-jcl\5.3.20\spring-jcl-5.3.20.jar;C:\Users\farha\.m2\repository\org\springframework\spring-test\5.3.20\spring-test-5.3.20.jar;C:\Users\farha\.m2\repository\org\xmlunit\xmlunit-core\2.9.0\xmlunit-core-2.9.0.jar;C:\Users\farha\.m2\repository\org\json\json\20220320\json-20220320.jar;C:\Users\farha\.m2\repository\io\cucumber\cucumber-picocontainer\7.3.4\cucumber-picocontainer-7.3.4.jar;C:\Users\farha\.m2\repository\org\picocontainer\picocontainer\2.15\picocontainer-2.15.jar;C:\Users\farha\.m2\repository\org\testng\testng\7.5\testng-7.5.jar;C:\Users\farha\.m2\repository\com\beust\jcommander\1.78\jcommander-1.78.jar;C:\Users\farha\.m2\repository\org\webjars\jquery\3.5.1\jquery-3.5.1.jar;C:\Users\farha\.m2\repository\org\junit\platform\junit-platform-runner\1.9.0-M1\junit-platform-runner-1.9.0-M1.jar;C:\Users\farha\.m2\repository\junit\junit\4.13.2\junit-4.13.2.jar;C:\Users\farha\.m2\repository\org\hamcrest\hamcrest-core\1.3\hamcrest-core-1.3.jar;C:\Users\farha\.m2\repository\org\junit\platform\junit-platform-launcher\1.9.0-M1\junit-platform-launcher-1.9.0-M1.jar;C:\Users\farha\.m2\repository\org\junit\platform\junit-platform-engine\1.9.0-M1\junit-platform-engine-1.9.0-M1.jar;C:\Users\farha\.m2\repository\org\junit\platform\junit-platform-suite-api\1.9.0-M1\junit-platform-suite-api-1.9.0-M1.jar;C:\Users\farha\.m2\repository\org\junit\platform\junit-platform-commons\1.9.0-M1\junit-platform-commons-1.9.0-M1.jar;C:\Users\farha\.m2\repository\org\junit\platform\junit-platform-suite-commons\1.9.0-M1\junit-platform-suite-commons-1.9.0-M1.jar;"/>
    <property name="java.vm.vendor" value="Oracle Corporation"/>
    <property name="sun.arch.data.model" value="64"/>
    <property name="user.variant" value=""/>
    <property name="java.vendor.url" value="https://java.oracle.com/"/>
    <property name="user.timezone" value="America/New_York"/>
    <property name="os.name" value="Windows 10"/>
    <property name="java.vm.specification.version" value="15"/>
    <property name="dataproviderthreadcount" value="3"/>
    <property name="sun.java.launcher" value="SUN_STANDARD"/>
    <property name="user.country" value="US"/>
    <property name="sun.boot.library.path" value="C:\Program Files\Java\jdk-15\bin"/>
    <property name="sun.java.command" value="C:\Users\farha\AppData\Local\Temp\surefire17123830743122789335\surefirebooter-20220913131430696_3.jar C:\Users\farha\AppData\Local\Temp\surefire17123830743122789335 2022-09-13T13-14-29_841-jvmRun1 surefire-20220913131430696_1tmp surefire_0-20220913131430696_2tmp"/>
    <property name="jdk.debug" value="release"/>
    <property name="surefire.test.class.path" value="C:\Users\farha\IdeaProjects\CucumberProject\target\test-classes;C:\Users\farha\IdeaProjects\CucumberProject\target\classes;C:\Users\farha\.m2\repository\org\apache\maven\maven-core\3.8.5\maven-core-3.8.5.jar;C:\Users\farha\.m2\repository\org\apache\maven\maven-model\3.8.5\maven-model-3.8.5.jar;C:\Users\farha\.m2\repository\org\apache\maven\maven-settings\3.8.5\maven-settings-3.8.5.jar;C:\Users\farha\.m2\repository\org\apache\maven\maven-settings-builder\3.8.5\maven-settings-builder-3.8.5.jar;C:\Users\farha\.m2\repository\org\codehaus\plexus\plexus-sec-dispatcher\2.0\plexus-sec-dispatcher-2.0.jar;C:\Users\farha\.m2\repository\org\codehaus\plexus\plexus-cipher\2.0\plexus-cipher-2.0.jar;C:\Users\farha\.m2\repository\org\apache\maven\maven-builder-support\3.8.5\maven-builder-support-3.8.5.jar;C:\Users\farha\.m2\repository\org\apache\maven\maven-repository-metadata\3.8.5\maven-repository-metadata-3.8.5.jar;C:\Users\farha\.m2\repository\org\apache\maven\maven-artifact\3.8.5\maven-artifact-3.8.5.jar;C:\Users\farha\.m2\repository\org\apache\maven\maven-plugin-api\3.8.5\maven-plugin-api-3.8.5.jar;C:\Users\farha\.m2\repository\org\apache\maven\maven-model-builder\3.8.5\maven-model-builder-3.8.5.jar;C:\Users\farha\.m2\repository\org\apache\maven\maven-resolver-provider\3.8.5\maven-resolver-provider-3.8.5.jar;C:\Users\farha\.m2\repository\org\apache\maven\resolver\maven-resolver-impl\1.6.3\maven-resolver-impl-1.6.3.jar;C:\Users\farha\.m2\repository\org\apache\maven\resolver\maven-resolver-api\1.6.3\maven-resolver-api-1.6.3.jar;C:\Users\farha\.m2\repository\org\apache\maven\resolver\maven-resolver-spi\1.6.3\maven-resolver-spi-1.6.3.jar;C:\Users\farha\.m2\repository\org\apache\maven\resolver\maven-resolver-util\1.6.3\maven-resolver-util-1.6.3.jar;C:\Users\farha\.m2\repository\org\apache\maven\shared\maven-shared-utils\3.3.4\maven-shared-utils-3.3.4.jar;C:\Users\farha\.m2\repository\org\eclipse\sisu\org.eclipse.sisu.plexus\0.3.5\org.eclipse.sisu.plexus-0.3.5.jar;C:\Users\farha\.m2\repository\javax\annotation\javax.annotation-api\1.2\javax.annotation-api-1.2.jar;C:\Users\farha\.m2\repository\org\eclipse\sisu\org.eclipse.sisu.inject\0.3.5\org.eclipse.sisu.inject-0.3.5.jar;C:\Users\farha\.m2\repository\com\google\inject\guice\4.2.2\guice-4.2.2-no_aop.jar;C:\Users\farha\.m2\repository\aopalliance\aopalliance\1.0\aopalliance-1.0.jar;C:\Users\farha\.m2\repository\javax\inject\javax.inject\1\javax.inject-1.jar;C:\Users\farha\.m2\repository\org\codehaus\plexus\plexus-utils\3.3.0\plexus-utils-3.3.0.jar;C:\Users\farha\.m2\repository\org\codehaus\plexus\plexus-classworlds\2.6.0\plexus-classworlds-2.6.0.jar;C:\Users\farha\.m2\repository\org\codehaus\plexus\plexus-interpolation\1.26\plexus-interpolation-1.26.jar;C:\Users\farha\.m2\repository\org\codehaus\plexus\plexus-component-annotations\2.1.0\plexus-component-annotations-2.1.0.jar;C:\Users\farha\.m2\repository\org\apache\commons\commons-lang3\3.8.1\commons-lang3-3.8.1.jar;C:\Users\farha\.m2\repository\org\slf4j\slf4j-api\1.7.32\slf4j-api-1.7.32.jar;C:\Users\farha\.m2\repository\org\seleniumhq\selenium\selenium-java\4.1.4\selenium-java-4.1.4.jar;C:\Users\farha\.m2\repository\org\seleniumhq\selenium\selenium-api\4.1.4\selenium-api-4.1.4.jar;C:\Users\farha\.m2\repository\org\seleniumhq\selenium\selenium-chrome-driver\4.1.4\selenium-chrome-driver-4.1.4.jar;C:\Users\farha\.m2\repository\com\google\auto\service\auto-service-annotations\1.0.1\auto-service-annotations-1.0.1.jar;C:\Users\farha\.m2\repository\com\google\auto\service\auto-service\1.0.1\auto-service-1.0.1.jar;C:\Users\farha\.m2\repository\com\google\auto\auto-common\1.2\auto-common-1.2.jar;C:\Users\farha\.m2\repository\org\seleniumhq\selenium\selenium-chromium-driver\4.1.4\selenium-chromium-driver-4.1.4.jar;C:\Users\farha\.m2\repository\org\seleniumhq\selenium\selenium-json\4.1.4\selenium-json-4.1.4.jar;C:\Users\farha\.m2\repository\org\seleniumhq\selenium\selenium-devtools-v100\4.1.4\selenium-devtools-v100-4.1.4.jar;C:\Users\farha\.m2\repository\org\seleniumhq\selenium\selenium-devtools-v101\4.1.4\selenium-devtools-v101-4.1.4.jar;C:\Users\farha\.m2\repository\org\seleniumhq\selenium\selenium-devtools-v85\4.1.4\selenium-devtools-v85-4.1.4.jar;C:\Users\farha\.m2\repository\org\seleniumhq\selenium\selenium-devtools-v99\4.1.4\selenium-devtools-v99-4.1.4.jar;C:\Users\farha\.m2\repository\org\seleniumhq\selenium\selenium-edge-driver\4.1.4\selenium-edge-driver-4.1.4.jar;C:\Users\farha\.m2\repository\org\seleniumhq\selenium\selenium-firefox-driver\4.1.4\selenium-firefox-driver-4.1.4.jar;C:\Users\farha\.m2\repository\org\seleniumhq\selenium\selenium-ie-driver\4.1.4\selenium-ie-driver-4.1.4.jar;C:\Users\farha\.m2\repository\org\seleniumhq\selenium\selenium-opera-driver\4.1.4\selenium-opera-driver-4.1.4.jar;C:\Users\farha\.m2\repository\org\seleniumhq\selenium\selenium-remote-driver\4.1.4\selenium-remote-driver-4.1.4.jar;C:\Users\farha\.m2\repository\io\netty\netty-buffer\4.1.76.Final\netty-buffer-4.1.76.Final.jar;C:\Users\farha\.m2\repository\io\netty\netty-codec-http\4.1.76.Final\netty-codec-http-4.1.76.Final.jar;C:\Users\farha\.m2\repository\io\netty\netty-codec\4.1.76.Final\netty-codec-4.1.76.Final.jar;C:\Users\farha\.m2\repository\io\netty\netty-handler\4.1.76.Final\netty-handler-4.1.76.Final.jar;C:\Users\farha\.m2\repository\io\netty\netty-common\4.1.76.Final\netty-common-4.1.76.Final.jar;C:\Users\farha\.m2\repository\io\netty\netty-transport-classes-epoll\4.1.76.Final\netty-transport-classes-epoll-4.1.76.Final.jar;C:\Users\farha\.m2\repository\io\netty\netty-transport-classes-kqueue\4.1.76.Final\netty-transport-classes-kqueue-4.1.76.Final.jar;C:\Users\farha\.m2\repository\io\netty\netty-transport-native-epoll\4.1.76.Final\netty-transport-native-epoll-4.1.76.Final.jar;C:\Users\farha\.m2\repository\io\netty\netty-transport-native-kqueue\4.1.76.Final\netty-transport-native-kqueue-4.1.76.Final.jar;C:\Users\farha\.m2\repository\io\netty\netty-transport-native-unix-common\4.1.76.Final\netty-transport-native-unix-common-4.1.76.Final.jar;C:\Users\farha\.m2\repository\io\netty\netty-transport\4.1.76.Final\netty-transport-4.1.76.Final.jar;C:\Users\farha\.m2\repository\io\netty\netty-resolver\4.1.76.Final\netty-resolver-4.1.76.Final.jar;C:\Users\farha\.m2\repository\io\opentelemetry\opentelemetry-api\1.13.0\opentelemetry-api-1.13.0.jar;C:\Users\farha\.m2\repository\io\opentelemetry\opentelemetry-context\1.13.0\opentelemetry-context-1.13.0.jar;C:\Users\farha\.m2\repository\io\opentelemetry\opentelemetry-exporter-logging\1.13.0\opentelemetry-exporter-logging-1.13.0.jar;C:\Users\farha\.m2\repository\io\opentelemetry\opentelemetry-sdk-metrics\1.13.0-alpha\opentelemetry-sdk-metrics-1.13.0-alpha.jar;C:\Users\farha\.m2\repository\io\opentelemetry\opentelemetry-sdk-logs\1.13.0-alpha\opentelemetry-sdk-logs-1.13.0-alpha.jar;C:\Users\farha\.m2\repository\io\opentelemetry\opentelemetry-sdk-common\1.13.0\opentelemetry-sdk-common-1.13.0.jar;C:\Users\farha\.m2\repository\io\opentelemetry\opentelemetry-sdk-extension-autoconfigure-spi\1.13.0\opentelemetry-sdk-extension-autoconfigure-spi-1.13.0.jar;C:\Users\farha\.m2\repository\io\opentelemetry\opentelemetry-sdk-extension-autoconfigure\1.13.0-alpha\opentelemetry-sdk-extension-autoconfigure-1.13.0-alpha.jar;C:\Users\farha\.m2\repository\io\opentelemetry\opentelemetry-sdk-trace\1.13.0\opentelemetry-sdk-trace-1.13.0.jar;C:\Users\farha\.m2\repository\io\opentelemetry\opentelemetry-sdk\1.13.0\opentelemetry-sdk-1.13.0.jar;C:\Users\farha\.m2\repository\io\opentelemetry\opentelemetry-semconv\1.13.0-alpha\opentelemetry-semconv-1.13.0-alpha.jar;C:\Users\farha\.m2\repository\io\ous\jtoml\2.0.0\jtoml-2.0.0.jar;C:\Users\farha\.m2\repository\net\bytebuddy\byte-buddy\1.12.9\byte-buddy-1.12.9.jar;C:\Users\farha\.m2\repository\org\apache\commons\commons-exec\1.3\commons-exec-1.3.jar;C:\Users\farha\.m2\repository\org\asynchttpclient\async-http-client\2.12.3\async-http-client-2.12.3.jar;C:\Users\farha\.m2\repository\org\asynchttpclient\async-http-client-netty-utils\2.12.3\async-http-client-netty-utils-2.12.3.jar;C:\Users\farha\.m2\repository\io\netty\netty-codec-socks\4.1.60.Final\netty-codec-socks-4.1.60.Final.jar;C:\Users\farha\.m2\repository\io\netty\netty-handler-proxy\4.1.60.Final\netty-handler-proxy-4.1.60.Final.jar;C:\Users\farha\.m2\repository\io\netty\netty-transport-native-epoll\4.1.60.Final\netty-transport-native-epoll-4.1.60.Final-linux-x86_64.jar;C:\Users\farha\.m2\repository\io\netty\netty-transport-native-kqueue\4.1.60.Final\netty-transport-native-kqueue-4.1.60.Final-osx-x86_64.jar;C:\Users\farha\.m2\repository\org\reactivestreams\reactive-streams\1.0.3\reactive-streams-1.0.3.jar;C:\Users\farha\.m2\repository\com\typesafe\netty\netty-reactive-streams\2.0.4\netty-reactive-streams-2.0.4.jar;C:\Users\farha\.m2\repository\com\sun\activation\jakarta.activation\1.2.2\jakarta.activation-1.2.2.jar;C:\Users\farha\.m2\repository\org\seleniumhq\selenium\selenium-http\4.1.4\selenium-http-4.1.4.jar;C:\Users\farha\.m2\repository\dev\failsafe\failsafe\3.2.3\failsafe-3.2.3.jar;C:\Users\farha\.m2\repository\org\seleniumhq\selenium\selenium-safari-driver\4.1.4\selenium-safari-driver-4.1.4.jar;C:\Users\farha\.m2\repository\org\seleniumhq\selenium\selenium-support\4.1.4\selenium-support-4.1.4.jar;C:\Users\farha\.m2\repository\io\cucumber\cucumber-java\7.3.4\cucumber-java-7.3.4.jar;C:\Users\farha\.m2\repository\io\cucumber\cucumber-core\7.3.4\cucumber-core-7.3.4.jar;C:\Users\farha\.m2\repository\io\cucumber\cucumber-gherkin\7.3.4\cucumber-gherkin-7.3.4.jar;C:\Users\farha\.m2\repository\io\cucumber\cucumber-gherkin-messages\7.3.4\cucumber-gherkin-messages-7.3.4.jar;C:\Users\farha\.m2\repository\io\cucumber\gherkin\23.0.1\gherkin-23.0.1.jar;C:\Users\farha\.m2\repository\io\cucumber\messages\18.0.0\messages-18.0.0.jar;C:\Users\farha\.m2\repository\io\cucumber\tag-expressions\4.1.0\tag-expressions-4.1.0.jar;C:\Users\farha\.m2\repository\io\cucumber\cucumber-expressions\15.1.1\cucumber-expressions-15.1.1.jar;C:\Users\farha\.m2\repository\io\cucumber\datatable\7.3.4\datatable-7.3.4.jar;C:\Users\farha\.m2\repository\io\cucumber\cucumber-plugin\7.3.4\cucumber-plugin-7.3.4.jar;C:\Users\farha\.m2\repository\io\cucumber\docstring\7.3.4\docstring-7.3.4.jar;C:\Users\farha\.m2\repository\io\cucumber\html-formatter\19.1.0\html-formatter-19.1.0.jar;C:\Users\farha\.m2\repository\io\cucumber\ci-environment\9.0.4\ci-environment-9.0.4.jar;C:\Users\farha\.m2\repository\org\apiguardian\apiguardian-api\1.1.2\apiguardian-api-1.1.2.jar;C:\Users\farha\.m2\repository\io\cucumber\cucumber-testng\7.3.4\cucumber-testng-7.3.4.jar;C:\Users\farha\.m2\repository\org\apache\poi\poi\5.2.2\poi-5.2.2.jar;C:\Users\farha\.m2\repository\commons-codec\commons-codec\1.15\commons-codec-1.15.jar;C:\Users\farha\.m2\repository\org\apache\commons\commons-collections4\4.4\commons-collections4-4.4.jar;C:\Users\farha\.m2\repository\org\apache\commons\commons-math3\3.6.1\commons-math3-3.6.1.jar;C:\Users\farha\.m2\repository\commons-io\commons-io\2.11.0\commons-io-2.11.0.jar;C:\Users\farha\.m2\repository\com\zaxxer\SparseBitSet\1.2\SparseBitSet-1.2.jar;C:\Users\farha\.m2\repository\com\google\guava\guava\31.1-jre\guava-31.1-jre.jar;C:\Users\farha\.m2\repository\com\google\guava\failureaccess\1.0.1\failureaccess-1.0.1.jar;C:\Users\farha\.m2\repository\com\google\guava\listenablefuture\9999.0-empty-to-avoid-conflict-with-guava\listenablefuture-9999.0-empty-to-avoid-conflict-with-guava.jar;C:\Users\farha\.m2\repository\com\google\code\findbugs\jsr305\3.0.2\jsr305-3.0.2.jar;C:\Users\farha\.m2\repository\org\checkerframework\checker-qual\3.12.0\checker-qual-3.12.0.jar;C:\Users\farha\.m2\repository\com\google\errorprone\error_prone_annotations\2.11.0\error_prone_annotations-2.11.0.jar;C:\Users\farha\.m2\repository\com\google\j2objc\j2objc-annotations\1.3\j2objc-annotations-1.3.jar;C:\Users\farha\.m2\repository\org\apache\logging\log4j\log4j-core\2.17.2\log4j-core-2.17.2.jar;C:\Users\farha\.m2\repository\org\apache\logging\log4j\log4j-api\2.17.2\log4j-api-2.17.2.jar;C:\Users\farha\.m2\repository\log4j\log4j\1.2.17\log4j-1.2.17.jar;C:\Users\farha\.m2\repository\commons-logging\commons-logging\1.2\commons-logging-1.2.jar;C:\Users\farha\.m2\repository\org\springframework\boot\spring-boot-starter-test\2.7.0\spring-boot-starter-test-2.7.0.jar;C:\Users\farha\.m2\repository\org\springframework\boot\spring-boot-starter\2.7.0\spring-boot-starter-2.7.0.jar;C:\Users\farha\.m2\repository\org\springframework\boot\spring-boot\2.7.0\spring-boot-2.7.0.jar;C:\Users\farha\.m2\repository\org\springframework\spring-context\5.3.20\spring-context-5.3.20.jar;C:\Users\farha\.m2\repository\org\springframework\spring-aop\5.3.20\spring-aop-5.3.20.jar;C:\Users\farha\.m2\repository\org\springframework\spring-beans\5.3.20\spring-beans-5.3.20.jar;C:\Users\farha\.m2\repository\org\springframework\spring-expression\5.3.20\spring-expression-5.3.20.jar;C:\Users\farha\.m2\repository\org\springframework\boot\spring-boot-autoconfigure\2.7.0\spring-boot-autoconfigure-2.7.0.jar;C:\Users\farha\.m2\repository\org\springframework\boot\spring-boot-starter-logging\2.7.0\spring-boot-starter-logging-2.7.0.jar;C:\Users\farha\.m2\repository\ch\qos\logback\logback-classic\1.2.11\logback-classic-1.2.11.jar;C:\Users\farha\.m2\repository\ch\qos\logback\logback-core\1.2.11\logback-core-1.2.11.jar;C:\Users\farha\.m2\repository\org\apache\logging\log4j\log4j-to-slf4j\2.17.2\log4j-to-slf4j-2.17.2.jar;C:\Users\farha\.m2\repository\org\slf4j\jul-to-slf4j\1.7.36\jul-to-slf4j-1.7.36.jar;C:\Users\farha\.m2\repository\jakarta\annotation\jakarta.annotation-api\1.3.5\jakarta.annotation-api-1.3.5.jar;C:\Users\farha\.m2\repository\org\yaml\snakeyaml\1.30\snakeyaml-1.30.jar;C:\Users\farha\.m2\repository\org\springframework\boot\spring-boot-test\2.7.0\spring-boot-test-2.7.0.jar;C:\Users\farha\.m2\repository\org\springframework\boot\spring-boot-test-autoconfigure\2.7.0\spring-boot-test-autoconfigure-2.7.0.jar;C:\Users\farha\.m2\repository\com\jayway\jsonpath\json-path\2.7.0\json-path-2.7.0.jar;C:\Users\farha\.m2\repository\net\minidev\json-smart\2.4.7\json-smart-2.4.7.jar;C:\Users\farha\.m2\repository\net\minidev\accessors-smart\2.4.7\accessors-smart-2.4.7.jar;C:\Users\farha\.m2\repository\org\ow2\asm\asm\9.1\asm-9.1.jar;C:\Users\farha\.m2\repository\jakarta\xml\bind\jakarta.xml.bind-api\2.3.3\jakarta.xml.bind-api-2.3.3.jar;C:\Users\farha\.m2\repository\jakarta\activation\jakarta.activation-api\1.2.2\jakarta.activation-api-1.2.2.jar;C:\Users\farha\.m2\repository\org\assertj\assertj-core\3.22.0\assertj-core-3.22.0.jar;C:\Users\farha\.m2\repository\org\hamcrest\hamcrest\2.2\hamcrest-2.2.jar;C:\Users\farha\.m2\repository\org\junit\jupiter\junit-jupiter\5.8.2\junit-jupiter-5.8.2.jar;C:\Users\farha\.m2\repository\org\junit\jupiter\junit-jupiter-api\5.8.2\junit-jupiter-api-5.8.2.jar;C:\Users\farha\.m2\repository\org\opentest4j\opentest4j\1.2.0\opentest4j-1.2.0.jar;C:\Users\farha\.m2\repository\org\junit\jupiter\junit-jupiter-params\5.8.2\junit-jupiter-params-5.8.2.jar;C:\Users\farha\.m2\repository\org\junit\jupiter\junit-jupiter-engine\5.8.2\junit-jupiter-engine-5.8.2.jar;C:\Users\farha\.m2\repository\org\mockito\mockito-core\4.5.1\mockito-core-4.5.1.jar;C:\Users\farha\.m2\repository\net\bytebuddy\byte-buddy-agent\1.12.9\byte-buddy-agent-1.12.9.jar;C:\Users\farha\.m2\repository\org\objenesis\objenesis\3.2\objenesis-3.2.jar;C:\Users\farha\.m2\repository\org\mockito\mockito-junit-jupiter\4.5.1\mockito-junit-jupiter-4.5.1.jar;C:\Users\farha\.m2\repository\org\skyscreamer\jsonassert\1.5.0\jsonassert-1.5.0.jar;C:\Users\farha\.m2\repository\com\vaadin\external\google\android-json\0.0.20131108.vaadin1\android-json-0.0.20131108.vaadin1.jar;C:\Users\farha\.m2\repository\org\springframework\spring-core\5.3.20\spring-core-5.3.20.jar;C:\Users\farha\.m2\repository\org\springframework\spring-jcl\5.3.20\spring-jcl-5.3.20.jar;C:\Users\farha\.m2\repository\org\springframework\spring-test\5.3.20\spring-test-5.3.20.jar;C:\Users\farha\.m2\repository\org\xmlunit\xmlunit-core\2.9.0\xmlunit-core-2.9.0.jar;C:\Users\farha\.m2\repository\org\json\json\20220320\json-20220320.jar;C:\Users\farha\.m2\repository\io\cucumber\cucumber-picocontainer\7.3.4\cucumber-picocontainer-7.3.4.jar;C:\Users\farha\.m2\repository\org\picocontainer\picocontainer\2.15\picocontainer-2.15.jar;C:\Users\farha\.m2\repository\org\testng\testng\7.5\testng-7.5.jar;C:\Users\farha\.m2\repository\com\beust\jcommander\1.78\jcommander-1.78.jar;C:\Users\farha\.m2\repository\org\webjars\jquery\3.5.1\jquery-3.5.1.jar;C:\Users\farha\.m2\repository\org\junit\platform\junit-platform-runner\1.9.0-M1\junit-platform-runner-1.9.0-M1.jar;C:\Users\farha\.m2\repository\junit\junit\4.13.2\junit-4.13.2.jar;C:\Users\farha\.m2\repository\org\hamcrest\hamcrest-core\1.3\hamcrest-core-1.3.jar;C:\Users\farha\.m2\repository\org\junit\platform\junit-platform-launcher\1.9.0-M1\junit-platform-launcher-1.9.0-M1.jar;C:\Users\farha\.m2\repository\org\junit\platform\junit-platform-engine\1.9.0-M1\junit-platform-engine-1.9.0-M1.jar;C:\Users\farha\.m2\repository\org\junit\platform\junit-platform-suite-api\1.9.0-M1\junit-platform-suite-api-1.9.0-M1.jar;C:\Users\farha\.m2\repository\org\junit\platform\junit-platform-commons\1.9.0-M1\junit-platform-commons-1.9.0-M1.jar;C:\Users\farha\.m2\repository\org\junit\platform\junit-platform-suite-commons\1.9.0-M1\junit-platform-suite-commons-1.9.0-M1.jar;"/>
    <property name="sun.cpu.endian" value="little"/>
    <property name="user.home" value="C:\Users\farha"/>
    <property name="user.language" value="en"/>
    <property name="java.specification.vendor" value="Oracle Corporation"/>
    <property name="java.version.date" value="2020-09-15"/>
    <property name="java.home" value="C:\Program Files\Java\jdk-15"/>
    <property name="file.separator" value="\"/>
    <property name="basedir" value="C:\Users\farha\IdeaProjects\CucumberProject"/>
    <property name="java.vm.compressedOopsMode" value="32-bit"/>
    <property name="line.separator" value="&#10;"/>
    <property name="java.vm.specification.vendor" value="Oracle Corporation"/>
    <property name="java.specification.name" value="Java Platform API Specification"/>
    <property name="surefire.real.class.path" value="C:\Users\farha\AppData\Local\Temp\surefire17123830743122789335\surefirebooter-20220913131430696_3.jar"/>
    <property name="user.script" value=""/>
    <property name="sun.management.compiler" value="HotSpot 64-Bit Tiered Compilers"/>
    <property name="java.runtime.version" value="15+36-1562"/>
    <property name="user.name" value="farha"/>
    <property name="path.separator" value=";"/>
    <property name="os.version" value="10.0"/>
    <property name="browserType" value="chrome"/>
    <property name="java.runtime.name" value="Java(TM) SE Runtime Environment"/>
    <property name="file.encoding" value="Cp1252"/>
    <property name="java.vm.name" value="Java HotSpot(TM) 64-Bit Server VM"/>
    <property name="localRepository" value="C:\Users\farha\.m2\repository"/>
    <property name="java.vendor.url.bug" value="https://bugreport.java.com/bugreport/"/>
    <property name="java.io.tmpdir" value="C:\Users\farha\AppData\Local\Temp\"/>
    <property name="java.version" value="15"/>
    <property name="cucumber.filter.tags" value="(@login and (not @ignore))"/>
    <property name="user.dir" value="C:\Users\farha\IdeaProjects\CucumberProject"/>
    <property name="os.arch" value="amd64"/>
    <property name="java.vm.specification.name" value="Java Virtual Machine Specification"/>
    <property name="sun.os.patch.level" value=""/>
    <property name="java.library.path" value="C:\Program Files\Java\jdk-15\bin;C:\WINDOWS\Sun\Java\bin;C:\WINDOWS\system32;C:\WINDOWS;C:\Program Files\apache-maven-3.6.3/bin;C:\Program Files\Java\jdk-15/bin;C:\Program Files\Java\jdk-15/bin;C:\Program Files\Java\jdk-11.0.10\bin;C:\Program Files\apache-maven-3.6.3\bin;C:\Program Files\Common Files\Oracle\Java\javapath;C:\Program Files\Microsoft MPI\Bin\;C:\WINDOWS\system32;C:\WINDOWS;C:\WINDOWS\System32\Wbem;C:\WINDOWS\System32\WindowsPowerShell\v1.0\;C:\WINDOWS\System32\OpenSSH\;C:\Program Files\Microsoft SQL Server\Client SDK\ODBC\170\Tools\Binn\;C:\Program Files (x86)\Microsoft SQL Server\150\Tools\Binn\;C:\Program Files\Microsoft SQL Server\150\Tools\Binn\;C:\Program Files\Microsoft SQL Server\150\DTS\Binn\;C:\Users\farha\AppData\Local\Microsoft\WindowsApps;C:\Program Files\Java\jdk-11.0.10\bin;;."/>
    <property name="java.vm.info" value="mixed mode, sharing"/>
    <property name="java.vendor" value="Oracle Corporation"/>
    <property name="java.vm.version" value="15+36-1562"/>
    <property name="sun.io.unicode.encoding" value="UnicodeLittle"/>
    <property name="java.class.version" value="59.0"/>
  </properties>
  <testcase name="runScenario[&quot;login with valid credentials&quot;, &quot;webdriver university login page&quot;](1)" classname="runners.RunnerClass" time="17">
    <system-out><![CDATA[13:14:35.688 [main] DEBUG org.testng.TestNG - suiteXmlPath: "C:\Users\farha\IdeaProjects\CucumberProject\src\test\java\runners\testNG\testng.xml"
13:14:40.859 [main] DEBUG org.testng.internal.Graph - [Graph] ADDING NODE AbstractTestNGCucumberTests.setUpClass(org.testng.ITestContext)[pri:0, instance:null] -393284817
13:14:40.860 [main] DEBUG org.testng.internal.Graph - [Graph] ================ SORTING
13:14:40.999 [main] DEBUG org.testng.internal.Graph - [Graph] =============== DONE SORTING
13:14:41.000 [main] DEBUG org.testng.internal.Graph - [Graph] ====== SORTED NODES
13:14:41.000 [main] DEBUG org.testng.internal.Graph - [Graph] ====== END SORTED NODES
13:14:41.008 [main] DEBUG org.testng.internal.Graph - [Graph] ADDING NODE AbstractTestNGCucumberTests.tearDownClass()[pri:0, instance:null] 1523153566
13:14:41.009 [main] DEBUG org.testng.internal.Graph - [Graph] ================ SORTING
13:14:41.010 [main] DEBUG org.testng.internal.Graph - [Graph] =============== DONE SORTING
13:14:41.011 [main] DEBUG org.testng.internal.Graph - [Graph] ====== SORTED NODES
13:14:41.011 [main] DEBUG org.testng.internal.Graph - [Graph] ====== END SORTED NODES
13:14:41.098 [main] DEBUG org.testng.internal.Graph - [Graph] ADDING NODE AbstractTestNGCucumberTests.runScenario(io.cucumber.testng.PickleWrapper,io.cucumber.testng.FeatureWrapper)[pri:0, instance:runners.RunnerClass@15ca7889] -784768678
13:14:41.098 [main] DEBUG org.testng.internal.Graph - [Graph] ================ SORTING
13:14:41.098 [main] DEBUG org.testng.internal.Graph - [Graph] =============== DONE SORTING
13:14:41.098 [main] DEBUG org.testng.internal.Graph - [Graph] ====== SORTED NODES
13:14:41.098 [main] DEBUG org.testng.internal.Graph - [Graph] ====== END SORTED NODES
13:14:43.302 [TestNG-PoolService-2] DEBUG io.netty.util.internal.logging.InternalLoggerFactory - Using SLF4J as the default logging framework
13:14:43.307 [TestNG-PoolService-2] DEBUG io.netty.util.ResourceLeakDetector - -Dio.netty.leakDetection.level: simple
13:14:43.307 [TestNG-PoolService-2] DEBUG io.netty.util.ResourceLeakDetector - -Dio.netty.leakDetection.targetRecords: 4
13:14:43.324 [TestNG-PoolService-2] DEBUG io.netty.util.ResourceLeakDetectorFactory - Loaded default ResourceLeakDetector: io.netty.util.ResourceLeakDetector@55c8b36c
13:14:43.408 [TestNG-PoolService-2] DEBUG io.netty.util.internal.PlatformDependent0 - -Dio.netty.noUnsafe: false
13:14:43.409 [TestNG-PoolService-2] DEBUG io.netty.util.internal.PlatformDependent0 - Java version: 15
13:14:43.415 [TestNG-PoolService-2] DEBUG io.netty.util.internal.PlatformDependent0 - sun.misc.Unsafe.theUnsafe: available
13:14:43.416 [TestNG-PoolService-2] DEBUG io.netty.util.internal.PlatformDependent0 - sun.misc.Unsafe.copyMemory: available
13:14:43.417 [TestNG-PoolService-2] DEBUG io.netty.util.internal.PlatformDependent0 - java.nio.Buffer.address: available
13:14:43.417 [TestNG-PoolService-2] DEBUG io.netty.util.internal.PlatformDependent0 - direct buffer constructor: unavailable: Reflective setAccessible(true) disabled
13:14:43.419 [TestNG-PoolService-2] DEBUG io.netty.util.internal.PlatformDependent0 - java.nio.Bits.unaligned: available, true
13:14:43.421 [TestNG-PoolService-2] DEBUG io.netty.util.internal.PlatformDependent0 - jdk.internal.misc.Unsafe.allocateUninitializedArray(int): unavailable: class io.netty.util.internal.PlatformDependent0$6 cannot access class jdk.internal.misc.Unsafe (in module java.base) because module java.base does not export jdk.internal.misc to unnamed module @98a9e67
13:14:43.438 [TestNG-PoolService-2] DEBUG io.netty.util.internal.PlatformDependent0 - java.nio.DirectByteBuffer.<init>(long, int): unavailable
13:14:43.438 [TestNG-PoolService-2] DEBUG io.netty.util.internal.PlatformDependent - sun.misc.Unsafe: available
13:14:43.480 [TestNG-PoolService-2] DEBUG io.netty.util.internal.PlatformDependent - maxDirectMemory: 2109734912 bytes (maybe)
13:14:43.481 [TestNG-PoolService-2] DEBUG io.netty.util.internal.PlatformDependent - -Dio.netty.tmpdir: C:\Users\farha\AppData\Local\Temp (java.io.tmpdir)
13:14:43.481 [TestNG-PoolService-2] DEBUG io.netty.util.internal.PlatformDependent - -Dio.netty.bitMode: 64 (sun.arch.data.model)
13:14:43.481 [TestNG-PoolService-2] DEBUG io.netty.util.internal.PlatformDependent - Platform: Windows
13:14:43.483 [TestNG-PoolService-2] DEBUG io.netty.util.internal.PlatformDependent - -Dio.netty.maxDirectMemory: -1 bytes
13:14:43.484 [TestNG-PoolService-2] DEBUG io.netty.util.internal.PlatformDependent - -Dio.netty.uninitializedArrayAllocationThreshold: -1
13:14:43.486 [TestNG-PoolService-2] DEBUG io.netty.util.internal.CleanerJava9 - java.nio.ByteBuffer.cleaner(): available
13:14:43.486 [TestNG-PoolService-2] DEBUG io.netty.util.internal.PlatformDependent - -Dio.netty.noPreferDirect: false
13:14:43.504 [TestNG-PoolService-2] DEBUG io.netty.util.internal.PlatformDependent - org.jctools-core.MpscChunkedArrayQueue: available
13:14:43.565 [TestNG-PoolService-2] DEBUG io.netty.util.internal.InternalThreadLocalMap - -Dio.netty.threadLocalMap.stringBuilder.initialSize: 1024
13:14:43.565 [TestNG-PoolService-2] DEBUG io.netty.util.internal.InternalThreadLocalMap - -Dio.netty.threadLocalMap.stringBuilder.maxSize: 4096
13:14:43.958 [TestNG-PoolService-2] DEBUG io.netty.handler.ssl.JdkSslContext - Default protocols (JDK): [TLSv1.3, TLSv1.2, TLSv1.1, TLSv1] 
13:14:43.958 [TestNG-PoolService-2] DEBUG io.netty.handler.ssl.JdkSslContext - Default cipher suites (JDK): [TLS_ECDHE_ECDSA_WITH_AES_256_GCM_SHA384, TLS_ECDHE_ECDSA_WITH_AES_128_GCM_SHA256, TLS_ECDHE_RSA_WITH_AES_128_GCM_SHA256, TLS_ECDHE_RSA_WITH_AES_256_GCM_SHA384, TLS_ECDHE_RSA_WITH_AES_128_CBC_SHA, TLS_ECDHE_RSA_WITH_AES_256_CBC_SHA, TLS_RSA_WITH_AES_128_GCM_SHA256, TLS_RSA_WITH_AES_128_CBC_SHA, TLS_RSA_WITH_AES_256_CBC_SHA, TLS_AES_128_GCM_SHA256, TLS_AES_256_GCM_SHA384]
13:14:43.995 [TestNG-PoolService-2] DEBUG io.netty.channel.MultithreadEventLoopGroup - -Dio.netty.eventLoopThreads: 8
13:14:44.077 [TestNG-PoolService-2] DEBUG io.netty.channel.nio.NioEventLoop - -Dio.netty.noKeySetOptimization: false
13:14:44.078 [TestNG-PoolService-2] DEBUG io.netty.channel.nio.NioEventLoop - -Dio.netty.selectorAutoRebuildThreshold: 512
13:14:44.413 [TestNG-PoolService-2] DEBUG io.netty.buffer.PooledByteBufAllocator - -Dio.netty.allocator.numHeapArenas: 8
13:14:44.413 [TestNG-PoolService-2] DEBUG io.netty.buffer.PooledByteBufAllocator - -Dio.netty.allocator.numDirectArenas: 8
13:14:44.414 [TestNG-PoolService-2] DEBUG io.netty.buffer.PooledByteBufAllocator - -Dio.netty.allocator.pageSize: 8192
13:14:44.414 [TestNG-PoolService-2] DEBUG io.netty.buffer.PooledByteBufAllocator - -Dio.netty.allocator.maxOrder: 9
13:14:44.414 [TestNG-PoolService-2] DEBUG io.netty.buffer.PooledByteBufAllocator - -Dio.netty.allocator.chunkSize: 4194304
13:14:44.414 [TestNG-PoolService-2] DEBUG io.netty.buffer.PooledByteBufAllocator - -Dio.netty.allocator.smallCacheSize: 256
13:14:44.414 [TestNG-PoolService-2] DEBUG io.netty.buffer.PooledByteBufAllocator - -Dio.netty.allocator.normalCacheSize: 64
13:14:44.414 [TestNG-PoolService-2] DEBUG io.netty.buffer.PooledByteBufAllocator - -Dio.netty.allocator.maxCachedBufferCapacity: 32768
13:14:44.414 [TestNG-PoolService-2] DEBUG io.netty.buffer.PooledByteBufAllocator - -Dio.netty.allocator.cacheTrimInterval: 8192
13:14:44.414 [TestNG-PoolService-2] DEBUG io.netty.buffer.PooledByteBufAllocator - -Dio.netty.allocator.cacheTrimIntervalMillis: 0
13:14:44.414 [TestNG-PoolService-2] DEBUG io.netty.buffer.PooledByteBufAllocator - -Dio.netty.allocator.useCacheForAllThreads: false
13:14:44.415 [TestNG-PoolService-2] DEBUG io.netty.buffer.PooledByteBufAllocator - -Dio.netty.allocator.maxCachedByteBuffersPerChunk: 1023
13:14:44.434 [TestNG-PoolService-2] DEBUG io.netty.buffer.ByteBufUtil - -Dio.netty.allocator.type: pooled
13:14:44.434 [TestNG-PoolService-2] DEBUG io.netty.buffer.ByteBufUtil - -Dio.netty.threadLocalDirectBufferSize: 0
13:14:44.434 [TestNG-PoolService-2] DEBUG io.netty.buffer.ByteBufUtil - -Dio.netty.maxThreadLocalCharBufferSize: 16384
13:14:50.637 [Forwarding newSession on session null to remote] DEBUG io.netty.channel.DefaultChannelId - -Dio.netty.processId: 14432 (auto-detected)
13:14:50.642 [Forwarding newSession on session null to remote] DEBUG io.netty.util.NetUtil - -Djava.net.preferIPv4Stack: false
13:14:50.642 [Forwarding newSession on session null to remote] DEBUG io.netty.util.NetUtil - -Djava.net.preferIPv6Addresses: false
13:14:50.653 [Forwarding newSession on session null to remote] DEBUG io.netty.util.NetUtilInitializations - Loopback interface: lo (Software Loopback Interface 1, 127.0.0.1)
13:14:50.655 [Forwarding newSession on session null to remote] DEBUG io.netty.util.NetUtil - Failed to get SOMAXCONN from sysctl and file \proc\sys\net\core\somaxconn. Default: 200
13:14:50.703 [Forwarding newSession on session null to remote] DEBUG io.netty.channel.DefaultChannelId - -Dio.netty.machineId: f0:d5:bf:ff:fe:25:28:71 (auto-detected)
13:14:50.778 [AsyncHttpClient-1-4] DEBUG io.netty.buffer.AbstractByteBuf - -Dio.netty.buffer.checkAccessible: true
13:14:50.778 [AsyncHttpClient-1-4] DEBUG io.netty.buffer.AbstractByteBuf - -Dio.netty.buffer.checkBounds: true
13:14:50.778 [AsyncHttpClient-1-4] DEBUG io.netty.util.ResourceLeakDetectorFactory - Loaded default ResourceLeakDetector: io.netty.util.ResourceLeakDetector@60c3757d
13:14:50.796 [AsyncHttpClient-1-4] DEBUG org.asynchttpclient.netty.channel.NettyConnectListener - Using new Channel '[id: 0xb035af86, L:/127.0.0.1:50983 - R:localhost/127.0.0.1:56717]' for 'POST' to '/session'
13:14:50.796 [AsyncHttpClient-1-2] DEBUG org.asynchttpclient.netty.channel.NettyConnectListener - Using new Channel '[id: 0x3a1298e3, L:/127.0.0.1:50984 - R:localhost/127.0.0.1:62787]' for 'POST' to '/session'
13:14:50.796 [AsyncHttpClient-1-3] DEBUG org.asynchttpclient.netty.channel.NettyConnectListener - Using new Channel '[id: 0xdf28a808, L:/127.0.0.1:50982 - R:localhost/127.0.0.1:60858]' for 'POST' to '/session'
13:14:50.824 [AsyncHttpClient-1-2] DEBUG io.netty.util.Recycler - -Dio.netty.recycler.maxCapacityPerThread: 4096
13:14:50.824 [AsyncHttpClient-1-2] DEBUG io.netty.util.Recycler - -Dio.netty.recycler.ratio: 8
13:14:50.824 [AsyncHttpClient-1-2] DEBUG io.netty.util.Recycler - -Dio.netty.recycler.chunkSize: 32
13:14:50.824 [AsyncHttpClient-1-2] DEBUG io.netty.util.Recycler - -Dio.netty.recycler.blocking: false
13:14:53.748 [AsyncHttpClient-1-2] DEBUG io.netty.handler.codec.compression.Brotli - brotli4j not in the classpath; Brotli support will be unavailable.
13:14:53.748 [AsyncHttpClient-1-2] DEBUG org.asynchttpclient.netty.handler.HttpHandler - 

Request DefaultHttpRequest(decodeResult: success, version: HTTP/1.1)
POST /session HTTP/1.1
User-Agent: selenium/4.1.4 (java windows)
Content-Length: 437
Content-Type: application/json; charset=utf-8
host: localhost:62787
accept: */*

Response DefaultHttpResponse(decodeResult: success, version: HTTP/1.1)
HTTP/1.1 200 OK
Content-Type: application/json; charset=utf-8
cache-control: no-cache
content-length: 791

13:14:53.765 [AsyncHttpClient-1-2] DEBUG org.asynchttpclient.netty.channel.ChannelManager - Adding key: http://localhost:62787 for channel [id: 0x3a1298e3, L:/127.0.0.1:50984 - R:localhost/127.0.0.1:62787]
13:14:53.859 [AsyncHttpClient-1-1] DEBUG org.asynchttpclient.netty.channel.DefaultChannelPool - Entry count for : http://localhost:62787 : 1
13:14:54.011 [AsyncHttpClient-1-4] DEBUG org.asynchttpclient.netty.handler.HttpHandler - 

Request DefaultHttpRequest(decodeResult: success, version: HTTP/1.1)
POST /session HTTP/1.1
User-Agent: selenium/4.1.4 (java windows)
Content-Length: 437
Content-Type: application/json; charset=utf-8
host: localhost:56717
accept: */*

Response DefaultHttpResponse(decodeResult: success, version: HTTP/1.1)
HTTP/1.1 200 OK
Content-Type: application/json; charset=utf-8
cache-control: no-cache
content-length: 790

13:14:54.012 [AsyncHttpClient-1-4] DEBUG org.asynchttpclient.netty.channel.ChannelManager - Adding key: http://localhost:56717 for channel [id: 0xb035af86, L:/127.0.0.1:50983 - R:localhost/127.0.0.1:56717]
13:14:54.014 [AsyncHttpClient-1-3] DEBUG org.asynchttpclient.netty.handler.HttpHandler - 

Request DefaultHttpRequest(decodeResult: success, version: HTTP/1.1)
POST /session HTTP/1.1
User-Agent: selenium/4.1.4 (java windows)
Content-Length: 437
Content-Type: application/json; charset=utf-8
host: localhost:60858
accept: */*

Response DefaultHttpResponse(decodeResult: success, version: HTTP/1.1)
HTTP/1.1 200 OK
Content-Type: application/json; charset=utf-8
cache-control: no-cache
content-length: 791

13:14:54.014 [AsyncHttpClient-1-3] DEBUG org.asynchttpclient.netty.channel.ChannelManager - Adding key: http://localhost:60858 for channel [id: 0xdf28a808, L:/127.0.0.1:50982 - R:localhost/127.0.0.1:60858]
13:14:54.214 [AsyncHttpClient-1-6] DEBUG org.asynchttpclient.netty.channel.NettyConnectListener - Using new Channel '[id: 0x3f082d0c, L:/127.0.0.1:51004 - R:localhost/127.0.0.1:50987]' for 'GET' to '/json/version'
13:14:54.222 [AsyncHttpClient-1-7] DEBUG org.asynchttpclient.netty.channel.NettyConnectListener - Using new Channel '[id: 0x7a018160, L:/127.0.0.1:51005 - R:localhost/127.0.0.1:50985]' for 'GET' to '/json/version'
13:14:54.228 [AsyncHttpClient-1-5] DEBUG org.asynchttpclient.netty.channel.NettyConnectListener - Using new Channel '[id: 0x01cada9e, L:/127.0.0.1:51006 - R:localhost/127.0.0.1:50986]' for 'GET' to '/json/version'
13:14:54.230 [AsyncHttpClient-1-6] DEBUG org.asynchttpclient.netty.handler.HttpHandler - 

Request DefaultFullHttpRequest(decodeResult: success, version: HTTP/1.1, content: EmptyByteBufBE)
GET /json/version HTTP/1.1
User-Agent: selenium/4.1.4 (java windows)
host: localhost:50987
accept: */*

Response DefaultHttpResponse(decodeResult: success, version: HTTP/1.1)
HTTP/1.1 200 OK
Content-Type: application/json; charset=UTF-8
content-length: 423

13:14:54.232 [AsyncHttpClient-1-6] DEBUG org.asynchttpclient.netty.channel.ChannelManager - Adding key: http://localhost:50987 for channel [id: 0x3f082d0c, L:/127.0.0.1:51004 - R:localhost/127.0.0.1:50987]
13:14:54.239 [AsyncHttpClient-1-7] DEBUG org.asynchttpclient.netty.handler.HttpHandler - 

Request DefaultFullHttpRequest(decodeResult: success, version: HTTP/1.1, content: EmptyByteBufBE)
GET /json/version HTTP/1.1
User-Agent: selenium/4.1.4 (java windows)
host: localhost:50985
accept: */*

Response DefaultHttpResponse(decodeResult: success, version: HTTP/1.1)
HTTP/1.1 200 OK
Content-Type: application/json; charset=UTF-8
content-length: 423

13:14:54.239 [AsyncHttpClient-1-7] DEBUG org.asynchttpclient.netty.channel.ChannelManager - Adding key: http://localhost:50985 for channel [id: 0x7a018160, L:/127.0.0.1:51005 - R:localhost/127.0.0.1:50985]
13:14:54.249 [AsyncHttpClient-1-5] DEBUG org.asynchttpclient.netty.handler.HttpHandler - 

Request DefaultFullHttpRequest(decodeResult: success, version: HTTP/1.1, content: EmptyByteBufBE)
GET /json/version HTTP/1.1
User-Agent: selenium/4.1.4 (java windows)
host: localhost:50986
accept: */*

Response DefaultHttpResponse(decodeResult: success, version: HTTP/1.1)
HTTP/1.1 200 OK
Content-Type: application/json; charset=UTF-8
content-length: 423

13:14:54.250 [AsyncHttpClient-1-5] DEBUG org.asynchttpclient.netty.channel.ChannelManager - Adding key: http://localhost:50986 for channel [id: 0x01cada9e, L:/127.0.0.1:51006 - R:localhost/127.0.0.1:50986]
13:14:54.251 [TestNG-PoolService-1] DEBUG io.netty.util.internal.ThreadLocalRandom - -Dio.netty.initialSeedUniquifier: 0x0e20915cf8d94a7e
13:14:54.255 [AsyncHttpClient-1-4] DEBUG org.asynchttpclient.netty.channel.NettyConnectListener - Using new Channel '[id: 0x99e5ddfe, L:/127.0.0.1:51007 - R:localhost/127.0.0.1:50986]' for 'GET' to '/devtools/browser/b0ba599a-2634-40d6-a0ef-e229198f542a'
13:14:54.275 [AsyncHttpClient-1-4] DEBUG org.asynchttpclient.netty.handler.WebSocketHandler - 

Request DefaultFullHttpRequest(decodeResult: success, version: HTTP/1.1, content: EmptyByteBufBE)
GET /devtools/browser/b0ba599a-2634-40d6-a0ef-e229198f542a HTTP/1.1
upgrade: websocket
connection: upgrade
sec-websocket-key: Irw3UPPq3lhVIya6iUnUjw==
sec-websocket-version: 13
origin: http://localhost:50986
host: localhost:50986
accept: */*
user-agent: AHC/2.1

Response DefaultHttpResponse(decodeResult: success, version: HTTP/1.1)
HTTP/1.1 101 WebSocket Protocol Handshake
Upgrade: WebSocket
Connection: Upgrade
Sec-WebSocket-Accept: mrgfiRH431nJRX327l+GLZ90Vis=

13:14:54.277 [AsyncHttpClient-1-9] DEBUG org.asynchttpclient.netty.channel.NettyConnectListener - Using new Channel '[id: 0x39d4eec5, L:/127.0.0.1:51008 - R:localhost/127.0.0.1:50985]' for 'GET' to '/devtools/browser/4a258c1d-c743-43b9-8a6f-beeef20dc365'
13:14:54.280 [AsyncHttpClient-1-8] DEBUG org.asynchttpclient.netty.channel.NettyConnectListener - Using new Channel '[id: 0xcb074a9f, L:/127.0.0.1:51009 - R:localhost/127.0.0.1:50987]' for 'GET' to '/devtools/browser/c105a97b-af50-4acd-9416-77b330b002b6'
13:14:54.281 [AsyncHttpClient-1-9] DEBUG org.asynchttpclient.netty.handler.WebSocketHandler - 

Request DefaultFullHttpRequest(decodeResult: success, version: HTTP/1.1, content: EmptyByteBufBE)
GET /devtools/browser/4a258c1d-c743-43b9-8a6f-beeef20dc365 HTTP/1.1
upgrade: websocket
connection: upgrade
sec-websocket-key: h3t0P6oMjX6Fx+TrWa5vtQ==
sec-websocket-version: 13
origin: http://localhost:50985
host: localhost:50985
accept: */*
user-agent: AHC/2.1

Response DefaultHttpResponse(decodeResult: success, version: HTTP/1.1)
HTTP/1.1 101 WebSocket Protocol Handshake
Upgrade: WebSocket
Connection: Upgrade
Sec-WebSocket-Accept: g34APlZNiNbjw56yHe/eZzPxAhI=

13:14:54.312 [AsyncHttpClient-1-8] DEBUG org.asynchttpclient.netty.handler.WebSocketHandler - 

Request DefaultFullHttpRequest(decodeResult: success, version: HTTP/1.1, content: EmptyByteBufBE)
GET /devtools/browser/c105a97b-af50-4acd-9416-77b330b002b6 HTTP/1.1
upgrade: websocket
connection: upgrade
sec-websocket-key: BcRyLpRxsFaHZ9p/RHOGrQ==
sec-websocket-version: 13
origin: http://localhost:50987
host: localhost:50987
accept: */*
user-agent: AHC/2.1

Response DefaultHttpResponse(decodeResult: success, version: HTTP/1.1)
HTTP/1.1 101 WebSocket Protocol Handshake
Upgrade: WebSocket
Connection: Upgrade
Sec-WebSocket-Accept: xDFNVPzCo5OiYfc488pCoJrssZA=

13:14:54.369 [Forwarding maximizeCurrentWindow on session 54c5ef212f7634697e04f8645025974f to remote] DEBUG org.asynchttpclient.netty.request.NettyRequestSender - Using pooled Channel '[id: 0xb035af86, L:/127.0.0.1:50983 - R:localhost/127.0.0.1:56717]' for 'POST' to 'http://localhost:56717/session/54c5ef212f7634697e04f8645025974f/window/maximize'
13:14:54.369 [Forwarding maximizeCurrentWindow on session 54c5ef212f7634697e04f8645025974f to remote] DEBUG org.asynchttpclient.netty.request.NettyRequestSender - Using open Channel [id: 0xb035af86, L:/127.0.0.1:50983 - R:localhost/127.0.0.1:56717] for POST '/session/54c5ef212f7634697e04f8645025974f/window/maximize'
13:14:54.371 [Forwarding maximizeCurrentWindow on session 21c78a9ef5a43a26be78e0032efb5b9e to remote] DEBUG org.asynchttpclient.netty.request.NettyRequestSender - Using pooled Channel '[id: 0x3a1298e3, L:/127.0.0.1:50984 - R:localhost/127.0.0.1:62787]' for 'POST' to 'http://localhost:62787/session/21c78a9ef5a43a26be78e0032efb5b9e/window/maximize'
13:14:54.371 [Forwarding maximizeCurrentWindow on session 21c78a9ef5a43a26be78e0032efb5b9e to remote] DEBUG org.asynchttpclient.netty.request.NettyRequestSender - Using open Channel [id: 0x3a1298e3, L:/127.0.0.1:50984 - R:localhost/127.0.0.1:62787] for POST '/session/21c78a9ef5a43a26be78e0032efb5b9e/window/maximize'
13:14:54.373 [Forwarding maximizeCurrentWindow on session 19499d7e8409e63b58c9a383183f96ff to remote] DEBUG org.asynchttpclient.netty.request.NettyRequestSender - Using pooled Channel '[id: 0xdf28a808, L:/127.0.0.1:50982 - R:localhost/127.0.0.1:60858]' for 'POST' to 'http://localhost:60858/session/19499d7e8409e63b58c9a383183f96ff/window/maximize'
13:14:54.373 [Forwarding maximizeCurrentWindow on session 19499d7e8409e63b58c9a383183f96ff to remote] DEBUG org.asynchttpclient.netty.request.NettyRequestSender - Using open Channel [id: 0xdf28a808, L:/127.0.0.1:50982 - R:localhost/127.0.0.1:60858] for POST '/session/19499d7e8409e63b58c9a383183f96ff/window/maximize'
13:14:54.724 [AsyncHttpClient-1-4] DEBUG org.asynchttpclient.netty.handler.HttpHandler - 

Request DefaultHttpRequest(decodeResult: success, version: HTTP/1.1)
POST /session/54c5ef212f7634697e04f8645025974f/window/maximize HTTP/1.1
User-Agent: selenium/4.1.4 (java windows)
Content-Length: 3
Content-Type: application/json; charset=utf-8
host: localhost:56717
accept: */*

Response DefaultHttpResponse(decodeResult: success, version: HTTP/1.1)
HTTP/1.1 200 OK
Content-Type: application/json; charset=utf-8
cache-control: no-cache
content-length: 52

13:14:54.724 [AsyncHttpClient-1-4] DEBUG org.asynchttpclient.netty.channel.ChannelManager - Adding key: http://localhost:56717 for channel [id: 0xb035af86, L:/127.0.0.1:50983 - R:localhost/127.0.0.1:56717]
13:14:54.748 [AsyncHttpClient-1-2] DEBUG org.asynchttpclient.netty.handler.HttpHandler - 

Request DefaultHttpRequest(decodeResult: success, version: HTTP/1.1)
POST /session/21c78a9ef5a43a26be78e0032efb5b9e/window/maximize HTTP/1.1
User-Agent: selenium/4.1.4 (java windows)
Content-Length: 3
Content-Type: application/json; charset=utf-8
host: localhost:62787
accept: */*

Response DefaultHttpResponse(decodeResult: success, version: HTTP/1.1)
HTTP/1.1 200 OK
Content-Type: application/json; charset=utf-8
cache-control: no-cache
content-length: 52

13:14:54.748 [AsyncHttpClient-1-2] DEBUG org.asynchttpclient.netty.channel.ChannelManager - Adding key: http://localhost:62787 for channel [id: 0x3a1298e3, L:/127.0.0.1:50984 - R:localhost/127.0.0.1:62787]
13:14:54.768 [Forwarding get on session 21c78a9ef5a43a26be78e0032efb5b9e to remote] DEBUG org.asynchttpclient.netty.request.NettyRequestSender - Using pooled Channel '[id: 0x3a1298e3, L:/127.0.0.1:50984 - R:localhost/127.0.0.1:62787]' for 'POST' to 'http://localhost:62787/session/21c78a9ef5a43a26be78e0032efb5b9e/url'
13:14:54.768 [Forwarding get on session 21c78a9ef5a43a26be78e0032efb5b9e to remote] DEBUG org.asynchttpclient.netty.request.NettyRequestSender - Using open Channel [id: 0x3a1298e3, L:/127.0.0.1:50984 - R:localhost/127.0.0.1:62787] for POST '/session/21c78a9ef5a43a26be78e0032efb5b9e/url'
13:14:54.770 [Forwarding get on session 54c5ef212f7634697e04f8645025974f to remote] DEBUG org.asynchttpclient.netty.request.NettyRequestSender - Using pooled Channel '[id: 0xb035af86, L:/127.0.0.1:50983 - R:localhost/127.0.0.1:56717]' for 'POST' to 'http://localhost:56717/session/54c5ef212f7634697e04f8645025974f/url'
13:14:54.771 [Forwarding get on session 54c5ef212f7634697e04f8645025974f to remote] DEBUG org.asynchttpclient.netty.request.NettyRequestSender - Using open Channel [id: 0xb035af86, L:/127.0.0.1:50983 - R:localhost/127.0.0.1:56717] for POST '/session/54c5ef212f7634697e04f8645025974f/url'
13:14:54.851 [AsyncHttpClient-1-3] DEBUG org.asynchttpclient.netty.handler.HttpHandler - 

Request DefaultHttpRequest(decodeResult: success, version: HTTP/1.1)
POST /session/19499d7e8409e63b58c9a383183f96ff/window/maximize HTTP/1.1
User-Agent: selenium/4.1.4 (java windows)
Content-Length: 3
Content-Type: application/json; charset=utf-8
host: localhost:60858
accept: */*

Response DefaultHttpResponse(decodeResult: success, version: HTTP/1.1)
HTTP/1.1 200 OK
Content-Type: application/json; charset=utf-8
cache-control: no-cache
content-length: 52

13:14:54.851 [AsyncHttpClient-1-3] DEBUG org.asynchttpclient.netty.channel.ChannelManager - Adding key: http://localhost:60858 for channel [id: 0xdf28a808, L:/127.0.0.1:50982 - R:localhost/127.0.0.1:60858]
13:14:54.858 [Forwarding get on session 19499d7e8409e63b58c9a383183f96ff to remote] DEBUG org.asynchttpclient.netty.request.NettyRequestSender - Using pooled Channel '[id: 0xdf28a808, L:/127.0.0.1:50982 - R:localhost/127.0.0.1:60858]' for 'POST' to 'http://localhost:60858/session/19499d7e8409e63b58c9a383183f96ff/url'
13:14:54.858 [Forwarding get on session 19499d7e8409e63b58c9a383183f96ff to remote] DEBUG org.asynchttpclient.netty.request.NettyRequestSender - Using open Channel [id: 0xdf28a808, L:/127.0.0.1:50982 - R:localhost/127.0.0.1:60858] for POST '/session/19499d7e8409e63b58c9a383183f96ff/url'
13:14:54.954 [AsyncHttpClient-1-1] DEBUG org.asynchttpclient.netty.channel.DefaultChannelPool - Entry count for : http://localhost:50985 : 1
13:14:54.954 [AsyncHttpClient-1-1] DEBUG org.asynchttpclient.netty.channel.DefaultChannelPool - Entry count for : http://localhost:50986 : 1
13:14:54.954 [AsyncHttpClient-1-1] DEBUG org.asynchttpclient.netty.channel.DefaultChannelPool - Entry count for : http://localhost:50987 : 1
13:14:56.034 [AsyncHttpClient-1-1] DEBUG org.asynchttpclient.netty.channel.DefaultChannelPool - Entry count for : http://localhost:50985 : 1
13:14:56.035 [AsyncHttpClient-1-1] DEBUG org.asynchttpclient.netty.channel.DefaultChannelPool - Entry count for : http://localhost:50986 : 1
13:14:56.036 [AsyncHttpClient-1-1] DEBUG org.asynchttpclient.netty.channel.DefaultChannelPool - Entry count for : http://localhost:50987 : 1
13:14:57.128 [AsyncHttpClient-1-3] DEBUG org.asynchttpclient.netty.handler.HttpHandler - 

Request DefaultHttpRequest(decodeResult: success, version: HTTP/1.1)
POST /session/19499d7e8409e63b58c9a383183f96ff/url HTTP/1.1
User-Agent: selenium/4.1.4 (java windows)
Content-Length: 94
Content-Type: application/json; charset=utf-8
host: localhost:60858
accept: */*

Response DefaultHttpResponse(decodeResult: success, version: HTTP/1.1)
HTTP/1.1 200 OK
Content-Type: application/json; charset=utf-8
cache-control: no-cache
content-length: 14

13:14:57.128 [AsyncHttpClient-1-3] DEBUG org.asynchttpclient.netty.channel.ChannelManager - Adding key: http://localhost:60858 for channel [id: 0xdf28a808, L:/127.0.0.1:50982 - R:localhost/127.0.0.1:60858]
13:14:57.174 [Forwarding findElement on session 19499d7e8409e63b58c9a383183f96ff to remote] DEBUG org.asynchttpclient.netty.request.NettyRequestSender - Using pooled Channel '[id: 0xdf28a808, L:/127.0.0.1:50982 - R:localhost/127.0.0.1:60858]' for 'POST' to 'http://localhost:60858/session/19499d7e8409e63b58c9a383183f96ff/element'
13:14:57.175 [Forwarding findElement on session 19499d7e8409e63b58c9a383183f96ff to remote] DEBUG org.asynchttpclient.netty.request.NettyRequestSender - Using open Channel [id: 0xdf28a808, L:/127.0.0.1:50982 - R:localhost/127.0.0.1:60858] for POST '/session/19499d7e8409e63b58c9a383183f96ff/element'
13:14:57.189 [AsyncHttpClient-1-1] DEBUG org.asynchttpclient.netty.channel.DefaultChannelPool - Entry count for : http://localhost:50985 : 1
13:14:57.189 [AsyncHttpClient-1-1] DEBUG org.asynchttpclient.netty.channel.DefaultChannelPool - Entry count for : http://localhost:50986 : 1
13:14:57.189 [AsyncHttpClient-1-1] DEBUG org.asynchttpclient.netty.channel.DefaultChannelPool - Entry count for : http://localhost:50987 : 1
13:14:57.200 [AsyncHttpClient-1-2] DEBUG org.asynchttpclient.netty.handler.HttpHandler - 

Request DefaultHttpRequest(decodeResult: success, version: HTTP/1.1)
POST /session/21c78a9ef5a43a26be78e0032efb5b9e/url HTTP/1.1
User-Agent: selenium/4.1.4 (java windows)
Content-Length: 94
Content-Type: application/json; charset=utf-8
host: localhost:62787
accept: */*

Response DefaultHttpResponse(decodeResult: success, version: HTTP/1.1)
HTTP/1.1 200 OK
Content-Type: application/json; charset=utf-8
cache-control: no-cache
content-length: 14

13:14:57.200 [AsyncHttpClient-1-2] DEBUG org.asynchttpclient.netty.channel.ChannelManager - Adding key: http://localhost:62787 for channel [id: 0x3a1298e3, L:/127.0.0.1:50984 - R:localhost/127.0.0.1:62787]
13:14:57.207 [Forwarding findElement on session 21c78a9ef5a43a26be78e0032efb5b9e to remote] DEBUG org.asynchttpclient.netty.request.NettyRequestSender - Using pooled Channel '[id: 0x3a1298e3, L:/127.0.0.1:50984 - R:localhost/127.0.0.1:62787]' for 'POST' to 'http://localhost:62787/session/21c78a9ef5a43a26be78e0032efb5b9e/element'
13:14:57.207 [Forwarding findElement on session 21c78a9ef5a43a26be78e0032efb5b9e to remote] DEBUG org.asynchttpclient.netty.request.NettyRequestSender - Using open Channel [id: 0x3a1298e3, L:/127.0.0.1:50984 - R:localhost/127.0.0.1:62787] for POST '/session/21c78a9ef5a43a26be78e0032efb5b9e/element'
13:14:57.212 [AsyncHttpClient-1-4] DEBUG org.asynchttpclient.netty.handler.HttpHandler - 

Request DefaultHttpRequest(decodeResult: success, version: HTTP/1.1)
POST /session/54c5ef212f7634697e04f8645025974f/url HTTP/1.1
User-Agent: selenium/4.1.4 (java windows)
Content-Length: 94
Content-Type: application/json; charset=utf-8
host: localhost:56717
accept: */*

Response DefaultHttpResponse(decodeResult: success, version: HTTP/1.1)
HTTP/1.1 200 OK
Content-Type: application/json; charset=utf-8
cache-control: no-cache
content-length: 14

13:14:57.212 [AsyncHttpClient-1-4] DEBUG org.asynchttpclient.netty.channel.ChannelManager - Adding key: http://localhost:56717 for channel [id: 0xb035af86, L:/127.0.0.1:50983 - R:localhost/127.0.0.1:56717]
13:14:57.216 [Forwarding findElement on session 54c5ef212f7634697e04f8645025974f to remote] DEBUG org.asynchttpclient.netty.request.NettyRequestSender - Using pooled Channel '[id: 0xb035af86, L:/127.0.0.1:50983 - R:localhost/127.0.0.1:56717]' for 'POST' to 'http://localhost:56717/session/54c5ef212f7634697e04f8645025974f/element'
13:14:57.217 [Forwarding findElement on session 54c5ef212f7634697e04f8645025974f to remote] DEBUG org.asynchttpclient.netty.request.NettyRequestSender - Using open Channel [id: 0xb035af86, L:/127.0.0.1:50983 - R:localhost/127.0.0.1:56717] for POST '/session/54c5ef212f7634697e04f8645025974f/element'
13:14:57.238 [AsyncHttpClient-1-3] DEBUG org.asynchttpclient.netty.handler.HttpHandler - 

Request DefaultHttpRequest(decodeResult: success, version: HTTP/1.1)
POST /session/19499d7e8409e63b58c9a383183f96ff/element HTTP/1.1
User-Agent: selenium/4.1.4 (java windows)
Content-Length: 49
Content-Type: application/json; charset=utf-8
host: localhost:60858
accept: */*

Response DefaultHttpResponse(decodeResult: success, version: HTTP/1.1)
HTTP/1.1 200 OK
Content-Type: application/json; charset=utf-8
cache-control: no-cache
content-length: 88

13:14:57.239 [AsyncHttpClient-1-3] DEBUG org.asynchttpclient.netty.channel.ChannelManager - Adding key: http://localhost:60858 for channel [id: 0xdf28a808, L:/127.0.0.1:50982 - R:localhost/127.0.0.1:60858]
13:14:57.241 [AsyncHttpClient-1-2] DEBUG org.asynchttpclient.netty.handler.HttpHandler - 

Request DefaultHttpRequest(decodeResult: success, version: HTTP/1.1)
POST /session/21c78a9ef5a43a26be78e0032efb5b9e/element HTTP/1.1
User-Agent: selenium/4.1.4 (java windows)
Content-Length: 49
Content-Type: application/json; charset=utf-8
host: localhost:62787
accept: */*

Response DefaultHttpResponse(decodeResult: success, version: HTTP/1.1)
HTTP/1.1 200 OK
Content-Type: application/json; charset=utf-8
cache-control: no-cache
content-length: 88

13:14:57.242 [AsyncHttpClient-1-2] DEBUG org.asynchttpclient.netty.channel.ChannelManager - Adding key: http://localhost:62787 for channel [id: 0x3a1298e3, L:/127.0.0.1:50984 - R:localhost/127.0.0.1:62787]
13:14:57.247 [AsyncHttpClient-1-4] DEBUG org.asynchttpclient.netty.handler.HttpHandler - 

Request DefaultHttpRequest(decodeResult: success, version: HTTP/1.1)
POST /session/54c5ef212f7634697e04f8645025974f/element HTTP/1.1
User-Agent: selenium/4.1.4 (java windows)
Content-Length: 49
Content-Type: application/json; charset=utf-8
host: localhost:56717
accept: */*

Response DefaultHttpResponse(decodeResult: success, version: HTTP/1.1)
HTTP/1.1 200 OK
Content-Type: application/json; charset=utf-8
cache-control: no-cache
content-length: 88

13:14:57.247 [AsyncHttpClient-1-4] DEBUG org.asynchttpclient.netty.channel.ChannelManager - Adding key: http://localhost:56717 for channel [id: 0xb035af86, L:/127.0.0.1:50983 - R:localhost/127.0.0.1:56717]
13:14:57.268 [Forwarding isElementDisplayed on session 19499d7e8409e63b58c9a383183f96ff to remote] DEBUG org.asynchttpclient.netty.request.NettyRequestSender - Using pooled Channel '[id: 0xdf28a808, L:/127.0.0.1:50982 - R:localhost/127.0.0.1:60858]' for 'POST' to 'http://localhost:60858/session/19499d7e8409e63b58c9a383183f96ff/execute/sync'
13:14:57.268 [Forwarding isElementDisplayed on session 19499d7e8409e63b58c9a383183f96ff to remote] DEBUG org.asynchttpclient.netty.request.NettyRequestSender - Using open Channel [id: 0xdf28a808, L:/127.0.0.1:50982 - R:localhost/127.0.0.1:60858] for POST '/session/19499d7e8409e63b58c9a383183f96ff/execute/sync'
13:14:57.271 [Forwarding isElementDisplayed on session 54c5ef212f7634697e04f8645025974f to remote] DEBUG org.asynchttpclient.netty.request.NettyRequestSender - Using pooled Channel '[id: 0xb035af86, L:/127.0.0.1:50983 - R:localhost/127.0.0.1:56717]' for 'POST' to 'http://localhost:56717/session/54c5ef212f7634697e04f8645025974f/execute/sync'
13:14:57.271 [Forwarding isElementDisplayed on session 54c5ef212f7634697e04f8645025974f to remote] DEBUG org.asynchttpclient.netty.request.NettyRequestSender - Using open Channel [id: 0xb035af86, L:/127.0.0.1:50983 - R:localhost/127.0.0.1:56717] for POST '/session/54c5ef212f7634697e04f8645025974f/execute/sync'
13:14:57.276 [Forwarding isElementDisplayed on session 21c78a9ef5a43a26be78e0032efb5b9e to remote] DEBUG org.asynchttpclient.netty.request.NettyRequestSender - Using pooled Channel '[id: 0x3a1298e3, L:/127.0.0.1:50984 - R:localhost/127.0.0.1:62787]' for 'POST' to 'http://localhost:62787/session/21c78a9ef5a43a26be78e0032efb5b9e/execute/sync'
13:14:57.276 [Forwarding isElementDisplayed on session 21c78a9ef5a43a26be78e0032efb5b9e to remote] DEBUG org.asynchttpclient.netty.request.NettyRequestSender - Using open Channel [id: 0x3a1298e3, L:/127.0.0.1:50984 - R:localhost/127.0.0.1:62787] for POST '/session/21c78a9ef5a43a26be78e0032efb5b9e/execute/sync'
13:14:57.358 [AsyncHttpClient-1-3] DEBUG org.asynchttpclient.netty.handler.HttpHandler - 

Request DefaultHttpRequest(decodeResult: success, version: HTTP/1.1)
POST /session/19499d7e8409e63b58c9a383183f96ff/execute/sync HTTP/1.1
User-Agent: selenium/4.1.4 (java windows)
Content-Length: 48780
Content-Type: application/json; charset=utf-8
host: localhost:60858
accept: */*

Response DefaultHttpResponse(decodeResult: success, version: HTTP/1.1)
HTTP/1.1 200 OK
Content-Type: application/json; charset=utf-8
cache-control: no-cache
content-length: 14

13:14:57.358 [AsyncHttpClient-1-3] DEBUG org.asynchttpclient.netty.channel.ChannelManager - Adding key: http://localhost:60858 for channel [id: 0xdf28a808, L:/127.0.0.1:50982 - R:localhost/127.0.0.1:60858]
13:14:57.360 [AsyncHttpClient-1-2] DEBUG org.asynchttpclient.netty.handler.HttpHandler - 

Request DefaultHttpRequest(decodeResult: success, version: HTTP/1.1)
POST /session/21c78a9ef5a43a26be78e0032efb5b9e/execute/sync HTTP/1.1
User-Agent: selenium/4.1.4 (java windows)
Content-Length: 48780
Content-Type: application/json; charset=utf-8
host: localhost:62787
accept: */*

Response DefaultHttpResponse(decodeResult: success, version: HTTP/1.1)
HTTP/1.1 200 OK
Content-Type: application/json; charset=utf-8
cache-control: no-cache
content-length: 14

13:14:57.361 [AsyncHttpClient-1-2] DEBUG org.asynchttpclient.netty.channel.ChannelManager - Adding key: http://localhost:62787 for channel [id: 0x3a1298e3, L:/127.0.0.1:50984 - R:localhost/127.0.0.1:62787]
13:14:57.361 [Forwarding findElement on session 19499d7e8409e63b58c9a383183f96ff to remote] DEBUG org.asynchttpclient.netty.request.NettyRequestSender - Using pooled Channel '[id: 0xdf28a808, L:/127.0.0.1:50982 - R:localhost/127.0.0.1:60858]' for 'POST' to 'http://localhost:60858/session/19499d7e8409e63b58c9a383183f96ff/element'
13:14:57.361 [Forwarding findElement on session 19499d7e8409e63b58c9a383183f96ff to remote] DEBUG org.asynchttpclient.netty.request.NettyRequestSender - Using open Channel [id: 0xdf28a808, L:/127.0.0.1:50982 - R:localhost/127.0.0.1:60858] for POST '/session/19499d7e8409e63b58c9a383183f96ff/element'
13:14:57.363 [AsyncHttpClient-1-4] DEBUG org.asynchttpclient.netty.handler.HttpHandler - 

Request DefaultHttpRequest(decodeResult: success, version: HTTP/1.1)
POST /session/54c5ef212f7634697e04f8645025974f/execute/sync HTTP/1.1
User-Agent: selenium/4.1.4 (java windows)
Content-Length: 48780
Content-Type: application/json; charset=utf-8
host: localhost:56717
accept: */*

Response DefaultHttpResponse(decodeResult: success, version: HTTP/1.1)
HTTP/1.1 200 OK
Content-Type: application/json; charset=utf-8
cache-control: no-cache
content-length: 14

13:14:57.373 [AsyncHttpClient-1-4] DEBUG org.asynchttpclient.netty.channel.ChannelManager - Adding key: http://localhost:56717 for channel [id: 0xb035af86, L:/127.0.0.1:50983 - R:localhost/127.0.0.1:56717]
13:14:57.373 [Forwarding findElement on session 21c78a9ef5a43a26be78e0032efb5b9e to remote] DEBUG org.asynchttpclient.netty.request.NettyRequestSender - Using pooled Channel '[id: 0x3a1298e3, L:/127.0.0.1:50984 - R:localhost/127.0.0.1:62787]' for 'POST' to 'http://localhost:62787/session/21c78a9ef5a43a26be78e0032efb5b9e/element'
13:14:57.374 [Forwarding findElement on session 21c78a9ef5a43a26be78e0032efb5b9e to remote] DEBUG org.asynchttpclient.netty.request.NettyRequestSender - Using open Channel [id: 0x3a1298e3, L:/127.0.0.1:50984 - R:localhost/127.0.0.1:62787] for POST '/session/21c78a9ef5a43a26be78e0032efb5b9e/element'
13:14:57.381 [Forwarding findElement on session 54c5ef212f7634697e04f8645025974f to remote] DEBUG org.asynchttpclient.netty.request.NettyRequestSender - Using pooled Channel '[id: 0xb035af86, L:/127.0.0.1:50983 - R:localhost/127.0.0.1:56717]' for 'POST' to 'http://localhost:56717/session/54c5ef212f7634697e04f8645025974f/element'
13:14:57.381 [Forwarding findElement on session 54c5ef212f7634697e04f8645025974f to remote] DEBUG org.asynchttpclient.netty.request.NettyRequestSender - Using open Channel [id: 0xb035af86, L:/127.0.0.1:50983 - R:localhost/127.0.0.1:56717] for POST '/session/54c5ef212f7634697e04f8645025974f/element'
13:14:57.427 [AsyncHttpClient-1-4] DEBUG org.asynchttpclient.netty.handler.HttpHandler - 

Request DefaultHttpRequest(decodeResult: success, version: HTTP/1.1)
POST /session/54c5ef212f7634697e04f8645025974f/element HTTP/1.1
User-Agent: selenium/4.1.4 (java windows)
Content-Length: 49
Content-Type: application/json; charset=utf-8
host: localhost:56717
accept: */*

Response DefaultHttpResponse(decodeResult: success, version: HTTP/1.1)
HTTP/1.1 200 OK
Content-Type: application/json; charset=utf-8
cache-control: no-cache
content-length: 88

13:14:57.428 [AsyncHttpClient-1-4] DEBUG org.asynchttpclient.netty.channel.ChannelManager - Adding key: http://localhost:56717 for channel [id: 0xb035af86, L:/127.0.0.1:50983 - R:localhost/127.0.0.1:56717]
13:14:57.429 [AsyncHttpClient-1-3] DEBUG org.asynchttpclient.netty.handler.HttpHandler - 

Request DefaultHttpRequest(decodeResult: success, version: HTTP/1.1)
POST /session/19499d7e8409e63b58c9a383183f96ff/element HTTP/1.1
User-Agent: selenium/4.1.4 (java windows)
Content-Length: 49
Content-Type: application/json; charset=utf-8
host: localhost:60858
accept: */*

Response DefaultHttpResponse(decodeResult: success, version: HTTP/1.1)
HTTP/1.1 200 OK
Content-Type: application/json; charset=utf-8
cache-control: no-cache
content-length: 88

13:14:57.430 [AsyncHttpClient-1-3] DEBUG org.asynchttpclient.netty.channel.ChannelManager - Adding key: http://localhost:60858 for channel [id: 0xdf28a808, L:/127.0.0.1:50982 - R:localhost/127.0.0.1:60858]
13:14:57.432 [Forwarding isElementEnabled on session 54c5ef212f7634697e04f8645025974f to remote] DEBUG org.asynchttpclient.netty.request.NettyRequestSender - Using pooled Channel '[id: 0xb035af86, L:/127.0.0.1:50983 - R:localhost/127.0.0.1:56717]' for 'GET' to 'http://localhost:56717/session/54c5ef212f7634697e04f8645025974f/element/1032be6d-68cb-46a2-85ab-d7baebcc4068/enabled'
13:14:57.432 [Forwarding isElementEnabled on session 54c5ef212f7634697e04f8645025974f to remote] DEBUG org.asynchttpclient.netty.request.NettyRequestSender - Using open Channel [id: 0xb035af86, L:/127.0.0.1:50983 - R:localhost/127.0.0.1:56717] for GET '/session/54c5ef212f7634697e04f8645025974f/element/1032be6d-68cb-46a2-85ab-d7baebcc4068/enabled'
13:14:57.433 [Forwarding isElementEnabled on session 19499d7e8409e63b58c9a383183f96ff to remote] DEBUG org.asynchttpclient.netty.request.NettyRequestSender - Using pooled Channel '[id: 0xdf28a808, L:/127.0.0.1:50982 - R:localhost/127.0.0.1:60858]' for 'GET' to 'http://localhost:60858/session/19499d7e8409e63b58c9a383183f96ff/element/cd2a255e-3bcc-4a50-bbc0-9e9a9b493700/enabled'
13:14:57.433 [Forwarding isElementEnabled on session 19499d7e8409e63b58c9a383183f96ff to remote] DEBUG org.asynchttpclient.netty.request.NettyRequestSender - Using open Channel [id: 0xdf28a808, L:/127.0.0.1:50982 - R:localhost/127.0.0.1:60858] for GET '/session/19499d7e8409e63b58c9a383183f96ff/element/cd2a255e-3bcc-4a50-bbc0-9e9a9b493700/enabled'
13:14:57.435 [AsyncHttpClient-1-2] DEBUG org.asynchttpclient.netty.handler.HttpHandler - 

Request DefaultHttpRequest(decodeResult: success, version: HTTP/1.1)
POST /session/21c78a9ef5a43a26be78e0032efb5b9e/element HTTP/1.1
User-Agent: selenium/4.1.4 (java windows)
Content-Length: 49
Content-Type: application/json; charset=utf-8
host: localhost:62787
accept: */*

Response DefaultHttpResponse(decodeResult: success, version: HTTP/1.1)
HTTP/1.1 200 OK
Content-Type: application/json; charset=utf-8
cache-control: no-cache
content-length: 88

13:14:57.435 [AsyncHttpClient-1-2] DEBUG org.asynchttpclient.netty.channel.ChannelManager - Adding key: http://localhost:62787 for channel [id: 0x3a1298e3, L:/127.0.0.1:50984 - R:localhost/127.0.0.1:62787]
13:14:57.442 [Forwarding isElementEnabled on session 21c78a9ef5a43a26be78e0032efb5b9e to remote] DEBUG org.asynchttpclient.netty.request.NettyRequestSender - Using pooled Channel '[id: 0x3a1298e3, L:/127.0.0.1:50984 - R:localhost/127.0.0.1:62787]' for 'GET' to 'http://localhost:62787/session/21c78a9ef5a43a26be78e0032efb5b9e/element/fe46addb-8c36-4755-8fca-4d1e53321e2b/enabled'
13:14:57.442 [Forwarding isElementEnabled on session 21c78a9ef5a43a26be78e0032efb5b9e to remote] DEBUG org.asynchttpclient.netty.request.NettyRequestSender - Using open Channel [id: 0x3a1298e3, L:/127.0.0.1:50984 - R:localhost/127.0.0.1:62787] for GET '/session/21c78a9ef5a43a26be78e0032efb5b9e/element/fe46addb-8c36-4755-8fca-4d1e53321e2b/enabled'
13:14:57.476 [AsyncHttpClient-1-4] DEBUG org.asynchttpclient.netty.handler.HttpHandler - 

Request DefaultFullHttpRequest(decodeResult: success, version: HTTP/1.1, content: EmptyByteBufBE)
GET /session/54c5ef212f7634697e04f8645025974f/element/1032be6d-68cb-46a2-85ab-d7baebcc4068/enabled HTTP/1.1
User-Agent: selenium/4.1.4 (java windows)
Cache-Control: no-cache
Content-Type: application/json; charset=utf-8
host: localhost:56717
accept: */*

Response DefaultHttpResponse(decodeResult: success, version: HTTP/1.1)
HTTP/1.1 200 OK
Content-Type: application/json; charset=utf-8
cache-control: no-cache
content-length: 14

13:14:57.476 [AsyncHttpClient-1-2] DEBUG org.asynchttpclient.netty.handler.HttpHandler - 

Request DefaultFullHttpRequest(decodeResult: success, version: HTTP/1.1, content: EmptyByteBufBE)
GET /session/21c78a9ef5a43a26be78e0032efb5b9e/element/fe46addb-8c36-4755-8fca-4d1e53321e2b/enabled HTTP/1.1
User-Agent: selenium/4.1.4 (java windows)
Cache-Control: no-cache
Content-Type: application/json; charset=utf-8
host: localhost:62787
accept: */*

Response DefaultHttpResponse(decodeResult: success, version: HTTP/1.1)
HTTP/1.1 200 OK
Content-Type: application/json; charset=utf-8
cache-control: no-cache
content-length: 14

13:14:57.476 [AsyncHttpClient-1-4] DEBUG org.asynchttpclient.netty.channel.ChannelManager - Adding key: http://localhost:56717 for channel [id: 0xb035af86, L:/127.0.0.1:50983 - R:localhost/127.0.0.1:56717]
13:14:57.476 [AsyncHttpClient-1-2] DEBUG org.asynchttpclient.netty.channel.ChannelManager - Adding key: http://localhost:62787 for channel [id: 0x3a1298e3, L:/127.0.0.1:50984 - R:localhost/127.0.0.1:62787]
13:14:57.479 [Forwarding findElement on session 54c5ef212f7634697e04f8645025974f to remote] DEBUG org.asynchttpclient.netty.request.NettyRequestSender - Using pooled Channel '[id: 0xb035af86, L:/127.0.0.1:50983 - R:localhost/127.0.0.1:56717]' for 'POST' to 'http://localhost:56717/session/54c5ef212f7634697e04f8645025974f/element'
13:14:57.479 [Forwarding findElement on session 21c78a9ef5a43a26be78e0032efb5b9e to remote] DEBUG org.asynchttpclient.netty.request.NettyRequestSender - Using pooled Channel '[id: 0x3a1298e3, L:/127.0.0.1:50984 - R:localhost/127.0.0.1:62787]' for 'POST' to 'http://localhost:62787/session/21c78a9ef5a43a26be78e0032efb5b9e/element'
13:14:57.479 [Forwarding findElement on session 54c5ef212f7634697e04f8645025974f to remote] DEBUG org.asynchttpclient.netty.request.NettyRequestSender - Using open Channel [id: 0xb035af86, L:/127.0.0.1:50983 - R:localhost/127.0.0.1:56717] for POST '/session/54c5ef212f7634697e04f8645025974f/element'
13:14:57.479 [Forwarding findElement on session 21c78a9ef5a43a26be78e0032efb5b9e to remote] DEBUG org.asynchttpclient.netty.request.NettyRequestSender - Using open Channel [id: 0x3a1298e3, L:/127.0.0.1:50984 - R:localhost/127.0.0.1:62787] for POST '/session/21c78a9ef5a43a26be78e0032efb5b9e/element'
13:14:57.491 [AsyncHttpClient-1-3] DEBUG org.asynchttpclient.netty.handler.HttpHandler - 

Request DefaultFullHttpRequest(decodeResult: success, version: HTTP/1.1, content: EmptyByteBufBE)
GET /session/19499d7e8409e63b58c9a383183f96ff/element/cd2a255e-3bcc-4a50-bbc0-9e9a9b493700/enabled HTTP/1.1
User-Agent: selenium/4.1.4 (java windows)
Cache-Control: no-cache
Content-Type: application/json; charset=utf-8
host: localhost:60858
accept: */*

Response DefaultHttpResponse(decodeResult: success, version: HTTP/1.1)
HTTP/1.1 200 OK
Content-Type: application/json; charset=utf-8
cache-control: no-cache
content-length: 14

13:14:57.492 [AsyncHttpClient-1-3] DEBUG org.asynchttpclient.netty.channel.ChannelManager - Adding key: http://localhost:60858 for channel [id: 0xdf28a808, L:/127.0.0.1:50982 - R:localhost/127.0.0.1:60858]
13:14:57.495 [Forwarding findElement on session 19499d7e8409e63b58c9a383183f96ff to remote] DEBUG org.asynchttpclient.netty.request.NettyRequestSender - Using pooled Channel '[id: 0xdf28a808, L:/127.0.0.1:50982 - R:localhost/127.0.0.1:60858]' for 'POST' to 'http://localhost:60858/session/19499d7e8409e63b58c9a383183f96ff/element'
13:14:57.495 [Forwarding findElement on session 19499d7e8409e63b58c9a383183f96ff to remote] DEBUG org.asynchttpclient.netty.request.NettyRequestSender - Using open Channel [id: 0xdf28a808, L:/127.0.0.1:50982 - R:localhost/127.0.0.1:60858] for POST '/session/19499d7e8409e63b58c9a383183f96ff/element'
13:14:57.510 [AsyncHttpClient-1-2] DEBUG org.asynchttpclient.netty.handler.HttpHandler - 

Request DefaultHttpRequest(decodeResult: success, version: HTTP/1.1)
POST /session/21c78a9ef5a43a26be78e0032efb5b9e/element HTTP/1.1
User-Agent: selenium/4.1.4 (java windows)
Content-Length: 49
Content-Type: application/json; charset=utf-8
host: localhost:62787
accept: */*

Response DefaultHttpResponse(decodeResult: success, version: HTTP/1.1)
HTTP/1.1 200 OK
Content-Type: application/json; charset=utf-8
cache-control: no-cache
content-length: 88

13:14:57.511 [AsyncHttpClient-1-2] DEBUG org.asynchttpclient.netty.channel.ChannelManager - Adding key: http://localhost:62787 for channel [id: 0x3a1298e3, L:/127.0.0.1:50984 - R:localhost/127.0.0.1:62787]
13:14:57.517 [Forwarding sendKeysToElement on session 21c78a9ef5a43a26be78e0032efb5b9e to remote] DEBUG org.asynchttpclient.netty.request.NettyRequestSender - Using pooled Channel '[id: 0x3a1298e3, L:/127.0.0.1:50984 - R:localhost/127.0.0.1:62787]' for 'POST' to 'http://localhost:62787/session/21c78a9ef5a43a26be78e0032efb5b9e/element/fe46addb-8c36-4755-8fca-4d1e53321e2b/value'
13:14:57.517 [Forwarding sendKeysToElement on session 21c78a9ef5a43a26be78e0032efb5b9e to remote] DEBUG org.asynchttpclient.netty.request.NettyRequestSender - Using open Channel [id: 0x3a1298e3, L:/127.0.0.1:50984 - R:localhost/127.0.0.1:62787] for POST '/session/21c78a9ef5a43a26be78e0032efb5b9e/element/fe46addb-8c36-4755-8fca-4d1e53321e2b/value'
13:14:57.518 [AsyncHttpClient-1-4] DEBUG org.asynchttpclient.netty.handler.HttpHandler - 

Request DefaultHttpRequest(decodeResult: success, version: HTTP/1.1)
POST /session/54c5ef212f7634697e04f8645025974f/element HTTP/1.1
User-Agent: selenium/4.1.4 (java windows)
Content-Length: 49
Content-Type: application/json; charset=utf-8
host: localhost:56717
accept: */*

Response DefaultHttpResponse(decodeResult: success, version: HTTP/1.1)
HTTP/1.1 200 OK
Content-Type: application/json; charset=utf-8
cache-control: no-cache
content-length: 88

13:14:57.520 [AsyncHttpClient-1-4] DEBUG org.asynchttpclient.netty.channel.ChannelManager - Adding key: http://localhost:56717 for channel [id: 0xb035af86, L:/127.0.0.1:50983 - R:localhost/127.0.0.1:56717]
13:14:57.525 [Forwarding sendKeysToElement on session 54c5ef212f7634697e04f8645025974f to remote] DEBUG org.asynchttpclient.netty.request.NettyRequestSender - Using pooled Channel '[id: 0xb035af86, L:/127.0.0.1:50983 - R:localhost/127.0.0.1:56717]' for 'POST' to 'http://localhost:56717/session/54c5ef212f7634697e04f8645025974f/element/1032be6d-68cb-46a2-85ab-d7baebcc4068/value'
13:14:57.525 [Forwarding sendKeysToElement on session 54c5ef212f7634697e04f8645025974f to remote] DEBUG org.asynchttpclient.netty.request.NettyRequestSender - Using open Channel [id: 0xb035af86, L:/127.0.0.1:50983 - R:localhost/127.0.0.1:56717] for POST '/session/54c5ef212f7634697e04f8645025974f/element/1032be6d-68cb-46a2-85ab-d7baebcc4068/value'
13:14:57.533 [AsyncHttpClient-1-3] DEBUG org.asynchttpclient.netty.handler.HttpHandler - 

Request DefaultHttpRequest(decodeResult: success, version: HTTP/1.1)
POST /session/19499d7e8409e63b58c9a383183f96ff/element HTTP/1.1
User-Agent: selenium/4.1.4 (java windows)
Content-Length: 49
Content-Type: application/json; charset=utf-8
host: localhost:60858
accept: */*

Response DefaultHttpResponse(decodeResult: success, version: HTTP/1.1)
HTTP/1.1 200 OK
Content-Type: application/json; charset=utf-8
cache-control: no-cache
content-length: 88

13:14:57.534 [AsyncHttpClient-1-3] DEBUG org.asynchttpclient.netty.channel.ChannelManager - Adding key: http://localhost:60858 for channel [id: 0xdf28a808, L:/127.0.0.1:50982 - R:localhost/127.0.0.1:60858]
13:14:57.540 [Forwarding sendKeysToElement on session 19499d7e8409e63b58c9a383183f96ff to remote] DEBUG org.asynchttpclient.netty.request.NettyRequestSender - Using pooled Channel '[id: 0xdf28a808, L:/127.0.0.1:50982 - R:localhost/127.0.0.1:60858]' for 'POST' to 'http://localhost:60858/session/19499d7e8409e63b58c9a383183f96ff/element/cd2a255e-3bcc-4a50-bbc0-9e9a9b493700/value'
13:14:57.540 [Forwarding sendKeysToElement on session 19499d7e8409e63b58c9a383183f96ff to remote] DEBUG org.asynchttpclient.netty.request.NettyRequestSender - Using open Channel [id: 0xdf28a808, L:/127.0.0.1:50982 - R:localhost/127.0.0.1:60858] for POST '/session/19499d7e8409e63b58c9a383183f96ff/element/cd2a255e-3bcc-4a50-bbc0-9e9a9b493700/value'
13:14:57.694 [AsyncHttpClient-1-4] DEBUG org.asynchttpclient.netty.handler.HttpHandler - 

Request DefaultHttpRequest(decodeResult: success, version: HTTP/1.1)
POST /session/54c5ef212f7634697e04f8645025974f/element/1032be6d-68cb-46a2-85ab-d7baebcc4068/value HTTP/1.1
User-Agent: selenium/4.1.4 (java windows)
Content-Length: 171
Content-Type: application/json; charset=utf-8
host: localhost:56717
accept: */*

Response DefaultHttpResponse(decodeResult: success, version: HTTP/1.1)
HTTP/1.1 200 OK
Content-Type: application/json; charset=utf-8
cache-control: no-cache
content-length: 14

13:14:57.694 [AsyncHttpClient-1-4] DEBUG org.asynchttpclient.netty.channel.ChannelManager - Adding key: http://localhost:56717 for channel [id: 0xb035af86, L:/127.0.0.1:50983 - R:localhost/127.0.0.1:56717]
13:14:57.698 [Forwarding findElement on session 54c5ef212f7634697e04f8645025974f to remote] DEBUG org.asynchttpclient.netty.request.NettyRequestSender - Using pooled Channel '[id: 0xb035af86, L:/127.0.0.1:50983 - R:localhost/127.0.0.1:56717]' for 'POST' to 'http://localhost:56717/session/54c5ef212f7634697e04f8645025974f/element'
13:14:57.698 [Forwarding findElement on session 54c5ef212f7634697e04f8645025974f to remote] DEBUG org.asynchttpclient.netty.request.NettyRequestSender - Using open Channel [id: 0xb035af86, L:/127.0.0.1:50983 - R:localhost/127.0.0.1:56717] for POST '/session/54c5ef212f7634697e04f8645025974f/element'
13:14:57.701 [AsyncHttpClient-1-2] DEBUG org.asynchttpclient.netty.handler.HttpHandler - 

Request DefaultHttpRequest(decodeResult: success, version: HTTP/1.1)
POST /session/21c78a9ef5a43a26be78e0032efb5b9e/element/fe46addb-8c36-4755-8fca-4d1e53321e2b/value HTTP/1.1
User-Agent: selenium/4.1.4 (java windows)
Content-Length: 171
Content-Type: application/json; charset=utf-8
host: localhost:62787
accept: */*

Response DefaultHttpResponse(decodeResult: success, version: HTTP/1.1)
HTTP/1.1 200 OK
Content-Type: application/json; charset=utf-8
cache-control: no-cache
content-length: 14

13:14:57.701 [AsyncHttpClient-1-2] DEBUG org.asynchttpclient.netty.channel.ChannelManager - Adding key: http://localhost:62787 for channel [id: 0x3a1298e3, L:/127.0.0.1:50984 - R:localhost/127.0.0.1:62787]
13:14:57.710 [Forwarding findElement on session 21c78a9ef5a43a26be78e0032efb5b9e to remote] DEBUG org.asynchttpclient.netty.request.NettyRequestSender - Using pooled Channel '[id: 0x3a1298e3, L:/127.0.0.1:50984 - R:localhost/127.0.0.1:62787]' for 'POST' to 'http://localhost:62787/session/21c78a9ef5a43a26be78e0032efb5b9e/element'
13:14:57.712 [Forwarding findElement on session 21c78a9ef5a43a26be78e0032efb5b9e to remote] DEBUG org.asynchttpclient.netty.request.NettyRequestSender - Using open Channel [id: 0x3a1298e3, L:/127.0.0.1:50984 - R:localhost/127.0.0.1:62787] for POST '/session/21c78a9ef5a43a26be78e0032efb5b9e/element'
13:14:57.749 [AsyncHttpClient-1-3] DEBUG org.asynchttpclient.netty.handler.HttpHandler - 

Request DefaultHttpRequest(decodeResult: success, version: HTTP/1.1)
POST /session/19499d7e8409e63b58c9a383183f96ff/element/cd2a255e-3bcc-4a50-bbc0-9e9a9b493700/value HTTP/1.1
User-Agent: selenium/4.1.4 (java windows)
Content-Length: 161
Content-Type: application/json; charset=utf-8
host: localhost:60858
accept: */*

Response DefaultHttpResponse(decodeResult: success, version: HTTP/1.1)
HTTP/1.1 200 OK
Content-Type: application/json; charset=utf-8
cache-control: no-cache
content-length: 14

13:14:57.750 [AsyncHttpClient-1-3] DEBUG org.asynchttpclient.netty.channel.ChannelManager - Adding key: http://localhost:60858 for channel [id: 0xdf28a808, L:/127.0.0.1:50982 - R:localhost/127.0.0.1:60858]
13:14:57.750 [AsyncHttpClient-1-4] DEBUG org.asynchttpclient.netty.handler.HttpHandler - 

Request DefaultHttpRequest(decodeResult: success, version: HTTP/1.1)
POST /session/54c5ef212f7634697e04f8645025974f/element HTTP/1.1
User-Agent: selenium/4.1.4 (java windows)
Content-Length: 53
Content-Type: application/json; charset=utf-8
host: localhost:56717
accept: */*

Response DefaultHttpResponse(decodeResult: success, version: HTTP/1.1)
HTTP/1.1 200 OK
Content-Type: application/json; charset=utf-8
cache-control: no-cache
content-length: 88

13:14:57.750 [AsyncHttpClient-1-2] DEBUG org.asynchttpclient.netty.handler.HttpHandler - 

Request DefaultHttpRequest(decodeResult: success, version: HTTP/1.1)
POST /session/21c78a9ef5a43a26be78e0032efb5b9e/element HTTP/1.1
User-Agent: selenium/4.1.4 (java windows)
Content-Length: 53
Content-Type: application/json; charset=utf-8
host: localhost:62787
accept: */*

Response DefaultHttpResponse(decodeResult: success, version: HTTP/1.1)
HTTP/1.1 200 OK
Content-Type: application/json; charset=utf-8
cache-control: no-cache
content-length: 88

13:14:57.751 [AsyncHttpClient-1-4] DEBUG org.asynchttpclient.netty.channel.ChannelManager - Adding key: http://localhost:56717 for channel [id: 0xb035af86, L:/127.0.0.1:50983 - R:localhost/127.0.0.1:56717]
13:14:57.751 [AsyncHttpClient-1-2] DEBUG org.asynchttpclient.netty.channel.ChannelManager - Adding key: http://localhost:62787 for channel [id: 0x3a1298e3, L:/127.0.0.1:50984 - R:localhost/127.0.0.1:62787]
13:14:57.758 [Forwarding findElement on session 19499d7e8409e63b58c9a383183f96ff to remote] DEBUG org.asynchttpclient.netty.request.NettyRequestSender - Using pooled Channel '[id: 0xdf28a808, L:/127.0.0.1:50982 - R:localhost/127.0.0.1:60858]' for 'POST' to 'http://localhost:60858/session/19499d7e8409e63b58c9a383183f96ff/element'
13:14:57.758 [Forwarding findElement on session 19499d7e8409e63b58c9a383183f96ff to remote] DEBUG org.asynchttpclient.netty.request.NettyRequestSender - Using open Channel [id: 0xdf28a808, L:/127.0.0.1:50982 - R:localhost/127.0.0.1:60858] for POST '/session/19499d7e8409e63b58c9a383183f96ff/element'
13:14:57.760 [Forwarding isElementDisplayed on session 21c78a9ef5a43a26be78e0032efb5b9e to remote] DEBUG org.asynchttpclient.netty.request.NettyRequestSender - Using pooled Channel '[id: 0x3a1298e3, L:/127.0.0.1:50984 - R:localhost/127.0.0.1:62787]' for 'POST' to 'http://localhost:62787/session/21c78a9ef5a43a26be78e0032efb5b9e/execute/sync'
13:14:57.761 [Forwarding isElementDisplayed on session 21c78a9ef5a43a26be78e0032efb5b9e to remote] DEBUG org.asynchttpclient.netty.request.NettyRequestSender - Using open Channel [id: 0x3a1298e3, L:/127.0.0.1:50984 - R:localhost/127.0.0.1:62787] for POST '/session/21c78a9ef5a43a26be78e0032efb5b9e/execute/sync'
13:14:57.764 [Forwarding isElementDisplayed on session 54c5ef212f7634697e04f8645025974f to remote] DEBUG org.asynchttpclient.netty.request.NettyRequestSender - Using pooled Channel '[id: 0xb035af86, L:/127.0.0.1:50983 - R:localhost/127.0.0.1:56717]' for 'POST' to 'http://localhost:56717/session/54c5ef212f7634697e04f8645025974f/execute/sync'
13:14:57.764 [Forwarding isElementDisplayed on session 54c5ef212f7634697e04f8645025974f to remote] DEBUG org.asynchttpclient.netty.request.NettyRequestSender - Using open Channel [id: 0xb035af86, L:/127.0.0.1:50983 - R:localhost/127.0.0.1:56717] for POST '/session/54c5ef212f7634697e04f8645025974f/execute/sync'
13:14:57.829 [AsyncHttpClient-1-2] DEBUG org.asynchttpclient.netty.handler.HttpHandler - 

Request DefaultHttpRequest(decodeResult: success, version: HTTP/1.1)
POST /session/21c78a9ef5a43a26be78e0032efb5b9e/execute/sync HTTP/1.1
User-Agent: selenium/4.1.4 (java windows)
Content-Length: 48780
Content-Type: application/json; charset=utf-8
host: localhost:62787
accept: */*

Response DefaultHttpResponse(decodeResult: success, version: HTTP/1.1)
HTTP/1.1 200 OK
Content-Type: application/json; charset=utf-8
cache-control: no-cache
content-length: 14

13:14:57.829 [AsyncHttpClient-1-3] DEBUG org.asynchttpclient.netty.handler.HttpHandler - 

Request DefaultHttpRequest(decodeResult: success, version: HTTP/1.1)
POST /session/19499d7e8409e63b58c9a383183f96ff/element HTTP/1.1
User-Agent: selenium/4.1.4 (java windows)
Content-Length: 53
Content-Type: application/json; charset=utf-8
host: localhost:60858
accept: */*

Response DefaultHttpResponse(decodeResult: success, version: HTTP/1.1)
HTTP/1.1 200 OK
Content-Type: application/json; charset=utf-8
cache-control: no-cache
content-length: 88

13:14:57.830 [AsyncHttpClient-1-3] DEBUG org.asynchttpclient.netty.channel.ChannelManager - Adding key: http://localhost:60858 for channel [id: 0xdf28a808, L:/127.0.0.1:50982 - R:localhost/127.0.0.1:60858]
13:14:57.830 [AsyncHttpClient-1-2] DEBUG org.asynchttpclient.netty.channel.ChannelManager - Adding key: http://localhost:62787 for channel [id: 0x3a1298e3, L:/127.0.0.1:50984 - R:localhost/127.0.0.1:62787]
13:14:57.841 [Forwarding findElement on session 21c78a9ef5a43a26be78e0032efb5b9e to remote] DEBUG org.asynchttpclient.netty.request.NettyRequestSender - Using pooled Channel '[id: 0x3a1298e3, L:/127.0.0.1:50984 - R:localhost/127.0.0.1:62787]' for 'POST' to 'http://localhost:62787/session/21c78a9ef5a43a26be78e0032efb5b9e/element'
13:14:57.841 [Forwarding findElement on session 21c78a9ef5a43a26be78e0032efb5b9e to remote] DEBUG org.asynchttpclient.netty.request.NettyRequestSender - Using open Channel [id: 0x3a1298e3, L:/127.0.0.1:50984 - R:localhost/127.0.0.1:62787] for POST '/session/21c78a9ef5a43a26be78e0032efb5b9e/element'
13:14:57.843 [Forwarding isElementDisplayed on session 19499d7e8409e63b58c9a383183f96ff to remote] DEBUG org.asynchttpclient.netty.request.NettyRequestSender - Using pooled Channel '[id: 0xdf28a808, L:/127.0.0.1:50982 - R:localhost/127.0.0.1:60858]' for 'POST' to 'http://localhost:60858/session/19499d7e8409e63b58c9a383183f96ff/execute/sync'
13:14:57.844 [Forwarding isElementDisplayed on session 19499d7e8409e63b58c9a383183f96ff to remote] DEBUG org.asynchttpclient.netty.request.NettyRequestSender - Using open Channel [id: 0xdf28a808, L:/127.0.0.1:50982 - R:localhost/127.0.0.1:60858] for POST '/session/19499d7e8409e63b58c9a383183f96ff/execute/sync'
13:14:57.852 [AsyncHttpClient-1-4] DEBUG org.asynchttpclient.netty.handler.HttpHandler - 

Request DefaultHttpRequest(decodeResult: success, version: HTTP/1.1)
POST /session/54c5ef212f7634697e04f8645025974f/execute/sync HTTP/1.1
User-Agent: selenium/4.1.4 (java windows)
Content-Length: 48780
Content-Type: application/json; charset=utf-8
host: localhost:56717
accept: */*

Response DefaultHttpResponse(decodeResult: success, version: HTTP/1.1)
HTTP/1.1 200 OK
Content-Type: application/json; charset=utf-8
cache-control: no-cache
content-length: 14

13:14:57.852 [AsyncHttpClient-1-4] DEBUG org.asynchttpclient.netty.channel.ChannelManager - Adding key: http://localhost:56717 for channel [id: 0xb035af86, L:/127.0.0.1:50983 - R:localhost/127.0.0.1:56717]
13:14:57.862 [Forwarding findElement on session 54c5ef212f7634697e04f8645025974f to remote] DEBUG org.asynchttpclient.netty.request.NettyRequestSender - Using pooled Channel '[id: 0xb035af86, L:/127.0.0.1:50983 - R:localhost/127.0.0.1:56717]' for 'POST' to 'http://localhost:56717/session/54c5ef212f7634697e04f8645025974f/element'
13:14:57.862 [Forwarding findElement on session 54c5ef212f7634697e04f8645025974f to remote] DEBUG org.asynchttpclient.netty.request.NettyRequestSender - Using open Channel [id: 0xb035af86, L:/127.0.0.1:50983 - R:localhost/127.0.0.1:56717] for POST '/session/54c5ef212f7634697e04f8645025974f/element'
13:14:57.884 [AsyncHttpClient-1-2] DEBUG org.asynchttpclient.netty.handler.HttpHandler - 

Request DefaultHttpRequest(decodeResult: success, version: HTTP/1.1)
POST /session/21c78a9ef5a43a26be78e0032efb5b9e/element HTTP/1.1
User-Agent: selenium/4.1.4 (java windows)
Content-Length: 53
Content-Type: application/json; charset=utf-8
host: localhost:62787
accept: */*

Response DefaultHttpResponse(decodeResult: success, version: HTTP/1.1)
HTTP/1.1 200 OK
Content-Type: application/json; charset=utf-8
cache-control: no-cache
content-length: 88

13:14:57.885 [AsyncHttpClient-1-2] DEBUG org.asynchttpclient.netty.channel.ChannelManager - Adding key: http://localhost:62787 for channel [id: 0x3a1298e3, L:/127.0.0.1:50984 - R:localhost/127.0.0.1:62787]
13:14:57.891 [Forwarding isElementEnabled on session 21c78a9ef5a43a26be78e0032efb5b9e to remote] DEBUG org.asynchttpclient.netty.request.NettyRequestSender - Using pooled Channel '[id: 0x3a1298e3, L:/127.0.0.1:50984 - R:localhost/127.0.0.1:62787]' for 'GET' to 'http://localhost:62787/session/21c78a9ef5a43a26be78e0032efb5b9e/element/441eb50f-af09-48b8-b481-e454347c20b7/enabled'
13:14:57.891 [Forwarding isElementEnabled on session 21c78a9ef5a43a26be78e0032efb5b9e to remote] DEBUG org.asynchttpclient.netty.request.NettyRequestSender - Using open Channel [id: 0x3a1298e3, L:/127.0.0.1:50984 - R:localhost/127.0.0.1:62787] for GET '/session/21c78a9ef5a43a26be78e0032efb5b9e/element/441eb50f-af09-48b8-b481-e454347c20b7/enabled'
13:14:57.897 [AsyncHttpClient-1-4] DEBUG org.asynchttpclient.netty.handler.HttpHandler - 

Request DefaultHttpRequest(decodeResult: success, version: HTTP/1.1)
POST /session/54c5ef212f7634697e04f8645025974f/element HTTP/1.1
User-Agent: selenium/4.1.4 (java windows)
Content-Length: 53
Content-Type: application/json; charset=utf-8
host: localhost:56717
accept: */*

Response DefaultHttpResponse(decodeResult: success, version: HTTP/1.1)
HTTP/1.1 200 OK
Content-Type: application/json; charset=utf-8
cache-control: no-cache
content-length: 88

13:14:57.897 [AsyncHttpClient-1-4] DEBUG org.asynchttpclient.netty.channel.ChannelManager - Adding key: http://localhost:56717 for channel [id: 0xb035af86, L:/127.0.0.1:50983 - R:localhost/127.0.0.1:56717]
13:14:57.901 [Forwarding isElementEnabled on session 54c5ef212f7634697e04f8645025974f to remote] DEBUG org.asynchttpclient.netty.request.NettyRequestSender - Using pooled Channel '[id: 0xb035af86, L:/127.0.0.1:50983 - R:localhost/127.0.0.1:56717]' for 'GET' to 'http://localhost:56717/session/54c5ef212f7634697e04f8645025974f/element/216ba159-6587-496a-9dee-72192659117f/enabled'
13:14:57.902 [Forwarding isElementEnabled on session 54c5ef212f7634697e04f8645025974f to remote] DEBUG org.asynchttpclient.netty.request.NettyRequestSender - Using open Channel [id: 0xb035af86, L:/127.0.0.1:50983 - R:localhost/127.0.0.1:56717] for GET '/session/54c5ef212f7634697e04f8645025974f/element/216ba159-6587-496a-9dee-72192659117f/enabled'
13:14:57.910 [AsyncHttpClient-1-3] DEBUG org.asynchttpclient.netty.handler.HttpHandler - 

Request DefaultHttpRequest(decodeResult: success, version: HTTP/1.1)
POST /session/19499d7e8409e63b58c9a383183f96ff/execute/sync HTTP/1.1
User-Agent: selenium/4.1.4 (java windows)
Content-Length: 48780
Content-Type: application/json; charset=utf-8
host: localhost:60858
accept: */*

Response DefaultHttpResponse(decodeResult: success, version: HTTP/1.1)
HTTP/1.1 200 OK
Content-Type: application/json; charset=utf-8
cache-control: no-cache
content-length: 14

13:14:57.911 [AsyncHttpClient-1-3] DEBUG org.asynchttpclient.netty.channel.ChannelManager - Adding key: http://localhost:60858 for channel [id: 0xdf28a808, L:/127.0.0.1:50982 - R:localhost/127.0.0.1:60858]
13:14:57.913 [Forwarding findElement on session 19499d7e8409e63b58c9a383183f96ff to remote] DEBUG org.asynchttpclient.netty.request.NettyRequestSender - Using pooled Channel '[id: 0xdf28a808, L:/127.0.0.1:50982 - R:localhost/127.0.0.1:60858]' for 'POST' to 'http://localhost:60858/session/19499d7e8409e63b58c9a383183f96ff/element'
13:14:57.914 [Forwarding findElement on session 19499d7e8409e63b58c9a383183f96ff to remote] DEBUG org.asynchttpclient.netty.request.NettyRequestSender - Using open Channel [id: 0xdf28a808, L:/127.0.0.1:50982 - R:localhost/127.0.0.1:60858] for POST '/session/19499d7e8409e63b58c9a383183f96ff/element'
13:14:57.917 [AsyncHttpClient-1-2] DEBUG org.asynchttpclient.netty.handler.HttpHandler - 

Request DefaultFullHttpRequest(decodeResult: success, version: HTTP/1.1, content: EmptyByteBufBE)
GET /session/21c78a9ef5a43a26be78e0032efb5b9e/element/441eb50f-af09-48b8-b481-e454347c20b7/enabled HTTP/1.1
User-Agent: selenium/4.1.4 (java windows)
Cache-Control: no-cache
Content-Type: application/json; charset=utf-8
host: localhost:62787
accept: */*

Response DefaultHttpResponse(decodeResult: success, version: HTTP/1.1)
HTTP/1.1 200 OK
Content-Type: application/json; charset=utf-8
cache-control: no-cache
content-length: 14

13:14:57.918 [AsyncHttpClient-1-2] DEBUG org.asynchttpclient.netty.channel.ChannelManager - Adding key: http://localhost:62787 for channel [id: 0x3a1298e3, L:/127.0.0.1:50984 - R:localhost/127.0.0.1:62787]
13:14:57.924 [Forwarding findElement on session 21c78a9ef5a43a26be78e0032efb5b9e to remote] DEBUG org.asynchttpclient.netty.request.NettyRequestSender - Using pooled Channel '[id: 0x3a1298e3, L:/127.0.0.1:50984 - R:localhost/127.0.0.1:62787]' for 'POST' to 'http://localhost:62787/session/21c78a9ef5a43a26be78e0032efb5b9e/element'
13:14:57.924 [Forwarding findElement on session 21c78a9ef5a43a26be78e0032efb5b9e to remote] DEBUG org.asynchttpclient.netty.request.NettyRequestSender - Using open Channel [id: 0x3a1298e3, L:/127.0.0.1:50984 - R:localhost/127.0.0.1:62787] for POST '/session/21c78a9ef5a43a26be78e0032efb5b9e/element'
13:14:57.933 [AsyncHttpClient-1-3] DEBUG org.asynchttpclient.netty.handler.HttpHandler - 

Request DefaultHttpRequest(decodeResult: success, version: HTTP/1.1)
POST /session/19499d7e8409e63b58c9a383183f96ff/element HTTP/1.1
User-Agent: selenium/4.1.4 (java windows)
Content-Length: 53
Content-Type: application/json; charset=utf-8
host: localhost:60858
accept: */*

Response DefaultHttpResponse(decodeResult: success, version: HTTP/1.1)
HTTP/1.1 200 OK
Content-Type: application/json; charset=utf-8
cache-control: no-cache
content-length: 88

13:14:57.934 [AsyncHttpClient-1-3] DEBUG org.asynchttpclient.netty.channel.ChannelManager - Adding key: http://localhost:60858 for channel [id: 0xdf28a808, L:/127.0.0.1:50982 - R:localhost/127.0.0.1:60858]
13:14:57.934 [AsyncHttpClient-1-4] DEBUG org.asynchttpclient.netty.handler.HttpHandler - 

Request DefaultFullHttpRequest(decodeResult: success, version: HTTP/1.1, content: EmptyByteBufBE)
GET /session/54c5ef212f7634697e04f8645025974f/element/216ba159-6587-496a-9dee-72192659117f/enabled HTTP/1.1
User-Agent: selenium/4.1.4 (java windows)
Cache-Control: no-cache
Content-Type: application/json; charset=utf-8
host: localhost:56717
accept: */*

Response DefaultHttpResponse(decodeResult: success, version: HTTP/1.1)
HTTP/1.1 200 OK
Content-Type: application/json; charset=utf-8
cache-control: no-cache
content-length: 14

13:14:57.934 [AsyncHttpClient-1-4] DEBUG org.asynchttpclient.netty.channel.ChannelManager - Adding key: http://localhost:56717 for channel [id: 0xb035af86, L:/127.0.0.1:50983 - R:localhost/127.0.0.1:56717]
13:14:57.939 [Forwarding isElementEnabled on session 19499d7e8409e63b58c9a383183f96ff to remote] DEBUG org.asynchttpclient.netty.request.NettyRequestSender - Using pooled Channel '[id: 0xdf28a808, L:/127.0.0.1:50982 - R:localhost/127.0.0.1:60858]' for 'GET' to 'http://localhost:60858/session/19499d7e8409e63b58c9a383183f96ff/element/ee46451b-17a5-4537-93b5-079aebdaec7d/enabled'
13:14:57.939 [Forwarding isElementEnabled on session 19499d7e8409e63b58c9a383183f96ff to remote] DEBUG org.asynchttpclient.netty.request.NettyRequestSender - Using open Channel [id: 0xdf28a808, L:/127.0.0.1:50982 - R:localhost/127.0.0.1:60858] for GET '/session/19499d7e8409e63b58c9a383183f96ff/element/ee46451b-17a5-4537-93b5-079aebdaec7d/enabled'
13:14:57.940 [Forwarding findElement on session 54c5ef212f7634697e04f8645025974f to remote] DEBUG org.asynchttpclient.netty.request.NettyRequestSender - Using pooled Channel '[id: 0xb035af86, L:/127.0.0.1:50983 - R:localhost/127.0.0.1:56717]' for 'POST' to 'http://localhost:56717/session/54c5ef212f7634697e04f8645025974f/element'
13:14:57.941 [Forwarding findElement on session 54c5ef212f7634697e04f8645025974f to remote] DEBUG org.asynchttpclient.netty.request.NettyRequestSender - Using open Channel [id: 0xb035af86, L:/127.0.0.1:50983 - R:localhost/127.0.0.1:56717] for POST '/session/54c5ef212f7634697e04f8645025974f/element'
13:14:57.951 [AsyncHttpClient-1-2] DEBUG org.asynchttpclient.netty.handler.HttpHandler - 

Request DefaultHttpRequest(decodeResult: success, version: HTTP/1.1)
POST /session/21c78a9ef5a43a26be78e0032efb5b9e/element HTTP/1.1
User-Agent: selenium/4.1.4 (java windows)
Content-Length: 53
Content-Type: application/json; charset=utf-8
host: localhost:62787
accept: */*

Response DefaultHttpResponse(decodeResult: success, version: HTTP/1.1)
HTTP/1.1 200 OK
Content-Type: application/json; charset=utf-8
cache-control: no-cache
content-length: 88

13:14:57.951 [AsyncHttpClient-1-2] DEBUG org.asynchttpclient.netty.channel.ChannelManager - Adding key: http://localhost:62787 for channel [id: 0x3a1298e3, L:/127.0.0.1:50984 - R:localhost/127.0.0.1:62787]
13:14:57.960 [Forwarding sendKeysToElement on session 21c78a9ef5a43a26be78e0032efb5b9e to remote] DEBUG org.asynchttpclient.netty.request.NettyRequestSender - Using pooled Channel '[id: 0x3a1298e3, L:/127.0.0.1:50984 - R:localhost/127.0.0.1:62787]' for 'POST' to 'http://localhost:62787/session/21c78a9ef5a43a26be78e0032efb5b9e/element/441eb50f-af09-48b8-b481-e454347c20b7/value'
13:14:57.960 [Forwarding sendKeysToElement on session 21c78a9ef5a43a26be78e0032efb5b9e to remote] DEBUG org.asynchttpclient.netty.request.NettyRequestSender - Using open Channel [id: 0x3a1298e3, L:/127.0.0.1:50984 - R:localhost/127.0.0.1:62787] for POST '/session/21c78a9ef5a43a26be78e0032efb5b9e/element/441eb50f-af09-48b8-b481-e454347c20b7/value'
13:14:57.966 [AsyncHttpClient-1-3] DEBUG org.asynchttpclient.netty.handler.HttpHandler - 

Request DefaultFullHttpRequest(decodeResult: success, version: HTTP/1.1, content: EmptyByteBufBE)
GET /session/19499d7e8409e63b58c9a383183f96ff/element/ee46451b-17a5-4537-93b5-079aebdaec7d/enabled HTTP/1.1
User-Agent: selenium/4.1.4 (java windows)
Cache-Control: no-cache
Content-Type: application/json; charset=utf-8
host: localhost:60858
accept: */*

Response DefaultHttpResponse(decodeResult: success, version: HTTP/1.1)
HTTP/1.1 200 OK
Content-Type: application/json; charset=utf-8
cache-control: no-cache
content-length: 14

13:14:57.966 [AsyncHttpClient-1-3] DEBUG org.asynchttpclient.netty.channel.ChannelManager - Adding key: http://localhost:60858 for channel [id: 0xdf28a808, L:/127.0.0.1:50982 - R:localhost/127.0.0.1:60858]
13:14:57.969 [Forwarding findElement on session 19499d7e8409e63b58c9a383183f96ff to remote] DEBUG org.asynchttpclient.netty.request.NettyRequestSender - Using pooled Channel '[id: 0xdf28a808, L:/127.0.0.1:50982 - R:localhost/127.0.0.1:60858]' for 'POST' to 'http://localhost:60858/session/19499d7e8409e63b58c9a383183f96ff/element'
13:14:57.969 [Forwarding findElement on session 19499d7e8409e63b58c9a383183f96ff to remote] DEBUG org.asynchttpclient.netty.request.NettyRequestSender - Using open Channel [id: 0xdf28a808, L:/127.0.0.1:50982 - R:localhost/127.0.0.1:60858] for POST '/session/19499d7e8409e63b58c9a383183f96ff/element'
13:14:57.979 [AsyncHttpClient-1-4] DEBUG org.asynchttpclient.netty.handler.HttpHandler - 

Request DefaultHttpRequest(decodeResult: success, version: HTTP/1.1)
POST /session/54c5ef212f7634697e04f8645025974f/element HTTP/1.1
User-Agent: selenium/4.1.4 (java windows)
Content-Length: 53
Content-Type: application/json; charset=utf-8
host: localhost:56717
accept: */*

Response DefaultHttpResponse(decodeResult: success, version: HTTP/1.1)
HTTP/1.1 200 OK
Content-Type: application/json; charset=utf-8
cache-control: no-cache
content-length: 88

13:14:57.979 [AsyncHttpClient-1-4] DEBUG org.asynchttpclient.netty.channel.ChannelManager - Adding key: http://localhost:56717 for channel [id: 0xb035af86, L:/127.0.0.1:50983 - R:localhost/127.0.0.1:56717]
13:14:57.982 [Forwarding sendKeysToElement on session 54c5ef212f7634697e04f8645025974f to remote] DEBUG org.asynchttpclient.netty.request.NettyRequestSender - Using pooled Channel '[id: 0xb035af86, L:/127.0.0.1:50983 - R:localhost/127.0.0.1:56717]' for 'POST' to 'http://localhost:56717/session/54c5ef212f7634697e04f8645025974f/element/216ba159-6587-496a-9dee-72192659117f/value'
13:14:57.983 [Forwarding sendKeysToElement on session 54c5ef212f7634697e04f8645025974f to remote] DEBUG org.asynchttpclient.netty.request.NettyRequestSender - Using open Channel [id: 0xb035af86, L:/127.0.0.1:50983 - R:localhost/127.0.0.1:56717] for POST '/session/54c5ef212f7634697e04f8645025974f/element/216ba159-6587-496a-9dee-72192659117f/value'
13:14:57.992 [AsyncHttpClient-1-3] DEBUG org.asynchttpclient.netty.handler.HttpHandler - 

Request DefaultHttpRequest(decodeResult: success, version: HTTP/1.1)
POST /session/19499d7e8409e63b58c9a383183f96ff/element HTTP/1.1
User-Agent: selenium/4.1.4 (java windows)
Content-Length: 53
Content-Type: application/json; charset=utf-8
host: localhost:60858
accept: */*

Response DefaultHttpResponse(decodeResult: success, version: HTTP/1.1)
HTTP/1.1 200 OK
Content-Type: application/json; charset=utf-8
cache-control: no-cache
content-length: 88

13:14:57.993 [AsyncHttpClient-1-3] DEBUG org.asynchttpclient.netty.channel.ChannelManager - Adding key: http://localhost:60858 for channel [id: 0xdf28a808, L:/127.0.0.1:50982 - R:localhost/127.0.0.1:60858]
13:14:57.996 [Forwarding sendKeysToElement on session 19499d7e8409e63b58c9a383183f96ff to remote] DEBUG org.asynchttpclient.netty.request.NettyRequestSender - Using pooled Channel '[id: 0xdf28a808, L:/127.0.0.1:50982 - R:localhost/127.0.0.1:60858]' for 'POST' to 'http://localhost:60858/session/19499d7e8409e63b58c9a383183f96ff/element/ee46451b-17a5-4537-93b5-079aebdaec7d/value'
13:14:57.996 [Forwarding sendKeysToElement on session 19499d7e8409e63b58c9a383183f96ff to remote] DEBUG org.asynchttpclient.netty.request.NettyRequestSender - Using open Channel [id: 0xdf28a808, L:/127.0.0.1:50982 - R:localhost/127.0.0.1:60858] for POST '/session/19499d7e8409e63b58c9a383183f96ff/element/ee46451b-17a5-4537-93b5-079aebdaec7d/value'
13:14:58.163 [AsyncHttpClient-1-4] DEBUG org.asynchttpclient.netty.handler.HttpHandler - 

Request DefaultHttpRequest(decodeResult: success, version: HTTP/1.1)
POST /session/54c5ef212f7634697e04f8645025974f/element/216ba159-6587-496a-9dee-72192659117f/value HTTP/1.1
User-Agent: selenium/4.1.4 (java windows)
Content-Length: 201
Content-Type: application/json; charset=utf-8
host: localhost:56717
accept: */*

Response DefaultHttpResponse(decodeResult: success, version: HTTP/1.1)
HTTP/1.1 200 OK
Content-Type: application/json; charset=utf-8
cache-control: no-cache
content-length: 14

13:14:58.163 [AsyncHttpClient-1-4] DEBUG org.asynchttpclient.netty.channel.ChannelManager - Adding key: http://localhost:56717 for channel [id: 0xb035af86, L:/127.0.0.1:50983 - R:localhost/127.0.0.1:56717]
13:14:58.166 [AsyncHttpClient-1-2] DEBUG org.asynchttpclient.netty.handler.HttpHandler - 

Request DefaultHttpRequest(decodeResult: success, version: HTTP/1.1)
POST /session/21c78a9ef5a43a26be78e0032efb5b9e/element/441eb50f-af09-48b8-b481-e454347c20b7/value HTTP/1.1
User-Agent: selenium/4.1.4 (java windows)
Content-Length: 201
Content-Type: application/json; charset=utf-8
host: localhost:62787
accept: */*

Response DefaultHttpResponse(decodeResult: success, version: HTTP/1.1)
HTTP/1.1 200 OK
Content-Type: application/json; charset=utf-8
cache-control: no-cache
content-length: 14

13:14:58.167 [AsyncHttpClient-1-2] DEBUG org.asynchttpclient.netty.channel.ChannelManager - Adding key: http://localhost:62787 for channel [id: 0x3a1298e3, L:/127.0.0.1:50984 - R:localhost/127.0.0.1:62787]
13:14:58.175 [Forwarding findElement on session 21c78a9ef5a43a26be78e0032efb5b9e to remote] DEBUG org.asynchttpclient.netty.request.NettyRequestSender - Using pooled Channel '[id: 0x3a1298e3, L:/127.0.0.1:50984 - R:localhost/127.0.0.1:62787]' for 'POST' to 'http://localhost:62787/session/21c78a9ef5a43a26be78e0032efb5b9e/element'
13:14:58.176 [Forwarding findElement on session 21c78a9ef5a43a26be78e0032efb5b9e to remote] DEBUG org.asynchttpclient.netty.request.NettyRequestSender - Using open Channel [id: 0x3a1298e3, L:/127.0.0.1:50984 - R:localhost/127.0.0.1:62787] for POST '/session/21c78a9ef5a43a26be78e0032efb5b9e/element'
13:14:58.176 [Forwarding findElement on session 54c5ef212f7634697e04f8645025974f to remote] DEBUG org.asynchttpclient.netty.request.NettyRequestSender - Using pooled Channel '[id: 0xb035af86, L:/127.0.0.1:50983 - R:localhost/127.0.0.1:56717]' for 'POST' to 'http://localhost:56717/session/54c5ef212f7634697e04f8645025974f/element'
13:14:58.177 [Forwarding findElement on session 54c5ef212f7634697e04f8645025974f to remote] DEBUG org.asynchttpclient.netty.request.NettyRequestSender - Using open Channel [id: 0xb035af86, L:/127.0.0.1:50983 - R:localhost/127.0.0.1:56717] for POST '/session/54c5ef212f7634697e04f8645025974f/element'
13:14:58.218 [AsyncHttpClient-1-3] DEBUG org.asynchttpclient.netty.handler.HttpHandler - 

Request DefaultHttpRequest(decodeResult: success, version: HTTP/1.1)
POST /session/19499d7e8409e63b58c9a383183f96ff/element/ee46451b-17a5-4537-93b5-079aebdaec7d/value HTTP/1.1
User-Agent: selenium/4.1.4 (java windows)
Content-Length: 161
Content-Type: application/json; charset=utf-8
host: localhost:60858
accept: */*

Response DefaultHttpResponse(decodeResult: success, version: HTTP/1.1)
HTTP/1.1 200 OK
Content-Type: application/json; charset=utf-8
cache-control: no-cache
content-length: 14

13:14:58.218 [AsyncHttpClient-1-3] DEBUG org.asynchttpclient.netty.channel.ChannelManager - Adding key: http://localhost:60858 for channel [id: 0xdf28a808, L:/127.0.0.1:50982 - R:localhost/127.0.0.1:60858]
13:14:58.226 [Forwarding findElement on session 19499d7e8409e63b58c9a383183f96ff to remote] DEBUG org.asynchttpclient.netty.request.NettyRequestSender - Using pooled Channel '[id: 0xdf28a808, L:/127.0.0.1:50982 - R:localhost/127.0.0.1:60858]' for 'POST' to 'http://localhost:60858/session/19499d7e8409e63b58c9a383183f96ff/element'
13:14:58.227 [Forwarding findElement on session 19499d7e8409e63b58c9a383183f96ff to remote] DEBUG org.asynchttpclient.netty.request.NettyRequestSender - Using open Channel [id: 0xdf28a808, L:/127.0.0.1:50982 - R:localhost/127.0.0.1:60858] for POST '/session/19499d7e8409e63b58c9a383183f96ff/element'
13:14:58.230 [AsyncHttpClient-1-4] DEBUG org.asynchttpclient.netty.handler.HttpHandler - 

Request DefaultHttpRequest(decodeResult: success, version: HTTP/1.1)
POST /session/54c5ef212f7634697e04f8645025974f/element HTTP/1.1
User-Agent: selenium/4.1.4 (java windows)
Content-Length: 59
Content-Type: application/json; charset=utf-8
host: localhost:56717
accept: */*

Response DefaultHttpResponse(decodeResult: success, version: HTTP/1.1)
HTTP/1.1 200 OK
Content-Type: application/json; charset=utf-8
cache-control: no-cache
content-length: 88

13:14:58.230 [AsyncHttpClient-1-4] DEBUG org.asynchttpclient.netty.channel.ChannelManager - Adding key: http://localhost:56717 for channel [id: 0xb035af86, L:/127.0.0.1:50983 - R:localhost/127.0.0.1:56717]
13:14:58.242 [Forwarding isElementDisplayed on session 54c5ef212f7634697e04f8645025974f to remote] DEBUG org.asynchttpclient.netty.request.NettyRequestSender - Using pooled Channel '[id: 0xb035af86, L:/127.0.0.1:50983 - R:localhost/127.0.0.1:56717]' for 'POST' to 'http://localhost:56717/session/54c5ef212f7634697e04f8645025974f/execute/sync'
13:14:58.243 [Forwarding isElementDisplayed on session 54c5ef212f7634697e04f8645025974f to remote] DEBUG org.asynchttpclient.netty.request.NettyRequestSender - Using open Channel [id: 0xb035af86, L:/127.0.0.1:50983 - R:localhost/127.0.0.1:56717] for POST '/session/54c5ef212f7634697e04f8645025974f/execute/sync'
13:14:58.249 [AsyncHttpClient-1-1] DEBUG org.asynchttpclient.netty.channel.DefaultChannelPool - Entry count for : http://localhost:50985 : 1
13:14:58.249 [AsyncHttpClient-1-1] DEBUG org.asynchttpclient.netty.channel.DefaultChannelPool - Entry count for : http://localhost:50986 : 1
13:14:58.250 [AsyncHttpClient-1-1] DEBUG org.asynchttpclient.netty.channel.DefaultChannelPool - Entry count for : http://localhost:50987 : 1
13:14:58.261 [AsyncHttpClient-1-2] DEBUG org.asynchttpclient.netty.handler.HttpHandler - 

Request DefaultHttpRequest(decodeResult: success, version: HTTP/1.1)
POST /session/21c78a9ef5a43a26be78e0032efb5b9e/element HTTP/1.1
User-Agent: selenium/4.1.4 (java windows)
Content-Length: 59
Content-Type: application/json; charset=utf-8
host: localhost:62787
accept: */*

Response DefaultHttpResponse(decodeResult: success, version: HTTP/1.1)
HTTP/1.1 200 OK
Content-Type: application/json; charset=utf-8
cache-control: no-cache
content-length: 88

13:14:58.262 [AsyncHttpClient-1-2] DEBUG org.asynchttpclient.netty.channel.ChannelManager - Adding key: http://localhost:62787 for channel [id: 0x3a1298e3, L:/127.0.0.1:50984 - R:localhost/127.0.0.1:62787]
13:14:58.276 [Forwarding isElementDisplayed on session 21c78a9ef5a43a26be78e0032efb5b9e to remote] DEBUG org.asynchttpclient.netty.request.NettyRequestSender - Using pooled Channel '[id: 0x3a1298e3, L:/127.0.0.1:50984 - R:localhost/127.0.0.1:62787]' for 'POST' to 'http://localhost:62787/session/21c78a9ef5a43a26be78e0032efb5b9e/execute/sync'
13:14:58.276 [Forwarding isElementDisplayed on session 21c78a9ef5a43a26be78e0032efb5b9e to remote] DEBUG org.asynchttpclient.netty.request.NettyRequestSender - Using open Channel [id: 0x3a1298e3, L:/127.0.0.1:50984 - R:localhost/127.0.0.1:62787] for POST '/session/21c78a9ef5a43a26be78e0032efb5b9e/execute/sync'
13:14:58.283 [AsyncHttpClient-1-4] DEBUG org.asynchttpclient.netty.handler.HttpHandler - 

Request DefaultHttpRequest(decodeResult: success, version: HTTP/1.1)
POST /session/54c5ef212f7634697e04f8645025974f/execute/sync HTTP/1.1
User-Agent: selenium/4.1.4 (java windows)
Content-Length: 48780
Content-Type: application/json; charset=utf-8
host: localhost:56717
accept: */*

Response DefaultHttpResponse(decodeResult: success, version: HTTP/1.1)
HTTP/1.1 200 OK
Content-Type: application/json; charset=utf-8
cache-control: no-cache
content-length: 14

13:14:58.283 [AsyncHttpClient-1-4] DEBUG org.asynchttpclient.netty.channel.ChannelManager - Adding key: http://localhost:56717 for channel [id: 0xb035af86, L:/127.0.0.1:50983 - R:localhost/127.0.0.1:56717]
13:14:58.286 [AsyncHttpClient-1-3] DEBUG org.asynchttpclient.netty.handler.HttpHandler - 

Request DefaultHttpRequest(decodeResult: success, version: HTTP/1.1)
POST /session/19499d7e8409e63b58c9a383183f96ff/element HTTP/1.1
User-Agent: selenium/4.1.4 (java windows)
Content-Length: 59
Content-Type: application/json; charset=utf-8
host: localhost:60858
accept: */*

Response DefaultHttpResponse(decodeResult: success, version: HTTP/1.1)
HTTP/1.1 200 OK
Content-Type: application/json; charset=utf-8
cache-control: no-cache
content-length: 88

13:14:58.286 [AsyncHttpClient-1-3] DEBUG org.asynchttpclient.netty.channel.ChannelManager - Adding key: http://localhost:60858 for channel [id: 0xdf28a808, L:/127.0.0.1:50982 - R:localhost/127.0.0.1:60858]
13:14:58.286 [Forwarding findElement on session 54c5ef212f7634697e04f8645025974f to remote] DEBUG org.asynchttpclient.netty.request.NettyRequestSender - Using pooled Channel '[id: 0xb035af86, L:/127.0.0.1:50983 - R:localhost/127.0.0.1:56717]' for 'POST' to 'http://localhost:56717/session/54c5ef212f7634697e04f8645025974f/element'
13:14:58.286 [Forwarding findElement on session 54c5ef212f7634697e04f8645025974f to remote] DEBUG org.asynchttpclient.netty.request.NettyRequestSender - Using open Channel [id: 0xb035af86, L:/127.0.0.1:50983 - R:localhost/127.0.0.1:56717] for POST '/session/54c5ef212f7634697e04f8645025974f/element'
13:14:58.310 [Forwarding isElementDisplayed on session 19499d7e8409e63b58c9a383183f96ff to remote] DEBUG org.asynchttpclient.netty.request.NettyRequestSender - Using pooled Channel '[id: 0xdf28a808, L:/127.0.0.1:50982 - R:localhost/127.0.0.1:60858]' for 'POST' to 'http://localhost:60858/session/19499d7e8409e63b58c9a383183f96ff/execute/sync'
13:14:58.311 [Forwarding isElementDisplayed on session 19499d7e8409e63b58c9a383183f96ff to remote] DEBUG org.asynchttpclient.netty.request.NettyRequestSender - Using open Channel [id: 0xdf28a808, L:/127.0.0.1:50982 - R:localhost/127.0.0.1:60858] for POST '/session/19499d7e8409e63b58c9a383183f96ff/execute/sync'
13:14:58.318 [AsyncHttpClient-1-2] DEBUG org.asynchttpclient.netty.handler.HttpHandler - 

Request DefaultHttpRequest(decodeResult: success, version: HTTP/1.1)
POST /session/21c78a9ef5a43a26be78e0032efb5b9e/execute/sync HTTP/1.1
User-Agent: selenium/4.1.4 (java windows)
Content-Length: 48780
Content-Type: application/json; charset=utf-8
host: localhost:62787
accept: */*

Response DefaultHttpResponse(decodeResult: success, version: HTTP/1.1)
HTTP/1.1 200 OK
Content-Type: application/json; charset=utf-8
cache-control: no-cache
content-length: 14

13:14:58.319 [AsyncHttpClient-1-2] DEBUG org.asynchttpclient.netty.channel.ChannelManager - Adding key: http://localhost:62787 for channel [id: 0x3a1298e3, L:/127.0.0.1:50984 - R:localhost/127.0.0.1:62787]
13:14:58.327 [Forwarding findElement on session 21c78a9ef5a43a26be78e0032efb5b9e to remote] DEBUG org.asynchttpclient.netty.request.NettyRequestSender - Using pooled Channel '[id: 0x3a1298e3, L:/127.0.0.1:50984 - R:localhost/127.0.0.1:62787]' for 'POST' to 'http://localhost:62787/session/21c78a9ef5a43a26be78e0032efb5b9e/element'
13:14:58.327 [Forwarding findElement on session 21c78a9ef5a43a26be78e0032efb5b9e to remote] DEBUG org.asynchttpclient.netty.request.NettyRequestSender - Using open Channel [id: 0x3a1298e3, L:/127.0.0.1:50984 - R:localhost/127.0.0.1:62787] for POST '/session/21c78a9ef5a43a26be78e0032efb5b9e/element'
13:14:58.335 [AsyncHttpClient-1-4] DEBUG org.asynchttpclient.netty.handler.HttpHandler - 

Request DefaultHttpRequest(decodeResult: success, version: HTTP/1.1)
POST /session/54c5ef212f7634697e04f8645025974f/element HTTP/1.1
User-Agent: selenium/4.1.4 (java windows)
Content-Length: 59
Content-Type: application/json; charset=utf-8
host: localhost:56717
accept: */*

Response DefaultHttpResponse(decodeResult: success, version: HTTP/1.1)
HTTP/1.1 200 OK
Content-Type: application/json; charset=utf-8
cache-control: no-cache
content-length: 88

13:14:58.335 [AsyncHttpClient-1-4] DEBUG org.asynchttpclient.netty.channel.ChannelManager - Adding key: http://localhost:56717 for channel [id: 0xb035af86, L:/127.0.0.1:50983 - R:localhost/127.0.0.1:56717]
13:14:58.344 [Forwarding isElementEnabled on session 54c5ef212f7634697e04f8645025974f to remote] DEBUG org.asynchttpclient.netty.request.NettyRequestSender - Using pooled Channel '[id: 0xb035af86, L:/127.0.0.1:50983 - R:localhost/127.0.0.1:56717]' for 'GET' to 'http://localhost:56717/session/54c5ef212f7634697e04f8645025974f/element/3542b986-6dea-4945-8111-2e87ca223efb/enabled'
13:14:58.344 [Forwarding isElementEnabled on session 54c5ef212f7634697e04f8645025974f to remote] DEBUG org.asynchttpclient.netty.request.NettyRequestSender - Using open Channel [id: 0xb035af86, L:/127.0.0.1:50983 - R:localhost/127.0.0.1:56717] for GET '/session/54c5ef212f7634697e04f8645025974f/element/3542b986-6dea-4945-8111-2e87ca223efb/enabled'
13:14:58.348 [AsyncHttpClient-1-3] DEBUG org.asynchttpclient.netty.handler.HttpHandler - 

Request DefaultHttpRequest(decodeResult: success, version: HTTP/1.1)
POST /session/19499d7e8409e63b58c9a383183f96ff/execute/sync HTTP/1.1
User-Agent: selenium/4.1.4 (java windows)
Content-Length: 48780
Content-Type: application/json; charset=utf-8
host: localhost:60858
accept: */*

Response DefaultHttpResponse(decodeResult: success, version: HTTP/1.1)
HTTP/1.1 200 OK
Content-Type: application/json; charset=utf-8
cache-control: no-cache
content-length: 14

13:14:58.348 [AsyncHttpClient-1-3] DEBUG org.asynchttpclient.netty.channel.ChannelManager - Adding key: http://localhost:60858 for channel [id: 0xdf28a808, L:/127.0.0.1:50982 - R:localhost/127.0.0.1:60858]
13:14:58.350 [Forwarding findElement on session 19499d7e8409e63b58c9a383183f96ff to remote] DEBUG org.asynchttpclient.netty.request.NettyRequestSender - Using pooled Channel '[id: 0xdf28a808, L:/127.0.0.1:50982 - R:localhost/127.0.0.1:60858]' for 'POST' to 'http://localhost:60858/session/19499d7e8409e63b58c9a383183f96ff/element'
13:14:58.351 [Forwarding findElement on session 19499d7e8409e63b58c9a383183f96ff to remote] DEBUG org.asynchttpclient.netty.request.NettyRequestSender - Using open Channel [id: 0xdf28a808, L:/127.0.0.1:50982 - R:localhost/127.0.0.1:60858] for POST '/session/19499d7e8409e63b58c9a383183f96ff/element'
13:14:58.355 [AsyncHttpClient-1-2] DEBUG org.asynchttpclient.netty.handler.HttpHandler - 

Request DefaultHttpRequest(decodeResult: success, version: HTTP/1.1)
POST /session/21c78a9ef5a43a26be78e0032efb5b9e/element HTTP/1.1
User-Agent: selenium/4.1.4 (java windows)
Content-Length: 59
Content-Type: application/json; charset=utf-8
host: localhost:62787
accept: */*

Response DefaultHttpResponse(decodeResult: success, version: HTTP/1.1)
HTTP/1.1 200 OK
Content-Type: application/json; charset=utf-8
cache-control: no-cache
content-length: 88

13:14:58.356 [AsyncHttpClient-1-2] DEBUG org.asynchttpclient.netty.channel.ChannelManager - Adding key: http://localhost:62787 for channel [id: 0x3a1298e3, L:/127.0.0.1:50984 - R:localhost/127.0.0.1:62787]
13:14:58.362 [Forwarding isElementEnabled on session 21c78a9ef5a43a26be78e0032efb5b9e to remote] DEBUG org.asynchttpclient.netty.request.NettyRequestSender - Using pooled Channel '[id: 0x3a1298e3, L:/127.0.0.1:50984 - R:localhost/127.0.0.1:62787]' for 'GET' to 'http://localhost:62787/session/21c78a9ef5a43a26be78e0032efb5b9e/element/aab628a6-1f7a-4d77-bddc-98250f861e75/enabled'
13:14:58.363 [Forwarding isElementEnabled on session 21c78a9ef5a43a26be78e0032efb5b9e to remote] DEBUG org.asynchttpclient.netty.request.NettyRequestSender - Using open Channel [id: 0x3a1298e3, L:/127.0.0.1:50984 - R:localhost/127.0.0.1:62787] for GET '/session/21c78a9ef5a43a26be78e0032efb5b9e/element/aab628a6-1f7a-4d77-bddc-98250f861e75/enabled'
13:14:58.367 [AsyncHttpClient-1-3] DEBUG org.asynchttpclient.netty.handler.HttpHandler - 

Request DefaultHttpRequest(decodeResult: success, version: HTTP/1.1)
POST /session/19499d7e8409e63b58c9a383183f96ff/element HTTP/1.1
User-Agent: selenium/4.1.4 (java windows)
Content-Length: 59
Content-Type: application/json; charset=utf-8
host: localhost:60858
accept: */*

Response DefaultHttpResponse(decodeResult: success, version: HTTP/1.1)
HTTP/1.1 200 OK
Content-Type: application/json; charset=utf-8
cache-control: no-cache
content-length: 88

13:14:58.367 [AsyncHttpClient-1-3] DEBUG org.asynchttpclient.netty.channel.ChannelManager - Adding key: http://localhost:60858 for channel [id: 0xdf28a808, L:/127.0.0.1:50982 - R:localhost/127.0.0.1:60858]
13:14:58.376 [Forwarding isElementEnabled on session 19499d7e8409e63b58c9a383183f96ff to remote] DEBUG org.asynchttpclient.netty.request.NettyRequestSender - Using pooled Channel '[id: 0xdf28a808, L:/127.0.0.1:50982 - R:localhost/127.0.0.1:60858]' for 'GET' to 'http://localhost:60858/session/19499d7e8409e63b58c9a383183f96ff/element/28009834-c77e-4546-86f4-65b138a5b10e/enabled'
13:14:58.376 [Forwarding isElementEnabled on session 19499d7e8409e63b58c9a383183f96ff to remote] DEBUG org.asynchttpclient.netty.request.NettyRequestSender - Using open Channel [id: 0xdf28a808, L:/127.0.0.1:50982 - R:localhost/127.0.0.1:60858] for GET '/session/19499d7e8409e63b58c9a383183f96ff/element/28009834-c77e-4546-86f4-65b138a5b10e/enabled'
13:14:58.383 [AsyncHttpClient-1-4] DEBUG org.asynchttpclient.netty.handler.HttpHandler - 

Request DefaultFullHttpRequest(decodeResult: success, version: HTTP/1.1, content: EmptyByteBufBE)
GET /session/54c5ef212f7634697e04f8645025974f/element/3542b986-6dea-4945-8111-2e87ca223efb/enabled HTTP/1.1
User-Agent: selenium/4.1.4 (java windows)
Cache-Control: no-cache
Content-Type: application/json; charset=utf-8
host: localhost:56717
accept: */*

Response DefaultHttpResponse(decodeResult: success, version: HTTP/1.1)
HTTP/1.1 200 OK
Content-Type: application/json; charset=utf-8
cache-control: no-cache
content-length: 14

13:14:58.383 [AsyncHttpClient-1-4] DEBUG org.asynchttpclient.netty.channel.ChannelManager - Adding key: http://localhost:56717 for channel [id: 0xb035af86, L:/127.0.0.1:50983 - R:localhost/127.0.0.1:56717]
13:14:58.385 [Forwarding findElement on session 54c5ef212f7634697e04f8645025974f to remote] DEBUG org.asynchttpclient.netty.request.NettyRequestSender - Using pooled Channel '[id: 0xb035af86, L:/127.0.0.1:50983 - R:localhost/127.0.0.1:56717]' for 'POST' to 'http://localhost:56717/session/54c5ef212f7634697e04f8645025974f/element'
13:14:58.385 [Forwarding findElement on session 54c5ef212f7634697e04f8645025974f to remote] DEBUG org.asynchttpclient.netty.request.NettyRequestSender - Using open Channel [id: 0xb035af86, L:/127.0.0.1:50983 - R:localhost/127.0.0.1:56717] for POST '/session/54c5ef212f7634697e04f8645025974f/element'
13:14:58.391 [AsyncHttpClient-1-3] DEBUG org.asynchttpclient.netty.handler.HttpHandler - 

Request DefaultFullHttpRequest(decodeResult: success, version: HTTP/1.1, content: EmptyByteBufBE)
GET /session/19499d7e8409e63b58c9a383183f96ff/element/28009834-c77e-4546-86f4-65b138a5b10e/enabled HTTP/1.1
User-Agent: selenium/4.1.4 (java windows)
Cache-Control: no-cache
Content-Type: application/json; charset=utf-8
host: localhost:60858
accept: */*

Response DefaultHttpResponse(decodeResult: success, version: HTTP/1.1)
HTTP/1.1 200 OK
Content-Type: application/json; charset=utf-8
cache-control: no-cache
content-length: 14

13:14:58.391 [AsyncHttpClient-1-3] DEBUG org.asynchttpclient.netty.channel.ChannelManager - Adding key: http://localhost:60858 for channel [id: 0xdf28a808, L:/127.0.0.1:50982 - R:localhost/127.0.0.1:60858]
13:14:58.392 [AsyncHttpClient-1-2] DEBUG org.asynchttpclient.netty.handler.HttpHandler - 

Request DefaultFullHttpRequest(decodeResult: success, version: HTTP/1.1, content: EmptyByteBufBE)
GET /session/21c78a9ef5a43a26be78e0032efb5b9e/element/aab628a6-1f7a-4d77-bddc-98250f861e75/enabled HTTP/1.1
User-Agent: selenium/4.1.4 (java windows)
Cache-Control: no-cache
Content-Type: application/json; charset=utf-8
host: localhost:62787
accept: */*

Response DefaultHttpResponse(decodeResult: success, version: HTTP/1.1)
HTTP/1.1 200 OK
Content-Type: application/json; charset=utf-8
cache-control: no-cache
content-length: 14

13:14:58.393 [AsyncHttpClient-1-2] DEBUG org.asynchttpclient.netty.channel.ChannelManager - Adding key: http://localhost:62787 for channel [id: 0x3a1298e3, L:/127.0.0.1:50984 - R:localhost/127.0.0.1:62787]
13:14:58.394 [Forwarding findElement on session 19499d7e8409e63b58c9a383183f96ff to remote] DEBUG org.asynchttpclient.netty.request.NettyRequestSender - Using pooled Channel '[id: 0xdf28a808, L:/127.0.0.1:50982 - R:localhost/127.0.0.1:60858]' for 'POST' to 'http://localhost:60858/session/19499d7e8409e63b58c9a383183f96ff/element'
13:14:58.394 [Forwarding findElement on session 19499d7e8409e63b58c9a383183f96ff to remote] DEBUG org.asynchttpclient.netty.request.NettyRequestSender - Using open Channel [id: 0xdf28a808, L:/127.0.0.1:50982 - R:localhost/127.0.0.1:60858] for POST '/session/19499d7e8409e63b58c9a383183f96ff/element'
13:14:58.396 [Forwarding findElement on session 21c78a9ef5a43a26be78e0032efb5b9e to remote] DEBUG org.asynchttpclient.netty.request.NettyRequestSender - Using pooled Channel '[id: 0x3a1298e3, L:/127.0.0.1:50984 - R:localhost/127.0.0.1:62787]' for 'POST' to 'http://localhost:62787/session/21c78a9ef5a43a26be78e0032efb5b9e/element'
13:14:58.396 [Forwarding findElement on session 21c78a9ef5a43a26be78e0032efb5b9e to remote] DEBUG org.asynchttpclient.netty.request.NettyRequestSender - Using open Channel [id: 0x3a1298e3, L:/127.0.0.1:50984 - R:localhost/127.0.0.1:62787] for POST '/session/21c78a9ef5a43a26be78e0032efb5b9e/element'
13:14:58.409 [AsyncHttpClient-1-3] DEBUG org.asynchttpclient.netty.handler.HttpHandler - 

Request DefaultHttpRequest(decodeResult: success, version: HTTP/1.1)
POST /session/19499d7e8409e63b58c9a383183f96ff/element HTTP/1.1
User-Agent: selenium/4.1.4 (java windows)
Content-Length: 59
Content-Type: application/json; charset=utf-8
host: localhost:60858
accept: */*

Response DefaultHttpResponse(decodeResult: success, version: HTTP/1.1)
HTTP/1.1 200 OK
Content-Type: application/json; charset=utf-8
cache-control: no-cache
content-length: 88

13:14:58.409 [AsyncHttpClient-1-3] DEBUG org.asynchttpclient.netty.channel.ChannelManager - Adding key: http://localhost:60858 for channel [id: 0xdf28a808, L:/127.0.0.1:50982 - R:localhost/127.0.0.1:60858]
13:14:58.411 [AsyncHttpClient-1-4] DEBUG org.asynchttpclient.netty.handler.HttpHandler - 

Request DefaultHttpRequest(decodeResult: success, version: HTTP/1.1)
POST /session/54c5ef212f7634697e04f8645025974f/element HTTP/1.1
User-Agent: selenium/4.1.4 (java windows)
Content-Length: 59
Content-Type: application/json; charset=utf-8
host: localhost:56717
accept: */*

Response DefaultHttpResponse(decodeResult: success, version: HTTP/1.1)
HTTP/1.1 200 OK
Content-Type: application/json; charset=utf-8
cache-control: no-cache
content-length: 88

13:14:58.411 [AsyncHttpClient-1-4] DEBUG org.asynchttpclient.netty.channel.ChannelManager - Adding key: http://localhost:56717 for channel [id: 0xb035af86, L:/127.0.0.1:50983 - R:localhost/127.0.0.1:56717]
13:14:58.412 [Forwarding clickElement on session 19499d7e8409e63b58c9a383183f96ff to remote] DEBUG org.asynchttpclient.netty.request.NettyRequestSender - Using pooled Channel '[id: 0xdf28a808, L:/127.0.0.1:50982 - R:localhost/127.0.0.1:60858]' for 'POST' to 'http://localhost:60858/session/19499d7e8409e63b58c9a383183f96ff/element/28009834-c77e-4546-86f4-65b138a5b10e/click'
13:14:58.412 [Forwarding clickElement on session 19499d7e8409e63b58c9a383183f96ff to remote] DEBUG org.asynchttpclient.netty.request.NettyRequestSender - Using open Channel [id: 0xdf28a808, L:/127.0.0.1:50982 - R:localhost/127.0.0.1:60858] for POST '/session/19499d7e8409e63b58c9a383183f96ff/element/28009834-c77e-4546-86f4-65b138a5b10e/click'
13:14:58.414 [Forwarding clickElement on session 54c5ef212f7634697e04f8645025974f to remote] DEBUG org.asynchttpclient.netty.request.NettyRequestSender - Using pooled Channel '[id: 0xb035af86, L:/127.0.0.1:50983 - R:localhost/127.0.0.1:56717]' for 'POST' to 'http://localhost:56717/session/54c5ef212f7634697e04f8645025974f/element/3542b986-6dea-4945-8111-2e87ca223efb/click'
13:14:58.414 [Forwarding clickElement on session 54c5ef212f7634697e04f8645025974f to remote] DEBUG org.asynchttpclient.netty.request.NettyRequestSender - Using open Channel [id: 0xb035af86, L:/127.0.0.1:50983 - R:localhost/127.0.0.1:56717] for POST '/session/54c5ef212f7634697e04f8645025974f/element/3542b986-6dea-4945-8111-2e87ca223efb/click'
13:14:58.419 [AsyncHttpClient-1-2] DEBUG org.asynchttpclient.netty.handler.HttpHandler - 

Request DefaultHttpRequest(decodeResult: success, version: HTTP/1.1)
POST /session/21c78a9ef5a43a26be78e0032efb5b9e/element HTTP/1.1
User-Agent: selenium/4.1.4 (java windows)
Content-Length: 59
Content-Type: application/json; charset=utf-8
host: localhost:62787
accept: */*

Response DefaultHttpResponse(decodeResult: success, version: HTTP/1.1)
HTTP/1.1 200 OK
Content-Type: application/json; charset=utf-8
cache-control: no-cache
content-length: 88

13:14:58.419 [AsyncHttpClient-1-2] DEBUG org.asynchttpclient.netty.channel.ChannelManager - Adding key: http://localhost:62787 for channel [id: 0x3a1298e3, L:/127.0.0.1:50984 - R:localhost/127.0.0.1:62787]
13:14:58.425 [Forwarding clickElement on session 21c78a9ef5a43a26be78e0032efb5b9e to remote] DEBUG org.asynchttpclient.netty.request.NettyRequestSender - Using pooled Channel '[id: 0x3a1298e3, L:/127.0.0.1:50984 - R:localhost/127.0.0.1:62787]' for 'POST' to 'http://localhost:62787/session/21c78a9ef5a43a26be78e0032efb5b9e/element/aab628a6-1f7a-4d77-bddc-98250f861e75/click'
13:14:58.425 [Forwarding clickElement on session 21c78a9ef5a43a26be78e0032efb5b9e to remote] DEBUG org.asynchttpclient.netty.request.NettyRequestSender - Using open Channel [id: 0x3a1298e3, L:/127.0.0.1:50984 - R:localhost/127.0.0.1:62787] for POST '/session/21c78a9ef5a43a26be78e0032efb5b9e/element/aab628a6-1f7a-4d77-bddc-98250f861e75/click'
13:14:58.487 [AsyncHttpClient-1-3] DEBUG org.asynchttpclient.netty.handler.HttpHandler - 

Request DefaultHttpRequest(decodeResult: success, version: HTTP/1.1)
POST /session/19499d7e8409e63b58c9a383183f96ff/element/28009834-c77e-4546-86f4-65b138a5b10e/click HTTP/1.1
User-Agent: selenium/4.1.4 (java windows)
Content-Length: 50
Content-Type: application/json; charset=utf-8
host: localhost:60858
accept: */*

Response DefaultHttpResponse(decodeResult: success, version: HTTP/1.1)
HTTP/1.1 200 OK
Content-Type: application/json; charset=utf-8
cache-control: no-cache
content-length: 14

13:14:58.488 [AsyncHttpClient-1-3] DEBUG org.asynchttpclient.netty.channel.ChannelManager - Adding key: http://localhost:60858 for channel [id: 0xdf28a808, L:/127.0.0.1:50982 - R:localhost/127.0.0.1:60858]
13:14:58.508 [AsyncHttpClient-1-9] DEBUG org.asynchttpclient.netty.handler.WebSocketHandler - Channel Closed: [id: 0x39d4eec5, L:/127.0.0.1:51008 ! R:localhost/127.0.0.1:50985] with attribute NettyResponseFuture{currentRetry=5,
	isDone=1,
	isCancelled=0,
	asyncHandler=org.asynchttpclient.ws.WebSocketUpgradeHandler@6426dc7,
	nettyRequest=org.asynchttpclient.netty.request.NettyRequest@44969a92,
	future=java.util.concurrent.CompletableFuture@347cfb3[Completed normally],
	uri=ws://localhost:50985/devtools/browser/4a258c1d-c743-43b9-8a6f-beeef20dc365,
	keepAlive=true,
	redirectCount=0,
	timeoutsHolder=null,
	inAuth=0,
	touch=1663089294310}
13:14:58.510 [AsyncHttpClient-1-9] DEBUG org.asynchttpclient.netty.channel.ChannelManager - Closing Channel [id: 0x39d4eec5, L:/127.0.0.1:51008 ! R:localhost/127.0.0.1:50985] 
13:14:58.516 [Driver Command Executor] DEBUG org.asynchttpclient.netty.request.NettyRequestSender - Using pooled Channel '[id: 0xdf28a808, L:/127.0.0.1:50982 - R:localhost/127.0.0.1:60858]' for 'DELETE' to 'http://localhost:60858/session/19499d7e8409e63b58c9a383183f96ff'
13:14:58.516 [Driver Command Executor] DEBUG org.asynchttpclient.netty.request.NettyRequestSender - Using open Channel [id: 0xdf28a808, L:/127.0.0.1:50982 - R:localhost/127.0.0.1:60858] for DELETE '/session/19499d7e8409e63b58c9a383183f96ff'
13:14:58.549 [AsyncHttpClient-1-2] DEBUG org.asynchttpclient.netty.handler.HttpHandler - 

Request DefaultHttpRequest(decodeResult: success, version: HTTP/1.1)
POST /session/21c78a9ef5a43a26be78e0032efb5b9e/element/aab628a6-1f7a-4d77-bddc-98250f861e75/click HTTP/1.1
User-Agent: selenium/4.1.4 (java windows)
Content-Length: 50
Content-Type: application/json; charset=utf-8
host: localhost:62787
accept: */*

Response DefaultHttpResponse(decodeResult: success, version: HTTP/1.1)
HTTP/1.1 200 OK
Content-Type: application/json; charset=utf-8
cache-control: no-cache
content-length: 14

13:14:58.553 [AsyncHttpClient-1-2] DEBUG org.asynchttpclient.netty.channel.ChannelManager - Adding key: http://localhost:62787 for channel [id: 0x3a1298e3, L:/127.0.0.1:50984 - R:localhost/127.0.0.1:62787]
13:14:58.591 [Forwarding getAlertText on session 21c78a9ef5a43a26be78e0032efb5b9e to remote] DEBUG org.asynchttpclient.netty.request.NettyRequestSender - Using pooled Channel '[id: 0x3a1298e3, L:/127.0.0.1:50984 - R:localhost/127.0.0.1:62787]' for 'GET' to 'http://localhost:62787/session/21c78a9ef5a43a26be78e0032efb5b9e/alert/text'
13:14:58.592 [Forwarding getAlertText on session 21c78a9ef5a43a26be78e0032efb5b9e to remote] DEBUG org.asynchttpclient.netty.request.NettyRequestSender - Using open Channel [id: 0x3a1298e3, L:/127.0.0.1:50984 - R:localhost/127.0.0.1:62787] for GET '/session/21c78a9ef5a43a26be78e0032efb5b9e/alert/text'
13:14:58.666 [AsyncHttpClient-1-2] DEBUG org.asynchttpclient.netty.handler.HttpHandler - 

Request DefaultFullHttpRequest(decodeResult: success, version: HTTP/1.1, content: EmptyByteBufBE)
GET /session/21c78a9ef5a43a26be78e0032efb5b9e/alert/text HTTP/1.1
User-Agent: selenium/4.1.4 (java windows)
Cache-Control: no-cache
Content-Type: application/json; charset=utf-8
host: localhost:62787
accept: */*

Response DefaultHttpResponse(decodeResult: success, version: HTTP/1.1)
HTTP/1.1 200 OK
Content-Type: application/json; charset=utf-8
cache-control: no-cache
content-length: 32

13:14:58.666 [AsyncHttpClient-1-2] DEBUG org.asynchttpclient.netty.channel.ChannelManager - Adding key: http://localhost:62787 for channel [id: 0x3a1298e3, L:/127.0.0.1:50984 - R:localhost/127.0.0.1:62787]
13:14:58.669 [Forwarding getAlertText on session 21c78a9ef5a43a26be78e0032efb5b9e to remote] DEBUG org.asynchttpclient.netty.request.NettyRequestSender - Using pooled Channel '[id: 0x3a1298e3, L:/127.0.0.1:50984 - R:localhost/127.0.0.1:62787]' for 'GET' to 'http://localhost:62787/session/21c78a9ef5a43a26be78e0032efb5b9e/alert/text'
13:14:58.669 [Forwarding getAlertText on session 21c78a9ef5a43a26be78e0032efb5b9e to remote] DEBUG org.asynchttpclient.netty.request.NettyRequestSender - Using open Channel [id: 0x3a1298e3, L:/127.0.0.1:50984 - R:localhost/127.0.0.1:62787] for GET '/session/21c78a9ef5a43a26be78e0032efb5b9e/alert/text'
13:14:58.687 [AsyncHttpClient-1-4] DEBUG org.asynchttpclient.netty.handler.HttpHandler - 

Request DefaultHttpRequest(decodeResult: success, version: HTTP/1.1)
POST /session/54c5ef212f7634697e04f8645025974f/element/3542b986-6dea-4945-8111-2e87ca223efb/click HTTP/1.1
User-Agent: selenium/4.1.4 (java windows)
Content-Length: 50
Content-Type: application/json; charset=utf-8
host: localhost:56717
accept: */*

Response DefaultHttpResponse(decodeResult: success, version: HTTP/1.1)
HTTP/1.1 200 OK
Content-Type: application/json; charset=utf-8
cache-control: no-cache
content-length: 14

13:14:58.687 [AsyncHttpClient-1-4] DEBUG org.asynchttpclient.netty.channel.ChannelManager - Adding key: http://localhost:56717 for channel [id: 0xb035af86, L:/127.0.0.1:50983 - R:localhost/127.0.0.1:56717]
13:14:58.699 [AsyncHttpClient-1-2] DEBUG org.asynchttpclient.netty.handler.HttpHandler - 

Request DefaultFullHttpRequest(decodeResult: success, version: HTTP/1.1, content: EmptyByteBufBE)
GET /session/21c78a9ef5a43a26be78e0032efb5b9e/alert/text HTTP/1.1
User-Agent: selenium/4.1.4 (java windows)
Cache-Control: no-cache
Content-Type: application/json; charset=utf-8
host: localhost:62787
accept: */*

Response DefaultHttpResponse(decodeResult: success, version: HTTP/1.1)
HTTP/1.1 200 OK
Content-Type: application/json; charset=utf-8
cache-control: no-cache
content-length: 32

13:14:58.699 [AsyncHttpClient-1-2] DEBUG org.asynchttpclient.netty.channel.ChannelManager - Adding key: http://localhost:62787 for channel [id: 0x3a1298e3, L:/127.0.0.1:50984 - R:localhost/127.0.0.1:62787]
13:14:58.701 [Forwarding getAlertText on session 21c78a9ef5a43a26be78e0032efb5b9e to remote] DEBUG org.asynchttpclient.netty.request.NettyRequestSender - Using pooled Channel '[id: 0x3a1298e3, L:/127.0.0.1:50984 - R:localhost/127.0.0.1:62787]' for 'GET' to 'http://localhost:62787/session/21c78a9ef5a43a26be78e0032efb5b9e/alert/text'
13:14:58.702 [Forwarding getAlertText on session 21c78a9ef5a43a26be78e0032efb5b9e to remote] DEBUG org.asynchttpclient.netty.request.NettyRequestSender - Using open Channel [id: 0x3a1298e3, L:/127.0.0.1:50984 - R:localhost/127.0.0.1:62787] for GET '/session/21c78a9ef5a43a26be78e0032efb5b9e/alert/text'
13:14:58.732 [AsyncHttpClient-1-8] DEBUG org.asynchttpclient.netty.handler.WebSocketHandler - Channel Closed: [id: 0xcb074a9f, L:/127.0.0.1:51009 ! R:localhost/127.0.0.1:50987] with attribute NettyResponseFuture{currentRetry=5,
	isDone=1,
	isCancelled=0,
	asyncHandler=org.asynchttpclient.ws.WebSocketUpgradeHandler@6e079c8e,
	nettyRequest=org.asynchttpclient.netty.request.NettyRequest@2b050f2a,
	future=java.util.concurrent.CompletableFuture@30de5db3[Completed normally],
	uri=ws://localhost:50987/devtools/browser/c105a97b-af50-4acd-9416-77b330b002b6,
	keepAlive=true,
	redirectCount=0,
	timeoutsHolder=null,
	inAuth=0,
	touch=1663089294313}
13:14:58.732 [AsyncHttpClient-1-8] DEBUG org.asynchttpclient.netty.channel.ChannelManager - Closing Channel [id: 0xcb074a9f, L:/127.0.0.1:51009 ! R:localhost/127.0.0.1:50987] 
13:14:58.733 [AsyncHttpClient-1-2] DEBUG org.asynchttpclient.netty.handler.HttpHandler - 

Request DefaultFullHttpRequest(decodeResult: success, version: HTTP/1.1, content: EmptyByteBufBE)
GET /session/21c78a9ef5a43a26be78e0032efb5b9e/alert/text HTTP/1.1
User-Agent: selenium/4.1.4 (java windows)
Cache-Control: no-cache
Content-Type: application/json; charset=utf-8
host: localhost:62787
accept: */*

Response DefaultHttpResponse(decodeResult: success, version: HTTP/1.1)
HTTP/1.1 200 OK
Content-Type: application/json; charset=utf-8
cache-control: no-cache
content-length: 32

13:14:58.734 [AsyncHttpClient-1-2] DEBUG org.asynchttpclient.netty.channel.ChannelManager - Adding key: http://localhost:62787 for channel [id: 0x3a1298e3, L:/127.0.0.1:50984 - R:localhost/127.0.0.1:62787]
13:14:58.747 [Driver Command Executor] DEBUG org.asynchttpclient.netty.request.NettyRequestSender - Using pooled Channel '[id: 0xb035af86, L:/127.0.0.1:50983 - R:localhost/127.0.0.1:56717]' for 'DELETE' to 'http://localhost:56717/session/54c5ef212f7634697e04f8645025974f'
13:14:58.747 [Driver Command Executor] DEBUG org.asynchttpclient.netty.request.NettyRequestSender - Using open Channel [id: 0xb035af86, L:/127.0.0.1:50983 - R:localhost/127.0.0.1:56717] for DELETE '/session/54c5ef212f7634697e04f8645025974f'
13:14:58.787 [AsyncHttpClient-1-4] DEBUG org.asynchttpclient.netty.handler.WebSocketHandler - Channel Closed: [id: 0x99e5ddfe, L:/127.0.0.1:51007 ! R:localhost/127.0.0.1:50986] with attribute NettyResponseFuture{currentRetry=5,
	isDone=1,
	isCancelled=0,
	asyncHandler=org.asynchttpclient.ws.WebSocketUpgradeHandler@489d5560,
	nettyRequest=org.asynchttpclient.netty.request.NettyRequest@7452f842,
	future=java.util.concurrent.CompletableFuture@162708c0[Completed normally],
	uri=ws://localhost:50986/devtools/browser/b0ba599a-2634-40d6-a0ef-e229198f542a,
	keepAlive=true,
	redirectCount=0,
	timeoutsHolder=null,
	inAuth=0,
	touch=1663089294310}
13:14:58.787 [AsyncHttpClient-1-4] DEBUG org.asynchttpclient.netty.channel.ChannelManager - Closing Channel [id: 0x99e5ddfe, L:/127.0.0.1:51007 ! R:localhost/127.0.0.1:50986] 
13:14:58.801 [Driver Command Executor] DEBUG org.asynchttpclient.netty.request.NettyRequestSender - Using pooled Channel '[id: 0x3a1298e3, L:/127.0.0.1:50984 - R:localhost/127.0.0.1:62787]' for 'DELETE' to 'http://localhost:62787/session/21c78a9ef5a43a26be78e0032efb5b9e'
13:14:58.801 [Driver Command Executor] DEBUG org.asynchttpclient.netty.request.NettyRequestSender - Using open Channel [id: 0x3a1298e3, L:/127.0.0.1:50984 - R:localhost/127.0.0.1:62787] for DELETE '/session/21c78a9ef5a43a26be78e0032efb5b9e'
13:14:59.056 [AsyncHttpClient-1-5] DEBUG org.asynchttpclient.netty.handler.HttpHandler - Unexpected I/O exception on channel [id: 0x01cada9e, L:/127.0.0.1:51006 - R:localhost/127.0.0.1:50986]
java.net.SocketException: Connection reset
	at java.base/sun.nio.ch.SocketChannelImpl.throwConnectionReset(SocketChannelImpl.java:367)
	at java.base/sun.nio.ch.SocketChannelImpl.read(SocketChannelImpl.java:398)
	at io.netty.buffer.PooledByteBuf.setBytes(PooledByteBuf.java:258)
	at io.netty.buffer.AbstractByteBuf.writeBytes(AbstractByteBuf.java:1132)
	at io.netty.channel.socket.nio.NioSocketChannel.doReadBytes(NioSocketChannel.java:357)
	at io.netty.channel.nio.AbstractNioByteChannel$NioByteUnsafe.read(AbstractNioByteChannel.java:151)
	at io.netty.channel.nio.NioEventLoop.processSelectedKey(NioEventLoop.java:722)
	at io.netty.channel.nio.NioEventLoop.processSelectedKeysOptimized(NioEventLoop.java:658)
	at io.netty.channel.nio.NioEventLoop.processSelectedKeys(NioEventLoop.java:584)
	at io.netty.channel.nio.NioEventLoop.run(NioEventLoop.java:496)
	at io.netty.util.concurrent.SingleThreadEventExecutor$4.run(SingleThreadEventExecutor.java:986)
	at io.netty.util.internal.ThreadExecutorMap$2.run(ThreadExecutorMap.java:74)
	at io.netty.util.concurrent.FastThreadLocalRunnable.run(FastThreadLocalRunnable.java:30)
	at java.base/java.lang.Thread.run(Thread.java:832)
13:14:59.057 [AsyncHttpClient-1-5] DEBUG org.asynchttpclient.netty.channel.ChannelManager - Closing Channel [id: 0x01cada9e, L:/127.0.0.1:51006 - R:localhost/127.0.0.1:50986] 
13:14:59.059 [AsyncHttpClient-1-5] DEBUG org.asynchttpclient.netty.handler.HttpHandler - Channel Closed: [id: 0x01cada9e, L:/127.0.0.1:51006 ! R:localhost/127.0.0.1:50986] with attribute DISCARD
13:14:59.064 [AsyncHttpClient-1-7] DEBUG org.asynchttpclient.netty.handler.HttpHandler - Unexpected I/O exception on channel [id: 0x7a018160, L:/127.0.0.1:51005 - R:localhost/127.0.0.1:50985]
java.net.SocketException: Connection reset
	at java.base/sun.nio.ch.SocketChannelImpl.throwConnectionReset(SocketChannelImpl.java:367)
	at java.base/sun.nio.ch.SocketChannelImpl.read(SocketChannelImpl.java:398)
	at io.netty.buffer.PooledByteBuf.setBytes(PooledByteBuf.java:258)
	at io.netty.buffer.AbstractByteBuf.writeBytes(AbstractByteBuf.java:1132)
	at io.netty.channel.socket.nio.NioSocketChannel.doReadBytes(NioSocketChannel.java:357)
	at io.netty.channel.nio.AbstractNioByteChannel$NioByteUnsafe.read(AbstractNioByteChannel.java:151)
	at io.netty.channel.nio.NioEventLoop.processSelectedKey(NioEventLoop.java:722)
	at io.netty.channel.nio.NioEventLoop.processSelectedKeysOptimized(NioEventLoop.java:658)
	at io.netty.channel.nio.NioEventLoop.processSelectedKeys(NioEventLoop.java:584)
	at io.netty.channel.nio.NioEventLoop.run(NioEventLoop.java:496)
	at io.netty.util.concurrent.SingleThreadEventExecutor$4.run(SingleThreadEventExecutor.java:986)
	at io.netty.util.internal.ThreadExecutorMap$2.run(ThreadExecutorMap.java:74)
	at io.netty.util.concurrent.FastThreadLocalRunnable.run(FastThreadLocalRunnable.java:30)
	at java.base/java.lang.Thread.run(Thread.java:832)
13:14:59.064 [AsyncHttpClient-1-7] DEBUG org.asynchttpclient.netty.channel.ChannelManager - Closing Channel [id: 0x7a018160, L:/127.0.0.1:51005 - R:localhost/127.0.0.1:50985] 
13:14:59.065 [AsyncHttpClient-1-7] DEBUG org.asynchttpclient.netty.handler.HttpHandler - Channel Closed: [id: 0x7a018160, L:/127.0.0.1:51005 ! R:localhost/127.0.0.1:50985] with attribute DISCARD
13:14:59.065 [AsyncHttpClient-1-6] DEBUG org.asynchttpclient.netty.handler.HttpHandler - Unexpected I/O exception on channel [id: 0x3f082d0c, L:/127.0.0.1:51004 - R:localhost/127.0.0.1:50987]
java.net.SocketException: Connection reset
	at java.base/sun.nio.ch.SocketChannelImpl.throwConnectionReset(SocketChannelImpl.java:367)
	at java.base/sun.nio.ch.SocketChannelImpl.read(SocketChannelImpl.java:398)
	at io.netty.buffer.PooledByteBuf.setBytes(PooledByteBuf.java:258)
	at io.netty.buffer.AbstractByteBuf.writeBytes(AbstractByteBuf.java:1132)
	at io.netty.channel.socket.nio.NioSocketChannel.doReadBytes(NioSocketChannel.java:357)
	at io.netty.channel.nio.AbstractNioByteChannel$NioByteUnsafe.read(AbstractNioByteChannel.java:151)
	at io.netty.channel.nio.NioEventLoop.processSelectedKey(NioEventLoop.java:722)
	at io.netty.channel.nio.NioEventLoop.processSelectedKeysOptimized(NioEventLoop.java:658)
	at io.netty.channel.nio.NioEventLoop.processSelectedKeys(NioEventLoop.java:584)
	at io.netty.channel.nio.NioEventLoop.run(NioEventLoop.java:496)
	at io.netty.util.concurrent.SingleThreadEventExecutor$4.run(SingleThreadEventExecutor.java:986)
	at io.netty.util.internal.ThreadExecutorMap$2.run(ThreadExecutorMap.java:74)
	at io.netty.util.concurrent.FastThreadLocalRunnable.run(FastThreadLocalRunnable.java:30)
	at java.base/java.lang.Thread.run(Thread.java:832)
13:14:59.065 [AsyncHttpClient-1-6] DEBUG org.asynchttpclient.netty.channel.ChannelManager - Closing Channel [id: 0x3f082d0c, L:/127.0.0.1:51004 - R:localhost/127.0.0.1:50987] 
13:14:59.065 [AsyncHttpClient-1-6] DEBUG org.asynchttpclient.netty.handler.HttpHandler - Channel Closed: [id: 0x3f082d0c, L:/127.0.0.1:51004 ! R:localhost/127.0.0.1:50987] with attribute DISCARD
13:14:59.078 [AsyncHttpClient-1-2] DEBUG org.asynchttpclient.netty.handler.HttpHandler - 

Request DefaultFullHttpRequest(decodeResult: success, version: HTTP/1.1, content: EmptyByteBufBE)
DELETE /session/21c78a9ef5a43a26be78e0032efb5b9e HTTP/1.1
User-Agent: selenium/4.1.4 (java windows)
Content-Type: application/json; charset=utf-8
host: localhost:62787
accept: */*

Response DefaultHttpResponse(decodeResult: success, version: HTTP/1.1)
HTTP/1.1 200 OK
Content-Type: application/json; charset=utf-8
cache-control: no-cache
content-length: 14

13:14:59.078 [AsyncHttpClient-1-2] DEBUG org.asynchttpclient.netty.channel.ChannelManager - Adding key: http://localhost:62787 for channel [id: 0x3a1298e3, L:/127.0.0.1:50984 - R:localhost/127.0.0.1:62787]
13:14:59.089 [AsyncHttpClient-1-4] DEBUG org.asynchttpclient.netty.handler.HttpHandler - 

Request DefaultFullHttpRequest(decodeResult: success, version: HTTP/1.1, content: EmptyByteBufBE)
DELETE /session/54c5ef212f7634697e04f8645025974f HTTP/1.1
User-Agent: selenium/4.1.4 (java windows)
Content-Type: application/json; charset=utf-8
host: localhost:56717
accept: */*

Response DefaultHttpResponse(decodeResult: success, version: HTTP/1.1)
HTTP/1.1 200 OK
Content-Type: application/json; charset=utf-8
cache-control: no-cache
content-length: 14

13:14:59.089 [AsyncHttpClient-1-4] DEBUG org.asynchttpclient.netty.channel.ChannelManager - Adding key: http://localhost:56717 for channel [id: 0xb035af86, L:/127.0.0.1:50983 - R:localhost/127.0.0.1:56717]
13:14:59.147 [AsyncHttpClient-1-3] DEBUG org.asynchttpclient.netty.handler.HttpHandler - 

Request DefaultFullHttpRequest(decodeResult: success, version: HTTP/1.1, content: EmptyByteBufBE)
DELETE /session/19499d7e8409e63b58c9a383183f96ff HTTP/1.1
User-Agent: selenium/4.1.4 (java windows)
Content-Type: application/json; charset=utf-8
host: localhost:60858
accept: */*

Response DefaultHttpResponse(decodeResult: success, version: HTTP/1.1)
HTTP/1.1 200 OK
Content-Type: application/json; charset=utf-8
cache-control: no-cache
content-length: 14

13:14:59.147 [AsyncHttpClient-1-3] DEBUG org.asynchttpclient.netty.channel.ChannelManager - Adding key: http://localhost:60858 for channel [id: 0xdf28a808, L:/127.0.0.1:50982 - R:localhost/127.0.0.1:60858]
13:14:59.287 [AsyncHttpClient-1-4] DEBUG org.asynchttpclient.netty.handler.HttpHandler - Channel Closed: [id: 0xb035af86, L:/127.0.0.1:50983 ! R:localhost/127.0.0.1:56717] with attribute DISCARD
13:14:59.303 [AsyncHttpClient-1-3] DEBUG org.asynchttpclient.netty.handler.HttpHandler - Channel Closed: [id: 0xdf28a808, L:/127.0.0.1:50982 ! R:localhost/127.0.0.1:60858] with attribute DISCARD
13:14:59.333 [AsyncHttpClient-1-1] DEBUG org.asynchttpclient.netty.channel.DefaultChannelPool - Entry count for : http://localhost:56717 : 1
13:14:59.334 [AsyncHttpClient-1-1] DEBUG org.asynchttpclient.netty.channel.DefaultChannelPool - Entry count for : http://localhost:50985 : 1
13:14:59.334 [AsyncHttpClient-1-1] DEBUG org.asynchttpclient.netty.channel.DefaultChannelPool - Entry count for : http://localhost:50986 : 1
13:14:59.334 [AsyncHttpClient-1-1] DEBUG org.asynchttpclient.netty.channel.DefaultChannelPool - Entry count for : http://localhost:50987 : 1
13:14:59.334 [AsyncHttpClient-1-1] DEBUG org.asynchttpclient.netty.channel.DefaultChannelPool - Entry count for : http://localhost:60858 : 1
13:14:59.334 [AsyncHttpClient-1-1] DEBUG org.asynchttpclient.netty.channel.DefaultChannelPool - Entry count for : http://localhost:62787 : 1
13:14:59.334 [AsyncHttpClient-1-1] DEBUG org.asynchttpclient.netty.channel.DefaultChannelPool - Adding Candidate expired Channel [id: 0xb035af86, L:/127.0.0.1:50983 ! R:localhost/127.0.0.1:56717] isIdleTimeoutExpired=false isRemotelyClosed=true isTtlExpired=false
13:14:59.334 [AsyncHttpClient-1-1] DEBUG org.asynchttpclient.netty.channel.DefaultChannelPool - Closing Idle Channel [id: 0xb035af86, L:/127.0.0.1:50983 ! R:localhost/127.0.0.1:56717]
13:14:59.335 [AsyncHttpClient-1-1] DEBUG org.asynchttpclient.netty.channel.DefaultChannelPool - Adding Candidate expired Channel [id: 0x7a018160, L:/127.0.0.1:51005 ! R:localhost/127.0.0.1:50985] isIdleTimeoutExpired=false isRemotelyClosed=true isTtlExpired=false
13:14:59.335 [AsyncHttpClient-1-1] DEBUG org.asynchttpclient.netty.channel.DefaultChannelPool - Closing Idle Channel [id: 0x7a018160, L:/127.0.0.1:51005 ! R:localhost/127.0.0.1:50985]
13:14:59.335 [AsyncHttpClient-1-1] DEBUG org.asynchttpclient.netty.channel.DefaultChannelPool - Adding Candidate expired Channel [id: 0x01cada9e, L:/127.0.0.1:51006 ! R:localhost/127.0.0.1:50986] isIdleTimeoutExpired=false isRemotelyClosed=true isTtlExpired=false
13:14:59.335 [AsyncHttpClient-1-1] DEBUG org.asynchttpclient.netty.channel.DefaultChannelPool - Closing Idle Channel [id: 0x01cada9e, L:/127.0.0.1:51006 ! R:localhost/127.0.0.1:50986]
13:14:59.335 [AsyncHttpClient-1-1] DEBUG org.asynchttpclient.netty.channel.DefaultChannelPool - Adding Candidate expired Channel [id: 0x3f082d0c, L:/127.0.0.1:51004 ! R:localhost/127.0.0.1:50987] isIdleTimeoutExpired=false isRemotelyClosed=true isTtlExpired=false
13:14:59.335 [AsyncHttpClient-1-1] DEBUG org.asynchttpclient.netty.channel.DefaultChannelPool - Closing Idle Channel [id: 0x3f082d0c, L:/127.0.0.1:51004 ! R:localhost/127.0.0.1:50987]
13:14:59.335 [AsyncHttpClient-1-1] DEBUG org.asynchttpclient.netty.channel.DefaultChannelPool - Adding Candidate expired Channel [id: 0xdf28a808, L:/127.0.0.1:50982 ! R:localhost/127.0.0.1:60858] isIdleTimeoutExpired=false isRemotelyClosed=true isTtlExpired=false
13:14:59.335 [AsyncHttpClient-1-1] DEBUG org.asynchttpclient.netty.channel.DefaultChannelPool - Closing Idle Channel [id: 0xdf28a808, L:/127.0.0.1:50982 ! R:localhost/127.0.0.1:60858]
13:14:59.335 [AsyncHttpClient-1-1] DEBUG org.asynchttpclient.netty.channel.DefaultChannelPool - Closed 5 connections out of 6 in 1 ms
13:14:59.397 [AsyncHttpClient-1-2] DEBUG org.asynchttpclient.netty.handler.HttpHandler - Channel Closed: [id: 0x3a1298e3, L:/127.0.0.1:50984 ! R:localhost/127.0.0.1:62787] with attribute DISCARD
]]></system-out>
    <system-err><![CDATA[Starting ChromeDriver 105.0.5195.52 (412c95e518836d8a7d97250d62b29c2ae6a26a85-refs/branch-heads/5195@{#853}) on port 56717
Only local connections are allowed.
Please see https://chromedriver.chromium.org/security-considerations for suggestions on keeping ChromeDriver safe.
Starting ChromeDriver 105.0.5195.52 (412c95e518836d8a7d97250d62b29c2ae6a26a85-refs/branch-heads/5195@{#853}) on port 62787
Only local connections are allowed.
Please see https://chromedriver.chromium.org/security-considerations for suggestions on keeping ChromeDriver safe.
Starting ChromeDriver 105.0.5195.52 (412c95e518836d8a7d97250d62b29c2ae6a26a85-refs/branch-heads/5195@{#853}) on port 60858
Only local connections are allowed.
Please see https://chromedriver.chromium.org/security-considerations for suggestions on keeping ChromeDriver safe.
ChromeDriver was started successfully.
ChromeDriver was started successfully.
ChromeDriver was started successfully.
Sep 13, 2022 1:14:54 PM org.openqa.selenium.remote.ProtocolHandshake createSession
INFO: Detected dialect: W3C
Sep 13, 2022 1:14:54 PM org.openqa.selenium.remote.ProtocolHandshake createSession
INFO: Detected dialect: W3C
Sep 13, 2022 1:14:54 PM org.openqa.selenium.remote.ProtocolHandshake createSession
INFO: Detected dialect: W3C
Sep 13, 2022 1:14:54 PM org.openqa.selenium.devtools.CdpVersionFinder findNearestMatch
WARNING: Unable to find an exact match for CDP version 105, so returning the closest version found: 101
Sep 13, 2022 1:14:54 PM org.openqa.selenium.devtools.CdpVersionFinder findNearestMatch
WARNING: Unable to find an exact match for CDP version 105, so returning the closest version found: 101
Sep 13, 2022 1:14:54 PM org.openqa.selenium.devtools.CdpVersionFinder findNearestMatch
WARNING: Unable to find an exact match for CDP version 105, so returning the closest version found: 101
Sep 13, 2022 1:14:54 PM org.openqa.selenium.devtools.CdpVersionFinder findNearestMatch
INFO: Found CDP implementation for version 105 of 101
Sep 13, 2022 1:14:54 PM org.openqa.selenium.devtools.CdpVersionFinder findNearestMatch
INFO: Found CDP implementation for version 105 of 101
Sep 13, 2022 1:14:54 PM org.openqa.selenium.devtools.CdpVersionFinder findNearestMatch
INFO: Found CDP implementation for version 105 of 101
]]></system-err>
  </testcase>
  <testcase name="runScenario[&quot;login with invalid credentials&quot;, &quot;webdriver university login page&quot;](2)" classname="runners.RunnerClass" time="0.014"/>
  <testcase name="runScenario[&quot;&quot;, &quot;webdriver university login page&quot;](3)" classname="runners.RunnerClass" time="0.089"/>
  <testcase name="runScenario[&quot;&quot;, &quot;webdriver university login page&quot;](4)" classname="runners.RunnerClass" time="7.038">
    <system-out><![CDATA[13:15:00.408 [AsyncHttpClient-1-2] DEBUG org.asynchttpclient.netty.channel.NettyConnectListener - Using new Channel '[id: 0x4196185f, L:/127.0.0.1:51059 - R:localhost/127.0.0.1:52385]' for 'POST' to '/session'
13:15:00.412 [AsyncHttpClient-1-3] DEBUG org.asynchttpclient.netty.channel.NettyConnectListener - Using new Channel '[id: 0x508711ba, L:/127.0.0.1:51060 - R:localhost/127.0.0.1:58433]' for 'POST' to '/session'
13:15:00.430 [AsyncHttpClient-1-1] DEBUG org.asynchttpclient.netty.channel.DefaultChannelPool - Entry count for : http://localhost:62787 : 1
13:15:00.430 [AsyncHttpClient-1-1] DEBUG org.asynchttpclient.netty.channel.DefaultChannelPool - Adding Candidate expired Channel [id: 0x3a1298e3, L:/127.0.0.1:50984 ! R:localhost/127.0.0.1:62787] isIdleTimeoutExpired=false isRemotelyClosed=true isTtlExpired=false
13:15:00.431 [AsyncHttpClient-1-1] DEBUG org.asynchttpclient.netty.channel.DefaultChannelPool - Closing Idle Channel [id: 0x3a1298e3, L:/127.0.0.1:50984 ! R:localhost/127.0.0.1:62787]
13:15:00.431 [AsyncHttpClient-1-1] DEBUG org.asynchttpclient.netty.channel.DefaultChannelPool - Closed 1 connections out of 1 in 1 ms
13:15:00.473 [AsyncHttpClient-1-6] DEBUG org.asynchttpclient.netty.channel.NettyConnectListener - Using new Channel '[id: 0x6f6acf4e, L:/127.0.0.1:51062 - R:localhost/127.0.0.1:58371]' for 'POST' to '/session'
13:15:02.598 [AsyncHttpClient-1-6] DEBUG org.asynchttpclient.netty.handler.HttpHandler - 

Request DefaultHttpRequest(decodeResult: success, version: HTTP/1.1)
POST /session HTTP/1.1
User-Agent: selenium/4.1.4 (java windows)
Content-Length: 437
Content-Type: application/json; charset=utf-8
host: localhost:58371
accept: */*

Response DefaultHttpResponse(decodeResult: success, version: HTTP/1.1)
HTTP/1.1 200 OK
Content-Type: application/json; charset=utf-8
cache-control: no-cache
content-length: 790

13:15:02.598 [AsyncHttpClient-1-6] DEBUG org.asynchttpclient.netty.channel.ChannelManager - Adding key: http://localhost:58371 for channel [id: 0x6f6acf4e, L:/127.0.0.1:51062 - R:localhost/127.0.0.1:58371]
13:15:02.601 [AsyncHttpClient-1-2] DEBUG org.asynchttpclient.netty.handler.HttpHandler - 

Request DefaultHttpRequest(decodeResult: success, version: HTTP/1.1)
POST /session HTTP/1.1
User-Agent: selenium/4.1.4 (java windows)
Content-Length: 437
Content-Type: application/json; charset=utf-8
host: localhost:52385
accept: */*

Response DefaultHttpResponse(decodeResult: success, version: HTTP/1.1)
HTTP/1.1 200 OK
Content-Type: application/json; charset=utf-8
cache-control: no-cache
content-length: 790

13:15:02.601 [AsyncHttpClient-1-2] DEBUG org.asynchttpclient.netty.channel.ChannelManager - Adding key: http://localhost:52385 for channel [id: 0x4196185f, L:/127.0.0.1:51059 - R:localhost/127.0.0.1:52385]
13:15:02.618 [AsyncHttpClient-1-5] DEBUG org.asynchttpclient.netty.channel.NettyConnectListener - Using new Channel '[id: 0xe0a253f4, L:/127.0.0.1:51080 - R:localhost/127.0.0.1:51064]' for 'GET' to '/json/version'
13:15:02.639 [AsyncHttpClient-1-5] DEBUG org.asynchttpclient.netty.handler.HttpHandler - 

Request DefaultFullHttpRequest(decodeResult: success, version: HTTP/1.1, content: EmptyByteBufBE)
GET /json/version HTTP/1.1
User-Agent: selenium/4.1.4 (java windows)
host: localhost:51064
accept: */*

Response DefaultHttpResponse(decodeResult: success, version: HTTP/1.1)
HTTP/1.1 200 OK
Content-Type: application/json; charset=UTF-8
content-length: 423

13:15:02.639 [AsyncHttpClient-1-5] DEBUG org.asynchttpclient.netty.channel.ChannelManager - Adding key: http://localhost:51064 for channel [id: 0xe0a253f4, L:/127.0.0.1:51080 - R:localhost/127.0.0.1:51064]
13:15:02.642 [AsyncHttpClient-1-7] DEBUG org.asynchttpclient.netty.channel.NettyConnectListener - Using new Channel '[id: 0x7c6550cc, L:/127.0.0.1:51082 - R:localhost/127.0.0.1:51064]' for 'GET' to '/devtools/browser/964aa9b5-bbf2-4d4b-ab09-ee987535a4f4'
13:15:02.656 [AsyncHttpClient-1-9] DEBUG org.asynchttpclient.netty.channel.NettyConnectListener - Using new Channel '[id: 0xb313ba89, L:/127.0.0.1:51083 - R:localhost/127.0.0.1:51063]' for 'GET' to '/json/version'
13:15:02.661 [AsyncHttpClient-1-1] DEBUG org.asynchttpclient.netty.channel.DefaultChannelPool - Entry count for : http://localhost:58371 : 1
13:15:02.662 [AsyncHttpClient-1-1] DEBUG org.asynchttpclient.netty.channel.DefaultChannelPool - Entry count for : http://localhost:51064 : 1
13:15:02.662 [AsyncHttpClient-1-1] DEBUG org.asynchttpclient.netty.channel.DefaultChannelPool - Entry count for : http://localhost:52385 : 1
13:15:02.665 [AsyncHttpClient-1-7] DEBUG org.asynchttpclient.netty.handler.WebSocketHandler - 

Request DefaultFullHttpRequest(decodeResult: success, version: HTTP/1.1, content: EmptyByteBufBE)
GET /devtools/browser/964aa9b5-bbf2-4d4b-ab09-ee987535a4f4 HTTP/1.1
upgrade: websocket
connection: upgrade
sec-websocket-key: Xq4yhvi3PaCM5WI4t8nmig==
sec-websocket-version: 13
origin: http://localhost:51064
host: localhost:51064
accept: */*
user-agent: AHC/2.1

Response DefaultHttpResponse(decodeResult: success, version: HTTP/1.1)
HTTP/1.1 101 WebSocket Protocol Handshake
Upgrade: WebSocket
Connection: Upgrade
Sec-WebSocket-Accept: M/+ofpl24kh56WGF7nFDkYXT9k0=

13:15:02.674 [Forwarding maximizeCurrentWindow on session c4439875dcbacbc87ef7d2cb0202d857 to remote] DEBUG org.asynchttpclient.netty.request.NettyRequestSender - Using pooled Channel '[id: 0x4196185f, L:/127.0.0.1:51059 - R:localhost/127.0.0.1:52385]' for 'POST' to 'http://localhost:52385/session/c4439875dcbacbc87ef7d2cb0202d857/window/maximize'
13:15:02.674 [Forwarding maximizeCurrentWindow on session c4439875dcbacbc87ef7d2cb0202d857 to remote] DEBUG org.asynchttpclient.netty.request.NettyRequestSender - Using open Channel [id: 0x4196185f, L:/127.0.0.1:51059 - R:localhost/127.0.0.1:52385] for POST '/session/c4439875dcbacbc87ef7d2cb0202d857/window/maximize'
13:15:02.680 [AsyncHttpClient-1-9] DEBUG org.asynchttpclient.netty.handler.HttpHandler - 

Request DefaultFullHttpRequest(decodeResult: success, version: HTTP/1.1, content: EmptyByteBufBE)
GET /json/version HTTP/1.1
User-Agent: selenium/4.1.4 (java windows)
host: localhost:51063
accept: */*

Response DefaultHttpResponse(decodeResult: success, version: HTTP/1.1)
HTTP/1.1 200 OK
Content-Type: application/json; charset=UTF-8
content-length: 423

13:15:02.681 [AsyncHttpClient-1-9] DEBUG org.asynchttpclient.netty.channel.ChannelManager - Adding key: http://localhost:51063 for channel [id: 0xb313ba89, L:/127.0.0.1:51083 - R:localhost/127.0.0.1:51063]
13:15:02.683 [AsyncHttpClient-1-8] DEBUG org.asynchttpclient.netty.channel.NettyConnectListener - Using new Channel '[id: 0x14968ebd, L:/127.0.0.1:51084 - R:localhost/127.0.0.1:51063]' for 'GET' to '/devtools/browser/7fb1149f-559b-4dd0-afa6-413019823538'
13:15:02.695 [AsyncHttpClient-1-8] DEBUG org.asynchttpclient.netty.handler.WebSocketHandler - 

Request DefaultFullHttpRequest(decodeResult: success, version: HTTP/1.1, content: EmptyByteBufBE)
GET /devtools/browser/7fb1149f-559b-4dd0-afa6-413019823538 HTTP/1.1
upgrade: websocket
connection: upgrade
sec-websocket-key: cSqeJ0i/Hqe381Mle5NYMg==
sec-websocket-version: 13
origin: http://localhost:51063
host: localhost:51063
accept: */*
user-agent: AHC/2.1

Response DefaultHttpResponse(decodeResult: success, version: HTTP/1.1)
HTTP/1.1 101 WebSocket Protocol Handshake
Upgrade: WebSocket
Connection: Upgrade
Sec-WebSocket-Accept: 8qCsCftxyxkkCYfGXVUlB6X5b3Y=

13:15:02.703 [Forwarding maximizeCurrentWindow on session 1a91c556fdf3d468fd4ee715a2a34d4a to remote] DEBUG org.asynchttpclient.netty.request.NettyRequestSender - Using pooled Channel '[id: 0x6f6acf4e, L:/127.0.0.1:51062 - R:localhost/127.0.0.1:58371]' for 'POST' to 'http://localhost:58371/session/1a91c556fdf3d468fd4ee715a2a34d4a/window/maximize'
13:15:02.703 [Forwarding maximizeCurrentWindow on session 1a91c556fdf3d468fd4ee715a2a34d4a to remote] DEBUG org.asynchttpclient.netty.request.NettyRequestSender - Using open Channel [id: 0x6f6acf4e, L:/127.0.0.1:51062 - R:localhost/127.0.0.1:58371] for POST '/session/1a91c556fdf3d468fd4ee715a2a34d4a/window/maximize'
13:15:02.845 [AsyncHttpClient-1-3] DEBUG org.asynchttpclient.netty.handler.HttpHandler - 

Request DefaultHttpRequest(decodeResult: success, version: HTTP/1.1)
POST /session HTTP/1.1
User-Agent: selenium/4.1.4 (java windows)
Content-Length: 437
Content-Type: application/json; charset=utf-8
host: localhost:58433
accept: */*

Response DefaultHttpResponse(decodeResult: success, version: HTTP/1.1)
HTTP/1.1 200 OK
Content-Type: application/json; charset=utf-8
cache-control: no-cache
content-length: 791

13:15:02.846 [AsyncHttpClient-1-3] DEBUG org.asynchttpclient.netty.channel.ChannelManager - Adding key: http://localhost:58433 for channel [id: 0x508711ba, L:/127.0.0.1:51060 - R:localhost/127.0.0.1:58433]
13:15:02.872 [AsyncHttpClient-1-4] DEBUG org.asynchttpclient.netty.channel.NettyConnectListener - Using new Channel '[id: 0x73b865cb, L:/127.0.0.1:51087 - R:localhost/127.0.0.1:51069]' for 'GET' to '/json/version'
13:15:02.876 [AsyncHttpClient-1-4] DEBUG org.asynchttpclient.netty.handler.HttpHandler - 

Request DefaultFullHttpRequest(decodeResult: success, version: HTTP/1.1, content: EmptyByteBufBE)
GET /json/version HTTP/1.1
User-Agent: selenium/4.1.4 (java windows)
host: localhost:51069
accept: */*

Response DefaultHttpResponse(decodeResult: success, version: HTTP/1.1)
HTTP/1.1 200 OK
Content-Type: application/json; charset=UTF-8
content-length: 423

13:15:02.876 [AsyncHttpClient-1-4] DEBUG org.asynchttpclient.netty.channel.ChannelManager - Adding key: http://localhost:51069 for channel [id: 0x73b865cb, L:/127.0.0.1:51087 - R:localhost/127.0.0.1:51069]
13:15:02.883 [AsyncHttpClient-1-2] DEBUG org.asynchttpclient.netty.channel.NettyConnectListener - Using new Channel '[id: 0xe057a69a, L:/127.0.0.1:51088 - R:localhost/127.0.0.1:51069]' for 'GET' to '/devtools/browser/6cbbaa67-f241-491f-8fe8-f30f93efafee'
13:15:02.886 [AsyncHttpClient-1-2] DEBUG org.asynchttpclient.netty.handler.WebSocketHandler - 

Request DefaultFullHttpRequest(decodeResult: success, version: HTTP/1.1, content: EmptyByteBufBE)
GET /devtools/browser/6cbbaa67-f241-491f-8fe8-f30f93efafee HTTP/1.1
upgrade: websocket
connection: upgrade
sec-websocket-key: Dh7rYRVldczMc+wCbzmNaQ==
sec-websocket-version: 13
origin: http://localhost:51069
host: localhost:51069
accept: */*
user-agent: AHC/2.1

Response DefaultHttpResponse(decodeResult: success, version: HTTP/1.1)
HTTP/1.1 101 WebSocket Protocol Handshake
Upgrade: WebSocket
Connection: Upgrade
Sec-WebSocket-Accept: B37cI06kjVTPj1k2cZx44ajhjjI=

13:15:02.906 [Forwarding maximizeCurrentWindow on session fa5f4168d56159afc53bf03381c79015 to remote] DEBUG org.asynchttpclient.netty.request.NettyRequestSender - Using pooled Channel '[id: 0x508711ba, L:/127.0.0.1:51060 - R:localhost/127.0.0.1:58433]' for 'POST' to 'http://localhost:58433/session/fa5f4168d56159afc53bf03381c79015/window/maximize'
13:15:02.906 [Forwarding maximizeCurrentWindow on session fa5f4168d56159afc53bf03381c79015 to remote] DEBUG org.asynchttpclient.netty.request.NettyRequestSender - Using open Channel [id: 0x508711ba, L:/127.0.0.1:51060 - R:localhost/127.0.0.1:58433] for POST '/session/fa5f4168d56159afc53bf03381c79015/window/maximize'
13:15:02.916 [AsyncHttpClient-1-2] DEBUG org.asynchttpclient.netty.handler.HttpHandler - 

Request DefaultHttpRequest(decodeResult: success, version: HTTP/1.1)
POST /session/c4439875dcbacbc87ef7d2cb0202d857/window/maximize HTTP/1.1
User-Agent: selenium/4.1.4 (java windows)
Content-Length: 3
Content-Type: application/json; charset=utf-8
host: localhost:52385
accept: */*

Response DefaultHttpResponse(decodeResult: success, version: HTTP/1.1)
HTTP/1.1 200 OK
Content-Type: application/json; charset=utf-8
cache-control: no-cache
content-length: 52

13:15:02.916 [AsyncHttpClient-1-2] DEBUG org.asynchttpclient.netty.channel.ChannelManager - Adding key: http://localhost:52385 for channel [id: 0x4196185f, L:/127.0.0.1:51059 - R:localhost/127.0.0.1:52385]
13:15:02.920 [Forwarding get on session c4439875dcbacbc87ef7d2cb0202d857 to remote] DEBUG org.asynchttpclient.netty.request.NettyRequestSender - Using pooled Channel '[id: 0x4196185f, L:/127.0.0.1:51059 - R:localhost/127.0.0.1:52385]' for 'POST' to 'http://localhost:52385/session/c4439875dcbacbc87ef7d2cb0202d857/url'
13:15:02.921 [Forwarding get on session c4439875dcbacbc87ef7d2cb0202d857 to remote] DEBUG org.asynchttpclient.netty.request.NettyRequestSender - Using open Channel [id: 0x4196185f, L:/127.0.0.1:51059 - R:localhost/127.0.0.1:52385] for POST '/session/c4439875dcbacbc87ef7d2cb0202d857/url'
13:15:03.073 [AsyncHttpClient-1-6] DEBUG org.asynchttpclient.netty.handler.HttpHandler - 

Request DefaultHttpRequest(decodeResult: success, version: HTTP/1.1)
POST /session/1a91c556fdf3d468fd4ee715a2a34d4a/window/maximize HTTP/1.1
User-Agent: selenium/4.1.4 (java windows)
Content-Length: 3
Content-Type: application/json; charset=utf-8
host: localhost:58371
accept: */*

Response DefaultHttpResponse(decodeResult: success, version: HTTP/1.1)
HTTP/1.1 200 OK
Content-Type: application/json; charset=utf-8
cache-control: no-cache
content-length: 52

13:15:03.074 [AsyncHttpClient-1-6] DEBUG org.asynchttpclient.netty.channel.ChannelManager - Adding key: http://localhost:58371 for channel [id: 0x6f6acf4e, L:/127.0.0.1:51062 - R:localhost/127.0.0.1:58371]
13:15:03.084 [Forwarding get on session 1a91c556fdf3d468fd4ee715a2a34d4a to remote] DEBUG org.asynchttpclient.netty.request.NettyRequestSender - Using pooled Channel '[id: 0x6f6acf4e, L:/127.0.0.1:51062 - R:localhost/127.0.0.1:58371]' for 'POST' to 'http://localhost:58371/session/1a91c556fdf3d468fd4ee715a2a34d4a/url'
13:15:03.084 [Forwarding get on session 1a91c556fdf3d468fd4ee715a2a34d4a to remote] DEBUG org.asynchttpclient.netty.request.NettyRequestSender - Using open Channel [id: 0x6f6acf4e, L:/127.0.0.1:51062 - R:localhost/127.0.0.1:58371] for POST '/session/1a91c556fdf3d468fd4ee715a2a34d4a/url'
13:15:03.203 [AsyncHttpClient-1-3] DEBUG org.asynchttpclient.netty.handler.HttpHandler - 

Request DefaultHttpRequest(decodeResult: success, version: HTTP/1.1)
POST /session/fa5f4168d56159afc53bf03381c79015/window/maximize HTTP/1.1
User-Agent: selenium/4.1.4 (java windows)
Content-Length: 3
Content-Type: application/json; charset=utf-8
host: localhost:58433
accept: */*

Response DefaultHttpResponse(decodeResult: success, version: HTTP/1.1)
HTTP/1.1 200 OK
Content-Type: application/json; charset=utf-8
cache-control: no-cache
content-length: 52

13:15:03.203 [AsyncHttpClient-1-3] DEBUG org.asynchttpclient.netty.channel.ChannelManager - Adding key: http://localhost:58433 for channel [id: 0x508711ba, L:/127.0.0.1:51060 - R:localhost/127.0.0.1:58433]
13:15:03.208 [Forwarding get on session fa5f4168d56159afc53bf03381c79015 to remote] DEBUG org.asynchttpclient.netty.request.NettyRequestSender - Using pooled Channel '[id: 0x508711ba, L:/127.0.0.1:51060 - R:localhost/127.0.0.1:58433]' for 'POST' to 'http://localhost:58433/session/fa5f4168d56159afc53bf03381c79015/url'
13:15:03.209 [Forwarding get on session fa5f4168d56159afc53bf03381c79015 to remote] DEBUG org.asynchttpclient.netty.request.NettyRequestSender - Using open Channel [id: 0x508711ba, L:/127.0.0.1:51060 - R:localhost/127.0.0.1:58433] for POST '/session/fa5f4168d56159afc53bf03381c79015/url'
13:15:03.741 [AsyncHttpClient-1-1] DEBUG org.asynchttpclient.netty.channel.DefaultChannelPool - Entry count for : http://localhost:51063 : 1
13:15:03.742 [AsyncHttpClient-1-1] DEBUG org.asynchttpclient.netty.channel.DefaultChannelPool - Entry count for : http://localhost:51064 : 1
13:15:03.742 [AsyncHttpClient-1-1] DEBUG org.asynchttpclient.netty.channel.DefaultChannelPool - Entry count for : http://localhost:51069 : 1
13:15:04.471 [AsyncHttpClient-1-6] DEBUG org.asynchttpclient.netty.handler.HttpHandler - 

Request DefaultHttpRequest(decodeResult: success, version: HTTP/1.1)
POST /session/1a91c556fdf3d468fd4ee715a2a34d4a/url HTTP/1.1
User-Agent: selenium/4.1.4 (java windows)
Content-Length: 94
Content-Type: application/json; charset=utf-8
host: localhost:58371
accept: */*

Response DefaultHttpResponse(decodeResult: success, version: HTTP/1.1)
HTTP/1.1 200 OK
Content-Type: application/json; charset=utf-8
cache-control: no-cache
content-length: 14

13:15:04.472 [AsyncHttpClient-1-6] DEBUG org.asynchttpclient.netty.channel.ChannelManager - Adding key: http://localhost:58371 for channel [id: 0x6f6acf4e, L:/127.0.0.1:51062 - R:localhost/127.0.0.1:58371]
13:15:04.480 [Forwarding findElement on session 1a91c556fdf3d468fd4ee715a2a34d4a to remote] DEBUG org.asynchttpclient.netty.request.NettyRequestSender - Using pooled Channel '[id: 0x6f6acf4e, L:/127.0.0.1:51062 - R:localhost/127.0.0.1:58371]' for 'POST' to 'http://localhost:58371/session/1a91c556fdf3d468fd4ee715a2a34d4a/element'
13:15:04.480 [Forwarding findElement on session 1a91c556fdf3d468fd4ee715a2a34d4a to remote] DEBUG org.asynchttpclient.netty.request.NettyRequestSender - Using open Channel [id: 0x6f6acf4e, L:/127.0.0.1:51062 - R:localhost/127.0.0.1:58371] for POST '/session/1a91c556fdf3d468fd4ee715a2a34d4a/element'
13:15:04.509 [AsyncHttpClient-1-2] DEBUG org.asynchttpclient.netty.handler.HttpHandler - 

Request DefaultHttpRequest(decodeResult: success, version: HTTP/1.1)
POST /session/c4439875dcbacbc87ef7d2cb0202d857/url HTTP/1.1
User-Agent: selenium/4.1.4 (java windows)
Content-Length: 94
Content-Type: application/json; charset=utf-8
host: localhost:52385
accept: */*

Response DefaultHttpResponse(decodeResult: success, version: HTTP/1.1)
HTTP/1.1 200 OK
Content-Type: application/json; charset=utf-8
cache-control: no-cache
content-length: 14

13:15:04.509 [AsyncHttpClient-1-2] DEBUG org.asynchttpclient.netty.channel.ChannelManager - Adding key: http://localhost:52385 for channel [id: 0x4196185f, L:/127.0.0.1:51059 - R:localhost/127.0.0.1:52385]
13:15:04.517 [Forwarding findElement on session c4439875dcbacbc87ef7d2cb0202d857 to remote] DEBUG org.asynchttpclient.netty.request.NettyRequestSender - Using pooled Channel '[id: 0x4196185f, L:/127.0.0.1:51059 - R:localhost/127.0.0.1:52385]' for 'POST' to 'http://localhost:52385/session/c4439875dcbacbc87ef7d2cb0202d857/element'
13:15:04.517 [Forwarding findElement on session c4439875dcbacbc87ef7d2cb0202d857 to remote] DEBUG org.asynchttpclient.netty.request.NettyRequestSender - Using open Channel [id: 0x4196185f, L:/127.0.0.1:51059 - R:localhost/127.0.0.1:52385] for POST '/session/c4439875dcbacbc87ef7d2cb0202d857/element'
13:15:04.532 [AsyncHttpClient-1-6] DEBUG org.asynchttpclient.netty.handler.HttpHandler - 

Request DefaultHttpRequest(decodeResult: success, version: HTTP/1.1)
POST /session/1a91c556fdf3d468fd4ee715a2a34d4a/element HTTP/1.1
User-Agent: selenium/4.1.4 (java windows)
Content-Length: 49
Content-Type: application/json; charset=utf-8
host: localhost:58371
accept: */*

Response DefaultHttpResponse(decodeResult: success, version: HTTP/1.1)
HTTP/1.1 200 OK
Content-Type: application/json; charset=utf-8
cache-control: no-cache
content-length: 88

13:15:04.532 [AsyncHttpClient-1-6] DEBUG org.asynchttpclient.netty.channel.ChannelManager - Adding key: http://localhost:58371 for channel [id: 0x6f6acf4e, L:/127.0.0.1:51062 - R:localhost/127.0.0.1:58371]
13:15:04.541 [Forwarding isElementDisplayed on session 1a91c556fdf3d468fd4ee715a2a34d4a to remote] DEBUG org.asynchttpclient.netty.request.NettyRequestSender - Using pooled Channel '[id: 0x6f6acf4e, L:/127.0.0.1:51062 - R:localhost/127.0.0.1:58371]' for 'POST' to 'http://localhost:58371/session/1a91c556fdf3d468fd4ee715a2a34d4a/execute/sync'
13:15:04.541 [Forwarding isElementDisplayed on session 1a91c556fdf3d468fd4ee715a2a34d4a to remote] DEBUG org.asynchttpclient.netty.request.NettyRequestSender - Using open Channel [id: 0x6f6acf4e, L:/127.0.0.1:51062 - R:localhost/127.0.0.1:58371] for POST '/session/1a91c556fdf3d468fd4ee715a2a34d4a/execute/sync'
13:15:04.552 [AsyncHttpClient-1-2] DEBUG org.asynchttpclient.netty.handler.HttpHandler - 

Request DefaultHttpRequest(decodeResult: success, version: HTTP/1.1)
POST /session/c4439875dcbacbc87ef7d2cb0202d857/element HTTP/1.1
User-Agent: selenium/4.1.4 (java windows)
Content-Length: 49
Content-Type: application/json; charset=utf-8
host: localhost:52385
accept: */*

Response DefaultHttpResponse(decodeResult: success, version: HTTP/1.1)
HTTP/1.1 200 OK
Content-Type: application/json; charset=utf-8
cache-control: no-cache
content-length: 88

13:15:04.552 [AsyncHttpClient-1-2] DEBUG org.asynchttpclient.netty.channel.ChannelManager - Adding key: http://localhost:52385 for channel [id: 0x4196185f, L:/127.0.0.1:51059 - R:localhost/127.0.0.1:52385]
13:15:04.566 [Forwarding isElementDisplayed on session c4439875dcbacbc87ef7d2cb0202d857 to remote] DEBUG org.asynchttpclient.netty.request.NettyRequestSender - Using pooled Channel '[id: 0x4196185f, L:/127.0.0.1:51059 - R:localhost/127.0.0.1:52385]' for 'POST' to 'http://localhost:52385/session/c4439875dcbacbc87ef7d2cb0202d857/execute/sync'
13:15:04.569 [Forwarding isElementDisplayed on session c4439875dcbacbc87ef7d2cb0202d857 to remote] DEBUG org.asynchttpclient.netty.request.NettyRequestSender - Using open Channel [id: 0x4196185f, L:/127.0.0.1:51059 - R:localhost/127.0.0.1:52385] for POST '/session/c4439875dcbacbc87ef7d2cb0202d857/execute/sync'
13:15:04.608 [AsyncHttpClient-1-3] DEBUG org.asynchttpclient.netty.handler.HttpHandler - 

Request DefaultHttpRequest(decodeResult: success, version: HTTP/1.1)
POST /session/fa5f4168d56159afc53bf03381c79015/url HTTP/1.1
User-Agent: selenium/4.1.4 (java windows)
Content-Length: 94
Content-Type: application/json; charset=utf-8
host: localhost:58433
accept: */*

Response DefaultHttpResponse(decodeResult: success, version: HTTP/1.1)
HTTP/1.1 200 OK
Content-Type: application/json; charset=utf-8
cache-control: no-cache
content-length: 14

13:15:04.608 [AsyncHttpClient-1-3] DEBUG org.asynchttpclient.netty.channel.ChannelManager - Adding key: http://localhost:58433 for channel [id: 0x508711ba, L:/127.0.0.1:51060 - R:localhost/127.0.0.1:58433]
13:15:04.610 [AsyncHttpClient-1-6] DEBUG org.asynchttpclient.netty.handler.HttpHandler - 

Request DefaultHttpRequest(decodeResult: success, version: HTTP/1.1)
POST /session/1a91c556fdf3d468fd4ee715a2a34d4a/execute/sync HTTP/1.1
User-Agent: selenium/4.1.4 (java windows)
Content-Length: 48780
Content-Type: application/json; charset=utf-8
host: localhost:58371
accept: */*

Response DefaultHttpResponse(decodeResult: success, version: HTTP/1.1)
HTTP/1.1 200 OK
Content-Type: application/json; charset=utf-8
cache-control: no-cache
content-length: 14

13:15:04.611 [AsyncHttpClient-1-6] DEBUG org.asynchttpclient.netty.channel.ChannelManager - Adding key: http://localhost:58371 for channel [id: 0x6f6acf4e, L:/127.0.0.1:51062 - R:localhost/127.0.0.1:58371]
13:15:04.618 [Forwarding findElement on session 1a91c556fdf3d468fd4ee715a2a34d4a to remote] DEBUG org.asynchttpclient.netty.request.NettyRequestSender - Using pooled Channel '[id: 0x6f6acf4e, L:/127.0.0.1:51062 - R:localhost/127.0.0.1:58371]' for 'POST' to 'http://localhost:58371/session/1a91c556fdf3d468fd4ee715a2a34d4a/element'
13:15:04.618 [Forwarding findElement on session 1a91c556fdf3d468fd4ee715a2a34d4a to remote] DEBUG org.asynchttpclient.netty.request.NettyRequestSender - Using open Channel [id: 0x6f6acf4e, L:/127.0.0.1:51062 - R:localhost/127.0.0.1:58371] for POST '/session/1a91c556fdf3d468fd4ee715a2a34d4a/element'
13:15:04.618 [Forwarding findElement on session fa5f4168d56159afc53bf03381c79015 to remote] DEBUG org.asynchttpclient.netty.request.NettyRequestSender - Using pooled Channel '[id: 0x508711ba, L:/127.0.0.1:51060 - R:localhost/127.0.0.1:58433]' for 'POST' to 'http://localhost:58433/session/fa5f4168d56159afc53bf03381c79015/element'
13:15:04.618 [Forwarding findElement on session fa5f4168d56159afc53bf03381c79015 to remote] DEBUG org.asynchttpclient.netty.request.NettyRequestSender - Using open Channel [id: 0x508711ba, L:/127.0.0.1:51060 - R:localhost/127.0.0.1:58433] for POST '/session/fa5f4168d56159afc53bf03381c79015/element'
13:15:04.626 [AsyncHttpClient-1-2] DEBUG org.asynchttpclient.netty.handler.HttpHandler - 

Request DefaultHttpRequest(decodeResult: success, version: HTTP/1.1)
POST /session/c4439875dcbacbc87ef7d2cb0202d857/execute/sync HTTP/1.1
User-Agent: selenium/4.1.4 (java windows)
Content-Length: 48780
Content-Type: application/json; charset=utf-8
host: localhost:52385
accept: */*

Response DefaultHttpResponse(decodeResult: success, version: HTTP/1.1)
HTTP/1.1 200 OK
Content-Type: application/json; charset=utf-8
cache-control: no-cache
content-length: 14

13:15:04.627 [AsyncHttpClient-1-2] DEBUG org.asynchttpclient.netty.channel.ChannelManager - Adding key: http://localhost:52385 for channel [id: 0x4196185f, L:/127.0.0.1:51059 - R:localhost/127.0.0.1:52385]
13:15:04.633 [Forwarding findElement on session c4439875dcbacbc87ef7d2cb0202d857 to remote] DEBUG org.asynchttpclient.netty.request.NettyRequestSender - Using pooled Channel '[id: 0x4196185f, L:/127.0.0.1:51059 - R:localhost/127.0.0.1:52385]' for 'POST' to 'http://localhost:52385/session/c4439875dcbacbc87ef7d2cb0202d857/element'
13:15:04.634 [Forwarding findElement on session c4439875dcbacbc87ef7d2cb0202d857 to remote] DEBUG org.asynchttpclient.netty.request.NettyRequestSender - Using open Channel [id: 0x4196185f, L:/127.0.0.1:51059 - R:localhost/127.0.0.1:52385] for POST '/session/c4439875dcbacbc87ef7d2cb0202d857/element'
13:15:04.643 [AsyncHttpClient-1-6] DEBUG org.asynchttpclient.netty.handler.HttpHandler - 

Request DefaultHttpRequest(decodeResult: success, version: HTTP/1.1)
POST /session/1a91c556fdf3d468fd4ee715a2a34d4a/element HTTP/1.1
User-Agent: selenium/4.1.4 (java windows)
Content-Length: 49
Content-Type: application/json; charset=utf-8
host: localhost:58371
accept: */*

Response DefaultHttpResponse(decodeResult: success, version: HTTP/1.1)
HTTP/1.1 200 OK
Content-Type: application/json; charset=utf-8
cache-control: no-cache
content-length: 88

13:15:04.643 [AsyncHttpClient-1-6] DEBUG org.asynchttpclient.netty.channel.ChannelManager - Adding key: http://localhost:58371 for channel [id: 0x6f6acf4e, L:/127.0.0.1:51062 - R:localhost/127.0.0.1:58371]
13:15:04.646 [Forwarding isElementEnabled on session 1a91c556fdf3d468fd4ee715a2a34d4a to remote] DEBUG org.asynchttpclient.netty.request.NettyRequestSender - Using pooled Channel '[id: 0x6f6acf4e, L:/127.0.0.1:51062 - R:localhost/127.0.0.1:58371]' for 'GET' to 'http://localhost:58371/session/1a91c556fdf3d468fd4ee715a2a34d4a/element/4c59c549-a03e-4a64-aebc-ec14f658a7cc/enabled'
13:15:04.646 [Forwarding isElementEnabled on session 1a91c556fdf3d468fd4ee715a2a34d4a to remote] DEBUG org.asynchttpclient.netty.request.NettyRequestSender - Using open Channel [id: 0x6f6acf4e, L:/127.0.0.1:51062 - R:localhost/127.0.0.1:58371] for GET '/session/1a91c556fdf3d468fd4ee715a2a34d4a/element/4c59c549-a03e-4a64-aebc-ec14f658a7cc/enabled'
13:15:04.647 [AsyncHttpClient-1-3] DEBUG org.asynchttpclient.netty.handler.HttpHandler - 

Request DefaultHttpRequest(decodeResult: success, version: HTTP/1.1)
POST /session/fa5f4168d56159afc53bf03381c79015/element HTTP/1.1
User-Agent: selenium/4.1.4 (java windows)
Content-Length: 49
Content-Type: application/json; charset=utf-8
host: localhost:58433
accept: */*

Response DefaultHttpResponse(decodeResult: success, version: HTTP/1.1)
HTTP/1.1 200 OK
Content-Type: application/json; charset=utf-8
cache-control: no-cache
content-length: 88

13:15:04.648 [AsyncHttpClient-1-3] DEBUG org.asynchttpclient.netty.channel.ChannelManager - Adding key: http://localhost:58433 for channel [id: 0x508711ba, L:/127.0.0.1:51060 - R:localhost/127.0.0.1:58433]
13:15:04.655 [Forwarding isElementDisplayed on session fa5f4168d56159afc53bf03381c79015 to remote] DEBUG org.asynchttpclient.netty.request.NettyRequestSender - Using pooled Channel '[id: 0x508711ba, L:/127.0.0.1:51060 - R:localhost/127.0.0.1:58433]' for 'POST' to 'http://localhost:58433/session/fa5f4168d56159afc53bf03381c79015/execute/sync'
13:15:04.655 [Forwarding isElementDisplayed on session fa5f4168d56159afc53bf03381c79015 to remote] DEBUG org.asynchttpclient.netty.request.NettyRequestSender - Using open Channel [id: 0x508711ba, L:/127.0.0.1:51060 - R:localhost/127.0.0.1:58433] for POST '/session/fa5f4168d56159afc53bf03381c79015/execute/sync'
13:15:04.666 [AsyncHttpClient-1-2] DEBUG org.asynchttpclient.netty.handler.HttpHandler - 

Request DefaultHttpRequest(decodeResult: success, version: HTTP/1.1)
POST /session/c4439875dcbacbc87ef7d2cb0202d857/element HTTP/1.1
User-Agent: selenium/4.1.4 (java windows)
Content-Length: 49
Content-Type: application/json; charset=utf-8
host: localhost:52385
accept: */*

Response DefaultHttpResponse(decodeResult: success, version: HTTP/1.1)
HTTP/1.1 200 OK
Content-Type: application/json; charset=utf-8
cache-control: no-cache
content-length: 88

13:15:04.667 [AsyncHttpClient-1-2] DEBUG org.asynchttpclient.netty.channel.ChannelManager - Adding key: http://localhost:52385 for channel [id: 0x4196185f, L:/127.0.0.1:51059 - R:localhost/127.0.0.1:52385]
13:15:04.669 [Forwarding isElementEnabled on session c4439875dcbacbc87ef7d2cb0202d857 to remote] DEBUG org.asynchttpclient.netty.request.NettyRequestSender - Using pooled Channel '[id: 0x4196185f, L:/127.0.0.1:51059 - R:localhost/127.0.0.1:52385]' for 'GET' to 'http://localhost:52385/session/c4439875dcbacbc87ef7d2cb0202d857/element/e28b770a-fdab-4220-ab52-7f3e1c4cb487/enabled'
13:15:04.669 [Forwarding isElementEnabled on session c4439875dcbacbc87ef7d2cb0202d857 to remote] DEBUG org.asynchttpclient.netty.request.NettyRequestSender - Using open Channel [id: 0x4196185f, L:/127.0.0.1:51059 - R:localhost/127.0.0.1:52385] for GET '/session/c4439875dcbacbc87ef7d2cb0202d857/element/e28b770a-fdab-4220-ab52-7f3e1c4cb487/enabled'
13:15:04.672 [AsyncHttpClient-1-6] DEBUG org.asynchttpclient.netty.handler.HttpHandler - 

Request DefaultFullHttpRequest(decodeResult: success, version: HTTP/1.1, content: EmptyByteBufBE)
GET /session/1a91c556fdf3d468fd4ee715a2a34d4a/element/4c59c549-a03e-4a64-aebc-ec14f658a7cc/enabled HTTP/1.1
User-Agent: selenium/4.1.4 (java windows)
Cache-Control: no-cache
Content-Type: application/json; charset=utf-8
host: localhost:58371
accept: */*

Response DefaultHttpResponse(decodeResult: success, version: HTTP/1.1)
HTTP/1.1 200 OK
Content-Type: application/json; charset=utf-8
cache-control: no-cache
content-length: 14

13:15:04.672 [AsyncHttpClient-1-6] DEBUG org.asynchttpclient.netty.channel.ChannelManager - Adding key: http://localhost:58371 for channel [id: 0x6f6acf4e, L:/127.0.0.1:51062 - R:localhost/127.0.0.1:58371]
13:15:04.674 [Forwarding findElement on session 1a91c556fdf3d468fd4ee715a2a34d4a to remote] DEBUG org.asynchttpclient.netty.request.NettyRequestSender - Using pooled Channel '[id: 0x6f6acf4e, L:/127.0.0.1:51062 - R:localhost/127.0.0.1:58371]' for 'POST' to 'http://localhost:58371/session/1a91c556fdf3d468fd4ee715a2a34d4a/element'
13:15:04.675 [Forwarding findElement on session 1a91c556fdf3d468fd4ee715a2a34d4a to remote] DEBUG org.asynchttpclient.netty.request.NettyRequestSender - Using open Channel [id: 0x6f6acf4e, L:/127.0.0.1:51062 - R:localhost/127.0.0.1:58371] for POST '/session/1a91c556fdf3d468fd4ee715a2a34d4a/element'
13:15:04.688 [AsyncHttpClient-1-6] DEBUG org.asynchttpclient.netty.handler.HttpHandler - 

Request DefaultHttpRequest(decodeResult: success, version: HTTP/1.1)
POST /session/1a91c556fdf3d468fd4ee715a2a34d4a/element HTTP/1.1
User-Agent: selenium/4.1.4 (java windows)
Content-Length: 49
Content-Type: application/json; charset=utf-8
host: localhost:58371
accept: */*

Response DefaultHttpResponse(decodeResult: success, version: HTTP/1.1)
HTTP/1.1 200 OK
Content-Type: application/json; charset=utf-8
cache-control: no-cache
content-length: 88

13:15:04.688 [AsyncHttpClient-1-6] DEBUG org.asynchttpclient.netty.channel.ChannelManager - Adding key: http://localhost:58371 for channel [id: 0x6f6acf4e, L:/127.0.0.1:51062 - R:localhost/127.0.0.1:58371]
13:15:04.696 [Forwarding sendKeysToElement on session 1a91c556fdf3d468fd4ee715a2a34d4a to remote] DEBUG org.asynchttpclient.netty.request.NettyRequestSender - Using pooled Channel '[id: 0x6f6acf4e, L:/127.0.0.1:51062 - R:localhost/127.0.0.1:58371]' for 'POST' to 'http://localhost:58371/session/1a91c556fdf3d468fd4ee715a2a34d4a/element/4c59c549-a03e-4a64-aebc-ec14f658a7cc/value'
13:15:04.696 [Forwarding sendKeysToElement on session 1a91c556fdf3d468fd4ee715a2a34d4a to remote] DEBUG org.asynchttpclient.netty.request.NettyRequestSender - Using open Channel [id: 0x6f6acf4e, L:/127.0.0.1:51062 - R:localhost/127.0.0.1:58371] for POST '/session/1a91c556fdf3d468fd4ee715a2a34d4a/element/4c59c549-a03e-4a64-aebc-ec14f658a7cc/value'
13:15:04.700 [AsyncHttpClient-1-2] DEBUG org.asynchttpclient.netty.handler.HttpHandler - 

Request DefaultFullHttpRequest(decodeResult: success, version: HTTP/1.1, content: EmptyByteBufBE)
GET /session/c4439875dcbacbc87ef7d2cb0202d857/element/e28b770a-fdab-4220-ab52-7f3e1c4cb487/enabled HTTP/1.1
User-Agent: selenium/4.1.4 (java windows)
Cache-Control: no-cache
Content-Type: application/json; charset=utf-8
host: localhost:52385
accept: */*

Response DefaultHttpResponse(decodeResult: success, version: HTTP/1.1)
HTTP/1.1 200 OK
Content-Type: application/json; charset=utf-8
cache-control: no-cache
content-length: 14

13:15:04.701 [AsyncHttpClient-1-2] DEBUG org.asynchttpclient.netty.channel.ChannelManager - Adding key: http://localhost:52385 for channel [id: 0x4196185f, L:/127.0.0.1:51059 - R:localhost/127.0.0.1:52385]
13:15:04.703 [Forwarding findElement on session c4439875dcbacbc87ef7d2cb0202d857 to remote] DEBUG org.asynchttpclient.netty.request.NettyRequestSender - Using pooled Channel '[id: 0x4196185f, L:/127.0.0.1:51059 - R:localhost/127.0.0.1:52385]' for 'POST' to 'http://localhost:52385/session/c4439875dcbacbc87ef7d2cb0202d857/element'
13:15:04.703 [Forwarding findElement on session c4439875dcbacbc87ef7d2cb0202d857 to remote] DEBUG org.asynchttpclient.netty.request.NettyRequestSender - Using open Channel [id: 0x4196185f, L:/127.0.0.1:51059 - R:localhost/127.0.0.1:52385] for POST '/session/c4439875dcbacbc87ef7d2cb0202d857/element'
13:15:04.707 [AsyncHttpClient-1-3] DEBUG org.asynchttpclient.netty.handler.HttpHandler - 

Request DefaultHttpRequest(decodeResult: success, version: HTTP/1.1)
POST /session/fa5f4168d56159afc53bf03381c79015/execute/sync HTTP/1.1
User-Agent: selenium/4.1.4 (java windows)
Content-Length: 48780
Content-Type: application/json; charset=utf-8
host: localhost:58433
accept: */*

Response DefaultHttpResponse(decodeResult: success, version: HTTP/1.1)
HTTP/1.1 200 OK
Content-Type: application/json; charset=utf-8
cache-control: no-cache
content-length: 14

13:15:04.707 [AsyncHttpClient-1-3] DEBUG org.asynchttpclient.netty.channel.ChannelManager - Adding key: http://localhost:58433 for channel [id: 0x508711ba, L:/127.0.0.1:51060 - R:localhost/127.0.0.1:58433]
13:15:04.709 [Forwarding findElement on session fa5f4168d56159afc53bf03381c79015 to remote] DEBUG org.asynchttpclient.netty.request.NettyRequestSender - Using pooled Channel '[id: 0x508711ba, L:/127.0.0.1:51060 - R:localhost/127.0.0.1:58433]' for 'POST' to 'http://localhost:58433/session/fa5f4168d56159afc53bf03381c79015/element'
13:15:04.709 [Forwarding findElement on session fa5f4168d56159afc53bf03381c79015 to remote] DEBUG org.asynchttpclient.netty.request.NettyRequestSender - Using open Channel [id: 0x508711ba, L:/127.0.0.1:51060 - R:localhost/127.0.0.1:58433] for POST '/session/fa5f4168d56159afc53bf03381c79015/element'
13:15:04.732 [AsyncHttpClient-1-2] DEBUG org.asynchttpclient.netty.handler.HttpHandler - 

Request DefaultHttpRequest(decodeResult: success, version: HTTP/1.1)
POST /session/c4439875dcbacbc87ef7d2cb0202d857/element HTTP/1.1
User-Agent: selenium/4.1.4 (java windows)
Content-Length: 49
Content-Type: application/json; charset=utf-8
host: localhost:52385
accept: */*

Response DefaultHttpResponse(decodeResult: success, version: HTTP/1.1)
HTTP/1.1 200 OK
Content-Type: application/json; charset=utf-8
cache-control: no-cache
content-length: 88

13:15:04.733 [AsyncHttpClient-1-2] DEBUG org.asynchttpclient.netty.channel.ChannelManager - Adding key: http://localhost:52385 for channel [id: 0x4196185f, L:/127.0.0.1:51059 - R:localhost/127.0.0.1:52385]
13:15:04.736 [Forwarding sendKeysToElement on session c4439875dcbacbc87ef7d2cb0202d857 to remote] DEBUG org.asynchttpclient.netty.request.NettyRequestSender - Using pooled Channel '[id: 0x4196185f, L:/127.0.0.1:51059 - R:localhost/127.0.0.1:52385]' for 'POST' to 'http://localhost:52385/session/c4439875dcbacbc87ef7d2cb0202d857/element/e28b770a-fdab-4220-ab52-7f3e1c4cb487/value'
13:15:04.736 [Forwarding sendKeysToElement on session c4439875dcbacbc87ef7d2cb0202d857 to remote] DEBUG org.asynchttpclient.netty.request.NettyRequestSender - Using open Channel [id: 0x4196185f, L:/127.0.0.1:51059 - R:localhost/127.0.0.1:52385] for POST '/session/c4439875dcbacbc87ef7d2cb0202d857/element/e28b770a-fdab-4220-ab52-7f3e1c4cb487/value'
13:15:04.740 [AsyncHttpClient-1-3] DEBUG org.asynchttpclient.netty.handler.HttpHandler - 

Request DefaultHttpRequest(decodeResult: success, version: HTTP/1.1)
POST /session/fa5f4168d56159afc53bf03381c79015/element HTTP/1.1
User-Agent: selenium/4.1.4 (java windows)
Content-Length: 49
Content-Type: application/json; charset=utf-8
host: localhost:58433
accept: */*

Response DefaultHttpResponse(decodeResult: success, version: HTTP/1.1)
HTTP/1.1 200 OK
Content-Type: application/json; charset=utf-8
cache-control: no-cache
content-length: 88

13:15:04.740 [AsyncHttpClient-1-3] DEBUG org.asynchttpclient.netty.channel.ChannelManager - Adding key: http://localhost:58433 for channel [id: 0x508711ba, L:/127.0.0.1:51060 - R:localhost/127.0.0.1:58433]
13:15:04.742 [Forwarding isElementEnabled on session fa5f4168d56159afc53bf03381c79015 to remote] DEBUG org.asynchttpclient.netty.request.NettyRequestSender - Using pooled Channel '[id: 0x508711ba, L:/127.0.0.1:51060 - R:localhost/127.0.0.1:58433]' for 'GET' to 'http://localhost:58433/session/fa5f4168d56159afc53bf03381c79015/element/1c1726fa-cef7-4507-89e1-72ba252eec4f/enabled'
13:15:04.742 [Forwarding isElementEnabled on session fa5f4168d56159afc53bf03381c79015 to remote] DEBUG org.asynchttpclient.netty.request.NettyRequestSender - Using open Channel [id: 0x508711ba, L:/127.0.0.1:51060 - R:localhost/127.0.0.1:58433] for GET '/session/fa5f4168d56159afc53bf03381c79015/element/1c1726fa-cef7-4507-89e1-72ba252eec4f/enabled'
13:15:04.769 [AsyncHttpClient-1-3] DEBUG org.asynchttpclient.netty.handler.HttpHandler - 

Request DefaultFullHttpRequest(decodeResult: success, version: HTTP/1.1, content: EmptyByteBufBE)
GET /session/fa5f4168d56159afc53bf03381c79015/element/1c1726fa-cef7-4507-89e1-72ba252eec4f/enabled HTTP/1.1
User-Agent: selenium/4.1.4 (java windows)
Cache-Control: no-cache
Content-Type: application/json; charset=utf-8
host: localhost:58433
accept: */*

Response DefaultHttpResponse(decodeResult: success, version: HTTP/1.1)
HTTP/1.1 200 OK
Content-Type: application/json; charset=utf-8
cache-control: no-cache
content-length: 14

13:15:04.769 [AsyncHttpClient-1-3] DEBUG org.asynchttpclient.netty.channel.ChannelManager - Adding key: http://localhost:58433 for channel [id: 0x508711ba, L:/127.0.0.1:51060 - R:localhost/127.0.0.1:58433]
13:15:04.771 [Forwarding findElement on session fa5f4168d56159afc53bf03381c79015 to remote] DEBUG org.asynchttpclient.netty.request.NettyRequestSender - Using pooled Channel '[id: 0x508711ba, L:/127.0.0.1:51060 - R:localhost/127.0.0.1:58433]' for 'POST' to 'http://localhost:58433/session/fa5f4168d56159afc53bf03381c79015/element'
13:15:04.771 [Forwarding findElement on session fa5f4168d56159afc53bf03381c79015 to remote] DEBUG org.asynchttpclient.netty.request.NettyRequestSender - Using open Channel [id: 0x508711ba, L:/127.0.0.1:51060 - R:localhost/127.0.0.1:58433] for POST '/session/fa5f4168d56159afc53bf03381c79015/element'
13:15:04.787 [AsyncHttpClient-1-3] DEBUG org.asynchttpclient.netty.handler.HttpHandler - 

Request DefaultHttpRequest(decodeResult: success, version: HTTP/1.1)
POST /session/fa5f4168d56159afc53bf03381c79015/element HTTP/1.1
User-Agent: selenium/4.1.4 (java windows)
Content-Length: 49
Content-Type: application/json; charset=utf-8
host: localhost:58433
accept: */*

Response DefaultHttpResponse(decodeResult: success, version: HTTP/1.1)
HTTP/1.1 200 OK
Content-Type: application/json; charset=utf-8
cache-control: no-cache
content-length: 88

13:15:04.788 [AsyncHttpClient-1-3] DEBUG org.asynchttpclient.netty.channel.ChannelManager - Adding key: http://localhost:58433 for channel [id: 0x508711ba, L:/127.0.0.1:51060 - R:localhost/127.0.0.1:58433]
13:15:04.791 [Forwarding sendKeysToElement on session fa5f4168d56159afc53bf03381c79015 to remote] DEBUG org.asynchttpclient.netty.request.NettyRequestSender - Using pooled Channel '[id: 0x508711ba, L:/127.0.0.1:51060 - R:localhost/127.0.0.1:58433]' for 'POST' to 'http://localhost:58433/session/fa5f4168d56159afc53bf03381c79015/element/1c1726fa-cef7-4507-89e1-72ba252eec4f/value'
13:15:04.791 [Forwarding sendKeysToElement on session fa5f4168d56159afc53bf03381c79015 to remote] DEBUG org.asynchttpclient.netty.request.NettyRequestSender - Using open Channel [id: 0x508711ba, L:/127.0.0.1:51060 - R:localhost/127.0.0.1:58433] for POST '/session/fa5f4168d56159afc53bf03381c79015/element/1c1726fa-cef7-4507-89e1-72ba252eec4f/value'
13:15:04.826 [AsyncHttpClient-1-6] DEBUG org.asynchttpclient.netty.handler.HttpHandler - 

Request DefaultHttpRequest(decodeResult: success, version: HTTP/1.1)
POST /session/1a91c556fdf3d468fd4ee715a2a34d4a/element/4c59c549-a03e-4a64-aebc-ec14f658a7cc/value HTTP/1.1
User-Agent: selenium/4.1.4 (java windows)
Content-Length: 181
Content-Type: application/json; charset=utf-8
host: localhost:58371
accept: */*

Response DefaultHttpResponse(decodeResult: success, version: HTTP/1.1)
HTTP/1.1 200 OK
Content-Type: application/json; charset=utf-8
cache-control: no-cache
content-length: 14

13:15:04.826 [AsyncHttpClient-1-6] DEBUG org.asynchttpclient.netty.channel.ChannelManager - Adding key: http://localhost:58371 for channel [id: 0x6f6acf4e, L:/127.0.0.1:51062 - R:localhost/127.0.0.1:58371]
13:15:04.831 [AsyncHttpClient-1-1] DEBUG org.asynchttpclient.netty.channel.DefaultChannelPool - Entry count for : http://localhost:58371 : 1
13:15:04.831 [AsyncHttpClient-1-1] DEBUG org.asynchttpclient.netty.channel.DefaultChannelPool - Entry count for : http://localhost:51063 : 1
13:15:04.831 [AsyncHttpClient-1-1] DEBUG org.asynchttpclient.netty.channel.DefaultChannelPool - Entry count for : http://localhost:51064 : 1
13:15:04.831 [AsyncHttpClient-1-1] DEBUG org.asynchttpclient.netty.channel.DefaultChannelPool - Entry count for : http://localhost:51069 : 1
13:15:04.832 [Forwarding findElement on session 1a91c556fdf3d468fd4ee715a2a34d4a to remote] DEBUG org.asynchttpclient.netty.request.NettyRequestSender - Using pooled Channel '[id: 0x6f6acf4e, L:/127.0.0.1:51062 - R:localhost/127.0.0.1:58371]' for 'POST' to 'http://localhost:58371/session/1a91c556fdf3d468fd4ee715a2a34d4a/element'
13:15:04.833 [Forwarding findElement on session 1a91c556fdf3d468fd4ee715a2a34d4a to remote] DEBUG org.asynchttpclient.netty.request.NettyRequestSender - Using open Channel [id: 0x6f6acf4e, L:/127.0.0.1:51062 - R:localhost/127.0.0.1:58371] for POST '/session/1a91c556fdf3d468fd4ee715a2a34d4a/element'
13:15:04.857 [AsyncHttpClient-1-6] DEBUG org.asynchttpclient.netty.handler.HttpHandler - 

Request DefaultHttpRequest(decodeResult: success, version: HTTP/1.1)
POST /session/1a91c556fdf3d468fd4ee715a2a34d4a/element HTTP/1.1
User-Agent: selenium/4.1.4 (java windows)
Content-Length: 53
Content-Type: application/json; charset=utf-8
host: localhost:58371
accept: */*

Response DefaultHttpResponse(decodeResult: success, version: HTTP/1.1)
HTTP/1.1 200 OK
Content-Type: application/json; charset=utf-8
cache-control: no-cache
content-length: 88

13:15:04.858 [AsyncHttpClient-1-6] DEBUG org.asynchttpclient.netty.channel.ChannelManager - Adding key: http://localhost:58371 for channel [id: 0x6f6acf4e, L:/127.0.0.1:51062 - R:localhost/127.0.0.1:58371]
13:15:04.871 [Forwarding isElementDisplayed on session 1a91c556fdf3d468fd4ee715a2a34d4a to remote] DEBUG org.asynchttpclient.netty.request.NettyRequestSender - Using pooled Channel '[id: 0x6f6acf4e, L:/127.0.0.1:51062 - R:localhost/127.0.0.1:58371]' for 'POST' to 'http://localhost:58371/session/1a91c556fdf3d468fd4ee715a2a34d4a/execute/sync'
13:15:04.872 [Forwarding isElementDisplayed on session 1a91c556fdf3d468fd4ee715a2a34d4a to remote] DEBUG org.asynchttpclient.netty.request.NettyRequestSender - Using open Channel [id: 0x6f6acf4e, L:/127.0.0.1:51062 - R:localhost/127.0.0.1:58371] for POST '/session/1a91c556fdf3d468fd4ee715a2a34d4a/execute/sync'
13:15:04.892 [AsyncHttpClient-1-2] DEBUG org.asynchttpclient.netty.handler.HttpHandler - 

Request DefaultHttpRequest(decodeResult: success, version: HTTP/1.1)
POST /session/c4439875dcbacbc87ef7d2cb0202d857/element/e28b770a-fdab-4220-ab52-7f3e1c4cb487/value HTTP/1.1
User-Agent: selenium/4.1.4 (java windows)
Content-Length: 181
Content-Type: application/json; charset=utf-8
host: localhost:52385
accept: */*

Response DefaultHttpResponse(decodeResult: success, version: HTTP/1.1)
HTTP/1.1 200 OK
Content-Type: application/json; charset=utf-8
cache-control: no-cache
content-length: 14

13:15:04.892 [AsyncHttpClient-1-2] DEBUG org.asynchttpclient.netty.channel.ChannelManager - Adding key: http://localhost:52385 for channel [id: 0x4196185f, L:/127.0.0.1:51059 - R:localhost/127.0.0.1:52385]
13:15:04.901 [Forwarding findElement on session c4439875dcbacbc87ef7d2cb0202d857 to remote] DEBUG org.asynchttpclient.netty.request.NettyRequestSender - Using pooled Channel '[id: 0x4196185f, L:/127.0.0.1:51059 - R:localhost/127.0.0.1:52385]' for 'POST' to 'http://localhost:52385/session/c4439875dcbacbc87ef7d2cb0202d857/element'
13:15:04.901 [Forwarding findElement on session c4439875dcbacbc87ef7d2cb0202d857 to remote] DEBUG org.asynchttpclient.netty.request.NettyRequestSender - Using open Channel [id: 0x4196185f, L:/127.0.0.1:51059 - R:localhost/127.0.0.1:52385] for POST '/session/c4439875dcbacbc87ef7d2cb0202d857/element'
13:15:04.937 [AsyncHttpClient-1-2] DEBUG org.asynchttpclient.netty.handler.HttpHandler - 

Request DefaultHttpRequest(decodeResult: success, version: HTTP/1.1)
POST /session/c4439875dcbacbc87ef7d2cb0202d857/element HTTP/1.1
User-Agent: selenium/4.1.4 (java windows)
Content-Length: 53
Content-Type: application/json; charset=utf-8
host: localhost:52385
accept: */*

Response DefaultHttpResponse(decodeResult: success, version: HTTP/1.1)
HTTP/1.1 200 OK
Content-Type: application/json; charset=utf-8
cache-control: no-cache
content-length: 88

13:15:04.938 [AsyncHttpClient-1-2] DEBUG org.asynchttpclient.netty.channel.ChannelManager - Adding key: http://localhost:52385 for channel [id: 0x4196185f, L:/127.0.0.1:51059 - R:localhost/127.0.0.1:52385]
13:15:04.942 [AsyncHttpClient-1-6] DEBUG org.asynchttpclient.netty.handler.HttpHandler - 

Request DefaultHttpRequest(decodeResult: success, version: HTTP/1.1)
POST /session/1a91c556fdf3d468fd4ee715a2a34d4a/execute/sync HTTP/1.1
User-Agent: selenium/4.1.4 (java windows)
Content-Length: 48780
Content-Type: application/json; charset=utf-8
host: localhost:58371
accept: */*

Response DefaultHttpResponse(decodeResult: success, version: HTTP/1.1)
HTTP/1.1 200 OK
Content-Type: application/json; charset=utf-8
cache-control: no-cache
content-length: 14

13:15:04.942 [AsyncHttpClient-1-6] DEBUG org.asynchttpclient.netty.channel.ChannelManager - Adding key: http://localhost:58371 for channel [id: 0x6f6acf4e, L:/127.0.0.1:51062 - R:localhost/127.0.0.1:58371]
13:15:04.949 [Forwarding findElement on session 1a91c556fdf3d468fd4ee715a2a34d4a to remote] DEBUG org.asynchttpclient.netty.request.NettyRequestSender - Using pooled Channel '[id: 0x6f6acf4e, L:/127.0.0.1:51062 - R:localhost/127.0.0.1:58371]' for 'POST' to 'http://localhost:58371/session/1a91c556fdf3d468fd4ee715a2a34d4a/element'
13:15:04.949 [Forwarding findElement on session 1a91c556fdf3d468fd4ee715a2a34d4a to remote] DEBUG org.asynchttpclient.netty.request.NettyRequestSender - Using open Channel [id: 0x6f6acf4e, L:/127.0.0.1:51062 - R:localhost/127.0.0.1:58371] for POST '/session/1a91c556fdf3d468fd4ee715a2a34d4a/element'
13:15:04.952 [Forwarding isElementDisplayed on session c4439875dcbacbc87ef7d2cb0202d857 to remote] DEBUG org.asynchttpclient.netty.request.NettyRequestSender - Using pooled Channel '[id: 0x4196185f, L:/127.0.0.1:51059 - R:localhost/127.0.0.1:52385]' for 'POST' to 'http://localhost:52385/session/c4439875dcbacbc87ef7d2cb0202d857/execute/sync'
13:15:04.952 [Forwarding isElementDisplayed on session c4439875dcbacbc87ef7d2cb0202d857 to remote] DEBUG org.asynchttpclient.netty.request.NettyRequestSender - Using open Channel [id: 0x4196185f, L:/127.0.0.1:51059 - R:localhost/127.0.0.1:52385] for POST '/session/c4439875dcbacbc87ef7d2cb0202d857/execute/sync'
13:15:04.976 [AsyncHttpClient-1-3] DEBUG org.asynchttpclient.netty.handler.HttpHandler - 

Request DefaultHttpRequest(decodeResult: success, version: HTTP/1.1)
POST /session/fa5f4168d56159afc53bf03381c79015/element/1c1726fa-cef7-4507-89e1-72ba252eec4f/value HTTP/1.1
User-Agent: selenium/4.1.4 (java windows)
Content-Length: 181
Content-Type: application/json; charset=utf-8
host: localhost:58433
accept: */*

Response DefaultHttpResponse(decodeResult: success, version: HTTP/1.1)
HTTP/1.1 200 OK
Content-Type: application/json; charset=utf-8
cache-control: no-cache
content-length: 14

13:15:04.977 [AsyncHttpClient-1-3] DEBUG org.asynchttpclient.netty.channel.ChannelManager - Adding key: http://localhost:58433 for channel [id: 0x508711ba, L:/127.0.0.1:51060 - R:localhost/127.0.0.1:58433]
13:15:04.983 [Forwarding findElement on session fa5f4168d56159afc53bf03381c79015 to remote] DEBUG org.asynchttpclient.netty.request.NettyRequestSender - Using pooled Channel '[id: 0x508711ba, L:/127.0.0.1:51060 - R:localhost/127.0.0.1:58433]' for 'POST' to 'http://localhost:58433/session/fa5f4168d56159afc53bf03381c79015/element'
13:15:04.983 [Forwarding findElement on session fa5f4168d56159afc53bf03381c79015 to remote] DEBUG org.asynchttpclient.netty.request.NettyRequestSender - Using open Channel [id: 0x508711ba, L:/127.0.0.1:51060 - R:localhost/127.0.0.1:58433] for POST '/session/fa5f4168d56159afc53bf03381c79015/element'
13:15:05.020 [AsyncHttpClient-1-3] DEBUG org.asynchttpclient.netty.handler.HttpHandler - 

Request DefaultHttpRequest(decodeResult: success, version: HTTP/1.1)
POST /session/fa5f4168d56159afc53bf03381c79015/element HTTP/1.1
User-Agent: selenium/4.1.4 (java windows)
Content-Length: 53
Content-Type: application/json; charset=utf-8
host: localhost:58433
accept: */*

Response DefaultHttpResponse(decodeResult: success, version: HTTP/1.1)
HTTP/1.1 200 OK
Content-Type: application/json; charset=utf-8
cache-control: no-cache
content-length: 88

13:15:05.021 [AsyncHttpClient-1-3] DEBUG org.asynchttpclient.netty.channel.ChannelManager - Adding key: http://localhost:58433 for channel [id: 0x508711ba, L:/127.0.0.1:51060 - R:localhost/127.0.0.1:58433]
13:15:05.031 [Forwarding isElementDisplayed on session fa5f4168d56159afc53bf03381c79015 to remote] DEBUG org.asynchttpclient.netty.request.NettyRequestSender - Using pooled Channel '[id: 0x508711ba, L:/127.0.0.1:51060 - R:localhost/127.0.0.1:58433]' for 'POST' to 'http://localhost:58433/session/fa5f4168d56159afc53bf03381c79015/execute/sync'
13:15:05.031 [Forwarding isElementDisplayed on session fa5f4168d56159afc53bf03381c79015 to remote] DEBUG org.asynchttpclient.netty.request.NettyRequestSender - Using open Channel [id: 0x508711ba, L:/127.0.0.1:51060 - R:localhost/127.0.0.1:58433] for POST '/session/fa5f4168d56159afc53bf03381c79015/execute/sync'
13:15:05.069 [AsyncHttpClient-1-3] DEBUG org.asynchttpclient.netty.handler.HttpHandler - 

Request DefaultHttpRequest(decodeResult: success, version: HTTP/1.1)
POST /session/fa5f4168d56159afc53bf03381c79015/execute/sync HTTP/1.1
User-Agent: selenium/4.1.4 (java windows)
Content-Length: 48780
Content-Type: application/json; charset=utf-8
host: localhost:58433
accept: */*

Response DefaultHttpResponse(decodeResult: success, version: HTTP/1.1)
HTTP/1.1 200 OK
Content-Type: application/json; charset=utf-8
cache-control: no-cache
content-length: 14

13:15:05.069 [AsyncHttpClient-1-3] DEBUG org.asynchttpclient.netty.channel.ChannelManager - Adding key: http://localhost:58433 for channel [id: 0x508711ba, L:/127.0.0.1:51060 - R:localhost/127.0.0.1:58433]
13:15:05.070 [AsyncHttpClient-1-6] DEBUG org.asynchttpclient.netty.handler.HttpHandler - 

Request DefaultHttpRequest(decodeResult: success, version: HTTP/1.1)
POST /session/1a91c556fdf3d468fd4ee715a2a34d4a/element HTTP/1.1
User-Agent: selenium/4.1.4 (java windows)
Content-Length: 53
Content-Type: application/json; charset=utf-8
host: localhost:58371
accept: */*

Response DefaultHttpResponse(decodeResult: success, version: HTTP/1.1)
HTTP/1.1 200 OK
Content-Type: application/json; charset=utf-8
cache-control: no-cache
content-length: 88

13:15:05.070 [AsyncHttpClient-1-6] DEBUG org.asynchttpclient.netty.channel.ChannelManager - Adding key: http://localhost:58371 for channel [id: 0x6f6acf4e, L:/127.0.0.1:51062 - R:localhost/127.0.0.1:58371]
13:15:05.072 [Forwarding findElement on session fa5f4168d56159afc53bf03381c79015 to remote] DEBUG org.asynchttpclient.netty.request.NettyRequestSender - Using pooled Channel '[id: 0x508711ba, L:/127.0.0.1:51060 - R:localhost/127.0.0.1:58433]' for 'POST' to 'http://localhost:58433/session/fa5f4168d56159afc53bf03381c79015/element'
13:15:05.072 [Forwarding findElement on session fa5f4168d56159afc53bf03381c79015 to remote] DEBUG org.asynchttpclient.netty.request.NettyRequestSender - Using open Channel [id: 0x508711ba, L:/127.0.0.1:51060 - R:localhost/127.0.0.1:58433] for POST '/session/fa5f4168d56159afc53bf03381c79015/element'
13:15:05.073 [Forwarding isElementEnabled on session 1a91c556fdf3d468fd4ee715a2a34d4a to remote] DEBUG org.asynchttpclient.netty.request.NettyRequestSender - Using pooled Channel '[id: 0x6f6acf4e, L:/127.0.0.1:51062 - R:localhost/127.0.0.1:58371]' for 'GET' to 'http://localhost:58371/session/1a91c556fdf3d468fd4ee715a2a34d4a/element/b8700be0-b9b2-4d11-a219-b120aa766609/enabled'
13:15:05.073 [Forwarding isElementEnabled on session 1a91c556fdf3d468fd4ee715a2a34d4a to remote] DEBUG org.asynchttpclient.netty.request.NettyRequestSender - Using open Channel [id: 0x6f6acf4e, L:/127.0.0.1:51062 - R:localhost/127.0.0.1:58371] for GET '/session/1a91c556fdf3d468fd4ee715a2a34d4a/element/b8700be0-b9b2-4d11-a219-b120aa766609/enabled'
13:15:05.085 [AsyncHttpClient-1-2] DEBUG org.asynchttpclient.netty.handler.HttpHandler - 

Request DefaultHttpRequest(decodeResult: success, version: HTTP/1.1)
POST /session/c4439875dcbacbc87ef7d2cb0202d857/execute/sync HTTP/1.1
User-Agent: selenium/4.1.4 (java windows)
Content-Length: 48780
Content-Type: application/json; charset=utf-8
host: localhost:52385
accept: */*

Response DefaultHttpResponse(decodeResult: success, version: HTTP/1.1)
HTTP/1.1 200 OK
Content-Type: application/json; charset=utf-8
cache-control: no-cache
content-length: 14

13:15:05.085 [AsyncHttpClient-1-2] DEBUG org.asynchttpclient.netty.channel.ChannelManager - Adding key: http://localhost:52385 for channel [id: 0x4196185f, L:/127.0.0.1:51059 - R:localhost/127.0.0.1:52385]
13:15:05.088 [Forwarding findElement on session c4439875dcbacbc87ef7d2cb0202d857 to remote] DEBUG org.asynchttpclient.netty.request.NettyRequestSender - Using pooled Channel '[id: 0x4196185f, L:/127.0.0.1:51059 - R:localhost/127.0.0.1:52385]' for 'POST' to 'http://localhost:52385/session/c4439875dcbacbc87ef7d2cb0202d857/element'
13:15:05.088 [Forwarding findElement on session c4439875dcbacbc87ef7d2cb0202d857 to remote] DEBUG org.asynchttpclient.netty.request.NettyRequestSender - Using open Channel [id: 0x4196185f, L:/127.0.0.1:51059 - R:localhost/127.0.0.1:52385] for POST '/session/c4439875dcbacbc87ef7d2cb0202d857/element'
13:15:05.088 [AsyncHttpClient-1-3] DEBUG org.asynchttpclient.netty.handler.HttpHandler - 

Request DefaultHttpRequest(decodeResult: success, version: HTTP/1.1)
POST /session/fa5f4168d56159afc53bf03381c79015/element HTTP/1.1
User-Agent: selenium/4.1.4 (java windows)
Content-Length: 53
Content-Type: application/json; charset=utf-8
host: localhost:58433
accept: */*

Response DefaultHttpResponse(decodeResult: success, version: HTTP/1.1)
HTTP/1.1 200 OK
Content-Type: application/json; charset=utf-8
cache-control: no-cache
content-length: 88

13:15:05.088 [AsyncHttpClient-1-3] DEBUG org.asynchttpclient.netty.channel.ChannelManager - Adding key: http://localhost:58433 for channel [id: 0x508711ba, L:/127.0.0.1:51060 - R:localhost/127.0.0.1:58433]
13:15:05.090 [Forwarding isElementEnabled on session fa5f4168d56159afc53bf03381c79015 to remote] DEBUG org.asynchttpclient.netty.request.NettyRequestSender - Using pooled Channel '[id: 0x508711ba, L:/127.0.0.1:51060 - R:localhost/127.0.0.1:58433]' for 'GET' to 'http://localhost:58433/session/fa5f4168d56159afc53bf03381c79015/element/967ab252-765f-4c8f-9b4b-1ea6cd826a9b/enabled'
13:15:05.090 [Forwarding isElementEnabled on session fa5f4168d56159afc53bf03381c79015 to remote] DEBUG org.asynchttpclient.netty.request.NettyRequestSender - Using open Channel [id: 0x508711ba, L:/127.0.0.1:51060 - R:localhost/127.0.0.1:58433] for GET '/session/fa5f4168d56159afc53bf03381c79015/element/967ab252-765f-4c8f-9b4b-1ea6cd826a9b/enabled'
13:15:05.107 [AsyncHttpClient-1-6] DEBUG org.asynchttpclient.netty.handler.HttpHandler - 

Request DefaultFullHttpRequest(decodeResult: success, version: HTTP/1.1, content: EmptyByteBufBE)
GET /session/1a91c556fdf3d468fd4ee715a2a34d4a/element/b8700be0-b9b2-4d11-a219-b120aa766609/enabled HTTP/1.1
User-Agent: selenium/4.1.4 (java windows)
Cache-Control: no-cache
Content-Type: application/json; charset=utf-8
host: localhost:58371
accept: */*

Response DefaultHttpResponse(decodeResult: success, version: HTTP/1.1)
HTTP/1.1 200 OK
Content-Type: application/json; charset=utf-8
cache-control: no-cache
content-length: 14

13:15:05.107 [AsyncHttpClient-1-6] DEBUG org.asynchttpclient.netty.channel.ChannelManager - Adding key: http://localhost:58371 for channel [id: 0x6f6acf4e, L:/127.0.0.1:51062 - R:localhost/127.0.0.1:58371]
13:15:05.109 [AsyncHttpClient-1-3] DEBUG org.asynchttpclient.netty.handler.HttpHandler - 

Request DefaultFullHttpRequest(decodeResult: success, version: HTTP/1.1, content: EmptyByteBufBE)
GET /session/fa5f4168d56159afc53bf03381c79015/element/967ab252-765f-4c8f-9b4b-1ea6cd826a9b/enabled HTTP/1.1
User-Agent: selenium/4.1.4 (java windows)
Cache-Control: no-cache
Content-Type: application/json; charset=utf-8
host: localhost:58433
accept: */*

Response DefaultHttpResponse(decodeResult: success, version: HTTP/1.1)
HTTP/1.1 200 OK
Content-Type: application/json; charset=utf-8
cache-control: no-cache
content-length: 14

13:15:05.109 [Forwarding findElement on session 1a91c556fdf3d468fd4ee715a2a34d4a to remote] DEBUG org.asynchttpclient.netty.request.NettyRequestSender - Using pooled Channel '[id: 0x6f6acf4e, L:/127.0.0.1:51062 - R:localhost/127.0.0.1:58371]' for 'POST' to 'http://localhost:58371/session/1a91c556fdf3d468fd4ee715a2a34d4a/element'
13:15:05.109 [Forwarding findElement on session 1a91c556fdf3d468fd4ee715a2a34d4a to remote] DEBUG org.asynchttpclient.netty.request.NettyRequestSender - Using open Channel [id: 0x6f6acf4e, L:/127.0.0.1:51062 - R:localhost/127.0.0.1:58371] for POST '/session/1a91c556fdf3d468fd4ee715a2a34d4a/element'
13:15:05.109 [AsyncHttpClient-1-3] DEBUG org.asynchttpclient.netty.channel.ChannelManager - Adding key: http://localhost:58433 for channel [id: 0x508711ba, L:/127.0.0.1:51060 - R:localhost/127.0.0.1:58433]
13:15:05.115 [Forwarding findElement on session fa5f4168d56159afc53bf03381c79015 to remote] DEBUG org.asynchttpclient.netty.request.NettyRequestSender - Using pooled Channel '[id: 0x508711ba, L:/127.0.0.1:51060 - R:localhost/127.0.0.1:58433]' for 'POST' to 'http://localhost:58433/session/fa5f4168d56159afc53bf03381c79015/element'
13:15:05.115 [Forwarding findElement on session fa5f4168d56159afc53bf03381c79015 to remote] DEBUG org.asynchttpclient.netty.request.NettyRequestSender - Using open Channel [id: 0x508711ba, L:/127.0.0.1:51060 - R:localhost/127.0.0.1:58433] for POST '/session/fa5f4168d56159afc53bf03381c79015/element'
13:15:05.124 [AsyncHttpClient-1-3] DEBUG org.asynchttpclient.netty.handler.HttpHandler - 

Request DefaultHttpRequest(decodeResult: success, version: HTTP/1.1)
POST /session/fa5f4168d56159afc53bf03381c79015/element HTTP/1.1
User-Agent: selenium/4.1.4 (java windows)
Content-Length: 53
Content-Type: application/json; charset=utf-8
host: localhost:58433
accept: */*

Response DefaultHttpResponse(decodeResult: success, version: HTTP/1.1)
HTTP/1.1 200 OK
Content-Type: application/json; charset=utf-8
cache-control: no-cache
content-length: 88

13:15:05.125 [AsyncHttpClient-1-3] DEBUG org.asynchttpclient.netty.channel.ChannelManager - Adding key: http://localhost:58433 for channel [id: 0x508711ba, L:/127.0.0.1:51060 - R:localhost/127.0.0.1:58433]
13:15:05.131 [Forwarding sendKeysToElement on session fa5f4168d56159afc53bf03381c79015 to remote] DEBUG org.asynchttpclient.netty.request.NettyRequestSender - Using pooled Channel '[id: 0x508711ba, L:/127.0.0.1:51060 - R:localhost/127.0.0.1:58433]' for 'POST' to 'http://localhost:58433/session/fa5f4168d56159afc53bf03381c79015/element/967ab252-765f-4c8f-9b4b-1ea6cd826a9b/value'
13:15:05.131 [Forwarding sendKeysToElement on session fa5f4168d56159afc53bf03381c79015 to remote] DEBUG org.asynchttpclient.netty.request.NettyRequestSender - Using open Channel [id: 0x508711ba, L:/127.0.0.1:51060 - R:localhost/127.0.0.1:58433] for POST '/session/fa5f4168d56159afc53bf03381c79015/element/967ab252-765f-4c8f-9b4b-1ea6cd826a9b/value'
13:15:05.136 [AsyncHttpClient-1-6] DEBUG org.asynchttpclient.netty.handler.HttpHandler - 

Request DefaultHttpRequest(decodeResult: success, version: HTTP/1.1)
POST /session/1a91c556fdf3d468fd4ee715a2a34d4a/element HTTP/1.1
User-Agent: selenium/4.1.4 (java windows)
Content-Length: 53
Content-Type: application/json; charset=utf-8
host: localhost:58371
accept: */*

Response DefaultHttpResponse(decodeResult: success, version: HTTP/1.1)
HTTP/1.1 200 OK
Content-Type: application/json; charset=utf-8
cache-control: no-cache
content-length: 88

13:15:05.136 [AsyncHttpClient-1-6] DEBUG org.asynchttpclient.netty.channel.ChannelManager - Adding key: http://localhost:58371 for channel [id: 0x6f6acf4e, L:/127.0.0.1:51062 - R:localhost/127.0.0.1:58371]
13:15:05.137 [AsyncHttpClient-1-2] DEBUG org.asynchttpclient.netty.handler.HttpHandler - 

Request DefaultHttpRequest(decodeResult: success, version: HTTP/1.1)
POST /session/c4439875dcbacbc87ef7d2cb0202d857/element HTTP/1.1
User-Agent: selenium/4.1.4 (java windows)
Content-Length: 53
Content-Type: application/json; charset=utf-8
host: localhost:52385
accept: */*

Response DefaultHttpResponse(decodeResult: success, version: HTTP/1.1)
HTTP/1.1 200 OK
Content-Type: application/json; charset=utf-8
cache-control: no-cache
content-length: 88

13:15:05.137 [AsyncHttpClient-1-2] DEBUG org.asynchttpclient.netty.channel.ChannelManager - Adding key: http://localhost:52385 for channel [id: 0x4196185f, L:/127.0.0.1:51059 - R:localhost/127.0.0.1:52385]
13:15:05.139 [Forwarding sendKeysToElement on session 1a91c556fdf3d468fd4ee715a2a34d4a to remote] DEBUG org.asynchttpclient.netty.request.NettyRequestSender - Using pooled Channel '[id: 0x6f6acf4e, L:/127.0.0.1:51062 - R:localhost/127.0.0.1:58371]' for 'POST' to 'http://localhost:58371/session/1a91c556fdf3d468fd4ee715a2a34d4a/element/b8700be0-b9b2-4d11-a219-b120aa766609/value'
13:15:05.139 [Forwarding sendKeysToElement on session 1a91c556fdf3d468fd4ee715a2a34d4a to remote] DEBUG org.asynchttpclient.netty.request.NettyRequestSender - Using open Channel [id: 0x6f6acf4e, L:/127.0.0.1:51062 - R:localhost/127.0.0.1:58371] for POST '/session/1a91c556fdf3d468fd4ee715a2a34d4a/element/b8700be0-b9b2-4d11-a219-b120aa766609/value'
13:15:05.140 [Forwarding isElementEnabled on session c4439875dcbacbc87ef7d2cb0202d857 to remote] DEBUG org.asynchttpclient.netty.request.NettyRequestSender - Using pooled Channel '[id: 0x4196185f, L:/127.0.0.1:51059 - R:localhost/127.0.0.1:52385]' for 'GET' to 'http://localhost:52385/session/c4439875dcbacbc87ef7d2cb0202d857/element/297c660c-763e-45ea-b419-dce38bce96bf/enabled'
13:15:05.140 [Forwarding isElementEnabled on session c4439875dcbacbc87ef7d2cb0202d857 to remote] DEBUG org.asynchttpclient.netty.request.NettyRequestSender - Using open Channel [id: 0x4196185f, L:/127.0.0.1:51059 - R:localhost/127.0.0.1:52385] for GET '/session/c4439875dcbacbc87ef7d2cb0202d857/element/297c660c-763e-45ea-b419-dce38bce96bf/enabled'
13:15:05.156 [AsyncHttpClient-1-2] DEBUG org.asynchttpclient.netty.handler.HttpHandler - 

Request DefaultFullHttpRequest(decodeResult: success, version: HTTP/1.1, content: EmptyByteBufBE)
GET /session/c4439875dcbacbc87ef7d2cb0202d857/element/297c660c-763e-45ea-b419-dce38bce96bf/enabled HTTP/1.1
User-Agent: selenium/4.1.4 (java windows)
Cache-Control: no-cache
Content-Type: application/json; charset=utf-8
host: localhost:52385
accept: */*

Response DefaultHttpResponse(decodeResult: success, version: HTTP/1.1)
HTTP/1.1 200 OK
Content-Type: application/json; charset=utf-8
cache-control: no-cache
content-length: 14

13:15:05.157 [AsyncHttpClient-1-2] DEBUG org.asynchttpclient.netty.channel.ChannelManager - Adding key: http://localhost:52385 for channel [id: 0x4196185f, L:/127.0.0.1:51059 - R:localhost/127.0.0.1:52385]
13:15:05.159 [Forwarding findElement on session c4439875dcbacbc87ef7d2cb0202d857 to remote] DEBUG org.asynchttpclient.netty.request.NettyRequestSender - Using pooled Channel '[id: 0x4196185f, L:/127.0.0.1:51059 - R:localhost/127.0.0.1:52385]' for 'POST' to 'http://localhost:52385/session/c4439875dcbacbc87ef7d2cb0202d857/element'
13:15:05.159 [Forwarding findElement on session c4439875dcbacbc87ef7d2cb0202d857 to remote] DEBUG org.asynchttpclient.netty.request.NettyRequestSender - Using open Channel [id: 0x4196185f, L:/127.0.0.1:51059 - R:localhost/127.0.0.1:52385] for POST '/session/c4439875dcbacbc87ef7d2cb0202d857/element'
13:15:05.181 [AsyncHttpClient-1-2] DEBUG org.asynchttpclient.netty.handler.HttpHandler - 

Request DefaultHttpRequest(decodeResult: success, version: HTTP/1.1)
POST /session/c4439875dcbacbc87ef7d2cb0202d857/element HTTP/1.1
User-Agent: selenium/4.1.4 (java windows)
Content-Length: 53
Content-Type: application/json; charset=utf-8
host: localhost:52385
accept: */*

Response DefaultHttpResponse(decodeResult: success, version: HTTP/1.1)
HTTP/1.1 200 OK
Content-Type: application/json; charset=utf-8
cache-control: no-cache
content-length: 88

13:15:05.182 [AsyncHttpClient-1-2] DEBUG org.asynchttpclient.netty.channel.ChannelManager - Adding key: http://localhost:52385 for channel [id: 0x4196185f, L:/127.0.0.1:51059 - R:localhost/127.0.0.1:52385]
13:15:05.184 [Forwarding sendKeysToElement on session c4439875dcbacbc87ef7d2cb0202d857 to remote] DEBUG org.asynchttpclient.netty.request.NettyRequestSender - Using pooled Channel '[id: 0x4196185f, L:/127.0.0.1:51059 - R:localhost/127.0.0.1:52385]' for 'POST' to 'http://localhost:52385/session/c4439875dcbacbc87ef7d2cb0202d857/element/297c660c-763e-45ea-b419-dce38bce96bf/value'
13:15:05.184 [Forwarding sendKeysToElement on session c4439875dcbacbc87ef7d2cb0202d857 to remote] DEBUG org.asynchttpclient.netty.request.NettyRequestSender - Using open Channel [id: 0x4196185f, L:/127.0.0.1:51059 - R:localhost/127.0.0.1:52385] for POST '/session/c4439875dcbacbc87ef7d2cb0202d857/element/297c660c-763e-45ea-b419-dce38bce96bf/value'
13:15:05.226 [AsyncHttpClient-1-3] DEBUG org.asynchttpclient.netty.handler.HttpHandler - 

Request DefaultHttpRequest(decodeResult: success, version: HTTP/1.1)
POST /session/fa5f4168d56159afc53bf03381c79015/element/967ab252-765f-4c8f-9b4b-1ea6cd826a9b/value HTTP/1.1
User-Agent: selenium/4.1.4 (java windows)
Content-Length: 181
Content-Type: application/json; charset=utf-8
host: localhost:58433
accept: */*

Response DefaultHttpResponse(decodeResult: success, version: HTTP/1.1)
HTTP/1.1 200 OK
Content-Type: application/json; charset=utf-8
cache-control: no-cache
content-length: 14

13:15:05.226 [AsyncHttpClient-1-3] DEBUG org.asynchttpclient.netty.channel.ChannelManager - Adding key: http://localhost:58433 for channel [id: 0x508711ba, L:/127.0.0.1:51060 - R:localhost/127.0.0.1:58433]
13:15:05.234 [Forwarding findElement on session fa5f4168d56159afc53bf03381c79015 to remote] DEBUG org.asynchttpclient.netty.request.NettyRequestSender - Using pooled Channel '[id: 0x508711ba, L:/127.0.0.1:51060 - R:localhost/127.0.0.1:58433]' for 'POST' to 'http://localhost:58433/session/fa5f4168d56159afc53bf03381c79015/element'
13:15:05.234 [Forwarding findElement on session fa5f4168d56159afc53bf03381c79015 to remote] DEBUG org.asynchttpclient.netty.request.NettyRequestSender - Using open Channel [id: 0x508711ba, L:/127.0.0.1:51060 - R:localhost/127.0.0.1:58433] for POST '/session/fa5f4168d56159afc53bf03381c79015/element'
13:15:05.269 [AsyncHttpClient-1-6] DEBUG org.asynchttpclient.netty.handler.HttpHandler - 

Request DefaultHttpRequest(decodeResult: success, version: HTTP/1.1)
POST /session/1a91c556fdf3d468fd4ee715a2a34d4a/element/b8700be0-b9b2-4d11-a219-b120aa766609/value HTTP/1.1
User-Agent: selenium/4.1.4 (java windows)
Content-Length: 181
Content-Type: application/json; charset=utf-8
host: localhost:58371
accept: */*

Response DefaultHttpResponse(decodeResult: success, version: HTTP/1.1)
HTTP/1.1 200 OK
Content-Type: application/json; charset=utf-8
cache-control: no-cache
content-length: 14

13:15:05.269 [AsyncHttpClient-1-6] DEBUG org.asynchttpclient.netty.channel.ChannelManager - Adding key: http://localhost:58371 for channel [id: 0x6f6acf4e, L:/127.0.0.1:51062 - R:localhost/127.0.0.1:58371]
13:15:05.273 [Forwarding findElement on session 1a91c556fdf3d468fd4ee715a2a34d4a to remote] DEBUG org.asynchttpclient.netty.request.NettyRequestSender - Using pooled Channel '[id: 0x6f6acf4e, L:/127.0.0.1:51062 - R:localhost/127.0.0.1:58371]' for 'POST' to 'http://localhost:58371/session/1a91c556fdf3d468fd4ee715a2a34d4a/element'
13:15:05.273 [Forwarding findElement on session 1a91c556fdf3d468fd4ee715a2a34d4a to remote] DEBUG org.asynchttpclient.netty.request.NettyRequestSender - Using open Channel [id: 0x6f6acf4e, L:/127.0.0.1:51062 - R:localhost/127.0.0.1:58371] for POST '/session/1a91c556fdf3d468fd4ee715a2a34d4a/element'
13:15:05.284 [AsyncHttpClient-1-3] DEBUG org.asynchttpclient.netty.handler.HttpHandler - 

Request DefaultHttpRequest(decodeResult: success, version: HTTP/1.1)
POST /session/fa5f4168d56159afc53bf03381c79015/element HTTP/1.1
User-Agent: selenium/4.1.4 (java windows)
Content-Length: 59
Content-Type: application/json; charset=utf-8
host: localhost:58433
accept: */*

Response DefaultHttpResponse(decodeResult: success, version: HTTP/1.1)
HTTP/1.1 200 OK
Content-Type: application/json; charset=utf-8
cache-control: no-cache
content-length: 88

13:15:05.284 [AsyncHttpClient-1-3] DEBUG org.asynchttpclient.netty.channel.ChannelManager - Adding key: http://localhost:58433 for channel [id: 0x508711ba, L:/127.0.0.1:51060 - R:localhost/127.0.0.1:58433]
13:15:05.301 [Forwarding isElementDisplayed on session fa5f4168d56159afc53bf03381c79015 to remote] DEBUG org.asynchttpclient.netty.request.NettyRequestSender - Using pooled Channel '[id: 0x508711ba, L:/127.0.0.1:51060 - R:localhost/127.0.0.1:58433]' for 'POST' to 'http://localhost:58433/session/fa5f4168d56159afc53bf03381c79015/execute/sync'
13:15:05.301 [Forwarding isElementDisplayed on session fa5f4168d56159afc53bf03381c79015 to remote] DEBUG org.asynchttpclient.netty.request.NettyRequestSender - Using open Channel [id: 0x508711ba, L:/127.0.0.1:51060 - R:localhost/127.0.0.1:58433] for POST '/session/fa5f4168d56159afc53bf03381c79015/execute/sync'
13:15:05.310 [AsyncHttpClient-1-6] DEBUG org.asynchttpclient.netty.handler.HttpHandler - 

Request DefaultHttpRequest(decodeResult: success, version: HTTP/1.1)
POST /session/1a91c556fdf3d468fd4ee715a2a34d4a/element HTTP/1.1
User-Agent: selenium/4.1.4 (java windows)
Content-Length: 59
Content-Type: application/json; charset=utf-8
host: localhost:58371
accept: */*

Response DefaultHttpResponse(decodeResult: success, version: HTTP/1.1)
HTTP/1.1 200 OK
Content-Type: application/json; charset=utf-8
cache-control: no-cache
content-length: 88

13:15:05.310 [AsyncHttpClient-1-6] DEBUG org.asynchttpclient.netty.channel.ChannelManager - Adding key: http://localhost:58371 for channel [id: 0x6f6acf4e, L:/127.0.0.1:51062 - R:localhost/127.0.0.1:58371]
13:15:05.322 [Forwarding isElementDisplayed on session 1a91c556fdf3d468fd4ee715a2a34d4a to remote] DEBUG org.asynchttpclient.netty.request.NettyRequestSender - Using pooled Channel '[id: 0x6f6acf4e, L:/127.0.0.1:51062 - R:localhost/127.0.0.1:58371]' for 'POST' to 'http://localhost:58371/session/1a91c556fdf3d468fd4ee715a2a34d4a/execute/sync'
13:15:05.322 [Forwarding isElementDisplayed on session 1a91c556fdf3d468fd4ee715a2a34d4a to remote] DEBUG org.asynchttpclient.netty.request.NettyRequestSender - Using open Channel [id: 0x6f6acf4e, L:/127.0.0.1:51062 - R:localhost/127.0.0.1:58371] for POST '/session/1a91c556fdf3d468fd4ee715a2a34d4a/execute/sync'
13:15:05.344 [AsyncHttpClient-1-3] DEBUG org.asynchttpclient.netty.handler.HttpHandler - 

Request DefaultHttpRequest(decodeResult: success, version: HTTP/1.1)
POST /session/fa5f4168d56159afc53bf03381c79015/execute/sync HTTP/1.1
User-Agent: selenium/4.1.4 (java windows)
Content-Length: 48780
Content-Type: application/json; charset=utf-8
host: localhost:58433
accept: */*

Response DefaultHttpResponse(decodeResult: success, version: HTTP/1.1)
HTTP/1.1 200 OK
Content-Type: application/json; charset=utf-8
cache-control: no-cache
content-length: 14

13:15:05.346 [AsyncHttpClient-1-3] DEBUG org.asynchttpclient.netty.channel.ChannelManager - Adding key: http://localhost:58433 for channel [id: 0x508711ba, L:/127.0.0.1:51060 - R:localhost/127.0.0.1:58433]
13:15:05.355 [Forwarding findElement on session fa5f4168d56159afc53bf03381c79015 to remote] DEBUG org.asynchttpclient.netty.request.NettyRequestSender - Using pooled Channel '[id: 0x508711ba, L:/127.0.0.1:51060 - R:localhost/127.0.0.1:58433]' for 'POST' to 'http://localhost:58433/session/fa5f4168d56159afc53bf03381c79015/element'
13:15:05.355 [Forwarding findElement on session fa5f4168d56159afc53bf03381c79015 to remote] DEBUG org.asynchttpclient.netty.request.NettyRequestSender - Using open Channel [id: 0x508711ba, L:/127.0.0.1:51060 - R:localhost/127.0.0.1:58433] for POST '/session/fa5f4168d56159afc53bf03381c79015/element'
13:15:05.375 [AsyncHttpClient-1-6] DEBUG org.asynchttpclient.netty.handler.HttpHandler - 

Request DefaultHttpRequest(decodeResult: success, version: HTTP/1.1)
POST /session/1a91c556fdf3d468fd4ee715a2a34d4a/execute/sync HTTP/1.1
User-Agent: selenium/4.1.4 (java windows)
Content-Length: 48780
Content-Type: application/json; charset=utf-8
host: localhost:58371
accept: */*

Response DefaultHttpResponse(decodeResult: success, version: HTTP/1.1)
HTTP/1.1 200 OK
Content-Type: application/json; charset=utf-8
cache-control: no-cache
content-length: 14

13:15:05.375 [AsyncHttpClient-1-6] DEBUG org.asynchttpclient.netty.channel.ChannelManager - Adding key: http://localhost:58371 for channel [id: 0x6f6acf4e, L:/127.0.0.1:51062 - R:localhost/127.0.0.1:58371]
13:15:05.377 [Forwarding findElement on session 1a91c556fdf3d468fd4ee715a2a34d4a to remote] DEBUG org.asynchttpclient.netty.request.NettyRequestSender - Using pooled Channel '[id: 0x6f6acf4e, L:/127.0.0.1:51062 - R:localhost/127.0.0.1:58371]' for 'POST' to 'http://localhost:58371/session/1a91c556fdf3d468fd4ee715a2a34d4a/element'
13:15:05.377 [Forwarding findElement on session 1a91c556fdf3d468fd4ee715a2a34d4a to remote] DEBUG org.asynchttpclient.netty.request.NettyRequestSender - Using open Channel [id: 0x6f6acf4e, L:/127.0.0.1:51062 - R:localhost/127.0.0.1:58371] for POST '/session/1a91c556fdf3d468fd4ee715a2a34d4a/element'
13:15:05.440 [AsyncHttpClient-1-2] DEBUG org.asynchttpclient.netty.handler.HttpHandler - 

Request DefaultHttpRequest(decodeResult: success, version: HTTP/1.1)
POST /session/c4439875dcbacbc87ef7d2cb0202d857/element/297c660c-763e-45ea-b419-dce38bce96bf/value HTTP/1.1
User-Agent: selenium/4.1.4 (java windows)
Content-Length: 181
Content-Type: application/json; charset=utf-8
host: localhost:52385
accept: */*

Response DefaultHttpResponse(decodeResult: success, version: HTTP/1.1)
HTTP/1.1 200 OK
Content-Type: application/json; charset=utf-8
cache-control: no-cache
content-length: 14

13:15:05.441 [AsyncHttpClient-1-2] DEBUG org.asynchttpclient.netty.channel.ChannelManager - Adding key: http://localhost:52385 for channel [id: 0x4196185f, L:/127.0.0.1:51059 - R:localhost/127.0.0.1:52385]
13:15:05.447 [AsyncHttpClient-1-3] DEBUG org.asynchttpclient.netty.handler.HttpHandler - 

Request DefaultHttpRequest(decodeResult: success, version: HTTP/1.1)
POST /session/fa5f4168d56159afc53bf03381c79015/element HTTP/1.1
User-Agent: selenium/4.1.4 (java windows)
Content-Length: 59
Content-Type: application/json; charset=utf-8
host: localhost:58433
accept: */*

Response DefaultHttpResponse(decodeResult: success, version: HTTP/1.1)
HTTP/1.1 200 OK
Content-Type: application/json; charset=utf-8
cache-control: no-cache
content-length: 88

13:15:05.448 [AsyncHttpClient-1-3] DEBUG org.asynchttpclient.netty.channel.ChannelManager - Adding key: http://localhost:58433 for channel [id: 0x508711ba, L:/127.0.0.1:51060 - R:localhost/127.0.0.1:58433]
13:15:05.451 [Forwarding findElement on session c4439875dcbacbc87ef7d2cb0202d857 to remote] DEBUG org.asynchttpclient.netty.request.NettyRequestSender - Using pooled Channel '[id: 0x4196185f, L:/127.0.0.1:51059 - R:localhost/127.0.0.1:52385]' for 'POST' to 'http://localhost:52385/session/c4439875dcbacbc87ef7d2cb0202d857/element'
13:15:05.451 [Forwarding findElement on session c4439875dcbacbc87ef7d2cb0202d857 to remote] DEBUG org.asynchttpclient.netty.request.NettyRequestSender - Using open Channel [id: 0x4196185f, L:/127.0.0.1:51059 - R:localhost/127.0.0.1:52385] for POST '/session/c4439875dcbacbc87ef7d2cb0202d857/element'
13:15:05.456 [Forwarding isElementEnabled on session fa5f4168d56159afc53bf03381c79015 to remote] DEBUG org.asynchttpclient.netty.request.NettyRequestSender - Using pooled Channel '[id: 0x508711ba, L:/127.0.0.1:51060 - R:localhost/127.0.0.1:58433]' for 'GET' to 'http://localhost:58433/session/fa5f4168d56159afc53bf03381c79015/element/2a1af073-2df3-44ba-9329-d86cb4817e71/enabled'
13:15:05.456 [Forwarding isElementEnabled on session fa5f4168d56159afc53bf03381c79015 to remote] DEBUG org.asynchttpclient.netty.request.NettyRequestSender - Using open Channel [id: 0x508711ba, L:/127.0.0.1:51060 - R:localhost/127.0.0.1:58433] for GET '/session/fa5f4168d56159afc53bf03381c79015/element/2a1af073-2df3-44ba-9329-d86cb4817e71/enabled'
13:15:05.468 [AsyncHttpClient-1-6] DEBUG org.asynchttpclient.netty.handler.HttpHandler - 

Request DefaultHttpRequest(decodeResult: success, version: HTTP/1.1)
POST /session/1a91c556fdf3d468fd4ee715a2a34d4a/element HTTP/1.1
User-Agent: selenium/4.1.4 (java windows)
Content-Length: 59
Content-Type: application/json; charset=utf-8
host: localhost:58371
accept: */*

Response DefaultHttpResponse(decodeResult: success, version: HTTP/1.1)
HTTP/1.1 200 OK
Content-Type: application/json; charset=utf-8
cache-control: no-cache
content-length: 88

13:15:05.469 [AsyncHttpClient-1-6] DEBUG org.asynchttpclient.netty.channel.ChannelManager - Adding key: http://localhost:58371 for channel [id: 0x6f6acf4e, L:/127.0.0.1:51062 - R:localhost/127.0.0.1:58371]
13:15:05.470 [Forwarding isElementEnabled on session 1a91c556fdf3d468fd4ee715a2a34d4a to remote] DEBUG org.asynchttpclient.netty.request.NettyRequestSender - Using pooled Channel '[id: 0x6f6acf4e, L:/127.0.0.1:51062 - R:localhost/127.0.0.1:58371]' for 'GET' to 'http://localhost:58371/session/1a91c556fdf3d468fd4ee715a2a34d4a/element/92cb163a-22e0-4e1b-a9d1-c4b66052acbe/enabled'
13:15:05.470 [Forwarding isElementEnabled on session 1a91c556fdf3d468fd4ee715a2a34d4a to remote] DEBUG org.asynchttpclient.netty.request.NettyRequestSender - Using open Channel [id: 0x6f6acf4e, L:/127.0.0.1:51062 - R:localhost/127.0.0.1:58371] for GET '/session/1a91c556fdf3d468fd4ee715a2a34d4a/element/92cb163a-22e0-4e1b-a9d1-c4b66052acbe/enabled'
13:15:05.517 [AsyncHttpClient-1-2] DEBUG org.asynchttpclient.netty.handler.HttpHandler - 

Request DefaultHttpRequest(decodeResult: success, version: HTTP/1.1)
POST /session/c4439875dcbacbc87ef7d2cb0202d857/element HTTP/1.1
User-Agent: selenium/4.1.4 (java windows)
Content-Length: 59
Content-Type: application/json; charset=utf-8
host: localhost:52385
accept: */*

Response DefaultHttpResponse(decodeResult: success, version: HTTP/1.1)
HTTP/1.1 200 OK
Content-Type: application/json; charset=utf-8
cache-control: no-cache
content-length: 88

13:15:05.517 [AsyncHttpClient-1-2] DEBUG org.asynchttpclient.netty.channel.ChannelManager - Adding key: http://localhost:52385 for channel [id: 0x4196185f, L:/127.0.0.1:51059 - R:localhost/127.0.0.1:52385]
13:15:05.521 [AsyncHttpClient-1-3] DEBUG org.asynchttpclient.netty.handler.HttpHandler - 

Request DefaultFullHttpRequest(decodeResult: success, version: HTTP/1.1, content: EmptyByteBufBE)
GET /session/fa5f4168d56159afc53bf03381c79015/element/2a1af073-2df3-44ba-9329-d86cb4817e71/enabled HTTP/1.1
User-Agent: selenium/4.1.4 (java windows)
Cache-Control: no-cache
Content-Type: application/json; charset=utf-8
host: localhost:58433
accept: */*

Response DefaultHttpResponse(decodeResult: success, version: HTTP/1.1)
HTTP/1.1 200 OK
Content-Type: application/json; charset=utf-8
cache-control: no-cache
content-length: 14

13:15:05.522 [AsyncHttpClient-1-3] DEBUG org.asynchttpclient.netty.channel.ChannelManager - Adding key: http://localhost:58433 for channel [id: 0x508711ba, L:/127.0.0.1:51060 - R:localhost/127.0.0.1:58433]
13:15:05.525 [Forwarding findElement on session fa5f4168d56159afc53bf03381c79015 to remote] DEBUG org.asynchttpclient.netty.request.NettyRequestSender - Using pooled Channel '[id: 0x508711ba, L:/127.0.0.1:51060 - R:localhost/127.0.0.1:58433]' for 'POST' to 'http://localhost:58433/session/fa5f4168d56159afc53bf03381c79015/element'
13:15:05.525 [Forwarding findElement on session fa5f4168d56159afc53bf03381c79015 to remote] DEBUG org.asynchttpclient.netty.request.NettyRequestSender - Using open Channel [id: 0x508711ba, L:/127.0.0.1:51060 - R:localhost/127.0.0.1:58433] for POST '/session/fa5f4168d56159afc53bf03381c79015/element'
13:15:05.532 [Forwarding isElementDisplayed on session c4439875dcbacbc87ef7d2cb0202d857 to remote] DEBUG org.asynchttpclient.netty.request.NettyRequestSender - Using pooled Channel '[id: 0x4196185f, L:/127.0.0.1:51059 - R:localhost/127.0.0.1:52385]' for 'POST' to 'http://localhost:52385/session/c4439875dcbacbc87ef7d2cb0202d857/execute/sync'
13:15:05.532 [Forwarding isElementDisplayed on session c4439875dcbacbc87ef7d2cb0202d857 to remote] DEBUG org.asynchttpclient.netty.request.NettyRequestSender - Using open Channel [id: 0x4196185f, L:/127.0.0.1:51059 - R:localhost/127.0.0.1:52385] for POST '/session/c4439875dcbacbc87ef7d2cb0202d857/execute/sync'
13:15:05.539 [AsyncHttpClient-1-6] DEBUG org.asynchttpclient.netty.handler.HttpHandler - 

Request DefaultFullHttpRequest(decodeResult: success, version: HTTP/1.1, content: EmptyByteBufBE)
GET /session/1a91c556fdf3d468fd4ee715a2a34d4a/element/92cb163a-22e0-4e1b-a9d1-c4b66052acbe/enabled HTTP/1.1
User-Agent: selenium/4.1.4 (java windows)
Cache-Control: no-cache
Content-Type: application/json; charset=utf-8
host: localhost:58371
accept: */*

Response DefaultHttpResponse(decodeResult: success, version: HTTP/1.1)
HTTP/1.1 200 OK
Content-Type: application/json; charset=utf-8
cache-control: no-cache
content-length: 14

13:15:05.539 [AsyncHttpClient-1-6] DEBUG org.asynchttpclient.netty.channel.ChannelManager - Adding key: http://localhost:58371 for channel [id: 0x6f6acf4e, L:/127.0.0.1:51062 - R:localhost/127.0.0.1:58371]
13:15:05.543 [Forwarding findElement on session 1a91c556fdf3d468fd4ee715a2a34d4a to remote] DEBUG org.asynchttpclient.netty.request.NettyRequestSender - Using pooled Channel '[id: 0x6f6acf4e, L:/127.0.0.1:51062 - R:localhost/127.0.0.1:58371]' for 'POST' to 'http://localhost:58371/session/1a91c556fdf3d468fd4ee715a2a34d4a/element'
13:15:05.543 [Forwarding findElement on session 1a91c556fdf3d468fd4ee715a2a34d4a to remote] DEBUG org.asynchttpclient.netty.request.NettyRequestSender - Using open Channel [id: 0x6f6acf4e, L:/127.0.0.1:51062 - R:localhost/127.0.0.1:58371] for POST '/session/1a91c556fdf3d468fd4ee715a2a34d4a/element'
13:15:05.559 [AsyncHttpClient-1-6] DEBUG org.asynchttpclient.netty.handler.HttpHandler - 

Request DefaultHttpRequest(decodeResult: success, version: HTTP/1.1)
POST /session/1a91c556fdf3d468fd4ee715a2a34d4a/element HTTP/1.1
User-Agent: selenium/4.1.4 (java windows)
Content-Length: 59
Content-Type: application/json; charset=utf-8
host: localhost:58371
accept: */*

Response DefaultHttpResponse(decodeResult: success, version: HTTP/1.1)
HTTP/1.1 200 OK
Content-Type: application/json; charset=utf-8
cache-control: no-cache
content-length: 88

13:15:05.560 [AsyncHttpClient-1-6] DEBUG org.asynchttpclient.netty.channel.ChannelManager - Adding key: http://localhost:58371 for channel [id: 0x6f6acf4e, L:/127.0.0.1:51062 - R:localhost/127.0.0.1:58371]
13:15:05.565 [Forwarding clickElement on session 1a91c556fdf3d468fd4ee715a2a34d4a to remote] DEBUG org.asynchttpclient.netty.request.NettyRequestSender - Using pooled Channel '[id: 0x6f6acf4e, L:/127.0.0.1:51062 - R:localhost/127.0.0.1:58371]' for 'POST' to 'http://localhost:58371/session/1a91c556fdf3d468fd4ee715a2a34d4a/element/92cb163a-22e0-4e1b-a9d1-c4b66052acbe/click'
13:15:05.565 [Forwarding clickElement on session 1a91c556fdf3d468fd4ee715a2a34d4a to remote] DEBUG org.asynchttpclient.netty.request.NettyRequestSender - Using open Channel [id: 0x6f6acf4e, L:/127.0.0.1:51062 - R:localhost/127.0.0.1:58371] for POST '/session/1a91c556fdf3d468fd4ee715a2a34d4a/element/92cb163a-22e0-4e1b-a9d1-c4b66052acbe/click'
13:15:05.626 [AsyncHttpClient-1-2] DEBUG org.asynchttpclient.netty.handler.HttpHandler - 

Request DefaultHttpRequest(decodeResult: success, version: HTTP/1.1)
POST /session/c4439875dcbacbc87ef7d2cb0202d857/execute/sync HTTP/1.1
User-Agent: selenium/4.1.4 (java windows)
Content-Length: 48780
Content-Type: application/json; charset=utf-8
host: localhost:52385
accept: */*

Response DefaultHttpResponse(decodeResult: success, version: HTTP/1.1)
HTTP/1.1 200 OK
Content-Type: application/json; charset=utf-8
cache-control: no-cache
content-length: 14

13:15:05.626 [AsyncHttpClient-1-2] DEBUG org.asynchttpclient.netty.channel.ChannelManager - Adding key: http://localhost:52385 for channel [id: 0x4196185f, L:/127.0.0.1:51059 - R:localhost/127.0.0.1:52385]
13:15:05.631 [Forwarding findElement on session c4439875dcbacbc87ef7d2cb0202d857 to remote] DEBUG org.asynchttpclient.netty.request.NettyRequestSender - Using pooled Channel '[id: 0x4196185f, L:/127.0.0.1:51059 - R:localhost/127.0.0.1:52385]' for 'POST' to 'http://localhost:52385/session/c4439875dcbacbc87ef7d2cb0202d857/element'
13:15:05.631 [Forwarding findElement on session c4439875dcbacbc87ef7d2cb0202d857 to remote] DEBUG org.asynchttpclient.netty.request.NettyRequestSender - Using open Channel [id: 0x4196185f, L:/127.0.0.1:51059 - R:localhost/127.0.0.1:52385] for POST '/session/c4439875dcbacbc87ef7d2cb0202d857/element'
13:15:05.644 [AsyncHttpClient-1-6] DEBUG org.asynchttpclient.netty.handler.HttpHandler - 

Request DefaultHttpRequest(decodeResult: success, version: HTTP/1.1)
POST /session/1a91c556fdf3d468fd4ee715a2a34d4a/element/92cb163a-22e0-4e1b-a9d1-c4b66052acbe/click HTTP/1.1
User-Agent: selenium/4.1.4 (java windows)
Content-Length: 50
Content-Type: application/json; charset=utf-8
host: localhost:58371
accept: */*

Response DefaultHttpResponse(decodeResult: success, version: HTTP/1.1)
HTTP/1.1 200 OK
Content-Type: application/json; charset=utf-8
cache-control: no-cache
content-length: 14

13:15:05.646 [AsyncHttpClient-1-6] DEBUG org.asynchttpclient.netty.channel.ChannelManager - Adding key: http://localhost:58371 for channel [id: 0x6f6acf4e, L:/127.0.0.1:51062 - R:localhost/127.0.0.1:58371]
13:15:05.651 [Forwarding getAlertText on session 1a91c556fdf3d468fd4ee715a2a34d4a to remote] DEBUG org.asynchttpclient.netty.request.NettyRequestSender - Using pooled Channel '[id: 0x6f6acf4e, L:/127.0.0.1:51062 - R:localhost/127.0.0.1:58371]' for 'GET' to 'http://localhost:58371/session/1a91c556fdf3d468fd4ee715a2a34d4a/alert/text'
13:15:05.651 [Forwarding getAlertText on session 1a91c556fdf3d468fd4ee715a2a34d4a to remote] DEBUG org.asynchttpclient.netty.request.NettyRequestSender - Using open Channel [id: 0x6f6acf4e, L:/127.0.0.1:51062 - R:localhost/127.0.0.1:58371] for GET '/session/1a91c556fdf3d468fd4ee715a2a34d4a/alert/text'
13:15:05.652 [AsyncHttpClient-1-6] DEBUG org.asynchttpclient.netty.handler.HttpHandler - 

Request DefaultFullHttpRequest(decodeResult: success, version: HTTP/1.1, content: EmptyByteBufBE)
GET /session/1a91c556fdf3d468fd4ee715a2a34d4a/alert/text HTTP/1.1
User-Agent: selenium/4.1.4 (java windows)
Cache-Control: no-cache
Content-Type: application/json; charset=utf-8
host: localhost:58371
accept: */*

Response DefaultHttpResponse(decodeResult: success, version: HTTP/1.1)
HTTP/1.1 200 OK
Content-Type: application/json; charset=utf-8
cache-control: no-cache
content-length: 29

13:15:05.652 [AsyncHttpClient-1-6] DEBUG org.asynchttpclient.netty.channel.ChannelManager - Adding key: http://localhost:58371 for channel [id: 0x6f6acf4e, L:/127.0.0.1:51062 - R:localhost/127.0.0.1:58371]
13:15:05.656 [Forwarding getAlertText on session 1a91c556fdf3d468fd4ee715a2a34d4a to remote] DEBUG org.asynchttpclient.netty.request.NettyRequestSender - Using pooled Channel '[id: 0x6f6acf4e, L:/127.0.0.1:51062 - R:localhost/127.0.0.1:58371]' for 'GET' to 'http://localhost:58371/session/1a91c556fdf3d468fd4ee715a2a34d4a/alert/text'
13:15:05.656 [Forwarding getAlertText on session 1a91c556fdf3d468fd4ee715a2a34d4a to remote] DEBUG org.asynchttpclient.netty.request.NettyRequestSender - Using open Channel [id: 0x6f6acf4e, L:/127.0.0.1:51062 - R:localhost/127.0.0.1:58371] for GET '/session/1a91c556fdf3d468fd4ee715a2a34d4a/alert/text'
13:15:05.657 [AsyncHttpClient-1-6] DEBUG org.asynchttpclient.netty.handler.HttpHandler - 

Request DefaultFullHttpRequest(decodeResult: success, version: HTTP/1.1, content: EmptyByteBufBE)
GET /session/1a91c556fdf3d468fd4ee715a2a34d4a/alert/text HTTP/1.1
User-Agent: selenium/4.1.4 (java windows)
Cache-Control: no-cache
Content-Type: application/json; charset=utf-8
host: localhost:58371
accept: */*

Response DefaultHttpResponse(decodeResult: success, version: HTTP/1.1)
HTTP/1.1 200 OK
Content-Type: application/json; charset=utf-8
cache-control: no-cache
content-length: 29

13:15:05.657 [AsyncHttpClient-1-6] DEBUG org.asynchttpclient.netty.channel.ChannelManager - Adding key: http://localhost:58371 for channel [id: 0x6f6acf4e, L:/127.0.0.1:51062 - R:localhost/127.0.0.1:58371]
13:15:05.660 [Forwarding getAlertText on session 1a91c556fdf3d468fd4ee715a2a34d4a to remote] DEBUG org.asynchttpclient.netty.request.NettyRequestSender - Using pooled Channel '[id: 0x6f6acf4e, L:/127.0.0.1:51062 - R:localhost/127.0.0.1:58371]' for 'GET' to 'http://localhost:58371/session/1a91c556fdf3d468fd4ee715a2a34d4a/alert/text'
13:15:05.660 [Forwarding getAlertText on session 1a91c556fdf3d468fd4ee715a2a34d4a to remote] DEBUG org.asynchttpclient.netty.request.NettyRequestSender - Using open Channel [id: 0x6f6acf4e, L:/127.0.0.1:51062 - R:localhost/127.0.0.1:58371] for GET '/session/1a91c556fdf3d468fd4ee715a2a34d4a/alert/text'
13:15:05.661 [AsyncHttpClient-1-3] DEBUG org.asynchttpclient.netty.handler.HttpHandler - 

Request DefaultHttpRequest(decodeResult: success, version: HTTP/1.1)
POST /session/fa5f4168d56159afc53bf03381c79015/element HTTP/1.1
User-Agent: selenium/4.1.4 (java windows)
Content-Length: 59
Content-Type: application/json; charset=utf-8
host: localhost:58433
accept: */*

Response DefaultHttpResponse(decodeResult: success, version: HTTP/1.1)
HTTP/1.1 200 OK
Content-Type: application/json; charset=utf-8
cache-control: no-cache
content-length: 88

13:15:05.661 [AsyncHttpClient-1-3] DEBUG org.asynchttpclient.netty.channel.ChannelManager - Adding key: http://localhost:58433 for channel [id: 0x508711ba, L:/127.0.0.1:51060 - R:localhost/127.0.0.1:58433]
13:15:05.669 [AsyncHttpClient-1-6] DEBUG org.asynchttpclient.netty.handler.HttpHandler - 

Request DefaultFullHttpRequest(decodeResult: success, version: HTTP/1.1, content: EmptyByteBufBE)
GET /session/1a91c556fdf3d468fd4ee715a2a34d4a/alert/text HTTP/1.1
User-Agent: selenium/4.1.4 (java windows)
Cache-Control: no-cache
Content-Type: application/json; charset=utf-8
host: localhost:58371
accept: */*

Response DefaultHttpResponse(decodeResult: success, version: HTTP/1.1)
HTTP/1.1 200 OK
Content-Type: application/json; charset=utf-8
cache-control: no-cache
content-length: 29

13:15:05.670 [AsyncHttpClient-1-6] DEBUG org.asynchttpclient.netty.channel.ChannelManager - Adding key: http://localhost:58371 for channel [id: 0x6f6acf4e, L:/127.0.0.1:51062 - R:localhost/127.0.0.1:58371]
13:15:05.671 [Forwarding clickElement on session fa5f4168d56159afc53bf03381c79015 to remote] DEBUG org.asynchttpclient.netty.request.NettyRequestSender - Using pooled Channel '[id: 0x508711ba, L:/127.0.0.1:51060 - R:localhost/127.0.0.1:58433]' for 'POST' to 'http://localhost:58433/session/fa5f4168d56159afc53bf03381c79015/element/2a1af073-2df3-44ba-9329-d86cb4817e71/click'
13:15:05.671 [Forwarding clickElement on session fa5f4168d56159afc53bf03381c79015 to remote] DEBUG org.asynchttpclient.netty.request.NettyRequestSender - Using open Channel [id: 0x508711ba, L:/127.0.0.1:51060 - R:localhost/127.0.0.1:58433] for POST '/session/fa5f4168d56159afc53bf03381c79015/element/2a1af073-2df3-44ba-9329-d86cb4817e71/click'
13:15:05.677 [AsyncHttpClient-1-8] DEBUG org.asynchttpclient.netty.handler.WebSocketHandler - Channel Closed: [id: 0x14968ebd, L:/127.0.0.1:51084 ! R:localhost/127.0.0.1:51063] with attribute NettyResponseFuture{currentRetry=5,
	isDone=1,
	isCancelled=0,
	asyncHandler=org.asynchttpclient.ws.WebSocketUpgradeHandler@4b2af065,
	nettyRequest=org.asynchttpclient.netty.request.NettyRequest@9db0f76,
	future=java.util.concurrent.CompletableFuture@3532ad1f[Completed normally],
	uri=ws://localhost:51063/devtools/browser/7fb1149f-559b-4dd0-afa6-413019823538,
	keepAlive=true,
	redirectCount=0,
	timeoutsHolder=null,
	inAuth=0,
	touch=1663089302695}
13:15:05.677 [AsyncHttpClient-1-8] DEBUG org.asynchttpclient.netty.channel.ChannelManager - Closing Channel [id: 0x14968ebd, L:/127.0.0.1:51084 ! R:localhost/127.0.0.1:51063] 
13:15:05.742 [Driver Command Executor] DEBUG org.asynchttpclient.netty.request.NettyRequestSender - Using pooled Channel '[id: 0x6f6acf4e, L:/127.0.0.1:51062 - R:localhost/127.0.0.1:58371]' for 'DELETE' to 'http://localhost:58371/session/1a91c556fdf3d468fd4ee715a2a34d4a'
13:15:05.742 [Driver Command Executor] DEBUG org.asynchttpclient.netty.request.NettyRequestSender - Using open Channel [id: 0x6f6acf4e, L:/127.0.0.1:51062 - R:localhost/127.0.0.1:58371] for DELETE '/session/1a91c556fdf3d468fd4ee715a2a34d4a'
13:15:05.773 [AsyncHttpClient-1-2] DEBUG org.asynchttpclient.netty.handler.HttpHandler - 

Request DefaultHttpRequest(decodeResult: success, version: HTTP/1.1)
POST /session/c4439875dcbacbc87ef7d2cb0202d857/element HTTP/1.1
User-Agent: selenium/4.1.4 (java windows)
Content-Length: 59
Content-Type: application/json; charset=utf-8
host: localhost:52385
accept: */*

Response DefaultHttpResponse(decodeResult: success, version: HTTP/1.1)
HTTP/1.1 200 OK
Content-Type: application/json; charset=utf-8
cache-control: no-cache
content-length: 88

13:15:05.774 [AsyncHttpClient-1-2] DEBUG org.asynchttpclient.netty.channel.ChannelManager - Adding key: http://localhost:52385 for channel [id: 0x4196185f, L:/127.0.0.1:51059 - R:localhost/127.0.0.1:52385]
13:15:05.777 [Forwarding isElementEnabled on session c4439875dcbacbc87ef7d2cb0202d857 to remote] DEBUG org.asynchttpclient.netty.request.NettyRequestSender - Using pooled Channel '[id: 0x4196185f, L:/127.0.0.1:51059 - R:localhost/127.0.0.1:52385]' for 'GET' to 'http://localhost:52385/session/c4439875dcbacbc87ef7d2cb0202d857/element/c0074879-2637-4f66-bb9f-a5393c198386/enabled'
13:15:05.777 [Forwarding isElementEnabled on session c4439875dcbacbc87ef7d2cb0202d857 to remote] DEBUG org.asynchttpclient.netty.request.NettyRequestSender - Using open Channel [id: 0x4196185f, L:/127.0.0.1:51059 - R:localhost/127.0.0.1:52385] for GET '/session/c4439875dcbacbc87ef7d2cb0202d857/element/c0074879-2637-4f66-bb9f-a5393c198386/enabled'
13:15:05.839 [AsyncHttpClient-1-2] DEBUG org.asynchttpclient.netty.handler.HttpHandler - 

Request DefaultFullHttpRequest(decodeResult: success, version: HTTP/1.1, content: EmptyByteBufBE)
GET /session/c4439875dcbacbc87ef7d2cb0202d857/element/c0074879-2637-4f66-bb9f-a5393c198386/enabled HTTP/1.1
User-Agent: selenium/4.1.4 (java windows)
Cache-Control: no-cache
Content-Type: application/json; charset=utf-8
host: localhost:52385
accept: */*

Response DefaultHttpResponse(decodeResult: success, version: HTTP/1.1)
HTTP/1.1 200 OK
Content-Type: application/json; charset=utf-8
cache-control: no-cache
content-length: 14

13:15:05.840 [AsyncHttpClient-1-2] DEBUG org.asynchttpclient.netty.channel.ChannelManager - Adding key: http://localhost:52385 for channel [id: 0x4196185f, L:/127.0.0.1:51059 - R:localhost/127.0.0.1:52385]
13:15:05.842 [Forwarding findElement on session c4439875dcbacbc87ef7d2cb0202d857 to remote] DEBUG org.asynchttpclient.netty.request.NettyRequestSender - Using pooled Channel '[id: 0x4196185f, L:/127.0.0.1:51059 - R:localhost/127.0.0.1:52385]' for 'POST' to 'http://localhost:52385/session/c4439875dcbacbc87ef7d2cb0202d857/element'
13:15:05.842 [Forwarding findElement on session c4439875dcbacbc87ef7d2cb0202d857 to remote] DEBUG org.asynchttpclient.netty.request.NettyRequestSender - Using open Channel [id: 0x4196185f, L:/127.0.0.1:51059 - R:localhost/127.0.0.1:52385] for POST '/session/c4439875dcbacbc87ef7d2cb0202d857/element'
13:15:05.858 [AsyncHttpClient-1-2] DEBUG org.asynchttpclient.netty.handler.HttpHandler - 

Request DefaultHttpRequest(decodeResult: success, version: HTTP/1.1)
POST /session/c4439875dcbacbc87ef7d2cb0202d857/element HTTP/1.1
User-Agent: selenium/4.1.4 (java windows)
Content-Length: 59
Content-Type: application/json; charset=utf-8
host: localhost:52385
accept: */*

Response DefaultHttpResponse(decodeResult: success, version: HTTP/1.1)
HTTP/1.1 200 OK
Content-Type: application/json; charset=utf-8
cache-control: no-cache
content-length: 88

13:15:05.858 [AsyncHttpClient-1-2] DEBUG org.asynchttpclient.netty.channel.ChannelManager - Adding key: http://localhost:52385 for channel [id: 0x4196185f, L:/127.0.0.1:51059 - R:localhost/127.0.0.1:52385]
13:15:05.861 [Forwarding clickElement on session c4439875dcbacbc87ef7d2cb0202d857 to remote] DEBUG org.asynchttpclient.netty.request.NettyRequestSender - Using pooled Channel '[id: 0x4196185f, L:/127.0.0.1:51059 - R:localhost/127.0.0.1:52385]' for 'POST' to 'http://localhost:52385/session/c4439875dcbacbc87ef7d2cb0202d857/element/c0074879-2637-4f66-bb9f-a5393c198386/click'
13:15:05.863 [Forwarding clickElement on session c4439875dcbacbc87ef7d2cb0202d857 to remote] DEBUG org.asynchttpclient.netty.request.NettyRequestSender - Using open Channel [id: 0x4196185f, L:/127.0.0.1:51059 - R:localhost/127.0.0.1:52385] for POST '/session/c4439875dcbacbc87ef7d2cb0202d857/element/c0074879-2637-4f66-bb9f-a5393c198386/click'
13:15:05.874 [AsyncHttpClient-1-3] DEBUG org.asynchttpclient.netty.handler.HttpHandler - 

Request DefaultHttpRequest(decodeResult: success, version: HTTP/1.1)
POST /session/fa5f4168d56159afc53bf03381c79015/element/2a1af073-2df3-44ba-9329-d86cb4817e71/click HTTP/1.1
User-Agent: selenium/4.1.4 (java windows)
Content-Length: 50
Content-Type: application/json; charset=utf-8
host: localhost:58433
accept: */*

Response DefaultHttpResponse(decodeResult: success, version: HTTP/1.1)
HTTP/1.1 200 OK
Content-Type: application/json; charset=utf-8
cache-control: no-cache
content-length: 14

13:15:05.874 [AsyncHttpClient-1-3] DEBUG org.asynchttpclient.netty.channel.ChannelManager - Adding key: http://localhost:58433 for channel [id: 0x508711ba, L:/127.0.0.1:51060 - R:localhost/127.0.0.1:58433]
13:15:05.877 [Forwarding getAlertText on session fa5f4168d56159afc53bf03381c79015 to remote] DEBUG org.asynchttpclient.netty.request.NettyRequestSender - Using pooled Channel '[id: 0x508711ba, L:/127.0.0.1:51060 - R:localhost/127.0.0.1:58433]' for 'GET' to 'http://localhost:58433/session/fa5f4168d56159afc53bf03381c79015/alert/text'
13:15:05.877 [Forwarding getAlertText on session fa5f4168d56159afc53bf03381c79015 to remote] DEBUG org.asynchttpclient.netty.request.NettyRequestSender - Using open Channel [id: 0x508711ba, L:/127.0.0.1:51060 - R:localhost/127.0.0.1:58433] for GET '/session/fa5f4168d56159afc53bf03381c79015/alert/text'
13:15:05.891 [AsyncHttpClient-1-3] DEBUG org.asynchttpclient.netty.handler.HttpHandler - 

Request DefaultFullHttpRequest(decodeResult: success, version: HTTP/1.1, content: EmptyByteBufBE)
GET /session/fa5f4168d56159afc53bf03381c79015/alert/text HTTP/1.1
User-Agent: selenium/4.1.4 (java windows)
Cache-Control: no-cache
Content-Type: application/json; charset=utf-8
host: localhost:58433
accept: */*

Response DefaultHttpResponse(decodeResult: success, version: HTTP/1.1)
HTTP/1.1 200 OK
Content-Type: application/json; charset=utf-8
cache-control: no-cache
content-length: 29

13:15:05.891 [AsyncHttpClient-1-3] DEBUG org.asynchttpclient.netty.channel.ChannelManager - Adding key: http://localhost:58433 for channel [id: 0x508711ba, L:/127.0.0.1:51060 - R:localhost/127.0.0.1:58433]
13:15:05.893 [Forwarding getAlertText on session fa5f4168d56159afc53bf03381c79015 to remote] DEBUG org.asynchttpclient.netty.request.NettyRequestSender - Using pooled Channel '[id: 0x508711ba, L:/127.0.0.1:51060 - R:localhost/127.0.0.1:58433]' for 'GET' to 'http://localhost:58433/session/fa5f4168d56159afc53bf03381c79015/alert/text'
13:15:05.893 [Forwarding getAlertText on session fa5f4168d56159afc53bf03381c79015 to remote] DEBUG org.asynchttpclient.netty.request.NettyRequestSender - Using open Channel [id: 0x508711ba, L:/127.0.0.1:51060 - R:localhost/127.0.0.1:58433] for GET '/session/fa5f4168d56159afc53bf03381c79015/alert/text'
13:15:05.894 [AsyncHttpClient-1-3] DEBUG org.asynchttpclient.netty.handler.HttpHandler - 

Request DefaultFullHttpRequest(decodeResult: success, version: HTTP/1.1, content: EmptyByteBufBE)
GET /session/fa5f4168d56159afc53bf03381c79015/alert/text HTTP/1.1
User-Agent: selenium/4.1.4 (java windows)
Cache-Control: no-cache
Content-Type: application/json; charset=utf-8
host: localhost:58433
accept: */*

Response DefaultHttpResponse(decodeResult: success, version: HTTP/1.1)
HTTP/1.1 200 OK
Content-Type: application/json; charset=utf-8
cache-control: no-cache
content-length: 29

13:15:05.896 [AsyncHttpClient-1-3] DEBUG org.asynchttpclient.netty.channel.ChannelManager - Adding key: http://localhost:58433 for channel [id: 0x508711ba, L:/127.0.0.1:51060 - R:localhost/127.0.0.1:58433]
13:15:05.903 [Forwarding getAlertText on session fa5f4168d56159afc53bf03381c79015 to remote] DEBUG org.asynchttpclient.netty.request.NettyRequestSender - Using pooled Channel '[id: 0x508711ba, L:/127.0.0.1:51060 - R:localhost/127.0.0.1:58433]' for 'GET' to 'http://localhost:58433/session/fa5f4168d56159afc53bf03381c79015/alert/text'
13:15:05.903 [Forwarding getAlertText on session fa5f4168d56159afc53bf03381c79015 to remote] DEBUG org.asynchttpclient.netty.request.NettyRequestSender - Using open Channel [id: 0x508711ba, L:/127.0.0.1:51060 - R:localhost/127.0.0.1:58433] for GET '/session/fa5f4168d56159afc53bf03381c79015/alert/text'
13:15:05.904 [AsyncHttpClient-1-3] DEBUG org.asynchttpclient.netty.handler.HttpHandler - 

Request DefaultFullHttpRequest(decodeResult: success, version: HTTP/1.1, content: EmptyByteBufBE)
GET /session/fa5f4168d56159afc53bf03381c79015/alert/text HTTP/1.1
User-Agent: selenium/4.1.4 (java windows)
Cache-Control: no-cache
Content-Type: application/json; charset=utf-8
host: localhost:58433
accept: */*

Response DefaultHttpResponse(decodeResult: success, version: HTTP/1.1)
HTTP/1.1 200 OK
Content-Type: application/json; charset=utf-8
cache-control: no-cache
content-length: 29

13:15:05.905 [AsyncHttpClient-1-3] DEBUG org.asynchttpclient.netty.channel.ChannelManager - Adding key: http://localhost:58433 for channel [id: 0x508711ba, L:/127.0.0.1:51060 - R:localhost/127.0.0.1:58433]
13:15:05.922 [AsyncHttpClient-1-2] DEBUG org.asynchttpclient.netty.handler.WebSocketHandler - Channel Closed: [id: 0xe057a69a, L:/127.0.0.1:51088 ! R:localhost/127.0.0.1:51069] with attribute NettyResponseFuture{currentRetry=5,
	isDone=1,
	isCancelled=0,
	asyncHandler=org.asynchttpclient.ws.WebSocketUpgradeHandler@29a69653,
	nettyRequest=org.asynchttpclient.netty.request.NettyRequest@38ace234,
	future=java.util.concurrent.CompletableFuture@7c6a5ac2[Completed normally],
	uri=ws://localhost:51069/devtools/browser/6cbbaa67-f241-491f-8fe8-f30f93efafee,
	keepAlive=true,
	redirectCount=0,
	timeoutsHolder=null,
	inAuth=0,
	touch=1663089302887}
13:15:05.922 [AsyncHttpClient-1-2] DEBUG org.asynchttpclient.netty.channel.ChannelManager - Closing Channel [id: 0xe057a69a, L:/127.0.0.1:51088 ! R:localhost/127.0.0.1:51069] 
13:15:05.938 [Driver Command Executor] DEBUG org.asynchttpclient.netty.request.NettyRequestSender - Using pooled Channel '[id: 0x508711ba, L:/127.0.0.1:51060 - R:localhost/127.0.0.1:58433]' for 'DELETE' to 'http://localhost:58433/session/fa5f4168d56159afc53bf03381c79015'
13:15:05.938 [Driver Command Executor] DEBUG org.asynchttpclient.netty.request.NettyRequestSender - Using open Channel [id: 0x508711ba, L:/127.0.0.1:51060 - R:localhost/127.0.0.1:58433] for DELETE '/session/fa5f4168d56159afc53bf03381c79015'
13:15:05.961 [AsyncHttpClient-1-1] DEBUG org.asynchttpclient.netty.channel.DefaultChannelPool - Entry count for : http://localhost:51063 : 1
13:15:05.961 [AsyncHttpClient-1-1] DEBUG org.asynchttpclient.netty.channel.DefaultChannelPool - Entry count for : http://localhost:51064 : 1
13:15:05.969 [AsyncHttpClient-1-1] DEBUG org.asynchttpclient.netty.channel.DefaultChannelPool - Entry count for : http://localhost:51069 : 1
13:15:06.038 [AsyncHttpClient-1-2] DEBUG org.asynchttpclient.netty.handler.HttpHandler - 

Request DefaultHttpRequest(decodeResult: success, version: HTTP/1.1)
POST /session/c4439875dcbacbc87ef7d2cb0202d857/element/c0074879-2637-4f66-bb9f-a5393c198386/click HTTP/1.1
User-Agent: selenium/4.1.4 (java windows)
Content-Length: 50
Content-Type: application/json; charset=utf-8
host: localhost:52385
accept: */*

Response DefaultHttpResponse(decodeResult: success, version: HTTP/1.1)
HTTP/1.1 200 OK
Content-Type: application/json; charset=utf-8
cache-control: no-cache
content-length: 14

13:15:06.038 [AsyncHttpClient-1-2] DEBUG org.asynchttpclient.netty.channel.ChannelManager - Adding key: http://localhost:52385 for channel [id: 0x4196185f, L:/127.0.0.1:51059 - R:localhost/127.0.0.1:52385]
13:15:06.043 [Forwarding getAlertText on session c4439875dcbacbc87ef7d2cb0202d857 to remote] DEBUG org.asynchttpclient.netty.request.NettyRequestSender - Using pooled Channel '[id: 0x4196185f, L:/127.0.0.1:51059 - R:localhost/127.0.0.1:52385]' for 'GET' to 'http://localhost:52385/session/c4439875dcbacbc87ef7d2cb0202d857/alert/text'
13:15:06.043 [Forwarding getAlertText on session c4439875dcbacbc87ef7d2cb0202d857 to remote] DEBUG org.asynchttpclient.netty.request.NettyRequestSender - Using open Channel [id: 0x4196185f, L:/127.0.0.1:51059 - R:localhost/127.0.0.1:52385] for GET '/session/c4439875dcbacbc87ef7d2cb0202d857/alert/text'
13:15:06.050 [AsyncHttpClient-1-2] DEBUG org.asynchttpclient.netty.handler.HttpHandler - 

Request DefaultFullHttpRequest(decodeResult: success, version: HTTP/1.1, content: EmptyByteBufBE)
GET /session/c4439875dcbacbc87ef7d2cb0202d857/alert/text HTTP/1.1
User-Agent: selenium/4.1.4 (java windows)
Cache-Control: no-cache
Content-Type: application/json; charset=utf-8
host: localhost:52385
accept: */*

Response DefaultHttpResponse(decodeResult: success, version: HTTP/1.1)
HTTP/1.1 200 OK
Content-Type: application/json; charset=utf-8
cache-control: no-cache
content-length: 29

13:15:06.051 [AsyncHttpClient-1-2] DEBUG org.asynchttpclient.netty.channel.ChannelManager - Adding key: http://localhost:52385 for channel [id: 0x4196185f, L:/127.0.0.1:51059 - R:localhost/127.0.0.1:52385]
13:15:06.054 [Forwarding getAlertText on session c4439875dcbacbc87ef7d2cb0202d857 to remote] DEBUG org.asynchttpclient.netty.request.NettyRequestSender - Using pooled Channel '[id: 0x4196185f, L:/127.0.0.1:51059 - R:localhost/127.0.0.1:52385]' for 'GET' to 'http://localhost:52385/session/c4439875dcbacbc87ef7d2cb0202d857/alert/text'
13:15:06.054 [Forwarding getAlertText on session c4439875dcbacbc87ef7d2cb0202d857 to remote] DEBUG org.asynchttpclient.netty.request.NettyRequestSender - Using open Channel [id: 0x4196185f, L:/127.0.0.1:51059 - R:localhost/127.0.0.1:52385] for GET '/session/c4439875dcbacbc87ef7d2cb0202d857/alert/text'
13:15:06.056 [AsyncHttpClient-1-2] DEBUG org.asynchttpclient.netty.handler.HttpHandler - 

Request DefaultFullHttpRequest(decodeResult: success, version: HTTP/1.1, content: EmptyByteBufBE)
GET /session/c4439875dcbacbc87ef7d2cb0202d857/alert/text HTTP/1.1
User-Agent: selenium/4.1.4 (java windows)
Cache-Control: no-cache
Content-Type: application/json; charset=utf-8
host: localhost:52385
accept: */*

Response DefaultHttpResponse(decodeResult: success, version: HTTP/1.1)
HTTP/1.1 200 OK
Content-Type: application/json; charset=utf-8
cache-control: no-cache
content-length: 29

13:15:06.056 [AsyncHttpClient-1-2] DEBUG org.asynchttpclient.netty.channel.ChannelManager - Adding key: http://localhost:52385 for channel [id: 0x4196185f, L:/127.0.0.1:51059 - R:localhost/127.0.0.1:52385]
13:15:06.058 [Forwarding getAlertText on session c4439875dcbacbc87ef7d2cb0202d857 to remote] DEBUG org.asynchttpclient.netty.request.NettyRequestSender - Using pooled Channel '[id: 0x4196185f, L:/127.0.0.1:51059 - R:localhost/127.0.0.1:52385]' for 'GET' to 'http://localhost:52385/session/c4439875dcbacbc87ef7d2cb0202d857/alert/text'
13:15:06.058 [Forwarding getAlertText on session c4439875dcbacbc87ef7d2cb0202d857 to remote] DEBUG org.asynchttpclient.netty.request.NettyRequestSender - Using open Channel [id: 0x4196185f, L:/127.0.0.1:51059 - R:localhost/127.0.0.1:52385] for GET '/session/c4439875dcbacbc87ef7d2cb0202d857/alert/text'
13:15:06.060 [AsyncHttpClient-1-2] DEBUG org.asynchttpclient.netty.handler.HttpHandler - 

Request DefaultFullHttpRequest(decodeResult: success, version: HTTP/1.1, content: EmptyByteBufBE)
GET /session/c4439875dcbacbc87ef7d2cb0202d857/alert/text HTTP/1.1
User-Agent: selenium/4.1.4 (java windows)
Cache-Control: no-cache
Content-Type: application/json; charset=utf-8
host: localhost:52385
accept: */*

Response DefaultHttpResponse(decodeResult: success, version: HTTP/1.1)
HTTP/1.1 200 OK
Content-Type: application/json; charset=utf-8
cache-control: no-cache
content-length: 29

13:15:06.060 [AsyncHttpClient-1-2] DEBUG org.asynchttpclient.netty.channel.ChannelManager - Adding key: http://localhost:52385 for channel [id: 0x4196185f, L:/127.0.0.1:51059 - R:localhost/127.0.0.1:52385]
13:15:06.075 [AsyncHttpClient-1-7] DEBUG org.asynchttpclient.netty.handler.WebSocketHandler - Channel Closed: [id: 0x7c6550cc, L:/127.0.0.1:51082 ! R:localhost/127.0.0.1:51064] with attribute NettyResponseFuture{currentRetry=5,
	isDone=1,
	isCancelled=0,
	asyncHandler=org.asynchttpclient.ws.WebSocketUpgradeHandler@25ed84a9,
	nettyRequest=org.asynchttpclient.netty.request.NettyRequest@7a870d23,
	future=java.util.concurrent.CompletableFuture@741cab82[Completed normally],
	uri=ws://localhost:51064/devtools/browser/964aa9b5-bbf2-4d4b-ab09-ee987535a4f4,
	keepAlive=true,
	redirectCount=0,
	timeoutsHolder=null,
	inAuth=0,
	touch=1663089302666}
13:15:06.076 [AsyncHttpClient-1-7] DEBUG org.asynchttpclient.netty.channel.ChannelManager - Closing Channel [id: 0x7c6550cc, L:/127.0.0.1:51082 ! R:localhost/127.0.0.1:51064] 
13:15:06.076 [Driver Command Executor] DEBUG org.asynchttpclient.netty.request.NettyRequestSender - Using pooled Channel '[id: 0x4196185f, L:/127.0.0.1:51059 - R:localhost/127.0.0.1:52385]' for 'DELETE' to 'http://localhost:52385/session/c4439875dcbacbc87ef7d2cb0202d857'
13:15:06.076 [Driver Command Executor] DEBUG org.asynchttpclient.netty.request.NettyRequestSender - Using open Channel [id: 0x4196185f, L:/127.0.0.1:51059 - R:localhost/127.0.0.1:52385] for DELETE '/session/c4439875dcbacbc87ef7d2cb0202d857'
13:15:06.320 [AsyncHttpClient-1-9] DEBUG org.asynchttpclient.netty.handler.HttpHandler - Unexpected I/O exception on channel [id: 0xb313ba89, L:/127.0.0.1:51083 - R:localhost/127.0.0.1:51063]
java.net.SocketException: Connection reset
	at java.base/sun.nio.ch.SocketChannelImpl.throwConnectionReset(SocketChannelImpl.java:367)
	at java.base/sun.nio.ch.SocketChannelImpl.read(SocketChannelImpl.java:398)
	at io.netty.buffer.PooledByteBuf.setBytes(PooledByteBuf.java:258)
	at io.netty.buffer.AbstractByteBuf.writeBytes(AbstractByteBuf.java:1132)
	at io.netty.channel.socket.nio.NioSocketChannel.doReadBytes(NioSocketChannel.java:357)
	at io.netty.channel.nio.AbstractNioByteChannel$NioByteUnsafe.read(AbstractNioByteChannel.java:151)
	at io.netty.channel.nio.NioEventLoop.processSelectedKey(NioEventLoop.java:722)
	at io.netty.channel.nio.NioEventLoop.processSelectedKeysOptimized(NioEventLoop.java:658)
	at io.netty.channel.nio.NioEventLoop.processSelectedKeys(NioEventLoop.java:584)
	at io.netty.channel.nio.NioEventLoop.run(NioEventLoop.java:496)
	at io.netty.util.concurrent.SingleThreadEventExecutor$4.run(SingleThreadEventExecutor.java:986)
	at io.netty.util.internal.ThreadExecutorMap$2.run(ThreadExecutorMap.java:74)
	at io.netty.util.concurrent.FastThreadLocalRunnable.run(FastThreadLocalRunnable.java:30)
	at java.base/java.lang.Thread.run(Thread.java:832)
13:15:06.320 [AsyncHttpClient-1-9] DEBUG org.asynchttpclient.netty.channel.ChannelManager - Closing Channel [id: 0xb313ba89, L:/127.0.0.1:51083 - R:localhost/127.0.0.1:51063] 
13:15:06.321 [AsyncHttpClient-1-9] DEBUG org.asynchttpclient.netty.handler.HttpHandler - Channel Closed: [id: 0xb313ba89, L:/127.0.0.1:51083 ! R:localhost/127.0.0.1:51063] with attribute DISCARD
13:15:06.326 [AsyncHttpClient-1-4] DEBUG org.asynchttpclient.netty.handler.HttpHandler - Unexpected I/O exception on channel [id: 0x73b865cb, L:/127.0.0.1:51087 - R:localhost/127.0.0.1:51069]
java.net.SocketException: Connection reset
	at java.base/sun.nio.ch.SocketChannelImpl.throwConnectionReset(SocketChannelImpl.java:367)
	at java.base/sun.nio.ch.SocketChannelImpl.read(SocketChannelImpl.java:398)
	at io.netty.buffer.PooledByteBuf.setBytes(PooledByteBuf.java:258)
	at io.netty.buffer.AbstractByteBuf.writeBytes(AbstractByteBuf.java:1132)
	at io.netty.channel.socket.nio.NioSocketChannel.doReadBytes(NioSocketChannel.java:357)
	at io.netty.channel.nio.AbstractNioByteChannel$NioByteUnsafe.read(AbstractNioByteChannel.java:151)
	at io.netty.channel.nio.NioEventLoop.processSelectedKey(NioEventLoop.java:722)
	at io.netty.channel.nio.NioEventLoop.processSelectedKeysOptimized(NioEventLoop.java:658)
	at io.netty.channel.nio.NioEventLoop.processSelectedKeys(NioEventLoop.java:584)
	at io.netty.channel.nio.NioEventLoop.run(NioEventLoop.java:496)
	at io.netty.util.concurrent.SingleThreadEventExecutor$4.run(SingleThreadEventExecutor.java:986)
	at io.netty.util.internal.ThreadExecutorMap$2.run(ThreadExecutorMap.java:74)
	at io.netty.util.concurrent.FastThreadLocalRunnable.run(FastThreadLocalRunnable.java:30)
	at java.base/java.lang.Thread.run(Thread.java:832)
13:15:06.327 [AsyncHttpClient-1-4] DEBUG org.asynchttpclient.netty.channel.ChannelManager - Closing Channel [id: 0x73b865cb, L:/127.0.0.1:51087 - R:localhost/127.0.0.1:51069] 
13:15:06.327 [AsyncHttpClient-1-4] DEBUG org.asynchttpclient.netty.handler.HttpHandler - Channel Closed: [id: 0x73b865cb, L:/127.0.0.1:51087 ! R:localhost/127.0.0.1:51069] with attribute DISCARD
13:15:06.331 [AsyncHttpClient-1-5] DEBUG org.asynchttpclient.netty.handler.HttpHandler - Unexpected I/O exception on channel [id: 0xe0a253f4, L:/127.0.0.1:51080 - R:localhost/127.0.0.1:51064]
java.net.SocketException: Connection reset
	at java.base/sun.nio.ch.SocketChannelImpl.throwConnectionReset(SocketChannelImpl.java:367)
	at java.base/sun.nio.ch.SocketChannelImpl.read(SocketChannelImpl.java:398)
	at io.netty.buffer.PooledByteBuf.setBytes(PooledByteBuf.java:258)
	at io.netty.buffer.AbstractByteBuf.writeBytes(AbstractByteBuf.java:1132)
	at io.netty.channel.socket.nio.NioSocketChannel.doReadBytes(NioSocketChannel.java:357)
	at io.netty.channel.nio.AbstractNioByteChannel$NioByteUnsafe.read(AbstractNioByteChannel.java:151)
	at io.netty.channel.nio.NioEventLoop.processSelectedKey(NioEventLoop.java:722)
	at io.netty.channel.nio.NioEventLoop.processSelectedKeysOptimized(NioEventLoop.java:658)
	at io.netty.channel.nio.NioEventLoop.processSelectedKeys(NioEventLoop.java:584)
	at io.netty.channel.nio.NioEventLoop.run(NioEventLoop.java:496)
	at io.netty.util.concurrent.SingleThreadEventExecutor$4.run(SingleThreadEventExecutor.java:986)
	at io.netty.util.internal.ThreadExecutorMap$2.run(ThreadExecutorMap.java:74)
	at io.netty.util.concurrent.FastThreadLocalRunnable.run(FastThreadLocalRunnable.java:30)
	at java.base/java.lang.Thread.run(Thread.java:832)
13:15:06.331 [AsyncHttpClient-1-5] DEBUG org.asynchttpclient.netty.channel.ChannelManager - Closing Channel [id: 0xe0a253f4, L:/127.0.0.1:51080 - R:localhost/127.0.0.1:51064] 
13:15:06.331 [AsyncHttpClient-1-5] DEBUG org.asynchttpclient.netty.handler.HttpHandler - Channel Closed: [id: 0xe0a253f4, L:/127.0.0.1:51080 ! R:localhost/127.0.0.1:51064] with attribute DISCARD
13:15:06.354 [AsyncHttpClient-1-2] DEBUG org.asynchttpclient.netty.handler.HttpHandler - 

Request DefaultFullHttpRequest(decodeResult: success, version: HTTP/1.1, content: EmptyByteBufBE)
DELETE /session/c4439875dcbacbc87ef7d2cb0202d857 HTTP/1.1
User-Agent: selenium/4.1.4 (java windows)
Content-Type: application/json; charset=utf-8
host: localhost:52385
accept: */*

Response DefaultHttpResponse(decodeResult: success, version: HTTP/1.1)
HTTP/1.1 200 OK
Content-Type: application/json; charset=utf-8
cache-control: no-cache
content-length: 14

13:15:06.354 [AsyncHttpClient-1-2] DEBUG org.asynchttpclient.netty.channel.ChannelManager - Adding key: http://localhost:52385 for channel [id: 0x4196185f, L:/127.0.0.1:51059 - R:localhost/127.0.0.1:52385]
13:15:06.359 [AsyncHttpClient-1-6] DEBUG org.asynchttpclient.netty.handler.HttpHandler - 

Request DefaultFullHttpRequest(decodeResult: success, version: HTTP/1.1, content: EmptyByteBufBE)
DELETE /session/1a91c556fdf3d468fd4ee715a2a34d4a HTTP/1.1
User-Agent: selenium/4.1.4 (java windows)
Content-Type: application/json; charset=utf-8
host: localhost:58371
accept: */*

Response DefaultHttpResponse(decodeResult: success, version: HTTP/1.1)
HTTP/1.1 200 OK
Content-Type: application/json; charset=utf-8
cache-control: no-cache
content-length: 14

13:15:06.359 [AsyncHttpClient-1-6] DEBUG org.asynchttpclient.netty.channel.ChannelManager - Adding key: http://localhost:58371 for channel [id: 0x6f6acf4e, L:/127.0.0.1:51062 - R:localhost/127.0.0.1:58371]
13:15:06.411 [AsyncHttpClient-1-3] DEBUG org.asynchttpclient.netty.handler.HttpHandler - 

Request DefaultFullHttpRequest(decodeResult: success, version: HTTP/1.1, content: EmptyByteBufBE)
DELETE /session/fa5f4168d56159afc53bf03381c79015 HTTP/1.1
User-Agent: selenium/4.1.4 (java windows)
Content-Type: application/json; charset=utf-8
host: localhost:58433
accept: */*

Response DefaultHttpResponse(decodeResult: success, version: HTTP/1.1)
HTTP/1.1 200 OK
Content-Type: application/json; charset=utf-8
cache-control: no-cache
content-length: 14

13:15:06.411 [AsyncHttpClient-1-3] DEBUG org.asynchttpclient.netty.channel.ChannelManager - Adding key: http://localhost:58433 for channel [id: 0x508711ba, L:/127.0.0.1:51060 - R:localhost/127.0.0.1:58433]
13:15:06.432 [AsyncHttpClient-1-2] DEBUG org.asynchttpclient.netty.handler.HttpHandler - Channel Closed: [id: 0x4196185f, L:/127.0.0.1:51059 ! R:localhost/127.0.0.1:52385] with attribute DISCARD
13:15:06.450 [AsyncHttpClient-1-6] DEBUG org.asynchttpclient.netty.handler.HttpHandler - Channel Closed: [id: 0x6f6acf4e, L:/127.0.0.1:51062 ! R:localhost/127.0.0.1:58371] with attribute DISCARD
13:15:06.496 [AsyncHttpClient-1-3] DEBUG org.asynchttpclient.netty.handler.HttpHandler - Channel Closed: [id: 0x508711ba, L:/127.0.0.1:51060 ! R:localhost/127.0.0.1:58433] with attribute DISCARD
]]></system-out>
    <system-err><![CDATA[Starting ChromeDriver 105.0.5195.52 (412c95e518836d8a7d97250d62b29c2ae6a26a85-refs/branch-heads/5195@{#853}) on port 58433
Only local connections are allowed.
Please see https://chromedriver.chromium.org/security-considerations for suggestions on keeping ChromeDriver safe.
Starting ChromeDriver 105.0.5195.52 (412c95e518836d8a7d97250d62b29c2ae6a26a85-refs/branch-heads/5195@{#853}) on port 52385
Only local connections are allowed.
Please see https://chromedriver.chromium.org/security-considerations for suggestions on keeping ChromeDriver safe.
ChromeDriver was started successfully.
ChromeDriver was started successfully.
Starting ChromeDriver 105.0.5195.52 (412c95e518836d8a7d97250d62b29c2ae6a26a85-refs/branch-heads/5195@{#853}) on port 58371
Only local connections are allowed.
Please see https://chromedriver.chromium.org/security-considerations for suggestions on keeping ChromeDriver safe.
ChromeDriver was started successfully.
Sep 13, 2022 1:15:02 PM org.openqa.selenium.remote.ProtocolHandshake createSession
INFO: Detected dialect: W3C
Sep 13, 2022 1:15:02 PM org.openqa.selenium.remote.ProtocolHandshake createSession
INFO: Detected dialect: W3C
Sep 13, 2022 1:15:02 PM org.openqa.selenium.devtools.CdpVersionFinder findNearestMatch
WARNING: Unable to find an exact match for CDP version 105, so returning the closest version found: 101
Sep 13, 2022 1:15:02 PM org.openqa.selenium.devtools.CdpVersionFinder findNearestMatch
INFO: Found CDP implementation for version 105 of 101
Sep 13, 2022 1:15:02 PM org.openqa.selenium.devtools.CdpVersionFinder findNearestMatch
WARNING: Unable to find an exact match for CDP version 105, so returning the closest version found: 101
Sep 13, 2022 1:15:02 PM org.openqa.selenium.devtools.CdpVersionFinder findNearestMatch
INFO: Found CDP implementation for version 105 of 101
Sep 13, 2022 1:15:02 PM org.openqa.selenium.remote.ProtocolHandshake createSession
INFO: Detected dialect: W3C
Sep 13, 2022 1:15:02 PM org.openqa.selenium.devtools.CdpVersionFinder findNearestMatch
WARNING: Unable to find an exact match for CDP version 105, so returning the closest version found: 101
Sep 13, 2022 1:15:02 PM org.openqa.selenium.devtools.CdpVersionFinder findNearestMatch
INFO: Found CDP implementation for version 105 of 101
]]></system-err>
  </testcase>
  <testcase name="runScenario[&quot;&quot;, &quot;webdriver university login page&quot;](5)" classname="runners.RunnerClass" time="7.053"/>
  <testcase name="runScenario[&quot;&quot;, &quot;webdriver university login page&quot;](6)" classname="runners.RunnerClass" time="7.101"/>
</testsuite>