<?xml version="1.0" encoding="UTF-8"?>
<testsuite xmlns:xsi="http://www.w3.org/2001/XMLSchema-instance" xsi:noNamespaceSchemaLocation="https://maven.apache.org/surefire/maven-surefire-plugin/xsd/surefire-test-report-3.0.xsd" version="3.0" name="TestSuite" time="37.127" tests="8" errors="0" skipped="0" failures="0">
  <properties>
    <property name="java.specification.version" value="15"/>
    <property name="webdriver.chrome.driver" value="C:\Users\farha\IdeaProjects\CucumberProject/src/main/java/driver/drivers/chromedriver.exe"/>
    <property name="sun.cpu.isalist" value="amd64"/>
    <property name="sun.jnu.encoding" value="Cp1252"/>
    <property name="java.class.path" value="C:\Users\farha\IdeaProjects\CucumberProject\target\test-classes;C:\Users\farha\IdeaProjects\CucumberProject\target\classes;C:\Users\farha\.m2\repository\org\apache\maven\maven-core\3.8.5\maven-core-3.8.5.jar;C:\Users\farha\.m2\repository\org\apache\maven\maven-model\3.8.5\maven-model-3.8.5.jar;C:\Users\farha\.m2\repository\org\apache\maven\maven-settings\3.8.5\maven-settings-3.8.5.jar;C:\Users\farha\.m2\repository\org\apache\maven\maven-settings-builder\3.8.5\maven-settings-builder-3.8.5.jar;C:\Users\farha\.m2\repository\org\codehaus\plexus\plexus-sec-dispatcher\2.0\plexus-sec-dispatcher-2.0.jar;C:\Users\farha\.m2\repository\org\codehaus\plexus\plexus-cipher\2.0\plexus-cipher-2.0.jar;C:\Users\farha\.m2\repository\org\apache\maven\maven-builder-support\3.8.5\maven-builder-support-3.8.5.jar;C:\Users\farha\.m2\repository\org\apache\maven\maven-repository-metadata\3.8.5\maven-repository-metadata-3.8.5.jar;C:\Users\farha\.m2\repository\org\apache\maven\maven-artifact\3.8.5\maven-artifact-3.8.5.jar;C:\Users\farha\.m2\repository\org\apache\maven\maven-plugin-api\3.8.5\maven-plugin-api-3.8.5.jar;C:\Users\farha\.m2\repository\org\apache\maven\maven-model-builder\3.8.5\maven-model-builder-3.8.5.jar;C:\Users\farha\.m2\repository\org\apache\maven\maven-resolver-provider\3.8.5\maven-resolver-provider-3.8.5.jar;C:\Users\farha\.m2\repository\org\apache\maven\resolver\maven-resolver-impl\1.6.3\maven-resolver-impl-1.6.3.jar;C:\Users\farha\.m2\repository\org\apache\maven\resolver\maven-resolver-api\1.6.3\maven-resolver-api-1.6.3.jar;C:\Users\farha\.m2\repository\org\apache\maven\resolver\maven-resolver-spi\1.6.3\maven-resolver-spi-1.6.3.jar;C:\Users\farha\.m2\repository\org\apache\maven\resolver\maven-resolver-util\1.6.3\maven-resolver-util-1.6.3.jar;C:\Users\farha\.m2\repository\org\apache\maven\shared\maven-shared-utils\3.3.4\maven-shared-utils-3.3.4.jar;C:\Users\farha\.m2\repository\org\eclipse\sisu\org.eclipse.sisu.plexus\0.3.5\org.eclipse.sisu.plexus-0.3.5.jar;C:\Users\farha\.m2\repository\javax\annotation\javax.annotation-api\1.2\javax.annotation-api-1.2.jar;C:\Users\farha\.m2\repository\org\eclipse\sisu\org.eclipse.sisu.inject\0.3.5\org.eclipse.sisu.inject-0.3.5.jar;C:\Users\farha\.m2\repository\com\google\inject\guice\4.2.2\guice-4.2.2-no_aop.jar;C:\Users\farha\.m2\repository\aopalliance\aopalliance\1.0\aopalliance-1.0.jar;C:\Users\farha\.m2\repository\javax\inject\javax.inject\1\javax.inject-1.jar;C:\Users\farha\.m2\repository\org\codehaus\plexus\plexus-utils\3.3.0\plexus-utils-3.3.0.jar;C:\Users\farha\.m2\repository\org\codehaus\plexus\plexus-classworlds\2.6.0\plexus-classworlds-2.6.0.jar;C:\Users\farha\.m2\repository\org\codehaus\plexus\plexus-interpolation\1.26\plexus-interpolation-1.26.jar;C:\Users\farha\.m2\repository\org\codehaus\plexus\plexus-component-annotations\2.1.0\plexus-component-annotations-2.1.0.jar;C:\Users\farha\.m2\repository\org\apache\commons\commons-lang3\3.8.1\commons-lang3-3.8.1.jar;C:\Users\farha\.m2\repository\org\slf4j\slf4j-api\1.7.32\slf4j-api-1.7.32.jar;C:\Users\farha\.m2\repository\org\seleniumhq\selenium\selenium-java\4.1.4\selenium-java-4.1.4.jar;C:\Users\farha\.m2\repository\org\seleniumhq\selenium\selenium-api\4.1.4\selenium-api-4.1.4.jar;C:\Users\farha\.m2\repository\org\seleniumhq\selenium\selenium-chrome-driver\4.1.4\selenium-chrome-driver-4.1.4.jar;C:\Users\farha\.m2\repository\com\google\auto\service\auto-service-annotations\1.0.1\auto-service-annotations-1.0.1.jar;C:\Users\farha\.m2\repository\com\google\auto\service\auto-service\1.0.1\auto-service-1.0.1.jar;C:\Users\farha\.m2\repository\com\google\auto\auto-common\1.2\auto-common-1.2.jar;C:\Users\farha\.m2\repository\org\seleniumhq\selenium\selenium-chromium-driver\4.1.4\selenium-chromium-driver-4.1.4.jar;C:\Users\farha\.m2\repository\org\seleniumhq\selenium\selenium-json\4.1.4\selenium-json-4.1.4.jar;C:\Users\farha\.m2\repository\org\seleniumhq\selenium\selenium-devtools-v100\4.1.4\selenium-devtools-v100-4.1.4.jar;C:\Users\farha\.m2\repository\org\seleniumhq\selenium\selenium-devtools-v101\4.1.4\selenium-devtools-v101-4.1.4.jar;C:\Users\farha\.m2\repository\org\seleniumhq\selenium\selenium-devtools-v85\4.1.4\selenium-devtools-v85-4.1.4.jar;C:\Users\farha\.m2\repository\org\seleniumhq\selenium\selenium-devtools-v99\4.1.4\selenium-devtools-v99-4.1.4.jar;C:\Users\farha\.m2\repository\org\seleniumhq\selenium\selenium-edge-driver\4.1.4\selenium-edge-driver-4.1.4.jar;C:\Users\farha\.m2\repository\org\seleniumhq\selenium\selenium-firefox-driver\4.1.4\selenium-firefox-driver-4.1.4.jar;C:\Users\farha\.m2\repository\org\seleniumhq\selenium\selenium-ie-driver\4.1.4\selenium-ie-driver-4.1.4.jar;C:\Users\farha\.m2\repository\org\seleniumhq\selenium\selenium-opera-driver\4.1.4\selenium-opera-driver-4.1.4.jar;C:\Users\farha\.m2\repository\org\seleniumhq\selenium\selenium-remote-driver\4.1.4\selenium-remote-driver-4.1.4.jar;C:\Users\farha\.m2\repository\io\netty\netty-buffer\4.1.76.Final\netty-buffer-4.1.76.Final.jar;C:\Users\farha\.m2\repository\io\netty\netty-codec-http\4.1.76.Final\netty-codec-http-4.1.76.Final.jar;C:\Users\farha\.m2\repository\io\netty\netty-codec\4.1.76.Final\netty-codec-4.1.76.Final.jar;C:\Users\farha\.m2\repository\io\netty\netty-handler\4.1.76.Final\netty-handler-4.1.76.Final.jar;C:\Users\farha\.m2\repository\io\netty\netty-common\4.1.76.Final\netty-common-4.1.76.Final.jar;C:\Users\farha\.m2\repository\io\netty\netty-transport-classes-epoll\4.1.76.Final\netty-transport-classes-epoll-4.1.76.Final.jar;C:\Users\farha\.m2\repository\io\netty\netty-transport-classes-kqueue\4.1.76.Final\netty-transport-classes-kqueue-4.1.76.Final.jar;C:\Users\farha\.m2\repository\io\netty\netty-transport-native-epoll\4.1.76.Final\netty-transport-native-epoll-4.1.76.Final.jar;C:\Users\farha\.m2\repository\io\netty\netty-transport-native-kqueue\4.1.76.Final\netty-transport-native-kqueue-4.1.76.Final.jar;C:\Users\farha\.m2\repository\io\netty\netty-transport-native-unix-common\4.1.76.Final\netty-transport-native-unix-common-4.1.76.Final.jar;C:\Users\farha\.m2\repository\io\netty\netty-transport\4.1.76.Final\netty-transport-4.1.76.Final.jar;C:\Users\farha\.m2\repository\io\netty\netty-resolver\4.1.76.Final\netty-resolver-4.1.76.Final.jar;C:\Users\farha\.m2\repository\io\opentelemetry\opentelemetry-api\1.13.0\opentelemetry-api-1.13.0.jar;C:\Users\farha\.m2\repository\io\opentelemetry\opentelemetry-context\1.13.0\opentelemetry-context-1.13.0.jar;C:\Users\farha\.m2\repository\io\opentelemetry\opentelemetry-exporter-logging\1.13.0\opentelemetry-exporter-logging-1.13.0.jar;C:\Users\farha\.m2\repository\io\opentelemetry\opentelemetry-sdk-metrics\1.13.0-alpha\opentelemetry-sdk-metrics-1.13.0-alpha.jar;C:\Users\farha\.m2\repository\io\opentelemetry\opentelemetry-sdk-logs\1.13.0-alpha\opentelemetry-sdk-logs-1.13.0-alpha.jar;C:\Users\farha\.m2\repository\io\opentelemetry\opentelemetry-sdk-common\1.13.0\opentelemetry-sdk-common-1.13.0.jar;C:\Users\farha\.m2\repository\io\opentelemetry\opentelemetry-sdk-extension-autoconfigure-spi\1.13.0\opentelemetry-sdk-extension-autoconfigure-spi-1.13.0.jar;C:\Users\farha\.m2\repository\io\opentelemetry\opentelemetry-sdk-extension-autoconfigure\1.13.0-alpha\opentelemetry-sdk-extension-autoconfigure-1.13.0-alpha.jar;C:\Users\farha\.m2\repository\io\opentelemetry\opentelemetry-sdk-trace\1.13.0\opentelemetry-sdk-trace-1.13.0.jar;C:\Users\farha\.m2\repository\io\opentelemetry\opentelemetry-sdk\1.13.0\opentelemetry-sdk-1.13.0.jar;C:\Users\farha\.m2\repository\io\opentelemetry\opentelemetry-semconv\1.13.0-alpha\opentelemetry-semconv-1.13.0-alpha.jar;C:\Users\farha\.m2\repository\io\ous\jtoml\2.0.0\jtoml-2.0.0.jar;C:\Users\farha\.m2\repository\net\bytebuddy\byte-buddy\1.12.9\byte-buddy-1.12.9.jar;C:\Users\farha\.m2\repository\org\apache\commons\commons-exec\1.3\commons-exec-1.3.jar;C:\Users\farha\.m2\repository\org\asynchttpclient\async-http-client\2.12.3\async-http-client-2.12.3.jar;C:\Users\farha\.m2\repository\org\asynchttpclient\async-http-client-netty-utils\2.12.3\async-http-client-netty-utils-2.12.3.jar;C:\Users\farha\.m2\repository\io\netty\netty-codec-socks\4.1.60.Final\netty-codec-socks-4.1.60.Final.jar;C:\Users\farha\.m2\repository\io\netty\netty-handler-proxy\4.1.60.Final\netty-handler-proxy-4.1.60.Final.jar;C:\Users\farha\.m2\repository\io\netty\netty-transport-native-epoll\4.1.60.Final\netty-transport-native-epoll-4.1.60.Final-linux-x86_64.jar;C:\Users\farha\.m2\repository\io\netty\netty-transport-native-kqueue\4.1.60.Final\netty-transport-native-kqueue-4.1.60.Final-osx-x86_64.jar;C:\Users\farha\.m2\repository\org\reactivestreams\reactive-streams\1.0.3\reactive-streams-1.0.3.jar;C:\Users\farha\.m2\repository\com\typesafe\netty\netty-reactive-streams\2.0.4\netty-reactive-streams-2.0.4.jar;C:\Users\farha\.m2\repository\com\sun\activation\jakarta.activation\1.2.2\jakarta.activation-1.2.2.jar;C:\Users\farha\.m2\repository\org\seleniumhq\selenium\selenium-http\4.1.4\selenium-http-4.1.4.jar;C:\Users\farha\.m2\repository\dev\failsafe\failsafe\3.2.3\failsafe-3.2.3.jar;C:\Users\farha\.m2\repository\org\seleniumhq\selenium\selenium-safari-driver\4.1.4\selenium-safari-driver-4.1.4.jar;C:\Users\farha\.m2\repository\org\seleniumhq\selenium\selenium-support\4.1.4\selenium-support-4.1.4.jar;C:\Users\farha\.m2\repository\io\cucumber\cucumber-java\7.3.4\cucumber-java-7.3.4.jar;C:\Users\farha\.m2\repository\io\cucumber\cucumber-core\7.3.4\cucumber-core-7.3.4.jar;C:\Users\farha\.m2\repository\io\cucumber\cucumber-gherkin\7.3.4\cucumber-gherkin-7.3.4.jar;C:\Users\farha\.m2\repository\io\cucumber\cucumber-gherkin-messages\7.3.4\cucumber-gherkin-messages-7.3.4.jar;C:\Users\farha\.m2\repository\io\cucumber\gherkin\23.0.1\gherkin-23.0.1.jar;C:\Users\farha\.m2\repository\io\cucumber\messages\18.0.0\messages-18.0.0.jar;C:\Users\farha\.m2\repository\io\cucumber\tag-expressions\4.1.0\tag-expressions-4.1.0.jar;C:\Users\farha\.m2\repository\io\cucumber\cucumber-expressions\15.1.1\cucumber-expressions-15.1.1.jar;C:\Users\farha\.m2\repository\io\cucumber\datatable\7.3.4\datatable-7.3.4.jar;C:\Users\farha\.m2\repository\io\cucumber\cucumber-plugin\7.3.4\cucumber-plugin-7.3.4.jar;C:\Users\farha\.m2\repository\io\cucumber\docstring\7.3.4\docstring-7.3.4.jar;C:\Users\farha\.m2\repository\io\cucumber\html-formatter\19.1.0\html-formatter-19.1.0.jar;C:\Users\farha\.m2\repository\io\cucumber\ci-environment\9.0.4\ci-environment-9.0.4.jar;C:\Users\farha\.m2\repository\org\apiguardian\apiguardian-api\1.1.2\apiguardian-api-1.1.2.jar;C:\Users\farha\.m2\repository\io\cucumber\cucumber-testng\7.3.4\cucumber-testng-7.3.4.jar;C:\Users\farha\.m2\repository\org\apache\poi\poi\5.2.2\poi-5.2.2.jar;C:\Users\farha\.m2\repository\commons-codec\commons-codec\1.15\commons-codec-1.15.jar;C:\Users\farha\.m2\repository\org\apache\commons\commons-collections4\4.4\commons-collections4-4.4.jar;C:\Users\farha\.m2\repository\org\apache\commons\commons-math3\3.6.1\commons-math3-3.6.1.jar;C:\Users\farha\.m2\repository\commons-io\commons-io\2.11.0\commons-io-2.11.0.jar;C:\Users\farha\.m2\repository\com\zaxxer\SparseBitSet\1.2\SparseBitSet-1.2.jar;C:\Users\farha\.m2\repository\com\google\guava\guava\31.1-jre\guava-31.1-jre.jar;C:\Users\farha\.m2\repository\com\google\guava\failureaccess\1.0.1\failureaccess-1.0.1.jar;C:\Users\farha\.m2\repository\com\google\guava\listenablefuture\9999.0-empty-to-avoid-conflict-with-guava\listenablefuture-9999.0-empty-to-avoid-conflict-with-guava.jar;C:\Users\farha\.m2\repository\com\google\code\findbugs\jsr305\3.0.2\jsr305-3.0.2.jar;C:\Users\farha\.m2\repository\org\checkerframework\checker-qual\3.12.0\checker-qual-3.12.0.jar;C:\Users\farha\.m2\repository\com\google\errorprone\error_prone_annotations\2.11.0\error_prone_annotations-2.11.0.jar;C:\Users\farha\.m2\repository\com\google\j2objc\j2objc-annotations\1.3\j2objc-annotations-1.3.jar;C:\Users\farha\.m2\repository\org\apache\logging\log4j\log4j-core\2.17.2\log4j-core-2.17.2.jar;C:\Users\farha\.m2\repository\org\apache\logging\log4j\log4j-api\2.17.2\log4j-api-2.17.2.jar;C:\Users\farha\.m2\repository\log4j\log4j\1.2.17\log4j-1.2.17.jar;C:\Users\farha\.m2\repository\commons-logging\commons-logging\1.2\commons-logging-1.2.jar;C:\Users\farha\.m2\repository\org\springframework\boot\spring-boot-starter-test\2.7.0\spring-boot-starter-test-2.7.0.jar;C:\Users\farha\.m2\repository\org\springframework\boot\spring-boot-starter\2.7.0\spring-boot-starter-2.7.0.jar;C:\Users\farha\.m2\repository\org\springframework\boot\spring-boot\2.7.0\spring-boot-2.7.0.jar;C:\Users\farha\.m2\repository\org\springframework\spring-context\5.3.20\spring-context-5.3.20.jar;C:\Users\farha\.m2\repository\org\springframework\spring-aop\5.3.20\spring-aop-5.3.20.jar;C:\Users\farha\.m2\repository\org\springframework\spring-beans\5.3.20\spring-beans-5.3.20.jar;C:\Users\farha\.m2\repository\org\springframework\spring-expression\5.3.20\spring-expression-5.3.20.jar;C:\Users\farha\.m2\repository\org\springframework\boot\spring-boot-autoconfigure\2.7.0\spring-boot-autoconfigure-2.7.0.jar;C:\Users\farha\.m2\repository\org\springframework\boot\spring-boot-starter-logging\2.7.0\spring-boot-starter-logging-2.7.0.jar;C:\Users\farha\.m2\repository\ch\qos\logback\logback-classic\1.2.11\logback-classic-1.2.11.jar;C:\Users\farha\.m2\repository\ch\qos\logback\logback-core\1.2.11\logback-core-1.2.11.jar;C:\Users\farha\.m2\repository\org\apache\logging\log4j\log4j-to-slf4j\2.17.2\log4j-to-slf4j-2.17.2.jar;C:\Users\farha\.m2\repository\org\slf4j\jul-to-slf4j\1.7.36\jul-to-slf4j-1.7.36.jar;C:\Users\farha\.m2\repository\jakarta\annotation\jakarta.annotation-api\1.3.5\jakarta.annotation-api-1.3.5.jar;C:\Users\farha\.m2\repository\org\yaml\snakeyaml\1.30\snakeyaml-1.30.jar;C:\Users\farha\.m2\repository\org\springframework\boot\spring-boot-test\2.7.0\spring-boot-test-2.7.0.jar;C:\Users\farha\.m2\repository\org\springframework\boot\spring-boot-test-autoconfigure\2.7.0\spring-boot-test-autoconfigure-2.7.0.jar;C:\Users\farha\.m2\repository\com\jayway\jsonpath\json-path\2.7.0\json-path-2.7.0.jar;C:\Users\farha\.m2\repository\net\minidev\json-smart\2.4.7\json-smart-2.4.7.jar;C:\Users\farha\.m2\repository\net\minidev\accessors-smart\2.4.7\accessors-smart-2.4.7.jar;C:\Users\farha\.m2\repository\org\ow2\asm\asm\9.1\asm-9.1.jar;C:\Users\farha\.m2\repository\jakarta\xml\bind\jakarta.xml.bind-api\2.3.3\jakarta.xml.bind-api-2.3.3.jar;C:\Users\farha\.m2\repository\jakarta\activation\jakarta.activation-api\1.2.2\jakarta.activation-api-1.2.2.jar;C:\Users\farha\.m2\repository\org\assertj\assertj-core\3.22.0\assertj-core-3.22.0.jar;C:\Users\farha\.m2\repository\org\hamcrest\hamcrest\2.2\hamcrest-2.2.jar;C:\Users\farha\.m2\repository\org\junit\jupiter\junit-jupiter\5.8.2\junit-jupiter-5.8.2.jar;C:\Users\farha\.m2\repository\org\junit\jupiter\junit-jupiter-api\5.8.2\junit-jupiter-api-5.8.2.jar;C:\Users\farha\.m2\repository\org\opentest4j\opentest4j\1.2.0\opentest4j-1.2.0.jar;C:\Users\farha\.m2\repository\org\junit\jupiter\junit-jupiter-params\5.8.2\junit-jupiter-params-5.8.2.jar;C:\Users\farha\.m2\repository\org\junit\jupiter\junit-jupiter-engine\5.8.2\junit-jupiter-engine-5.8.2.jar;C:\Users\farha\.m2\repository\org\mockito\mockito-core\4.5.1\mockito-core-4.5.1.jar;C:\Users\farha\.m2\repository\net\bytebuddy\byte-buddy-agent\1.12.9\byte-buddy-agent-1.12.9.jar;C:\Users\farha\.m2\repository\org\objenesis\objenesis\3.2\objenesis-3.2.jar;C:\Users\farha\.m2\repository\org\mockito\mockito-junit-jupiter\4.5.1\mockito-junit-jupiter-4.5.1.jar;C:\Users\farha\.m2\repository\org\skyscreamer\jsonassert\1.5.0\jsonassert-1.5.0.jar;C:\Users\farha\.m2\repository\com\vaadin\external\google\android-json\0.0.20131108.vaadin1\android-json-0.0.20131108.vaadin1.jar;C:\Users\farha\.m2\repository\org\springframework\spring-core\5.3.20\spring-core-5.3.20.jar;C:\Users\farha\.m2\repository\org\springframework\spring-jcl\5.3.20\spring-jcl-5.3.20.jar;C:\Users\farha\.m2\repository\org\springframework\spring-test\5.3.20\spring-test-5.3.20.jar;C:\Users\farha\.m2\repository\org\xmlunit\xmlunit-core\2.9.0\xmlunit-core-2.9.0.jar;C:\Users\farha\.m2\repository\org\json\json\20220320\json-20220320.jar;C:\Users\farha\.m2\repository\io\cucumber\cucumber-picocontainer\7.3.4\cucumber-picocontainer-7.3.4.jar;C:\Users\farha\.m2\repository\org\picocontainer\picocontainer\2.15\picocontainer-2.15.jar;C:\Users\farha\.m2\repository\org\testng\testng\7.5\testng-7.5.jar;C:\Users\farha\.m2\repository\com\beust\jcommander\1.78\jcommander-1.78.jar;C:\Users\farha\.m2\repository\org\webjars\jquery\3.5.1\jquery-3.5.1.jar;C:\Users\farha\.m2\repository\org\junit\platform\junit-platform-runner\1.9.0-M1\junit-platform-runner-1.9.0-M1.jar;C:\Users\farha\.m2\repository\junit\junit\4.13.2\junit-4.13.2.jar;C:\Users\farha\.m2\repository\org\hamcrest\hamcrest-core\1.3\hamcrest-core-1.3.jar;C:\Users\farha\.m2\repository\org\junit\platform\junit-platform-launcher\1.9.0-M1\junit-platform-launcher-1.9.0-M1.jar;C:\Users\farha\.m2\repository\org\junit\platform\junit-platform-engine\1.9.0-M1\junit-platform-engine-1.9.0-M1.jar;C:\Users\farha\.m2\repository\org\junit\platform\junit-platform-suite-api\1.9.0-M1\junit-platform-suite-api-1.9.0-M1.jar;C:\Users\farha\.m2\repository\org\junit\platform\junit-platform-commons\1.9.0-M1\junit-platform-commons-1.9.0-M1.jar;C:\Users\farha\.m2\repository\org\junit\platform\junit-platform-suite-commons\1.9.0-M1\junit-platform-suite-commons-1.9.0-M1.jar;"/>
    <property name="java.vm.vendor" value="Oracle Corporation"/>
    <property name="sun.arch.data.model" value="64"/>
    <property name="user.variant" value=""/>
    <property name="java.vendor.url" value="https://java.oracle.com/"/>
    <property name="user.timezone" value="America/New_York"/>
    <property name="os.name" value="Windows 10"/>
    <property name="java.vm.specification.version" value="15"/>
    <property name="dataproviderthreadcount" value="2"/>
    <property name="sun.java.launcher" value="SUN_STANDARD"/>
    <property name="user.country" value="US"/>
    <property name="sun.boot.library.path" value="C:\Program Files\Java\jdk-15\bin"/>
    <property name="sun.java.command" value="C:\Users\farha\AppData\Local\Temp\surefire13020634349804800735\surefirebooter-20220920121631609_3.jar C:\Users\farha\AppData\Local\Temp\surefire13020634349804800735 2022-09-20T12-16-30_875-jvmRun1 surefire-20220920121631609_1tmp surefire_0-20220920121631609_2tmp"/>
    <property name="jdk.debug" value="release"/>
    <property name="surefire.test.class.path" value="C:\Users\farha\IdeaProjects\CucumberProject\target\test-classes;C:\Users\farha\IdeaProjects\CucumberProject\target\classes;C:\Users\farha\.m2\repository\org\apache\maven\maven-core\3.8.5\maven-core-3.8.5.jar;C:\Users\farha\.m2\repository\org\apache\maven\maven-model\3.8.5\maven-model-3.8.5.jar;C:\Users\farha\.m2\repository\org\apache\maven\maven-settings\3.8.5\maven-settings-3.8.5.jar;C:\Users\farha\.m2\repository\org\apache\maven\maven-settings-builder\3.8.5\maven-settings-builder-3.8.5.jar;C:\Users\farha\.m2\repository\org\codehaus\plexus\plexus-sec-dispatcher\2.0\plexus-sec-dispatcher-2.0.jar;C:\Users\farha\.m2\repository\org\codehaus\plexus\plexus-cipher\2.0\plexus-cipher-2.0.jar;C:\Users\farha\.m2\repository\org\apache\maven\maven-builder-support\3.8.5\maven-builder-support-3.8.5.jar;C:\Users\farha\.m2\repository\org\apache\maven\maven-repository-metadata\3.8.5\maven-repository-metadata-3.8.5.jar;C:\Users\farha\.m2\repository\org\apache\maven\maven-artifact\3.8.5\maven-artifact-3.8.5.jar;C:\Users\farha\.m2\repository\org\apache\maven\maven-plugin-api\3.8.5\maven-plugin-api-3.8.5.jar;C:\Users\farha\.m2\repository\org\apache\maven\maven-model-builder\3.8.5\maven-model-builder-3.8.5.jar;C:\Users\farha\.m2\repository\org\apache\maven\maven-resolver-provider\3.8.5\maven-resolver-provider-3.8.5.jar;C:\Users\farha\.m2\repository\org\apache\maven\resolver\maven-resolver-impl\1.6.3\maven-resolver-impl-1.6.3.jar;C:\Users\farha\.m2\repository\org\apache\maven\resolver\maven-resolver-api\1.6.3\maven-resolver-api-1.6.3.jar;C:\Users\farha\.m2\repository\org\apache\maven\resolver\maven-resolver-spi\1.6.3\maven-resolver-spi-1.6.3.jar;C:\Users\farha\.m2\repository\org\apache\maven\resolver\maven-resolver-util\1.6.3\maven-resolver-util-1.6.3.jar;C:\Users\farha\.m2\repository\org\apache\maven\shared\maven-shared-utils\3.3.4\maven-shared-utils-3.3.4.jar;C:\Users\farha\.m2\repository\org\eclipse\sisu\org.eclipse.sisu.plexus\0.3.5\org.eclipse.sisu.plexus-0.3.5.jar;C:\Users\farha\.m2\repository\javax\annotation\javax.annotation-api\1.2\javax.annotation-api-1.2.jar;C:\Users\farha\.m2\repository\org\eclipse\sisu\org.eclipse.sisu.inject\0.3.5\org.eclipse.sisu.inject-0.3.5.jar;C:\Users\farha\.m2\repository\com\google\inject\guice\4.2.2\guice-4.2.2-no_aop.jar;C:\Users\farha\.m2\repository\aopalliance\aopalliance\1.0\aopalliance-1.0.jar;C:\Users\farha\.m2\repository\javax\inject\javax.inject\1\javax.inject-1.jar;C:\Users\farha\.m2\repository\org\codehaus\plexus\plexus-utils\3.3.0\plexus-utils-3.3.0.jar;C:\Users\farha\.m2\repository\org\codehaus\plexus\plexus-classworlds\2.6.0\plexus-classworlds-2.6.0.jar;C:\Users\farha\.m2\repository\org\codehaus\plexus\plexus-interpolation\1.26\plexus-interpolation-1.26.jar;C:\Users\farha\.m2\repository\org\codehaus\plexus\plexus-component-annotations\2.1.0\plexus-component-annotations-2.1.0.jar;C:\Users\farha\.m2\repository\org\apache\commons\commons-lang3\3.8.1\commons-lang3-3.8.1.jar;C:\Users\farha\.m2\repository\org\slf4j\slf4j-api\1.7.32\slf4j-api-1.7.32.jar;C:\Users\farha\.m2\repository\org\seleniumhq\selenium\selenium-java\4.1.4\selenium-java-4.1.4.jar;C:\Users\farha\.m2\repository\org\seleniumhq\selenium\selenium-api\4.1.4\selenium-api-4.1.4.jar;C:\Users\farha\.m2\repository\org\seleniumhq\selenium\selenium-chrome-driver\4.1.4\selenium-chrome-driver-4.1.4.jar;C:\Users\farha\.m2\repository\com\google\auto\service\auto-service-annotations\1.0.1\auto-service-annotations-1.0.1.jar;C:\Users\farha\.m2\repository\com\google\auto\service\auto-service\1.0.1\auto-service-1.0.1.jar;C:\Users\farha\.m2\repository\com\google\auto\auto-common\1.2\auto-common-1.2.jar;C:\Users\farha\.m2\repository\org\seleniumhq\selenium\selenium-chromium-driver\4.1.4\selenium-chromium-driver-4.1.4.jar;C:\Users\farha\.m2\repository\org\seleniumhq\selenium\selenium-json\4.1.4\selenium-json-4.1.4.jar;C:\Users\farha\.m2\repository\org\seleniumhq\selenium\selenium-devtools-v100\4.1.4\selenium-devtools-v100-4.1.4.jar;C:\Users\farha\.m2\repository\org\seleniumhq\selenium\selenium-devtools-v101\4.1.4\selenium-devtools-v101-4.1.4.jar;C:\Users\farha\.m2\repository\org\seleniumhq\selenium\selenium-devtools-v85\4.1.4\selenium-devtools-v85-4.1.4.jar;C:\Users\farha\.m2\repository\org\seleniumhq\selenium\selenium-devtools-v99\4.1.4\selenium-devtools-v99-4.1.4.jar;C:\Users\farha\.m2\repository\org\seleniumhq\selenium\selenium-edge-driver\4.1.4\selenium-edge-driver-4.1.4.jar;C:\Users\farha\.m2\repository\org\seleniumhq\selenium\selenium-firefox-driver\4.1.4\selenium-firefox-driver-4.1.4.jar;C:\Users\farha\.m2\repository\org\seleniumhq\selenium\selenium-ie-driver\4.1.4\selenium-ie-driver-4.1.4.jar;C:\Users\farha\.m2\repository\org\seleniumhq\selenium\selenium-opera-driver\4.1.4\selenium-opera-driver-4.1.4.jar;C:\Users\farha\.m2\repository\org\seleniumhq\selenium\selenium-remote-driver\4.1.4\selenium-remote-driver-4.1.4.jar;C:\Users\farha\.m2\repository\io\netty\netty-buffer\4.1.76.Final\netty-buffer-4.1.76.Final.jar;C:\Users\farha\.m2\repository\io\netty\netty-codec-http\4.1.76.Final\netty-codec-http-4.1.76.Final.jar;C:\Users\farha\.m2\repository\io\netty\netty-codec\4.1.76.Final\netty-codec-4.1.76.Final.jar;C:\Users\farha\.m2\repository\io\netty\netty-handler\4.1.76.Final\netty-handler-4.1.76.Final.jar;C:\Users\farha\.m2\repository\io\netty\netty-common\4.1.76.Final\netty-common-4.1.76.Final.jar;C:\Users\farha\.m2\repository\io\netty\netty-transport-classes-epoll\4.1.76.Final\netty-transport-classes-epoll-4.1.76.Final.jar;C:\Users\farha\.m2\repository\io\netty\netty-transport-classes-kqueue\4.1.76.Final\netty-transport-classes-kqueue-4.1.76.Final.jar;C:\Users\farha\.m2\repository\io\netty\netty-transport-native-epoll\4.1.76.Final\netty-transport-native-epoll-4.1.76.Final.jar;C:\Users\farha\.m2\repository\io\netty\netty-transport-native-kqueue\4.1.76.Final\netty-transport-native-kqueue-4.1.76.Final.jar;C:\Users\farha\.m2\repository\io\netty\netty-transport-native-unix-common\4.1.76.Final\netty-transport-native-unix-common-4.1.76.Final.jar;C:\Users\farha\.m2\repository\io\netty\netty-transport\4.1.76.Final\netty-transport-4.1.76.Final.jar;C:\Users\farha\.m2\repository\io\netty\netty-resolver\4.1.76.Final\netty-resolver-4.1.76.Final.jar;C:\Users\farha\.m2\repository\io\opentelemetry\opentelemetry-api\1.13.0\opentelemetry-api-1.13.0.jar;C:\Users\farha\.m2\repository\io\opentelemetry\opentelemetry-context\1.13.0\opentelemetry-context-1.13.0.jar;C:\Users\farha\.m2\repository\io\opentelemetry\opentelemetry-exporter-logging\1.13.0\opentelemetry-exporter-logging-1.13.0.jar;C:\Users\farha\.m2\repository\io\opentelemetry\opentelemetry-sdk-metrics\1.13.0-alpha\opentelemetry-sdk-metrics-1.13.0-alpha.jar;C:\Users\farha\.m2\repository\io\opentelemetry\opentelemetry-sdk-logs\1.13.0-alpha\opentelemetry-sdk-logs-1.13.0-alpha.jar;C:\Users\farha\.m2\repository\io\opentelemetry\opentelemetry-sdk-common\1.13.0\opentelemetry-sdk-common-1.13.0.jar;C:\Users\farha\.m2\repository\io\opentelemetry\opentelemetry-sdk-extension-autoconfigure-spi\1.13.0\opentelemetry-sdk-extension-autoconfigure-spi-1.13.0.jar;C:\Users\farha\.m2\repository\io\opentelemetry\opentelemetry-sdk-extension-autoconfigure\1.13.0-alpha\opentelemetry-sdk-extension-autoconfigure-1.13.0-alpha.jar;C:\Users\farha\.m2\repository\io\opentelemetry\opentelemetry-sdk-trace\1.13.0\opentelemetry-sdk-trace-1.13.0.jar;C:\Users\farha\.m2\repository\io\opentelemetry\opentelemetry-sdk\1.13.0\opentelemetry-sdk-1.13.0.jar;C:\Users\farha\.m2\repository\io\opentelemetry\opentelemetry-semconv\1.13.0-alpha\opentelemetry-semconv-1.13.0-alpha.jar;C:\Users\farha\.m2\repository\io\ous\jtoml\2.0.0\jtoml-2.0.0.jar;C:\Users\farha\.m2\repository\net\bytebuddy\byte-buddy\1.12.9\byte-buddy-1.12.9.jar;C:\Users\farha\.m2\repository\org\apache\commons\commons-exec\1.3\commons-exec-1.3.jar;C:\Users\farha\.m2\repository\org\asynchttpclient\async-http-client\2.12.3\async-http-client-2.12.3.jar;C:\Users\farha\.m2\repository\org\asynchttpclient\async-http-client-netty-utils\2.12.3\async-http-client-netty-utils-2.12.3.jar;C:\Users\farha\.m2\repository\io\netty\netty-codec-socks\4.1.60.Final\netty-codec-socks-4.1.60.Final.jar;C:\Users\farha\.m2\repository\io\netty\netty-handler-proxy\4.1.60.Final\netty-handler-proxy-4.1.60.Final.jar;C:\Users\farha\.m2\repository\io\netty\netty-transport-native-epoll\4.1.60.Final\netty-transport-native-epoll-4.1.60.Final-linux-x86_64.jar;C:\Users\farha\.m2\repository\io\netty\netty-transport-native-kqueue\4.1.60.Final\netty-transport-native-kqueue-4.1.60.Final-osx-x86_64.jar;C:\Users\farha\.m2\repository\org\reactivestreams\reactive-streams\1.0.3\reactive-streams-1.0.3.jar;C:\Users\farha\.m2\repository\com\typesafe\netty\netty-reactive-streams\2.0.4\netty-reactive-streams-2.0.4.jar;C:\Users\farha\.m2\repository\com\sun\activation\jakarta.activation\1.2.2\jakarta.activation-1.2.2.jar;C:\Users\farha\.m2\repository\org\seleniumhq\selenium\selenium-http\4.1.4\selenium-http-4.1.4.jar;C:\Users\farha\.m2\repository\dev\failsafe\failsafe\3.2.3\failsafe-3.2.3.jar;C:\Users\farha\.m2\repository\org\seleniumhq\selenium\selenium-safari-driver\4.1.4\selenium-safari-driver-4.1.4.jar;C:\Users\farha\.m2\repository\org\seleniumhq\selenium\selenium-support\4.1.4\selenium-support-4.1.4.jar;C:\Users\farha\.m2\repository\io\cucumber\cucumber-java\7.3.4\cucumber-java-7.3.4.jar;C:\Users\farha\.m2\repository\io\cucumber\cucumber-core\7.3.4\cucumber-core-7.3.4.jar;C:\Users\farha\.m2\repository\io\cucumber\cucumber-gherkin\7.3.4\cucumber-gherkin-7.3.4.jar;C:\Users\farha\.m2\repository\io\cucumber\cucumber-gherkin-messages\7.3.4\cucumber-gherkin-messages-7.3.4.jar;C:\Users\farha\.m2\repository\io\cucumber\gherkin\23.0.1\gherkin-23.0.1.jar;C:\Users\farha\.m2\repository\io\cucumber\messages\18.0.0\messages-18.0.0.jar;C:\Users\farha\.m2\repository\io\cucumber\tag-expressions\4.1.0\tag-expressions-4.1.0.jar;C:\Users\farha\.m2\repository\io\cucumber\cucumber-expressions\15.1.1\cucumber-expressions-15.1.1.jar;C:\Users\farha\.m2\repository\io\cucumber\datatable\7.3.4\datatable-7.3.4.jar;C:\Users\farha\.m2\repository\io\cucumber\cucumber-plugin\7.3.4\cucumber-plugin-7.3.4.jar;C:\Users\farha\.m2\repository\io\cucumber\docstring\7.3.4\docstring-7.3.4.jar;C:\Users\farha\.m2\repository\io\cucumber\html-formatter\19.1.0\html-formatter-19.1.0.jar;C:\Users\farha\.m2\repository\io\cucumber\ci-environment\9.0.4\ci-environment-9.0.4.jar;C:\Users\farha\.m2\repository\org\apiguardian\apiguardian-api\1.1.2\apiguardian-api-1.1.2.jar;C:\Users\farha\.m2\repository\io\cucumber\cucumber-testng\7.3.4\cucumber-testng-7.3.4.jar;C:\Users\farha\.m2\repository\org\apache\poi\poi\5.2.2\poi-5.2.2.jar;C:\Users\farha\.m2\repository\commons-codec\commons-codec\1.15\commons-codec-1.15.jar;C:\Users\farha\.m2\repository\org\apache\commons\commons-collections4\4.4\commons-collections4-4.4.jar;C:\Users\farha\.m2\repository\org\apache\commons\commons-math3\3.6.1\commons-math3-3.6.1.jar;C:\Users\farha\.m2\repository\commons-io\commons-io\2.11.0\commons-io-2.11.0.jar;C:\Users\farha\.m2\repository\com\zaxxer\SparseBitSet\1.2\SparseBitSet-1.2.jar;C:\Users\farha\.m2\repository\com\google\guava\guava\31.1-jre\guava-31.1-jre.jar;C:\Users\farha\.m2\repository\com\google\guava\failureaccess\1.0.1\failureaccess-1.0.1.jar;C:\Users\farha\.m2\repository\com\google\guava\listenablefuture\9999.0-empty-to-avoid-conflict-with-guava\listenablefuture-9999.0-empty-to-avoid-conflict-with-guava.jar;C:\Users\farha\.m2\repository\com\google\code\findbugs\jsr305\3.0.2\jsr305-3.0.2.jar;C:\Users\farha\.m2\repository\org\checkerframework\checker-qual\3.12.0\checker-qual-3.12.0.jar;C:\Users\farha\.m2\repository\com\google\errorprone\error_prone_annotations\2.11.0\error_prone_annotations-2.11.0.jar;C:\Users\farha\.m2\repository\com\google\j2objc\j2objc-annotations\1.3\j2objc-annotations-1.3.jar;C:\Users\farha\.m2\repository\org\apache\logging\log4j\log4j-core\2.17.2\log4j-core-2.17.2.jar;C:\Users\farha\.m2\repository\org\apache\logging\log4j\log4j-api\2.17.2\log4j-api-2.17.2.jar;C:\Users\farha\.m2\repository\log4j\log4j\1.2.17\log4j-1.2.17.jar;C:\Users\farha\.m2\repository\commons-logging\commons-logging\1.2\commons-logging-1.2.jar;C:\Users\farha\.m2\repository\org\springframework\boot\spring-boot-starter-test\2.7.0\spring-boot-starter-test-2.7.0.jar;C:\Users\farha\.m2\repository\org\springframework\boot\spring-boot-starter\2.7.0\spring-boot-starter-2.7.0.jar;C:\Users\farha\.m2\repository\org\springframework\boot\spring-boot\2.7.0\spring-boot-2.7.0.jar;C:\Users\farha\.m2\repository\org\springframework\spring-context\5.3.20\spring-context-5.3.20.jar;C:\Users\farha\.m2\repository\org\springframework\spring-aop\5.3.20\spring-aop-5.3.20.jar;C:\Users\farha\.m2\repository\org\springframework\spring-beans\5.3.20\spring-beans-5.3.20.jar;C:\Users\farha\.m2\repository\org\springframework\spring-expression\5.3.20\spring-expression-5.3.20.jar;C:\Users\farha\.m2\repository\org\springframework\boot\spring-boot-autoconfigure\2.7.0\spring-boot-autoconfigure-2.7.0.jar;C:\Users\farha\.m2\repository\org\springframework\boot\spring-boot-starter-logging\2.7.0\spring-boot-starter-logging-2.7.0.jar;C:\Users\farha\.m2\repository\ch\qos\logback\logback-classic\1.2.11\logback-classic-1.2.11.jar;C:\Users\farha\.m2\repository\ch\qos\logback\logback-core\1.2.11\logback-core-1.2.11.jar;C:\Users\farha\.m2\repository\org\apache\logging\log4j\log4j-to-slf4j\2.17.2\log4j-to-slf4j-2.17.2.jar;C:\Users\farha\.m2\repository\org\slf4j\jul-to-slf4j\1.7.36\jul-to-slf4j-1.7.36.jar;C:\Users\farha\.m2\repository\jakarta\annotation\jakarta.annotation-api\1.3.5\jakarta.annotation-api-1.3.5.jar;C:\Users\farha\.m2\repository\org\yaml\snakeyaml\1.30\snakeyaml-1.30.jar;C:\Users\farha\.m2\repository\org\springframework\boot\spring-boot-test\2.7.0\spring-boot-test-2.7.0.jar;C:\Users\farha\.m2\repository\org\springframework\boot\spring-boot-test-autoconfigure\2.7.0\spring-boot-test-autoconfigure-2.7.0.jar;C:\Users\farha\.m2\repository\com\jayway\jsonpath\json-path\2.7.0\json-path-2.7.0.jar;C:\Users\farha\.m2\repository\net\minidev\json-smart\2.4.7\json-smart-2.4.7.jar;C:\Users\farha\.m2\repository\net\minidev\accessors-smart\2.4.7\accessors-smart-2.4.7.jar;C:\Users\farha\.m2\repository\org\ow2\asm\asm\9.1\asm-9.1.jar;C:\Users\farha\.m2\repository\jakarta\xml\bind\jakarta.xml.bind-api\2.3.3\jakarta.xml.bind-api-2.3.3.jar;C:\Users\farha\.m2\repository\jakarta\activation\jakarta.activation-api\1.2.2\jakarta.activation-api-1.2.2.jar;C:\Users\farha\.m2\repository\org\assertj\assertj-core\3.22.0\assertj-core-3.22.0.jar;C:\Users\farha\.m2\repository\org\hamcrest\hamcrest\2.2\hamcrest-2.2.jar;C:\Users\farha\.m2\repository\org\junit\jupiter\junit-jupiter\5.8.2\junit-jupiter-5.8.2.jar;C:\Users\farha\.m2\repository\org\junit\jupiter\junit-jupiter-api\5.8.2\junit-jupiter-api-5.8.2.jar;C:\Users\farha\.m2\repository\org\opentest4j\opentest4j\1.2.0\opentest4j-1.2.0.jar;C:\Users\farha\.m2\repository\org\junit\jupiter\junit-jupiter-params\5.8.2\junit-jupiter-params-5.8.2.jar;C:\Users\farha\.m2\repository\org\junit\jupiter\junit-jupiter-engine\5.8.2\junit-jupiter-engine-5.8.2.jar;C:\Users\farha\.m2\repository\org\mockito\mockito-core\4.5.1\mockito-core-4.5.1.jar;C:\Users\farha\.m2\repository\net\bytebuddy\byte-buddy-agent\1.12.9\byte-buddy-agent-1.12.9.jar;C:\Users\farha\.m2\repository\org\objenesis\objenesis\3.2\objenesis-3.2.jar;C:\Users\farha\.m2\repository\org\mockito\mockito-junit-jupiter\4.5.1\mockito-junit-jupiter-4.5.1.jar;C:\Users\farha\.m2\repository\org\skyscreamer\jsonassert\1.5.0\jsonassert-1.5.0.jar;C:\Users\farha\.m2\repository\com\vaadin\external\google\android-json\0.0.20131108.vaadin1\android-json-0.0.20131108.vaadin1.jar;C:\Users\farha\.m2\repository\org\springframework\spring-core\5.3.20\spring-core-5.3.20.jar;C:\Users\farha\.m2\repository\org\springframework\spring-jcl\5.3.20\spring-jcl-5.3.20.jar;C:\Users\farha\.m2\repository\org\springframework\spring-test\5.3.20\spring-test-5.3.20.jar;C:\Users\farha\.m2\repository\org\xmlunit\xmlunit-core\2.9.0\xmlunit-core-2.9.0.jar;C:\Users\farha\.m2\repository\org\json\json\20220320\json-20220320.jar;C:\Users\farha\.m2\repository\io\cucumber\cucumber-picocontainer\7.3.4\cucumber-picocontainer-7.3.4.jar;C:\Users\farha\.m2\repository\org\picocontainer\picocontainer\2.15\picocontainer-2.15.jar;C:\Users\farha\.m2\repository\org\testng\testng\7.5\testng-7.5.jar;C:\Users\farha\.m2\repository\com\beust\jcommander\1.78\jcommander-1.78.jar;C:\Users\farha\.m2\repository\org\webjars\jquery\3.5.1\jquery-3.5.1.jar;C:\Users\farha\.m2\repository\org\junit\platform\junit-platform-runner\1.9.0-M1\junit-platform-runner-1.9.0-M1.jar;C:\Users\farha\.m2\repository\junit\junit\4.13.2\junit-4.13.2.jar;C:\Users\farha\.m2\repository\org\hamcrest\hamcrest-core\1.3\hamcrest-core-1.3.jar;C:\Users\farha\.m2\repository\org\junit\platform\junit-platform-launcher\1.9.0-M1\junit-platform-launcher-1.9.0-M1.jar;C:\Users\farha\.m2\repository\org\junit\platform\junit-platform-engine\1.9.0-M1\junit-platform-engine-1.9.0-M1.jar;C:\Users\farha\.m2\repository\org\junit\platform\junit-platform-suite-api\1.9.0-M1\junit-platform-suite-api-1.9.0-M1.jar;C:\Users\farha\.m2\repository\org\junit\platform\junit-platform-commons\1.9.0-M1\junit-platform-commons-1.9.0-M1.jar;C:\Users\farha\.m2\repository\org\junit\platform\junit-platform-suite-commons\1.9.0-M1\junit-platform-suite-commons-1.9.0-M1.jar;"/>
    <property name="sun.cpu.endian" value="little"/>
    <property name="user.home" value="C:\Users\farha"/>
    <property name="user.language" value="en"/>
    <property name="java.specification.vendor" value="Oracle Corporation"/>
    <property name="java.version.date" value="2020-09-15"/>
    <property name="java.home" value="C:\Program Files\Java\jdk-15"/>
    <property name="file.separator" value="\"/>
    <property name="basedir" value="C:\Users\farha\IdeaProjects\CucumberProject"/>
    <property name="java.vm.compressedOopsMode" value="32-bit"/>
    <property name="line.separator" value="&#10;"/>
    <property name="java.vm.specification.vendor" value="Oracle Corporation"/>
    <property name="java.specification.name" value="Java Platform API Specification"/>
    <property name="surefire.real.class.path" value="C:\Users\farha\AppData\Local\Temp\surefire13020634349804800735\surefirebooter-20220920121631609_3.jar"/>
    <property name="user.script" value=""/>
    <property name="sun.management.compiler" value="HotSpot 64-Bit Tiered Compilers"/>
    <property name="java.runtime.version" value="15+36-1562"/>
    <property name="user.name" value="farha"/>
    <property name="path.separator" value=";"/>
    <property name="os.version" value="10.0"/>
    <property name="browserType" value="chrome"/>
    <property name="java.runtime.name" value="Java(TM) SE Runtime Environment"/>
    <property name="file.encoding" value="Cp1252"/>
    <property name="java.vm.name" value="Java HotSpot(TM) 64-Bit Server VM"/>
    <property name="localRepository" value="C:\Users\farha\.m2\repository"/>
    <property name="java.vendor.url.bug" value="https://bugreport.java.com/bugreport/"/>
    <property name="java.io.tmpdir" value="C:\Users\farha\AppData\Local\Temp\"/>
    <property name="java.version" value="15"/>
    <property name="cucumber.filter.tags" value="(@regression and (not @ignore))"/>
    <property name="user.dir" value="C:\Users\farha\IdeaProjects\CucumberProject"/>
    <property name="os.arch" value="amd64"/>
    <property name="java.vm.specification.name" value="Java Virtual Machine Specification"/>
    <property name="sun.os.patch.level" value=""/>
    <property name="java.library.path" value="C:\Program Files\Java\jdk-15\bin;C:\WINDOWS\Sun\Java\bin;C:\WINDOWS\system32;C:\WINDOWS;C:\Program Files\apache-maven-3.6.3/bin;C:\Program Files\Java\jdk-15/bin;C:\Program Files\Java\jdk-15/bin;C:\Program Files\Java\jdk-11.0.10\bin;C:\Program Files\apache-maven-3.6.3\bin;C:\Program Files\Common Files\Oracle\Java\javapath;C:\Program Files\Microsoft MPI\Bin\;C:\WINDOWS\system32;C:\WINDOWS;C:\WINDOWS\System32\Wbem;C:\WINDOWS\System32\WindowsPowerShell\v1.0\;C:\WINDOWS\System32\OpenSSH\;C:\Program Files\Microsoft SQL Server\Client SDK\ODBC\170\Tools\Binn\;C:\Program Files (x86)\Microsoft SQL Server\150\Tools\Binn\;C:\Program Files\Microsoft SQL Server\150\Tools\Binn\;C:\Program Files\Microsoft SQL Server\150\DTS\Binn\;C:\Program Files\Git\cmd;C:\Program Files\MySQL\MySQL Shell 8.0\bin\;C:\Users\farha\AppData\Local\Microsoft\WindowsApps;C:\Program Files\Java\jdk-11.0.10\bin;C:\Users\farha\AppData\Local\gitkraken\bin;."/>
    <property name="java.vm.info" value="mixed mode, sharing"/>
    <property name="java.vendor" value="Oracle Corporation"/>
    <property name="java.vm.version" value="15+36-1562"/>
    <property name="sun.io.unicode.encoding" value="UnicodeLittle"/>
    <property name="java.class.version" value="59.0"/>
  </properties>
  <testcase name="runScenario[&quot;Validate successful submission with - specific data&quot;, &quot;WebDriver university contact us page&quot;](1)" classname="runners.RunnerClass" time="14.586">
    <system-out><![CDATA[12:16:33.043 [main] DEBUG org.testng.TestNG - suiteXmlPath: "C:\Users\farha\IdeaProjects\CucumberProject\src\test\java\runners\testNG\testng.xml"
12:16:33.591 [main] DEBUG org.testng.internal.Graph - [Graph] ADDING NODE AbstractTestNGCucumberTests.setUpClass(org.testng.ITestContext)[pri:0, instance:null] -393284817
12:16:33.591 [main] DEBUG org.testng.internal.Graph - [Graph] ================ SORTING
12:16:33.597 [main] DEBUG org.testng.internal.Graph - [Graph] =============== DONE SORTING
12:16:33.597 [main] DEBUG org.testng.internal.Graph - [Graph] ====== SORTED NODES
12:16:33.597 [main] DEBUG org.testng.internal.Graph - [Graph] ====== END SORTED NODES
12:16:33.600 [main] DEBUG org.testng.internal.Graph - [Graph] ADDING NODE AbstractTestNGCucumberTests.tearDownClass()[pri:0, instance:null] 1523153566
12:16:33.600 [main] DEBUG org.testng.internal.Graph - [Graph] ================ SORTING
12:16:33.600 [main] DEBUG org.testng.internal.Graph - [Graph] =============== DONE SORTING
12:16:33.600 [main] DEBUG org.testng.internal.Graph - [Graph] ====== SORTED NODES
12:16:33.600 [main] DEBUG org.testng.internal.Graph - [Graph] ====== END SORTED NODES
12:16:33.611 [main] DEBUG org.testng.internal.Graph - [Graph] ADDING NODE AbstractTestNGCucumberTests.runScenario(io.cucumber.testng.PickleWrapper,io.cucumber.testng.FeatureWrapper)[pri:0, instance:runners.RunnerClass@15ca7889] -784768678
12:16:33.612 [main] DEBUG org.testng.internal.Graph - [Graph] ================ SORTING
12:16:33.612 [main] DEBUG org.testng.internal.Graph - [Graph] =============== DONE SORTING
12:16:33.612 [main] DEBUG org.testng.internal.Graph - [Graph] ====== SORTED NODES
12:16:33.612 [main] DEBUG org.testng.internal.Graph - [Graph] ====== END SORTED NODES
12:16:35.484 [TestNG-PoolService-0] DEBUG io.netty.util.internal.logging.InternalLoggerFactory - Using SLF4J as the default logging framework
12:16:35.489 [TestNG-PoolService-0] DEBUG io.netty.util.ResourceLeakDetector - -Dio.netty.leakDetection.level: simple
12:16:35.490 [TestNG-PoolService-0] DEBUG io.netty.util.ResourceLeakDetector - -Dio.netty.leakDetection.targetRecords: 4
12:16:35.497 [TestNG-PoolService-0] DEBUG io.netty.util.ResourceLeakDetectorFactory - Loaded default ResourceLeakDetector: io.netty.util.ResourceLeakDetector@f423c4d
12:16:35.536 [TestNG-PoolService-0] DEBUG io.netty.util.internal.PlatformDependent0 - -Dio.netty.noUnsafe: false
12:16:35.536 [TestNG-PoolService-0] DEBUG io.netty.util.internal.PlatformDependent0 - Java version: 15
12:16:35.539 [TestNG-PoolService-0] DEBUG io.netty.util.internal.PlatformDependent0 - sun.misc.Unsafe.theUnsafe: available
12:16:35.541 [TestNG-PoolService-0] DEBUG io.netty.util.internal.PlatformDependent0 - sun.misc.Unsafe.copyMemory: available
12:16:35.542 [TestNG-PoolService-0] DEBUG io.netty.util.internal.PlatformDependent0 - java.nio.Buffer.address: available
12:16:35.542 [TestNG-PoolService-0] DEBUG io.netty.util.internal.PlatformDependent0 - direct buffer constructor: unavailable: Reflective setAccessible(true) disabled
12:16:35.543 [TestNG-PoolService-0] DEBUG io.netty.util.internal.PlatformDependent0 - java.nio.Bits.unaligned: available, true
12:16:35.545 [TestNG-PoolService-0] DEBUG io.netty.util.internal.PlatformDependent0 - jdk.internal.misc.Unsafe.allocateUninitializedArray(int): unavailable: class io.netty.util.internal.PlatformDependent0$6 cannot access class jdk.internal.misc.Unsafe (in module java.base) because module java.base does not export jdk.internal.misc to unnamed module @63024fd2
12:16:35.547 [TestNG-PoolService-0] DEBUG io.netty.util.internal.PlatformDependent0 - java.nio.DirectByteBuffer.<init>(long, int): unavailable
12:16:35.548 [TestNG-PoolService-0] DEBUG io.netty.util.internal.PlatformDependent - sun.misc.Unsafe: available
12:16:35.552 [TestNG-PoolService-0] DEBUG io.netty.util.internal.PlatformDependent - maxDirectMemory: 2109734912 bytes (maybe)
12:16:35.552 [TestNG-PoolService-0] DEBUG io.netty.util.internal.PlatformDependent - -Dio.netty.tmpdir: C:\Users\farha\AppData\Local\Temp (java.io.tmpdir)
12:16:35.552 [TestNG-PoolService-0] DEBUG io.netty.util.internal.PlatformDependent - -Dio.netty.bitMode: 64 (sun.arch.data.model)
12:16:35.553 [TestNG-PoolService-0] DEBUG io.netty.util.internal.PlatformDependent - Platform: Windows
12:16:35.554 [TestNG-PoolService-0] DEBUG io.netty.util.internal.PlatformDependent - -Dio.netty.maxDirectMemory: -1 bytes
12:16:35.554 [TestNG-PoolService-0] DEBUG io.netty.util.internal.PlatformDependent - -Dio.netty.uninitializedArrayAllocationThreshold: -1
12:16:35.556 [TestNG-PoolService-0] DEBUG io.netty.util.internal.CleanerJava9 - java.nio.ByteBuffer.cleaner(): available
12:16:35.557 [TestNG-PoolService-0] DEBUG io.netty.util.internal.PlatformDependent - -Dio.netty.noPreferDirect: false
12:16:35.575 [TestNG-PoolService-0] DEBUG io.netty.util.internal.PlatformDependent - org.jctools-core.MpscChunkedArrayQueue: available
12:16:35.623 [TestNG-PoolService-0] DEBUG io.netty.util.internal.InternalThreadLocalMap - -Dio.netty.threadLocalMap.stringBuilder.initialSize: 1024
12:16:35.624 [TestNG-PoolService-0] DEBUG io.netty.util.internal.InternalThreadLocalMap - -Dio.netty.threadLocalMap.stringBuilder.maxSize: 4096
12:16:35.932 [TestNG-PoolService-0] DEBUG io.netty.handler.ssl.JdkSslContext - Default protocols (JDK): [TLSv1.3, TLSv1.2, TLSv1.1, TLSv1] 
12:16:35.932 [TestNG-PoolService-0] DEBUG io.netty.handler.ssl.JdkSslContext - Default cipher suites (JDK): [TLS_ECDHE_ECDSA_WITH_AES_256_GCM_SHA384, TLS_ECDHE_ECDSA_WITH_AES_128_GCM_SHA256, TLS_ECDHE_RSA_WITH_AES_128_GCM_SHA256, TLS_ECDHE_RSA_WITH_AES_256_GCM_SHA384, TLS_ECDHE_RSA_WITH_AES_128_CBC_SHA, TLS_ECDHE_RSA_WITH_AES_256_CBC_SHA, TLS_RSA_WITH_AES_128_GCM_SHA256, TLS_RSA_WITH_AES_128_CBC_SHA, TLS_RSA_WITH_AES_256_CBC_SHA, TLS_AES_128_GCM_SHA256, TLS_AES_256_GCM_SHA384]
12:16:35.972 [TestNG-PoolService-0] DEBUG io.netty.channel.MultithreadEventLoopGroup - -Dio.netty.eventLoopThreads: 8
12:16:35.986 [TestNG-PoolService-0] DEBUG io.netty.channel.nio.NioEventLoop - -Dio.netty.noKeySetOptimization: false
12:16:35.986 [TestNG-PoolService-0] DEBUG io.netty.channel.nio.NioEventLoop - -Dio.netty.selectorAutoRebuildThreshold: 512
12:16:36.062 [TestNG-PoolService-0] DEBUG io.netty.buffer.PooledByteBufAllocator - -Dio.netty.allocator.numHeapArenas: 8
12:16:36.063 [TestNG-PoolService-0] DEBUG io.netty.buffer.PooledByteBufAllocator - -Dio.netty.allocator.numDirectArenas: 8
12:16:36.064 [TestNG-PoolService-0] DEBUG io.netty.buffer.PooledByteBufAllocator - -Dio.netty.allocator.pageSize: 8192
12:16:36.064 [TestNG-PoolService-0] DEBUG io.netty.buffer.PooledByteBufAllocator - -Dio.netty.allocator.maxOrder: 9
12:16:36.064 [TestNG-PoolService-0] DEBUG io.netty.buffer.PooledByteBufAllocator - -Dio.netty.allocator.chunkSize: 4194304
12:16:36.064 [TestNG-PoolService-0] DEBUG io.netty.buffer.PooledByteBufAllocator - -Dio.netty.allocator.smallCacheSize: 256
12:16:36.065 [TestNG-PoolService-0] DEBUG io.netty.buffer.PooledByteBufAllocator - -Dio.netty.allocator.normalCacheSize: 64
12:16:36.065 [TestNG-PoolService-0] DEBUG io.netty.buffer.PooledByteBufAllocator - -Dio.netty.allocator.maxCachedBufferCapacity: 32768
12:16:36.065 [TestNG-PoolService-0] DEBUG io.netty.buffer.PooledByteBufAllocator - -Dio.netty.allocator.cacheTrimInterval: 8192
12:16:36.065 [TestNG-PoolService-0] DEBUG io.netty.buffer.PooledByteBufAllocator - -Dio.netty.allocator.cacheTrimIntervalMillis: 0
12:16:36.065 [TestNG-PoolService-0] DEBUG io.netty.buffer.PooledByteBufAllocator - -Dio.netty.allocator.useCacheForAllThreads: false
12:16:36.065 [TestNG-PoolService-0] DEBUG io.netty.buffer.PooledByteBufAllocator - -Dio.netty.allocator.maxCachedByteBuffersPerChunk: 1023
12:16:36.090 [TestNG-PoolService-0] DEBUG io.netty.buffer.ByteBufUtil - -Dio.netty.allocator.type: pooled
12:16:36.090 [TestNG-PoolService-0] DEBUG io.netty.buffer.ByteBufUtil - -Dio.netty.threadLocalDirectBufferSize: 0
12:16:36.090 [TestNG-PoolService-0] DEBUG io.netty.buffer.ByteBufUtil - -Dio.netty.maxThreadLocalCharBufferSize: 16384
12:16:39.307 [Forwarding newSession on session null to remote] DEBUG io.netty.channel.DefaultChannelId - -Dio.netty.processId: 13240 (auto-detected)
12:16:39.310 [Forwarding newSession on session null to remote] DEBUG io.netty.util.NetUtil - -Djava.net.preferIPv4Stack: false
12:16:39.310 [Forwarding newSession on session null to remote] DEBUG io.netty.util.NetUtil - -Djava.net.preferIPv6Addresses: false
12:16:39.323 [Forwarding newSession on session null to remote] DEBUG io.netty.util.NetUtilInitializations - Loopback interface: lo (Software Loopback Interface 1, 127.0.0.1)
12:16:39.324 [Forwarding newSession on session null to remote] DEBUG io.netty.util.NetUtil - Failed to get SOMAXCONN from sysctl and file \proc\sys\net\core\somaxconn. Default: 200
12:16:39.362 [Forwarding newSession on session null to remote] DEBUG io.netty.channel.DefaultChannelId - -Dio.netty.machineId: f0:d5:bf:ff:fe:25:28:71 (auto-detected)
12:16:39.463 [AsyncHttpClient-1-3] DEBUG io.netty.buffer.AbstractByteBuf - -Dio.netty.buffer.checkAccessible: true
12:16:39.464 [AsyncHttpClient-1-3] DEBUG io.netty.buffer.AbstractByteBuf - -Dio.netty.buffer.checkBounds: true
12:16:39.464 [AsyncHttpClient-1-3] DEBUG io.netty.util.ResourceLeakDetectorFactory - Loaded default ResourceLeakDetector: io.netty.util.ResourceLeakDetector@677b1bd3
12:16:39.487 [AsyncHttpClient-1-3] DEBUG org.asynchttpclient.netty.channel.NettyConnectListener - Using new Channel '[id: 0x3c82a314, L:/127.0.0.1:59963 - R:localhost/127.0.0.1:60730]' for 'POST' to '/session'
12:16:39.487 [AsyncHttpClient-1-2] DEBUG org.asynchttpclient.netty.channel.NettyConnectListener - Using new Channel '[id: 0x9edd6895, L:/127.0.0.1:59962 - R:localhost/127.0.0.1:53141]' for 'POST' to '/session'
12:16:39.518 [AsyncHttpClient-1-3] DEBUG io.netty.util.Recycler - -Dio.netty.recycler.maxCapacityPerThread: 4096
12:16:39.519 [AsyncHttpClient-1-3] DEBUG io.netty.util.Recycler - -Dio.netty.recycler.ratio: 8
12:16:39.519 [AsyncHttpClient-1-3] DEBUG io.netty.util.Recycler - -Dio.netty.recycler.chunkSize: 32
12:16:39.519 [AsyncHttpClient-1-3] DEBUG io.netty.util.Recycler - -Dio.netty.recycler.blocking: false
12:16:42.327 [AsyncHttpClient-1-3] DEBUG io.netty.handler.codec.compression.Brotli - brotli4j not in the classpath; Brotli support will be unavailable.
12:16:42.327 [AsyncHttpClient-1-3] DEBUG org.asynchttpclient.netty.handler.HttpHandler - 

Request DefaultHttpRequest(decodeResult: success, version: HTTP/1.1)
POST /session HTTP/1.1
User-Agent: selenium/4.1.4 (java windows)
Content-Length: 437
Content-Type: application/json; charset=utf-8
host: localhost:60730
accept: */*

Response DefaultHttpResponse(decodeResult: success, version: HTTP/1.1)
HTTP/1.1 200 OK
Content-Type: application/json; charset=utf-8
cache-control: no-cache
content-length: 790

12:16:42.341 [AsyncHttpClient-1-3] DEBUG org.asynchttpclient.netty.channel.ChannelManager - Adding key: http://localhost:60730 for channel [id: 0x3c82a314, L:/127.0.0.1:59963 - R:localhost/127.0.0.1:60730]
12:16:42.457 [AsyncHttpClient-1-2] DEBUG org.asynchttpclient.netty.handler.HttpHandler - 

Request DefaultHttpRequest(decodeResult: success, version: HTTP/1.1)
POST /session HTTP/1.1
User-Agent: selenium/4.1.4 (java windows)
Content-Length: 437
Content-Type: application/json; charset=utf-8
host: localhost:53141
accept: */*

Response DefaultHttpResponse(decodeResult: success, version: HTTP/1.1)
HTTP/1.1 200 OK
Content-Type: application/json; charset=utf-8
cache-control: no-cache
content-length: 789

12:16:42.458 [AsyncHttpClient-1-2] DEBUG org.asynchttpclient.netty.channel.ChannelManager - Adding key: http://localhost:53141 for channel [id: 0x9edd6895, L:/127.0.0.1:59962 - R:localhost/127.0.0.1:53141]
12:16:42.491 [AsyncHttpClient-1-1] DEBUG org.asynchttpclient.netty.channel.DefaultChannelPool - Entry count for : http://localhost:53141 : 1
12:16:42.492 [AsyncHttpClient-1-1] DEBUG org.asynchttpclient.netty.channel.DefaultChannelPool - Entry count for : http://localhost:60730 : 1
12:16:43.186 [AsyncHttpClient-1-5] DEBUG org.asynchttpclient.netty.channel.NettyConnectListener - Using new Channel '[id: 0x665b96e6, L:/127.0.0.1:59979 - R:localhost/127.0.0.1:59964]' for 'GET' to '/json/version'
12:16:43.186 [AsyncHttpClient-1-4] DEBUG org.asynchttpclient.netty.channel.NettyConnectListener - Using new Channel '[id: 0x9e2cd47e, L:/127.0.0.1:59980 - R:localhost/127.0.0.1:59965]' for 'GET' to '/json/version'
12:16:43.192 [AsyncHttpClient-1-5] DEBUG org.asynchttpclient.netty.handler.HttpHandler - 

Request DefaultFullHttpRequest(decodeResult: success, version: HTTP/1.1, content: EmptyByteBufBE)
GET /json/version HTTP/1.1
User-Agent: selenium/4.1.4 (java windows)
host: localhost:59964
accept: */*

Response DefaultHttpResponse(decodeResult: success, version: HTTP/1.1)
HTTP/1.1 200 OK
Content-Type: application/json; charset=UTF-8
content-length: 423

12:16:43.192 [AsyncHttpClient-1-4] DEBUG org.asynchttpclient.netty.handler.HttpHandler - 

Request DefaultFullHttpRequest(decodeResult: success, version: HTTP/1.1, content: EmptyByteBufBE)
GET /json/version HTTP/1.1
User-Agent: selenium/4.1.4 (java windows)
host: localhost:59965
accept: */*

Response DefaultHttpResponse(decodeResult: success, version: HTTP/1.1)
HTTP/1.1 200 OK
Content-Type: application/json; charset=UTF-8
content-length: 423

12:16:43.193 [AsyncHttpClient-1-5] DEBUG org.asynchttpclient.netty.channel.ChannelManager - Adding key: http://localhost:59964 for channel [id: 0x665b96e6, L:/127.0.0.1:59979 - R:localhost/127.0.0.1:59964]
12:16:43.193 [AsyncHttpClient-1-4] DEBUG org.asynchttpclient.netty.channel.ChannelManager - Adding key: http://localhost:59965 for channel [id: 0x9e2cd47e, L:/127.0.0.1:59980 - R:localhost/127.0.0.1:59965]
12:16:43.212 [TestNG-PoolService-1] DEBUG io.netty.util.internal.ThreadLocalRandom - -Dio.netty.initialSeedUniquifier: 0x6fbcf18d9af02021
12:16:43.217 [AsyncHttpClient-1-6] DEBUG org.asynchttpclient.netty.channel.NettyConnectListener - Using new Channel '[id: 0x061a9300, L:/127.0.0.1:59981 - R:localhost/127.0.0.1:59965]' for 'GET' to '/devtools/browser/2fa9ad58-a202-4130-91fb-62387413cb06'
12:16:43.217 [AsyncHttpClient-1-7] DEBUG org.asynchttpclient.netty.channel.NettyConnectListener - Using new Channel '[id: 0xd775cfbf, L:/127.0.0.1:59982 - R:localhost/127.0.0.1:59964]' for 'GET' to '/devtools/browser/2c88017f-9c17-47d1-a410-e00e97deef3d'
12:16:43.222 [AsyncHttpClient-1-6] DEBUG org.asynchttpclient.netty.handler.WebSocketHandler - 

Request DefaultFullHttpRequest(decodeResult: success, version: HTTP/1.1, content: EmptyByteBufBE)
GET /devtools/browser/2fa9ad58-a202-4130-91fb-62387413cb06 HTTP/1.1
upgrade: websocket
connection: upgrade
sec-websocket-key: QHwycQ2B2+qRJKoTiwqbAg==
sec-websocket-version: 13
origin: http://localhost:59965
host: localhost:59965
accept: */*
user-agent: AHC/2.1

Response DefaultHttpResponse(decodeResult: success, version: HTTP/1.1)
HTTP/1.1 101 WebSocket Protocol Handshake
Upgrade: WebSocket
Connection: Upgrade
Sec-WebSocket-Accept: qniDiifAX34//04ec9WtrkCU8KM=

12:16:43.222 [AsyncHttpClient-1-7] DEBUG org.asynchttpclient.netty.handler.WebSocketHandler - 

Request DefaultFullHttpRequest(decodeResult: success, version: HTTP/1.1, content: EmptyByteBufBE)
GET /devtools/browser/2c88017f-9c17-47d1-a410-e00e97deef3d HTTP/1.1
upgrade: websocket
connection: upgrade
sec-websocket-key: ib3mgOKqFd9AXsO9HhFFsA==
sec-websocket-version: 13
origin: http://localhost:59964
host: localhost:59964
accept: */*
user-agent: AHC/2.1

Response DefaultHttpResponse(decodeResult: success, version: HTTP/1.1)
HTTP/1.1 101 WebSocket Protocol Handshake
Upgrade: WebSocket
Connection: Upgrade
Sec-WebSocket-Accept: k1ya1o7ClVkn3EuNV15QqrHY0jk=

12:16:43.288 [Forwarding maximizeCurrentWindow on session a19d7dc89300fa7013749737f1e1a902 to remote] DEBUG org.asynchttpclient.netty.request.NettyRequestSender - Using pooled Channel '[id: 0x9edd6895, L:/127.0.0.1:59962 - R:localhost/127.0.0.1:53141]' for 'POST' to 'http://localhost:53141/session/a19d7dc89300fa7013749737f1e1a902/window/maximize'
12:16:43.288 [Forwarding maximizeCurrentWindow on session a19d7dc89300fa7013749737f1e1a902 to remote] DEBUG org.asynchttpclient.netty.request.NettyRequestSender - Using open Channel [id: 0x9edd6895, L:/127.0.0.1:59962 - R:localhost/127.0.0.1:53141] for POST '/session/a19d7dc89300fa7013749737f1e1a902/window/maximize'
12:16:43.289 [Forwarding maximizeCurrentWindow on session e86c947d91f6e011f2c91a836b62a9fe to remote] DEBUG org.asynchttpclient.netty.request.NettyRequestSender - Using pooled Channel '[id: 0x3c82a314, L:/127.0.0.1:59963 - R:localhost/127.0.0.1:60730]' for 'POST' to 'http://localhost:60730/session/e86c947d91f6e011f2c91a836b62a9fe/window/maximize'
12:16:43.289 [Forwarding maximizeCurrentWindow on session e86c947d91f6e011f2c91a836b62a9fe to remote] DEBUG org.asynchttpclient.netty.request.NettyRequestSender - Using open Channel [id: 0x3c82a314, L:/127.0.0.1:59963 - R:localhost/127.0.0.1:60730] for POST '/session/e86c947d91f6e011f2c91a836b62a9fe/window/maximize'
12:16:43.435 [AsyncHttpClient-1-2] DEBUG org.asynchttpclient.netty.handler.HttpHandler - 

Request DefaultHttpRequest(decodeResult: success, version: HTTP/1.1)
POST /session/a19d7dc89300fa7013749737f1e1a902/window/maximize HTTP/1.1
User-Agent: selenium/4.1.4 (java windows)
Content-Length: 3
Content-Type: application/json; charset=utf-8
host: localhost:53141
accept: */*

Response DefaultHttpResponse(decodeResult: success, version: HTTP/1.1)
HTTP/1.1 200 OK
Content-Type: application/json; charset=utf-8
cache-control: no-cache
content-length: 52

12:16:43.436 [AsyncHttpClient-1-2] DEBUG org.asynchttpclient.netty.channel.ChannelManager - Adding key: http://localhost:53141 for channel [id: 0x9edd6895, L:/127.0.0.1:59962 - R:localhost/127.0.0.1:53141]
12:16:43.463 [Forwarding get on session a19d7dc89300fa7013749737f1e1a902 to remote] DEBUG org.asynchttpclient.netty.request.NettyRequestSender - Using pooled Channel '[id: 0x9edd6895, L:/127.0.0.1:59962 - R:localhost/127.0.0.1:53141]' for 'POST' to 'http://localhost:53141/session/a19d7dc89300fa7013749737f1e1a902/url'
12:16:43.464 [Forwarding get on session a19d7dc89300fa7013749737f1e1a902 to remote] DEBUG org.asynchttpclient.netty.request.NettyRequestSender - Using open Channel [id: 0x9edd6895, L:/127.0.0.1:59962 - R:localhost/127.0.0.1:53141] for POST '/session/a19d7dc89300fa7013749737f1e1a902/url'
12:16:43.468 [AsyncHttpClient-1-3] DEBUG org.asynchttpclient.netty.handler.HttpHandler - 

Request DefaultHttpRequest(decodeResult: success, version: HTTP/1.1)
POST /session/e86c947d91f6e011f2c91a836b62a9fe/window/maximize HTTP/1.1
User-Agent: selenium/4.1.4 (java windows)
Content-Length: 3
Content-Type: application/json; charset=utf-8
host: localhost:60730
accept: */*

Response DefaultHttpResponse(decodeResult: success, version: HTTP/1.1)
HTTP/1.1 200 OK
Content-Type: application/json; charset=utf-8
cache-control: no-cache
content-length: 52

12:16:43.469 [AsyncHttpClient-1-3] DEBUG org.asynchttpclient.netty.channel.ChannelManager - Adding key: http://localhost:60730 for channel [id: 0x3c82a314, L:/127.0.0.1:59963 - R:localhost/127.0.0.1:60730]
12:16:43.487 [Forwarding get on session e86c947d91f6e011f2c91a836b62a9fe to remote] DEBUG org.asynchttpclient.netty.request.NettyRequestSender - Using pooled Channel '[id: 0x3c82a314, L:/127.0.0.1:59963 - R:localhost/127.0.0.1:60730]' for 'POST' to 'http://localhost:60730/session/e86c947d91f6e011f2c91a836b62a9fe/url'
12:16:43.487 [Forwarding get on session e86c947d91f6e011f2c91a836b62a9fe to remote] DEBUG org.asynchttpclient.netty.request.NettyRequestSender - Using open Channel [id: 0x3c82a314, L:/127.0.0.1:59963 - R:localhost/127.0.0.1:60730] for POST '/session/e86c947d91f6e011f2c91a836b62a9fe/url'
12:16:43.602 [AsyncHttpClient-1-1] DEBUG org.asynchttpclient.netty.channel.DefaultChannelPool - Entry count for : http://localhost:59964 : 1
12:16:43.602 [AsyncHttpClient-1-1] DEBUG org.asynchttpclient.netty.channel.DefaultChannelPool - Entry count for : http://localhost:59965 : 1
12:16:44.708 [AsyncHttpClient-1-1] DEBUG org.asynchttpclient.netty.channel.DefaultChannelPool - Entry count for : http://localhost:59964 : 1
12:16:44.714 [AsyncHttpClient-1-1] DEBUG org.asynchttpclient.netty.channel.DefaultChannelPool - Entry count for : http://localhost:59965 : 1
12:16:45.793 [AsyncHttpClient-1-1] DEBUG org.asynchttpclient.netty.channel.DefaultChannelPool - Entry count for : http://localhost:59964 : 1
12:16:45.803 [AsyncHttpClient-1-1] DEBUG org.asynchttpclient.netty.channel.DefaultChannelPool - Entry count for : http://localhost:59965 : 1
12:16:46.393 [AsyncHttpClient-1-3] DEBUG org.asynchttpclient.netty.handler.HttpHandler - 

Request DefaultHttpRequest(decodeResult: success, version: HTTP/1.1)
POST /session/e86c947d91f6e011f2c91a836b62a9fe/url HTTP/1.1
User-Agent: selenium/4.1.4 (java windows)
Content-Length: 96
Content-Type: application/json; charset=utf-8
host: localhost:60730
accept: */*

Response DefaultHttpResponse(decodeResult: success, version: HTTP/1.1)
HTTP/1.1 200 OK
Content-Type: application/json; charset=utf-8
cache-control: no-cache
content-length: 14

12:16:46.396 [AsyncHttpClient-1-3] DEBUG org.asynchttpclient.netty.channel.ChannelManager - Adding key: http://localhost:60730 for channel [id: 0x3c82a314, L:/127.0.0.1:59963 - R:localhost/127.0.0.1:60730]
12:16:46.416 [Forwarding findElement on session e86c947d91f6e011f2c91a836b62a9fe to remote] DEBUG org.asynchttpclient.netty.request.NettyRequestSender - Using pooled Channel '[id: 0x3c82a314, L:/127.0.0.1:59963 - R:localhost/127.0.0.1:60730]' for 'POST' to 'http://localhost:60730/session/e86c947d91f6e011f2c91a836b62a9fe/element'
12:16:46.416 [Forwarding findElement on session e86c947d91f6e011f2c91a836b62a9fe to remote] DEBUG org.asynchttpclient.netty.request.NettyRequestSender - Using open Channel [id: 0x3c82a314, L:/127.0.0.1:59963 - R:localhost/127.0.0.1:60730] for POST '/session/e86c947d91f6e011f2c91a836b62a9fe/element'
12:16:46.436 [AsyncHttpClient-1-3] DEBUG org.asynchttpclient.netty.handler.HttpHandler - 

Request DefaultHttpRequest(decodeResult: success, version: HTTP/1.1)
POST /session/e86c947d91f6e011f2c91a836b62a9fe/element HTTP/1.1
User-Agent: selenium/4.1.4 (java windows)
Content-Length: 74
Content-Type: application/json; charset=utf-8
host: localhost:60730
accept: */*

Response DefaultHttpResponse(decodeResult: success, version: HTTP/1.1)
HTTP/1.1 200 OK
Content-Type: application/json; charset=utf-8
cache-control: no-cache
content-length: 88

12:16:46.437 [AsyncHttpClient-1-3] DEBUG org.asynchttpclient.netty.channel.ChannelManager - Adding key: http://localhost:60730 for channel [id: 0x3c82a314, L:/127.0.0.1:59963 - R:localhost/127.0.0.1:60730]
12:16:46.450 [Forwarding sendKeysToElement on session e86c947d91f6e011f2c91a836b62a9fe to remote] DEBUG org.asynchttpclient.netty.request.NettyRequestSender - Using pooled Channel '[id: 0x3c82a314, L:/127.0.0.1:59963 - R:localhost/127.0.0.1:60730]' for 'POST' to 'http://localhost:60730/session/e86c947d91f6e011f2c91a836b62a9fe/element/4fb468d5-a06c-4309-bd90-2f2742ab365c/value'
12:16:46.450 [Forwarding sendKeysToElement on session e86c947d91f6e011f2c91a836b62a9fe to remote] DEBUG org.asynchttpclient.netty.request.NettyRequestSender - Using open Channel [id: 0x3c82a314, L:/127.0.0.1:59963 - R:localhost/127.0.0.1:60730] for POST '/session/e86c947d91f6e011f2c91a836b62a9fe/element/4fb468d5-a06c-4309-bd90-2f2742ab365c/value'
12:16:46.589 [AsyncHttpClient-1-2] DEBUG org.asynchttpclient.netty.handler.HttpHandler - 

Request DefaultHttpRequest(decodeResult: success, version: HTTP/1.1)
POST /session/a19d7dc89300fa7013749737f1e1a902/url HTTP/1.1
User-Agent: selenium/4.1.4 (java windows)
Content-Length: 96
Content-Type: application/json; charset=utf-8
host: localhost:53141
accept: */*

Response DefaultHttpResponse(decodeResult: success, version: HTTP/1.1)
HTTP/1.1 200 OK
Content-Type: application/json; charset=utf-8
cache-control: no-cache
content-length: 14

12:16:46.590 [AsyncHttpClient-1-2] DEBUG org.asynchttpclient.netty.channel.ChannelManager - Adding key: http://localhost:53141 for channel [id: 0x9edd6895, L:/127.0.0.1:59962 - R:localhost/127.0.0.1:53141]
12:16:46.591 [AsyncHttpClient-1-3] DEBUG org.asynchttpclient.netty.handler.HttpHandler - 

Request DefaultHttpRequest(decodeResult: success, version: HTTP/1.1)
POST /session/e86c947d91f6e011f2c91a836b62a9fe/element/4fb468d5-a06c-4309-bd90-2f2742ab365c/value HTTP/1.1
User-Agent: selenium/4.1.4 (java windows)
Content-Length: 191
Content-Type: application/json; charset=utf-8
host: localhost:60730
accept: */*

Response DefaultHttpResponse(decodeResult: success, version: HTTP/1.1)
HTTP/1.1 200 OK
Content-Type: application/json; charset=utf-8
cache-control: no-cache
content-length: 14

12:16:46.591 [AsyncHttpClient-1-3] DEBUG org.asynchttpclient.netty.channel.ChannelManager - Adding key: http://localhost:60730 for channel [id: 0x3c82a314, L:/127.0.0.1:59963 - R:localhost/127.0.0.1:60730]
12:16:46.597 [Forwarding findElement on session a19d7dc89300fa7013749737f1e1a902 to remote] DEBUG org.asynchttpclient.netty.request.NettyRequestSender - Using pooled Channel '[id: 0x9edd6895, L:/127.0.0.1:59962 - R:localhost/127.0.0.1:53141]' for 'POST' to 'http://localhost:53141/session/a19d7dc89300fa7013749737f1e1a902/element'
12:16:46.598 [Forwarding findElement on session a19d7dc89300fa7013749737f1e1a902 to remote] DEBUG org.asynchttpclient.netty.request.NettyRequestSender - Using open Channel [id: 0x9edd6895, L:/127.0.0.1:59962 - R:localhost/127.0.0.1:53141] for POST '/session/a19d7dc89300fa7013749737f1e1a902/element'
12:16:46.601 [Forwarding findElement on session e86c947d91f6e011f2c91a836b62a9fe to remote] DEBUG org.asynchttpclient.netty.request.NettyRequestSender - Using pooled Channel '[id: 0x3c82a314, L:/127.0.0.1:59963 - R:localhost/127.0.0.1:60730]' for 'POST' to 'http://localhost:60730/session/e86c947d91f6e011f2c91a836b62a9fe/element'
12:16:46.602 [Forwarding findElement on session e86c947d91f6e011f2c91a836b62a9fe to remote] DEBUG org.asynchttpclient.netty.request.NettyRequestSender - Using open Channel [id: 0x3c82a314, L:/127.0.0.1:59963 - R:localhost/127.0.0.1:60730] for POST '/session/e86c947d91f6e011f2c91a836b62a9fe/element'
12:16:46.620 [AsyncHttpClient-1-3] DEBUG org.asynchttpclient.netty.handler.HttpHandler - 

Request DefaultHttpRequest(decodeResult: success, version: HTTP/1.1)
POST /session/e86c947d91f6e011f2c91a836b62a9fe/element HTTP/1.1
User-Agent: selenium/4.1.4 (java windows)
Content-Length: 73
Content-Type: application/json; charset=utf-8
host: localhost:60730
accept: */*

Response DefaultHttpResponse(decodeResult: success, version: HTTP/1.1)
HTTP/1.1 200 OK
Content-Type: application/json; charset=utf-8
cache-control: no-cache
content-length: 88

12:16:46.621 [AsyncHttpClient-1-3] DEBUG org.asynchttpclient.netty.channel.ChannelManager - Adding key: http://localhost:60730 for channel [id: 0x3c82a314, L:/127.0.0.1:59963 - R:localhost/127.0.0.1:60730]
12:16:46.626 [AsyncHttpClient-1-2] DEBUG org.asynchttpclient.netty.handler.HttpHandler - 

Request DefaultHttpRequest(decodeResult: success, version: HTTP/1.1)
POST /session/a19d7dc89300fa7013749737f1e1a902/element HTTP/1.1
User-Agent: selenium/4.1.4 (java windows)
Content-Length: 74
Content-Type: application/json; charset=utf-8
host: localhost:53141
accept: */*

Response DefaultHttpResponse(decodeResult: success, version: HTTP/1.1)
HTTP/1.1 200 OK
Content-Type: application/json; charset=utf-8
cache-control: no-cache
content-length: 88

12:16:46.626 [AsyncHttpClient-1-2] DEBUG org.asynchttpclient.netty.channel.ChannelManager - Adding key: http://localhost:53141 for channel [id: 0x9edd6895, L:/127.0.0.1:59962 - R:localhost/127.0.0.1:53141]
12:16:46.628 [Forwarding sendKeysToElement on session e86c947d91f6e011f2c91a836b62a9fe to remote] DEBUG org.asynchttpclient.netty.request.NettyRequestSender - Using pooled Channel '[id: 0x3c82a314, L:/127.0.0.1:59963 - R:localhost/127.0.0.1:60730]' for 'POST' to 'http://localhost:60730/session/e86c947d91f6e011f2c91a836b62a9fe/element/7c4892bc-bebc-47c3-b31f-6b771d348882/value'
12:16:46.629 [Forwarding sendKeysToElement on session e86c947d91f6e011f2c91a836b62a9fe to remote] DEBUG org.asynchttpclient.netty.request.NettyRequestSender - Using open Channel [id: 0x3c82a314, L:/127.0.0.1:59963 - R:localhost/127.0.0.1:60730] for POST '/session/e86c947d91f6e011f2c91a836b62a9fe/element/7c4892bc-bebc-47c3-b31f-6b771d348882/value'
12:16:46.631 [Forwarding sendKeysToElement on session a19d7dc89300fa7013749737f1e1a902 to remote] DEBUG org.asynchttpclient.netty.request.NettyRequestSender - Using pooled Channel '[id: 0x9edd6895, L:/127.0.0.1:59962 - R:localhost/127.0.0.1:53141]' for 'POST' to 'http://localhost:53141/session/a19d7dc89300fa7013749737f1e1a902/element/02178e32-0462-46e7-ac0b-36bafa6b84bd/value'
12:16:46.632 [Forwarding sendKeysToElement on session a19d7dc89300fa7013749737f1e1a902 to remote] DEBUG org.asynchttpclient.netty.request.NettyRequestSender - Using open Channel [id: 0x9edd6895, L:/127.0.0.1:59962 - R:localhost/127.0.0.1:53141] for POST '/session/a19d7dc89300fa7013749737f1e1a902/element/02178e32-0462-46e7-ac0b-36bafa6b84bd/value'
12:16:46.730 [AsyncHttpClient-1-3] DEBUG org.asynchttpclient.netty.handler.HttpHandler - 

Request DefaultHttpRequest(decodeResult: success, version: HTTP/1.1)
POST /session/e86c947d91f6e011f2c91a836b62a9fe/element/7c4892bc-bebc-47c3-b31f-6b771d348882/value HTTP/1.1
User-Agent: selenium/4.1.4 (java windows)
Content-Length: 191
Content-Type: application/json; charset=utf-8
host: localhost:60730
accept: */*

Response DefaultHttpResponse(decodeResult: success, version: HTTP/1.1)
HTTP/1.1 200 OK
Content-Type: application/json; charset=utf-8
cache-control: no-cache
content-length: 14

12:16:46.731 [AsyncHttpClient-1-3] DEBUG org.asynchttpclient.netty.channel.ChannelManager - Adding key: http://localhost:60730 for channel [id: 0x3c82a314, L:/127.0.0.1:59963 - R:localhost/127.0.0.1:60730]
12:16:46.736 [Forwarding findElement on session e86c947d91f6e011f2c91a836b62a9fe to remote] DEBUG org.asynchttpclient.netty.request.NettyRequestSender - Using pooled Channel '[id: 0x3c82a314, L:/127.0.0.1:59963 - R:localhost/127.0.0.1:60730]' for 'POST' to 'http://localhost:60730/session/e86c947d91f6e011f2c91a836b62a9fe/element'
12:16:46.736 [Forwarding findElement on session e86c947d91f6e011f2c91a836b62a9fe to remote] DEBUG org.asynchttpclient.netty.request.NettyRequestSender - Using open Channel [id: 0x3c82a314, L:/127.0.0.1:59963 - R:localhost/127.0.0.1:60730] for POST '/session/e86c947d91f6e011f2c91a836b62a9fe/element'
12:16:46.742 [AsyncHttpClient-1-2] DEBUG org.asynchttpclient.netty.handler.HttpHandler - 

Request DefaultHttpRequest(decodeResult: success, version: HTTP/1.1)
POST /session/a19d7dc89300fa7013749737f1e1a902/element/02178e32-0462-46e7-ac0b-36bafa6b84bd/value HTTP/1.1
User-Agent: selenium/4.1.4 (java windows)
Content-Length: 201
Content-Type: application/json; charset=utf-8
host: localhost:53141
accept: */*

Response DefaultHttpResponse(decodeResult: success, version: HTTP/1.1)
HTTP/1.1 200 OK
Content-Type: application/json; charset=utf-8
cache-control: no-cache
content-length: 14

12:16:46.742 [AsyncHttpClient-1-2] DEBUG org.asynchttpclient.netty.channel.ChannelManager - Adding key: http://localhost:53141 for channel [id: 0x9edd6895, L:/127.0.0.1:59962 - R:localhost/127.0.0.1:53141]
12:16:46.748 [Forwarding findElement on session a19d7dc89300fa7013749737f1e1a902 to remote] DEBUG org.asynchttpclient.netty.request.NettyRequestSender - Using pooled Channel '[id: 0x9edd6895, L:/127.0.0.1:59962 - R:localhost/127.0.0.1:53141]' for 'POST' to 'http://localhost:53141/session/a19d7dc89300fa7013749737f1e1a902/element'
12:16:46.748 [Forwarding findElement on session a19d7dc89300fa7013749737f1e1a902 to remote] DEBUG org.asynchttpclient.netty.request.NettyRequestSender - Using open Channel [id: 0x9edd6895, L:/127.0.0.1:59962 - R:localhost/127.0.0.1:53141] for POST '/session/a19d7dc89300fa7013749737f1e1a902/element'
12:16:46.756 [AsyncHttpClient-1-3] DEBUG org.asynchttpclient.netty.handler.HttpHandler - 

Request DefaultHttpRequest(decodeResult: success, version: HTTP/1.1)
POST /session/e86c947d91f6e011f2c91a836b62a9fe/element HTTP/1.1
User-Agent: selenium/4.1.4 (java windows)
Content-Length: 69
Content-Type: application/json; charset=utf-8
host: localhost:60730
accept: */*

Response DefaultHttpResponse(decodeResult: success, version: HTTP/1.1)
HTTP/1.1 200 OK
Content-Type: application/json; charset=utf-8
cache-control: no-cache
content-length: 88

12:16:46.756 [AsyncHttpClient-1-3] DEBUG org.asynchttpclient.netty.channel.ChannelManager - Adding key: http://localhost:60730 for channel [id: 0x3c82a314, L:/127.0.0.1:59963 - R:localhost/127.0.0.1:60730]
12:16:46.760 [Forwarding sendKeysToElement on session e86c947d91f6e011f2c91a836b62a9fe to remote] DEBUG org.asynchttpclient.netty.request.NettyRequestSender - Using pooled Channel '[id: 0x3c82a314, L:/127.0.0.1:59963 - R:localhost/127.0.0.1:60730]' for 'POST' to 'http://localhost:60730/session/e86c947d91f6e011f2c91a836b62a9fe/element/1cb384ec-eee6-4c11-bd19-715bfb965815/value'
12:16:46.760 [Forwarding sendKeysToElement on session e86c947d91f6e011f2c91a836b62a9fe to remote] DEBUG org.asynchttpclient.netty.request.NettyRequestSender - Using open Channel [id: 0x3c82a314, L:/127.0.0.1:59963 - R:localhost/127.0.0.1:60730] for POST '/session/e86c947d91f6e011f2c91a836b62a9fe/element/1cb384ec-eee6-4c11-bd19-715bfb965815/value'
12:16:46.771 [AsyncHttpClient-1-2] DEBUG org.asynchttpclient.netty.handler.HttpHandler - 

Request DefaultHttpRequest(decodeResult: success, version: HTTP/1.1)
POST /session/a19d7dc89300fa7013749737f1e1a902/element HTTP/1.1
User-Agent: selenium/4.1.4 (java windows)
Content-Length: 73
Content-Type: application/json; charset=utf-8
host: localhost:53141
accept: */*

Response DefaultHttpResponse(decodeResult: success, version: HTTP/1.1)
HTTP/1.1 200 OK
Content-Type: application/json; charset=utf-8
cache-control: no-cache
content-length: 88

12:16:46.771 [AsyncHttpClient-1-2] DEBUG org.asynchttpclient.netty.channel.ChannelManager - Adding key: http://localhost:53141 for channel [id: 0x9edd6895, L:/127.0.0.1:59962 - R:localhost/127.0.0.1:53141]
12:16:46.784 [Forwarding sendKeysToElement on session a19d7dc89300fa7013749737f1e1a902 to remote] DEBUG org.asynchttpclient.netty.request.NettyRequestSender - Using pooled Channel '[id: 0x9edd6895, L:/127.0.0.1:59962 - R:localhost/127.0.0.1:53141]' for 'POST' to 'http://localhost:53141/session/a19d7dc89300fa7013749737f1e1a902/element/b2bc290c-8999-4c11-ba62-b5f4e10c32d8/value'
12:16:46.784 [Forwarding sendKeysToElement on session a19d7dc89300fa7013749737f1e1a902 to remote] DEBUG org.asynchttpclient.netty.request.NettyRequestSender - Using open Channel [id: 0x9edd6895, L:/127.0.0.1:59962 - R:localhost/127.0.0.1:53141] for POST '/session/a19d7dc89300fa7013749737f1e1a902/element/b2bc290c-8999-4c11-ba62-b5f4e10c32d8/value'
12:16:46.898 [AsyncHttpClient-1-1] DEBUG org.asynchttpclient.netty.channel.DefaultChannelPool - Entry count for : http://localhost:59964 : 1
12:16:46.898 [AsyncHttpClient-1-1] DEBUG org.asynchttpclient.netty.channel.DefaultChannelPool - Entry count for : http://localhost:59965 : 1
12:16:46.898 [AsyncHttpClient-1-2] DEBUG org.asynchttpclient.netty.handler.HttpHandler - 

Request DefaultHttpRequest(decodeResult: success, version: HTTP/1.1)
POST /session/a19d7dc89300fa7013749737f1e1a902/element/b2bc290c-8999-4c11-ba62-b5f4e10c32d8/value HTTP/1.1
User-Agent: selenium/4.1.4 (java windows)
Content-Length: 201
Content-Type: application/json; charset=utf-8
host: localhost:53141
accept: */*

Response DefaultHttpResponse(decodeResult: success, version: HTTP/1.1)
HTTP/1.1 200 OK
Content-Type: application/json; charset=utf-8
cache-control: no-cache
content-length: 14

12:16:46.899 [AsyncHttpClient-1-2] DEBUG org.asynchttpclient.netty.channel.ChannelManager - Adding key: http://localhost:53141 for channel [id: 0x9edd6895, L:/127.0.0.1:59962 - R:localhost/127.0.0.1:53141]
12:16:46.904 [Forwarding findElement on session a19d7dc89300fa7013749737f1e1a902 to remote] DEBUG org.asynchttpclient.netty.request.NettyRequestSender - Using pooled Channel '[id: 0x9edd6895, L:/127.0.0.1:59962 - R:localhost/127.0.0.1:53141]' for 'POST' to 'http://localhost:53141/session/a19d7dc89300fa7013749737f1e1a902/element'
12:16:46.904 [Forwarding findElement on session a19d7dc89300fa7013749737f1e1a902 to remote] DEBUG org.asynchttpclient.netty.request.NettyRequestSender - Using open Channel [id: 0x9edd6895, L:/127.0.0.1:59962 - R:localhost/127.0.0.1:53141] for POST '/session/a19d7dc89300fa7013749737f1e1a902/element'
12:16:46.916 [AsyncHttpClient-1-3] DEBUG org.asynchttpclient.netty.handler.HttpHandler - 

Request DefaultHttpRequest(decodeResult: success, version: HTTP/1.1)
POST /session/e86c947d91f6e011f2c91a836b62a9fe/element/1cb384ec-eee6-4c11-bd19-715bfb965815/value HTTP/1.1
User-Agent: selenium/4.1.4 (java windows)
Content-Length: 281
Content-Type: application/json; charset=utf-8
host: localhost:60730
accept: */*

Response DefaultHttpResponse(decodeResult: success, version: HTTP/1.1)
HTTP/1.1 200 OK
Content-Type: application/json; charset=utf-8
cache-control: no-cache
content-length: 14

12:16:46.916 [AsyncHttpClient-1-3] DEBUG org.asynchttpclient.netty.channel.ChannelManager - Adding key: http://localhost:60730 for channel [id: 0x3c82a314, L:/127.0.0.1:59963 - R:localhost/127.0.0.1:60730]
12:16:46.920 [Forwarding findElement on session e86c947d91f6e011f2c91a836b62a9fe to remote] DEBUG org.asynchttpclient.netty.request.NettyRequestSender - Using pooled Channel '[id: 0x3c82a314, L:/127.0.0.1:59963 - R:localhost/127.0.0.1:60730]' for 'POST' to 'http://localhost:60730/session/e86c947d91f6e011f2c91a836b62a9fe/element'
12:16:46.920 [Forwarding findElement on session e86c947d91f6e011f2c91a836b62a9fe to remote] DEBUG org.asynchttpclient.netty.request.NettyRequestSender - Using open Channel [id: 0x3c82a314, L:/127.0.0.1:59963 - R:localhost/127.0.0.1:60730] for POST '/session/e86c947d91f6e011f2c91a836b62a9fe/element'
12:16:46.923 [AsyncHttpClient-1-2] DEBUG org.asynchttpclient.netty.handler.HttpHandler - 

Request DefaultHttpRequest(decodeResult: success, version: HTTP/1.1)
POST /session/a19d7dc89300fa7013749737f1e1a902/element HTTP/1.1
User-Agent: selenium/4.1.4 (java windows)
Content-Length: 69
Content-Type: application/json; charset=utf-8
host: localhost:53141
accept: */*

Response DefaultHttpResponse(decodeResult: success, version: HTTP/1.1)
HTTP/1.1 200 OK
Content-Type: application/json; charset=utf-8
cache-control: no-cache
content-length: 88

12:16:46.932 [AsyncHttpClient-1-2] DEBUG org.asynchttpclient.netty.channel.ChannelManager - Adding key: http://localhost:53141 for channel [id: 0x9edd6895, L:/127.0.0.1:59962 - R:localhost/127.0.0.1:53141]
12:16:46.937 [Forwarding sendKeysToElement on session a19d7dc89300fa7013749737f1e1a902 to remote] DEBUG org.asynchttpclient.netty.request.NettyRequestSender - Using pooled Channel '[id: 0x9edd6895, L:/127.0.0.1:59962 - R:localhost/127.0.0.1:53141]' for 'POST' to 'http://localhost:53141/session/a19d7dc89300fa7013749737f1e1a902/element/f117aa67-76fd-4fcd-a257-24760ce2eede/value'
12:16:46.937 [Forwarding sendKeysToElement on session a19d7dc89300fa7013749737f1e1a902 to remote] DEBUG org.asynchttpclient.netty.request.NettyRequestSender - Using open Channel [id: 0x9edd6895, L:/127.0.0.1:59962 - R:localhost/127.0.0.1:53141] for POST '/session/a19d7dc89300fa7013749737f1e1a902/element/f117aa67-76fd-4fcd-a257-24760ce2eede/value'
12:16:46.951 [AsyncHttpClient-1-3] DEBUG org.asynchttpclient.netty.handler.HttpHandler - 

Request DefaultHttpRequest(decodeResult: success, version: HTTP/1.1)
POST /session/e86c947d91f6e011f2c91a836b62a9fe/element HTTP/1.1
User-Agent: selenium/4.1.4 (java windows)
Content-Length: 74
Content-Type: application/json; charset=utf-8
host: localhost:60730
accept: */*

Response DefaultHttpResponse(decodeResult: success, version: HTTP/1.1)
HTTP/1.1 200 OK
Content-Type: application/json; charset=utf-8
cache-control: no-cache
content-length: 88

12:16:46.952 [AsyncHttpClient-1-3] DEBUG org.asynchttpclient.netty.channel.ChannelManager - Adding key: http://localhost:60730 for channel [id: 0x3c82a314, L:/127.0.0.1:59963 - R:localhost/127.0.0.1:60730]
12:16:46.957 [Forwarding sendKeysToElement on session e86c947d91f6e011f2c91a836b62a9fe to remote] DEBUG org.asynchttpclient.netty.request.NettyRequestSender - Using pooled Channel '[id: 0x3c82a314, L:/127.0.0.1:59963 - R:localhost/127.0.0.1:60730]' for 'POST' to 'http://localhost:60730/session/e86c947d91f6e011f2c91a836b62a9fe/element/5944022f-ff7b-4c78-9305-bc4ede49ece6/value'
12:16:46.957 [Forwarding sendKeysToElement on session e86c947d91f6e011f2c91a836b62a9fe to remote] DEBUG org.asynchttpclient.netty.request.NettyRequestSender - Using open Channel [id: 0x3c82a314, L:/127.0.0.1:59963 - R:localhost/127.0.0.1:60730] for POST '/session/e86c947d91f6e011f2c91a836b62a9fe/element/5944022f-ff7b-4c78-9305-bc4ede49ece6/value'
12:16:47.083 [AsyncHttpClient-1-2] DEBUG org.asynchttpclient.netty.handler.HttpHandler - 

Request DefaultHttpRequest(decodeResult: success, version: HTTP/1.1)
POST /session/a19d7dc89300fa7013749737f1e1a902/element/f117aa67-76fd-4fcd-a257-24760ce2eede/value HTTP/1.1
User-Agent: selenium/4.1.4 (java windows)
Content-Length: 331
Content-Type: application/json; charset=utf-8
host: localhost:53141
accept: */*

Response DefaultHttpResponse(decodeResult: success, version: HTTP/1.1)
HTTP/1.1 200 OK
Content-Type: application/json; charset=utf-8
cache-control: no-cache
content-length: 14

12:16:47.084 [AsyncHttpClient-1-2] DEBUG org.asynchttpclient.netty.channel.ChannelManager - Adding key: http://localhost:53141 for channel [id: 0x9edd6895, L:/127.0.0.1:59962 - R:localhost/127.0.0.1:53141]
12:16:47.089 [Forwarding findElement on session a19d7dc89300fa7013749737f1e1a902 to remote] DEBUG org.asynchttpclient.netty.request.NettyRequestSender - Using pooled Channel '[id: 0x9edd6895, L:/127.0.0.1:59962 - R:localhost/127.0.0.1:53141]' for 'POST' to 'http://localhost:53141/session/a19d7dc89300fa7013749737f1e1a902/element'
12:16:47.089 [Forwarding findElement on session a19d7dc89300fa7013749737f1e1a902 to remote] DEBUG org.asynchttpclient.netty.request.NettyRequestSender - Using open Channel [id: 0x9edd6895, L:/127.0.0.1:59962 - R:localhost/127.0.0.1:53141] for POST '/session/a19d7dc89300fa7013749737f1e1a902/element'
12:16:47.143 [AsyncHttpClient-1-2] DEBUG org.asynchttpclient.netty.handler.HttpHandler - 

Request DefaultHttpRequest(decodeResult: success, version: HTTP/1.1)
POST /session/a19d7dc89300fa7013749737f1e1a902/element HTTP/1.1
User-Agent: selenium/4.1.4 (java windows)
Content-Length: 74
Content-Type: application/json; charset=utf-8
host: localhost:53141
accept: */*

Response DefaultHttpResponse(decodeResult: success, version: HTTP/1.1)
HTTP/1.1 200 OK
Content-Type: application/json; charset=utf-8
cache-control: no-cache
content-length: 88

12:16:47.144 [AsyncHttpClient-1-2] DEBUG org.asynchttpclient.netty.channel.ChannelManager - Adding key: http://localhost:53141 for channel [id: 0x9edd6895, L:/127.0.0.1:59962 - R:localhost/127.0.0.1:53141]
12:16:47.151 [Forwarding sendKeysToElement on session a19d7dc89300fa7013749737f1e1a902 to remote] DEBUG org.asynchttpclient.netty.request.NettyRequestSender - Using pooled Channel '[id: 0x9edd6895, L:/127.0.0.1:59962 - R:localhost/127.0.0.1:53141]' for 'POST' to 'http://localhost:53141/session/a19d7dc89300fa7013749737f1e1a902/element/fb37dfe1-668e-4af2-80fc-84d969d7269f/value'
12:16:47.151 [Forwarding sendKeysToElement on session a19d7dc89300fa7013749737f1e1a902 to remote] DEBUG org.asynchttpclient.netty.request.NettyRequestSender - Using open Channel [id: 0x9edd6895, L:/127.0.0.1:59962 - R:localhost/127.0.0.1:53141] for POST '/session/a19d7dc89300fa7013749737f1e1a902/element/fb37dfe1-668e-4af2-80fc-84d969d7269f/value'
12:16:47.226 [AsyncHttpClient-1-3] DEBUG org.asynchttpclient.netty.handler.HttpHandler - 

Request DefaultHttpRequest(decodeResult: success, version: HTTP/1.1)
POST /session/e86c947d91f6e011f2c91a836b62a9fe/element/5944022f-ff7b-4c78-9305-bc4ede49ece6/value HTTP/1.1
User-Agent: selenium/4.1.4 (java windows)
Content-Length: 751
Content-Type: application/json; charset=utf-8
host: localhost:60730
accept: */*

Response DefaultHttpResponse(decodeResult: success, version: HTTP/1.1)
HTTP/1.1 200 OK
Content-Type: application/json; charset=utf-8
cache-control: no-cache
content-length: 14

12:16:47.226 [AsyncHttpClient-1-3] DEBUG org.asynchttpclient.netty.channel.ChannelManager - Adding key: http://localhost:60730 for channel [id: 0x3c82a314, L:/127.0.0.1:59963 - R:localhost/127.0.0.1:60730]
12:16:47.231 [Forwarding findElement on session e86c947d91f6e011f2c91a836b62a9fe to remote] DEBUG org.asynchttpclient.netty.request.NettyRequestSender - Using pooled Channel '[id: 0x3c82a314, L:/127.0.0.1:59963 - R:localhost/127.0.0.1:60730]' for 'POST' to 'http://localhost:60730/session/e86c947d91f6e011f2c91a836b62a9fe/element'
12:16:47.232 [Forwarding findElement on session e86c947d91f6e011f2c91a836b62a9fe to remote] DEBUG org.asynchttpclient.netty.request.NettyRequestSender - Using open Channel [id: 0x3c82a314, L:/127.0.0.1:59963 - R:localhost/127.0.0.1:60730] for POST '/session/e86c947d91f6e011f2c91a836b62a9fe/element'
12:16:47.257 [AsyncHttpClient-1-3] DEBUG org.asynchttpclient.netty.handler.HttpHandler - 

Request DefaultHttpRequest(decodeResult: success, version: HTTP/1.1)
POST /session/e86c947d91f6e011f2c91a836b62a9fe/element HTTP/1.1
User-Agent: selenium/4.1.4 (java windows)
Content-Length: 82
Content-Type: application/json; charset=utf-8
host: localhost:60730
accept: */*

Response DefaultHttpResponse(decodeResult: success, version: HTTP/1.1)
HTTP/1.1 200 OK
Content-Type: application/json; charset=utf-8
cache-control: no-cache
content-length: 88

12:16:47.257 [AsyncHttpClient-1-3] DEBUG org.asynchttpclient.netty.channel.ChannelManager - Adding key: http://localhost:60730 for channel [id: 0x3c82a314, L:/127.0.0.1:59963 - R:localhost/127.0.0.1:60730]
12:16:47.260 [Forwarding clickElement on session e86c947d91f6e011f2c91a836b62a9fe to remote] DEBUG org.asynchttpclient.netty.request.NettyRequestSender - Using pooled Channel '[id: 0x3c82a314, L:/127.0.0.1:59963 - R:localhost/127.0.0.1:60730]' for 'POST' to 'http://localhost:60730/session/e86c947d91f6e011f2c91a836b62a9fe/element/47748445-a9e2-4c43-a0e7-89977fae5f81/click'
12:16:47.260 [Forwarding clickElement on session e86c947d91f6e011f2c91a836b62a9fe to remote] DEBUG org.asynchttpclient.netty.request.NettyRequestSender - Using open Channel [id: 0x3c82a314, L:/127.0.0.1:59963 - R:localhost/127.0.0.1:60730] for POST '/session/e86c947d91f6e011f2c91a836b62a9fe/element/47748445-a9e2-4c43-a0e7-89977fae5f81/click'
12:16:47.435 [AsyncHttpClient-1-2] DEBUG org.asynchttpclient.netty.handler.HttpHandler - 

Request DefaultHttpRequest(decodeResult: success, version: HTTP/1.1)
POST /session/a19d7dc89300fa7013749737f1e1a902/element/fb37dfe1-668e-4af2-80fc-84d969d7269f/value HTTP/1.1
User-Agent: selenium/4.1.4 (java windows)
Content-Length: 601
Content-Type: application/json; charset=utf-8
host: localhost:53141
accept: */*

Response DefaultHttpResponse(decodeResult: success, version: HTTP/1.1)
HTTP/1.1 200 OK
Content-Type: application/json; charset=utf-8
cache-control: no-cache
content-length: 14

12:16:47.436 [AsyncHttpClient-1-2] DEBUG org.asynchttpclient.netty.channel.ChannelManager - Adding key: http://localhost:53141 for channel [id: 0x9edd6895, L:/127.0.0.1:59962 - R:localhost/127.0.0.1:53141]
12:16:47.442 [Forwarding findElement on session a19d7dc89300fa7013749737f1e1a902 to remote] DEBUG org.asynchttpclient.netty.request.NettyRequestSender - Using pooled Channel '[id: 0x9edd6895, L:/127.0.0.1:59962 - R:localhost/127.0.0.1:53141]' for 'POST' to 'http://localhost:53141/session/a19d7dc89300fa7013749737f1e1a902/element'
12:16:47.443 [Forwarding findElement on session a19d7dc89300fa7013749737f1e1a902 to remote] DEBUG org.asynchttpclient.netty.request.NettyRequestSender - Using open Channel [id: 0x9edd6895, L:/127.0.0.1:59962 - R:localhost/127.0.0.1:53141] for POST '/session/a19d7dc89300fa7013749737f1e1a902/element'
12:16:47.460 [AsyncHttpClient-1-2] DEBUG org.asynchttpclient.netty.handler.HttpHandler - 

Request DefaultHttpRequest(decodeResult: success, version: HTTP/1.1)
POST /session/a19d7dc89300fa7013749737f1e1a902/element HTTP/1.1
User-Agent: selenium/4.1.4 (java windows)
Content-Length: 82
Content-Type: application/json; charset=utf-8
host: localhost:53141
accept: */*

Response DefaultHttpResponse(decodeResult: success, version: HTTP/1.1)
HTTP/1.1 200 OK
Content-Type: application/json; charset=utf-8
cache-control: no-cache
content-length: 88

12:16:47.460 [AsyncHttpClient-1-2] DEBUG org.asynchttpclient.netty.channel.ChannelManager - Adding key: http://localhost:53141 for channel [id: 0x9edd6895, L:/127.0.0.1:59962 - R:localhost/127.0.0.1:53141]
12:16:47.467 [Forwarding clickElement on session a19d7dc89300fa7013749737f1e1a902 to remote] DEBUG org.asynchttpclient.netty.request.NettyRequestSender - Using pooled Channel '[id: 0x9edd6895, L:/127.0.0.1:59962 - R:localhost/127.0.0.1:53141]' for 'POST' to 'http://localhost:53141/session/a19d7dc89300fa7013749737f1e1a902/element/3690a1d3-9566-4965-b102-9316ee0f1c4c/click'
12:16:47.467 [Forwarding clickElement on session a19d7dc89300fa7013749737f1e1a902 to remote] DEBUG org.asynchttpclient.netty.request.NettyRequestSender - Using open Channel [id: 0x9edd6895, L:/127.0.0.1:59962 - R:localhost/127.0.0.1:53141] for POST '/session/a19d7dc89300fa7013749737f1e1a902/element/3690a1d3-9566-4965-b102-9316ee0f1c4c/click'
12:16:47.990 [AsyncHttpClient-1-1] DEBUG org.asynchttpclient.netty.channel.DefaultChannelPool - Entry count for : http://localhost:59964 : 1
12:16:47.991 [AsyncHttpClient-1-1] DEBUG org.asynchttpclient.netty.channel.DefaultChannelPool - Entry count for : http://localhost:59965 : 1
12:16:48.170 [AsyncHttpClient-1-3] DEBUG org.asynchttpclient.netty.handler.HttpHandler - 

Request DefaultHttpRequest(decodeResult: success, version: HTTP/1.1)
POST /session/e86c947d91f6e011f2c91a836b62a9fe/element/47748445-a9e2-4c43-a0e7-89977fae5f81/click HTTP/1.1
User-Agent: selenium/4.1.4 (java windows)
Content-Length: 50
Content-Type: application/json; charset=utf-8
host: localhost:60730
accept: */*

Response DefaultHttpResponse(decodeResult: success, version: HTTP/1.1)
HTTP/1.1 200 OK
Content-Type: application/json; charset=utf-8
cache-control: no-cache
content-length: 14

12:16:48.171 [AsyncHttpClient-1-3] DEBUG org.asynchttpclient.netty.channel.ChannelManager - Adding key: http://localhost:60730 for channel [id: 0x3c82a314, L:/127.0.0.1:59963 - R:localhost/127.0.0.1:60730]
12:16:48.176 [Forwarding findElement on session e86c947d91f6e011f2c91a836b62a9fe to remote] DEBUG org.asynchttpclient.netty.request.NettyRequestSender - Using pooled Channel '[id: 0x3c82a314, L:/127.0.0.1:59963 - R:localhost/127.0.0.1:60730]' for 'POST' to 'http://localhost:60730/session/e86c947d91f6e011f2c91a836b62a9fe/element'
12:16:48.176 [Forwarding findElement on session e86c947d91f6e011f2c91a836b62a9fe to remote] DEBUG org.asynchttpclient.netty.request.NettyRequestSender - Using open Channel [id: 0x3c82a314, L:/127.0.0.1:59963 - R:localhost/127.0.0.1:60730] for POST '/session/e86c947d91f6e011f2c91a836b62a9fe/element'
12:16:48.216 [AsyncHttpClient-1-3] DEBUG org.asynchttpclient.netty.handler.HttpHandler - 

Request DefaultHttpRequest(decodeResult: success, version: HTTP/1.1)
POST /session/e86c947d91f6e011f2c91a836b62a9fe/element HTTP/1.1
User-Agent: selenium/4.1.4 (java windows)
Content-Length: 83
Content-Type: application/json; charset=utf-8
host: localhost:60730
accept: */*

Response DefaultHttpResponse(decodeResult: success, version: HTTP/1.1)
HTTP/1.1 200 OK
Content-Type: application/json; charset=utf-8
cache-control: no-cache
content-length: 88

12:16:48.216 [AsyncHttpClient-1-3] DEBUG org.asynchttpclient.netty.channel.ChannelManager - Adding key: http://localhost:60730 for channel [id: 0x3c82a314, L:/127.0.0.1:59963 - R:localhost/127.0.0.1:60730]
12:16:48.221 [Forwarding getElementText on session e86c947d91f6e011f2c91a836b62a9fe to remote] DEBUG org.asynchttpclient.netty.request.NettyRequestSender - Using pooled Channel '[id: 0x3c82a314, L:/127.0.0.1:59963 - R:localhost/127.0.0.1:60730]' for 'GET' to 'http://localhost:60730/session/e86c947d91f6e011f2c91a836b62a9fe/element/1fd1788f-7f11-449b-bb80-e1c5585489ef/text'
12:16:48.221 [Forwarding getElementText on session e86c947d91f6e011f2c91a836b62a9fe to remote] DEBUG org.asynchttpclient.netty.request.NettyRequestSender - Using open Channel [id: 0x3c82a314, L:/127.0.0.1:59963 - R:localhost/127.0.0.1:60730] for GET '/session/e86c947d91f6e011f2c91a836b62a9fe/element/1fd1788f-7f11-449b-bb80-e1c5585489ef/text'
12:16:48.289 [AsyncHttpClient-1-3] DEBUG org.asynchttpclient.netty.handler.HttpHandler - 

Request DefaultFullHttpRequest(decodeResult: success, version: HTTP/1.1, content: EmptyByteBufBE)
GET /session/e86c947d91f6e011f2c91a836b62a9fe/element/1fd1788f-7f11-449b-bb80-e1c5585489ef/text HTTP/1.1
User-Agent: selenium/4.1.4 (java windows)
Cache-Control: no-cache
Content-Type: application/json; charset=utf-8
host: localhost:60730
accept: */*

Response DefaultHttpResponse(decodeResult: success, version: HTTP/1.1)
HTTP/1.1 200 OK
Content-Type: application/json; charset=utf-8
cache-control: no-cache
content-length: 39

12:16:48.289 [AsyncHttpClient-1-3] DEBUG org.asynchttpclient.netty.channel.ChannelManager - Adding key: http://localhost:60730 for channel [id: 0x3c82a314, L:/127.0.0.1:59963 - R:localhost/127.0.0.1:60730]
12:16:48.311 [AsyncHttpClient-1-6] DEBUG org.asynchttpclient.netty.handler.WebSocketHandler - Channel Closed: [id: 0x061a9300, L:/127.0.0.1:59981 ! R:localhost/127.0.0.1:59965] with attribute NettyResponseFuture{currentRetry=5,
	isDone=1,
	isCancelled=0,
	asyncHandler=org.asynchttpclient.ws.WebSocketUpgradeHandler@1390be07,
	nettyRequest=org.asynchttpclient.netty.request.NettyRequest@77f77df8,
	future=java.util.concurrent.CompletableFuture@7d36fe53[Completed normally],
	uri=ws://localhost:59965/devtools/browser/2fa9ad58-a202-4130-91fb-62387413cb06,
	keepAlive=true,
	redirectCount=0,
	timeoutsHolder=null,
	inAuth=0,
	touch=1663690603245}
12:16:48.313 [AsyncHttpClient-1-6] DEBUG org.asynchttpclient.netty.channel.ChannelManager - Closing Channel [id: 0x061a9300, L:/127.0.0.1:59981 ! R:localhost/127.0.0.1:59965] 
12:16:48.317 [Driver Command Executor] DEBUG org.asynchttpclient.netty.request.NettyRequestSender - Using pooled Channel '[id: 0x3c82a314, L:/127.0.0.1:59963 - R:localhost/127.0.0.1:60730]' for 'DELETE' to 'http://localhost:60730/session/e86c947d91f6e011f2c91a836b62a9fe'
12:16:48.318 [Driver Command Executor] DEBUG org.asynchttpclient.netty.request.NettyRequestSender - Using open Channel [id: 0x3c82a314, L:/127.0.0.1:59963 - R:localhost/127.0.0.1:60730] for DELETE '/session/e86c947d91f6e011f2c91a836b62a9fe'
12:16:48.510 [AsyncHttpClient-1-2] DEBUG org.asynchttpclient.netty.handler.HttpHandler - 

Request DefaultHttpRequest(decodeResult: success, version: HTTP/1.1)
POST /session/a19d7dc89300fa7013749737f1e1a902/element/3690a1d3-9566-4965-b102-9316ee0f1c4c/click HTTP/1.1
User-Agent: selenium/4.1.4 (java windows)
Content-Length: 50
Content-Type: application/json; charset=utf-8
host: localhost:53141
accept: */*

Response DefaultHttpResponse(decodeResult: success, version: HTTP/1.1)
HTTP/1.1 200 OK
Content-Type: application/json; charset=utf-8
cache-control: no-cache
content-length: 14

12:16:48.510 [AsyncHttpClient-1-2] DEBUG org.asynchttpclient.netty.channel.ChannelManager - Adding key: http://localhost:53141 for channel [id: 0x9edd6895, L:/127.0.0.1:59962 - R:localhost/127.0.0.1:53141]
12:16:48.521 [Forwarding findElement on session a19d7dc89300fa7013749737f1e1a902 to remote] DEBUG org.asynchttpclient.netty.request.NettyRequestSender - Using pooled Channel '[id: 0x9edd6895, L:/127.0.0.1:59962 - R:localhost/127.0.0.1:53141]' for 'POST' to 'http://localhost:53141/session/a19d7dc89300fa7013749737f1e1a902/element'
12:16:48.521 [Forwarding findElement on session a19d7dc89300fa7013749737f1e1a902 to remote] DEBUG org.asynchttpclient.netty.request.NettyRequestSender - Using open Channel [id: 0x9edd6895, L:/127.0.0.1:59962 - R:localhost/127.0.0.1:53141] for POST '/session/a19d7dc89300fa7013749737f1e1a902/element'
12:16:48.551 [AsyncHttpClient-1-2] DEBUG org.asynchttpclient.netty.handler.HttpHandler - 

Request DefaultHttpRequest(decodeResult: success, version: HTTP/1.1)
POST /session/a19d7dc89300fa7013749737f1e1a902/element HTTP/1.1
User-Agent: selenium/4.1.4 (java windows)
Content-Length: 83
Content-Type: application/json; charset=utf-8
host: localhost:53141
accept: */*

Response DefaultHttpResponse(decodeResult: success, version: HTTP/1.1)
HTTP/1.1 200 OK
Content-Type: application/json; charset=utf-8
cache-control: no-cache
content-length: 88

12:16:48.551 [AsyncHttpClient-1-2] DEBUG org.asynchttpclient.netty.channel.ChannelManager - Adding key: http://localhost:53141 for channel [id: 0x9edd6895, L:/127.0.0.1:59962 - R:localhost/127.0.0.1:53141]
12:16:48.553 [Forwarding getElementText on session a19d7dc89300fa7013749737f1e1a902 to remote] DEBUG org.asynchttpclient.netty.request.NettyRequestSender - Using pooled Channel '[id: 0x9edd6895, L:/127.0.0.1:59962 - R:localhost/127.0.0.1:53141]' for 'GET' to 'http://localhost:53141/session/a19d7dc89300fa7013749737f1e1a902/element/f904bf99-e94b-4556-a1ae-602da1d5c2fc/text'
12:16:48.554 [Forwarding getElementText on session a19d7dc89300fa7013749737f1e1a902 to remote] DEBUG org.asynchttpclient.netty.request.NettyRequestSender - Using open Channel [id: 0x9edd6895, L:/127.0.0.1:59962 - R:localhost/127.0.0.1:53141] for GET '/session/a19d7dc89300fa7013749737f1e1a902/element/f904bf99-e94b-4556-a1ae-602da1d5c2fc/text'
12:16:48.595 [AsyncHttpClient-1-2] DEBUG org.asynchttpclient.netty.handler.HttpHandler - 

Request DefaultFullHttpRequest(decodeResult: success, version: HTTP/1.1, content: EmptyByteBufBE)
GET /session/a19d7dc89300fa7013749737f1e1a902/element/f904bf99-e94b-4556-a1ae-602da1d5c2fc/text HTTP/1.1
User-Agent: selenium/4.1.4 (java windows)
Cache-Control: no-cache
Content-Type: application/json; charset=utf-8
host: localhost:53141
accept: */*

Response DefaultHttpResponse(decodeResult: success, version: HTTP/1.1)
HTTP/1.1 200 OK
Content-Type: application/json; charset=utf-8
cache-control: no-cache
content-length: 39

12:16:48.595 [AsyncHttpClient-1-2] DEBUG org.asynchttpclient.netty.channel.ChannelManager - Adding key: http://localhost:53141 for channel [id: 0x9edd6895, L:/127.0.0.1:59962 - R:localhost/127.0.0.1:53141]
12:16:48.601 [AsyncHttpClient-1-7] DEBUG org.asynchttpclient.netty.handler.WebSocketHandler - Channel Closed: [id: 0xd775cfbf, L:/127.0.0.1:59982 ! R:localhost/127.0.0.1:59964] with attribute NettyResponseFuture{currentRetry=5,
	isDone=1,
	isCancelled=0,
	asyncHandler=org.asynchttpclient.ws.WebSocketUpgradeHandler@46bebb2,
	nettyRequest=org.asynchttpclient.netty.request.NettyRequest@1895f63,
	future=java.util.concurrent.CompletableFuture@51c1359[Completed normally],
	uri=ws://localhost:59964/devtools/browser/2c88017f-9c17-47d1-a410-e00e97deef3d,
	keepAlive=true,
	redirectCount=0,
	timeoutsHolder=null,
	inAuth=0,
	touch=1663690603245}
12:16:48.601 [AsyncHttpClient-1-7] DEBUG org.asynchttpclient.netty.channel.ChannelManager - Closing Channel [id: 0xd775cfbf, L:/127.0.0.1:59982 ! R:localhost/127.0.0.1:59964] 
12:16:48.602 [Driver Command Executor] DEBUG org.asynchttpclient.netty.request.NettyRequestSender - Using pooled Channel '[id: 0x9edd6895, L:/127.0.0.1:59962 - R:localhost/127.0.0.1:53141]' for 'DELETE' to 'http://localhost:53141/session/a19d7dc89300fa7013749737f1e1a902'
12:16:48.602 [Driver Command Executor] DEBUG org.asynchttpclient.netty.request.NettyRequestSender - Using open Channel [id: 0x9edd6895, L:/127.0.0.1:59962 - R:localhost/127.0.0.1:53141] for DELETE '/session/a19d7dc89300fa7013749737f1e1a902'
12:16:48.728 [AsyncHttpClient-1-5] DEBUG org.asynchttpclient.netty.handler.HttpHandler - Unexpected I/O exception on channel [id: 0x665b96e6, L:/127.0.0.1:59979 - R:localhost/127.0.0.1:59964]
java.net.SocketException: Connection reset
	at java.base/sun.nio.ch.SocketChannelImpl.throwConnectionReset(SocketChannelImpl.java:367)
	at java.base/sun.nio.ch.SocketChannelImpl.read(SocketChannelImpl.java:398)
	at io.netty.buffer.PooledByteBuf.setBytes(PooledByteBuf.java:258)
	at io.netty.buffer.AbstractByteBuf.writeBytes(AbstractByteBuf.java:1132)
	at io.netty.channel.socket.nio.NioSocketChannel.doReadBytes(NioSocketChannel.java:357)
	at io.netty.channel.nio.AbstractNioByteChannel$NioByteUnsafe.read(AbstractNioByteChannel.java:151)
	at io.netty.channel.nio.NioEventLoop.processSelectedKey(NioEventLoop.java:722)
	at io.netty.channel.nio.NioEventLoop.processSelectedKeysOptimized(NioEventLoop.java:658)
	at io.netty.channel.nio.NioEventLoop.processSelectedKeys(NioEventLoop.java:584)
	at io.netty.channel.nio.NioEventLoop.run(NioEventLoop.java:496)
	at io.netty.util.concurrent.SingleThreadEventExecutor$4.run(SingleThreadEventExecutor.java:986)
	at io.netty.util.internal.ThreadExecutorMap$2.run(ThreadExecutorMap.java:74)
	at io.netty.util.concurrent.FastThreadLocalRunnable.run(FastThreadLocalRunnable.java:30)
	at java.base/java.lang.Thread.run(Thread.java:832)
12:16:48.728 [AsyncHttpClient-1-5] DEBUG org.asynchttpclient.netty.channel.ChannelManager - Closing Channel [id: 0x665b96e6, L:/127.0.0.1:59979 - R:localhost/127.0.0.1:59964] 
12:16:48.733 [AsyncHttpClient-1-5] DEBUG org.asynchttpclient.netty.handler.HttpHandler - Channel Closed: [id: 0x665b96e6, L:/127.0.0.1:59979 ! R:localhost/127.0.0.1:59964] with attribute DISCARD
12:16:48.742 [AsyncHttpClient-1-2] DEBUG org.asynchttpclient.netty.handler.HttpHandler - 

Request DefaultFullHttpRequest(decodeResult: success, version: HTTP/1.1, content: EmptyByteBufBE)
DELETE /session/a19d7dc89300fa7013749737f1e1a902 HTTP/1.1
User-Agent: selenium/4.1.4 (java windows)
Content-Type: application/json; charset=utf-8
host: localhost:53141
accept: */*

Response DefaultHttpResponse(decodeResult: success, version: HTTP/1.1)
HTTP/1.1 200 OK
Content-Type: application/json; charset=utf-8
cache-control: no-cache
content-length: 14

12:16:48.742 [AsyncHttpClient-1-2] DEBUG org.asynchttpclient.netty.channel.ChannelManager - Adding key: http://localhost:53141 for channel [id: 0x9edd6895, L:/127.0.0.1:59962 - R:localhost/127.0.0.1:53141]
12:16:48.758 [AsyncHttpClient-1-4] DEBUG org.asynchttpclient.netty.handler.HttpHandler - Unexpected I/O exception on channel [id: 0x9e2cd47e, L:/127.0.0.1:59980 - R:localhost/127.0.0.1:59965]
java.net.SocketException: Connection reset
	at java.base/sun.nio.ch.SocketChannelImpl.throwConnectionReset(SocketChannelImpl.java:367)
	at java.base/sun.nio.ch.SocketChannelImpl.read(SocketChannelImpl.java:398)
	at io.netty.buffer.PooledByteBuf.setBytes(PooledByteBuf.java:258)
	at io.netty.buffer.AbstractByteBuf.writeBytes(AbstractByteBuf.java:1132)
	at io.netty.channel.socket.nio.NioSocketChannel.doReadBytes(NioSocketChannel.java:357)
	at io.netty.channel.nio.AbstractNioByteChannel$NioByteUnsafe.read(AbstractNioByteChannel.java:151)
	at io.netty.channel.nio.NioEventLoop.processSelectedKey(NioEventLoop.java:722)
	at io.netty.channel.nio.NioEventLoop.processSelectedKeysOptimized(NioEventLoop.java:658)
	at io.netty.channel.nio.NioEventLoop.processSelectedKeys(NioEventLoop.java:584)
	at io.netty.channel.nio.NioEventLoop.run(NioEventLoop.java:496)
	at io.netty.util.concurrent.SingleThreadEventExecutor$4.run(SingleThreadEventExecutor.java:986)
	at io.netty.util.internal.ThreadExecutorMap$2.run(ThreadExecutorMap.java:74)
	at io.netty.util.concurrent.FastThreadLocalRunnable.run(FastThreadLocalRunnable.java:30)
	at java.base/java.lang.Thread.run(Thread.java:832)
12:16:48.758 [AsyncHttpClient-1-4] DEBUG org.asynchttpclient.netty.channel.ChannelManager - Closing Channel [id: 0x9e2cd47e, L:/127.0.0.1:59980 - R:localhost/127.0.0.1:59965] 
12:16:48.758 [AsyncHttpClient-1-4] DEBUG org.asynchttpclient.netty.handler.HttpHandler - Channel Closed: [id: 0x9e2cd47e, L:/127.0.0.1:59980 ! R:localhost/127.0.0.1:59965] with attribute DISCARD
12:16:48.797 [AsyncHttpClient-1-3] DEBUG org.asynchttpclient.netty.handler.HttpHandler - 

Request DefaultFullHttpRequest(decodeResult: success, version: HTTP/1.1, content: EmptyByteBufBE)
DELETE /session/e86c947d91f6e011f2c91a836b62a9fe HTTP/1.1
User-Agent: selenium/4.1.4 (java windows)
Content-Type: application/json; charset=utf-8
host: localhost:60730
accept: */*

Response DefaultHttpResponse(decodeResult: success, version: HTTP/1.1)
HTTP/1.1 200 OK
Content-Type: application/json; charset=utf-8
cache-control: no-cache
content-length: 14

12:16:48.798 [AsyncHttpClient-1-3] DEBUG org.asynchttpclient.netty.channel.ChannelManager - Adding key: http://localhost:60730 for channel [id: 0x3c82a314, L:/127.0.0.1:59963 - R:localhost/127.0.0.1:60730]
12:16:48.879 [AsyncHttpClient-1-2] DEBUG org.asynchttpclient.netty.handler.HttpHandler - Channel Closed: [id: 0x9edd6895, L:/127.0.0.1:59962 ! R:localhost/127.0.0.1:53141] with attribute DISCARD
12:16:48.940 [AsyncHttpClient-1-3] DEBUG org.asynchttpclient.netty.handler.HttpHandler - Channel Closed: [id: 0x3c82a314, L:/127.0.0.1:59963 ! R:localhost/127.0.0.1:60730] with attribute DISCARD
12:16:49.090 [AsyncHttpClient-1-1] DEBUG org.asynchttpclient.netty.channel.DefaultChannelPool - Entry count for : http://localhost:53141 : 1
12:16:49.090 [AsyncHttpClient-1-1] DEBUG org.asynchttpclient.netty.channel.DefaultChannelPool - Entry count for : http://localhost:59964 : 1
12:16:49.090 [AsyncHttpClient-1-1] DEBUG org.asynchttpclient.netty.channel.DefaultChannelPool - Entry count for : http://localhost:60730 : 1
12:16:49.090 [AsyncHttpClient-1-1] DEBUG org.asynchttpclient.netty.channel.DefaultChannelPool - Entry count for : http://localhost:59965 : 1
12:16:49.090 [AsyncHttpClient-1-1] DEBUG org.asynchttpclient.netty.channel.DefaultChannelPool - Adding Candidate expired Channel [id: 0x9edd6895, L:/127.0.0.1:59962 ! R:localhost/127.0.0.1:53141] isIdleTimeoutExpired=false isRemotelyClosed=true isTtlExpired=false
12:16:49.090 [AsyncHttpClient-1-1] DEBUG org.asynchttpclient.netty.channel.DefaultChannelPool - Closing Idle Channel [id: 0x9edd6895, L:/127.0.0.1:59962 ! R:localhost/127.0.0.1:53141]
12:16:49.091 [AsyncHttpClient-1-1] DEBUG org.asynchttpclient.netty.channel.DefaultChannelPool - Adding Candidate expired Channel [id: 0x665b96e6, L:/127.0.0.1:59979 ! R:localhost/127.0.0.1:59964] isIdleTimeoutExpired=false isRemotelyClosed=true isTtlExpired=false
12:16:49.092 [AsyncHttpClient-1-1] DEBUG org.asynchttpclient.netty.channel.DefaultChannelPool - Closing Idle Channel [id: 0x665b96e6, L:/127.0.0.1:59979 ! R:localhost/127.0.0.1:59964]
12:16:49.092 [AsyncHttpClient-1-1] DEBUG org.asynchttpclient.netty.channel.DefaultChannelPool - Adding Candidate expired Channel [id: 0x3c82a314, L:/127.0.0.1:59963 ! R:localhost/127.0.0.1:60730] isIdleTimeoutExpired=false isRemotelyClosed=true isTtlExpired=false
12:16:49.092 [AsyncHttpClient-1-1] DEBUG org.asynchttpclient.netty.channel.DefaultChannelPool - Closing Idle Channel [id: 0x3c82a314, L:/127.0.0.1:59963 ! R:localhost/127.0.0.1:60730]
12:16:49.092 [AsyncHttpClient-1-1] DEBUG org.asynchttpclient.netty.channel.DefaultChannelPool - Adding Candidate expired Channel [id: 0x9e2cd47e, L:/127.0.0.1:59980 ! R:localhost/127.0.0.1:59965] isIdleTimeoutExpired=false isRemotelyClosed=true isTtlExpired=false
12:16:49.092 [AsyncHttpClient-1-1] DEBUG org.asynchttpclient.netty.channel.DefaultChannelPool - Closing Idle Channel [id: 0x9e2cd47e, L:/127.0.0.1:59980 ! R:localhost/127.0.0.1:59965]
12:16:49.092 [AsyncHttpClient-1-1] DEBUG org.asynchttpclient.netty.channel.DefaultChannelPool - Closed 4 connections out of 4 in 2 ms
]]></system-out>
    <system-err><![CDATA[SSttaarrttiinngg  CChhrroommeeDDrriivveerr  110055..00.5.511959.5.5522  ((441122cc9955ee551188883366dd88aa77dd9977225500dd6622bb2299cc22aea6ea26a62a68a58-5r-erfesf/sb/rabrncahn-chhe-hadeasd/5s/195519@5{@#{85#835}3) })on o pno rpotr t53 6104713
0On
Olny lyl oclaocla lc ocnnoencneticotnison asr aer ea llaolwloewd.ed.
Pl
ePlaseae sse esee eh thtptst:p/s/:c//hrchomroedmreidrvievr.ecrh.crhomriomuim.umo.rgor/sg/ecsuercuitryit-cyo-ncosnisdierdaetriatoinso nsf ofro sr usgugeggstesitoinosn so no kne kepeiepngi ng CChrhormoemDreivDerr siavfee.r
 safe.
CChhrroommeeDrDirveir vwaesr s tawrtaeds s uccsetssfaulrlty.
ed successfully.
Sep 20, 2022 12:16:43 PM org.openqa.selenium.remote.ProtocolHandshake createSession
INFO: Detected dialect: W3C
Sep 20, 2022 12:16:43 PM org.openqa.selenium.remote.ProtocolHandshake createSession
INFO: Detected dialect: W3C
Sep 20, 2022 12:16:43 PM org.openqa.selenium.devtools.CdpVersionFinder findNearestMatch
WARNING: Unable to find an exact match for CDP version 105, so returning the closest version found: 101
Sep 20, 2022 12:16:43 PM org.openqa.selenium.devtools.CdpVersionFinder findNearestMatch
WARNING: Unable to find an exact match for CDP version 105, so returning the closest version found: 101
Sep 20, 2022 12:16:43 PM org.openqa.selenium.devtools.CdpVersionFinder findNearestMatch
INFO: Found CDP implementation for version 105 of 101
Sep 20, 2022 12:16:43 PM org.openqa.selenium.devtools.CdpVersionFinder findNearestMatch
INFO: Found CDP implementation for version 105 of 101
]]></system-err>
  </testcase>
  <testcase name="runScenario[&quot;Validate successful submission&quot;, &quot;WebDriver university contact us page&quot;](2)" classname="runners.RunnerClass" time="0.05"/>
  <testcase name="runScenario[&quot;login with valid credentials&quot;, &quot;webdriver university login page&quot;](3)" classname="runners.RunnerClass" time="7.116">
    <system-out><![CDATA[12:16:50.022 [AsyncHttpClient-1-8] DEBUG org.asynchttpclient.netty.channel.NettyConnectListener - Using new Channel '[id: 0xbb27fea8, L:/127.0.0.1:60012 - R:localhost/127.0.0.1:65490]' for 'POST' to '/session'
12:16:50.050 [AsyncHttpClient-1-9] DEBUG org.asynchttpclient.netty.channel.NettyConnectListener - Using new Channel '[id: 0x1030af43, L:/127.0.0.1:60014 - R:localhost/127.0.0.1:59594]' for 'POST' to '/session'
12:16:51.587 [AsyncHttpClient-1-9] DEBUG org.asynchttpclient.netty.handler.HttpHandler - 

Request DefaultHttpRequest(decodeResult: success, version: HTTP/1.1)
POST /session HTTP/1.1
User-Agent: selenium/4.1.4 (java windows)
Content-Length: 437
Content-Type: application/json; charset=utf-8
host: localhost:59594
accept: */*

Response DefaultHttpResponse(decodeResult: success, version: HTTP/1.1)
HTTP/1.1 200 OK
Content-Type: application/json; charset=utf-8
cache-control: no-cache
content-length: 790

12:16:51.587 [AsyncHttpClient-1-9] DEBUG org.asynchttpclient.netty.channel.ChannelManager - Adding key: http://localhost:59594 for channel [id: 0x1030af43, L:/127.0.0.1:60014 - R:localhost/127.0.0.1:59594]
12:16:51.603 [AsyncHttpClient-1-3] DEBUG org.asynchttpclient.netty.channel.NettyConnectListener - Using new Channel '[id: 0x28e71147, L:/127.0.0.1:60027 - R:localhost/127.0.0.1:60015]' for 'GET' to '/json/version'
12:16:51.624 [AsyncHttpClient-1-3] DEBUG org.asynchttpclient.netty.handler.HttpHandler - 

Request DefaultFullHttpRequest(decodeResult: success, version: HTTP/1.1, content: EmptyByteBufBE)
GET /json/version HTTP/1.1
User-Agent: selenium/4.1.4 (java windows)
host: localhost:60015
accept: */*

Response DefaultHttpResponse(decodeResult: success, version: HTTP/1.1)
HTTP/1.1 200 OK
Content-Type: application/json; charset=UTF-8
content-length: 423

12:16:51.624 [AsyncHttpClient-1-3] DEBUG org.asynchttpclient.netty.channel.ChannelManager - Adding key: http://localhost:60015 for channel [id: 0x28e71147, L:/127.0.0.1:60027 - R:localhost/127.0.0.1:60015]
12:16:51.628 [AsyncHttpClient-1-2] DEBUG org.asynchttpclient.netty.channel.NettyConnectListener - Using new Channel '[id: 0x9add175c, L:/127.0.0.1:60028 - R:localhost/127.0.0.1:60015]' for 'GET' to '/devtools/browser/bce39a0c-59c7-49c1-bd65-00e6827f7726'
12:16:51.641 [AsyncHttpClient-1-2] DEBUG org.asynchttpclient.netty.handler.WebSocketHandler - 

Request DefaultFullHttpRequest(decodeResult: success, version: HTTP/1.1, content: EmptyByteBufBE)
GET /devtools/browser/bce39a0c-59c7-49c1-bd65-00e6827f7726 HTTP/1.1
upgrade: websocket
connection: upgrade
sec-websocket-key: DSmmMpYBQGM4uzr8NdbDlQ==
sec-websocket-version: 13
origin: http://localhost:60015
host: localhost:60015
accept: */*
user-agent: AHC/2.1

Response DefaultHttpResponse(decodeResult: success, version: HTTP/1.1)
HTTP/1.1 101 WebSocket Protocol Handshake
Upgrade: WebSocket
Connection: Upgrade
Sec-WebSocket-Accept: 41dZXnn7/o4zw+qza3TO8ZInSP4=

12:16:51.653 [Forwarding maximizeCurrentWindow on session ea6b7a6290cf323dabcd17dd7a71eaea to remote] DEBUG org.asynchttpclient.netty.request.NettyRequestSender - Using pooled Channel '[id: 0x1030af43, L:/127.0.0.1:60014 - R:localhost/127.0.0.1:59594]' for 'POST' to 'http://localhost:59594/session/ea6b7a6290cf323dabcd17dd7a71eaea/window/maximize'
12:16:51.654 [Forwarding maximizeCurrentWindow on session ea6b7a6290cf323dabcd17dd7a71eaea to remote] DEBUG org.asynchttpclient.netty.request.NettyRequestSender - Using open Channel [id: 0x1030af43, L:/127.0.0.1:60014 - R:localhost/127.0.0.1:59594] for POST '/session/ea6b7a6290cf323dabcd17dd7a71eaea/window/maximize'
12:16:51.712 [AsyncHttpClient-1-8] DEBUG org.asynchttpclient.netty.handler.HttpHandler - 

Request DefaultHttpRequest(decodeResult: success, version: HTTP/1.1)
POST /session HTTP/1.1
User-Agent: selenium/4.1.4 (java windows)
Content-Length: 437
Content-Type: application/json; charset=utf-8
host: localhost:65490
accept: */*

Response DefaultHttpResponse(decodeResult: success, version: HTTP/1.1)
HTTP/1.1 200 OK
Content-Type: application/json; charset=utf-8
cache-control: no-cache
content-length: 789

12:16:51.713 [AsyncHttpClient-1-8] DEBUG org.asynchttpclient.netty.channel.ChannelManager - Adding key: http://localhost:65490 for channel [id: 0xbb27fea8, L:/127.0.0.1:60012 - R:localhost/127.0.0.1:65490]
12:16:51.748 [AsyncHttpClient-1-4] DEBUG org.asynchttpclient.netty.channel.NettyConnectListener - Using new Channel '[id: 0xdf86806c, L:/127.0.0.1:60031 - R:localhost/127.0.0.1:60017]' for 'GET' to '/json/version'
12:16:51.765 [AsyncHttpClient-1-4] DEBUG org.asynchttpclient.netty.handler.HttpHandler - 

Request DefaultFullHttpRequest(decodeResult: success, version: HTTP/1.1, content: EmptyByteBufBE)
GET /json/version HTTP/1.1
User-Agent: selenium/4.1.4 (java windows)
host: localhost:60017
accept: */*

Response DefaultHttpResponse(decodeResult: success, version: HTTP/1.1)
HTTP/1.1 200 OK
Content-Type: application/json; charset=UTF-8
content-length: 423

12:16:51.768 [AsyncHttpClient-1-4] DEBUG org.asynchttpclient.netty.channel.ChannelManager - Adding key: http://localhost:60017 for channel [id: 0xdf86806c, L:/127.0.0.1:60031 - R:localhost/127.0.0.1:60017]
12:16:51.777 [AsyncHttpClient-1-5] DEBUG org.asynchttpclient.netty.channel.NettyConnectListener - Using new Channel '[id: 0xb2399a93, L:/127.0.0.1:60032 - R:localhost/127.0.0.1:60017]' for 'GET' to '/devtools/browser/21d68547-5c96-4aef-831e-d1a54cb5a675'
12:16:51.793 [AsyncHttpClient-1-5] DEBUG org.asynchttpclient.netty.handler.WebSocketHandler - 

Request DefaultFullHttpRequest(decodeResult: success, version: HTTP/1.1, content: EmptyByteBufBE)
GET /devtools/browser/21d68547-5c96-4aef-831e-d1a54cb5a675 HTTP/1.1
upgrade: websocket
connection: upgrade
sec-websocket-key: 3ah0xuUVpf4yP27eMw1GaQ==
sec-websocket-version: 13
origin: http://localhost:60017
host: localhost:60017
accept: */*
user-agent: AHC/2.1

Response DefaultHttpResponse(decodeResult: success, version: HTTP/1.1)
HTTP/1.1 101 WebSocket Protocol Handshake
Upgrade: WebSocket
Connection: Upgrade
Sec-WebSocket-Accept: VlbPzUgrqCuNZm+XyHbScTbMa74=

12:16:51.813 [Forwarding maximizeCurrentWindow on session 6911ba94daf8b96966883228983b4567 to remote] DEBUG org.asynchttpclient.netty.request.NettyRequestSender - Using pooled Channel '[id: 0xbb27fea8, L:/127.0.0.1:60012 - R:localhost/127.0.0.1:65490]' for 'POST' to 'http://localhost:65490/session/6911ba94daf8b96966883228983b4567/window/maximize'
12:16:51.813 [Forwarding maximizeCurrentWindow on session 6911ba94daf8b96966883228983b4567 to remote] DEBUG org.asynchttpclient.netty.request.NettyRequestSender - Using open Channel [id: 0xbb27fea8, L:/127.0.0.1:60012 - R:localhost/127.0.0.1:65490] for POST '/session/6911ba94daf8b96966883228983b4567/window/maximize'
12:16:51.932 [AsyncHttpClient-1-9] DEBUG org.asynchttpclient.netty.handler.HttpHandler - 

Request DefaultHttpRequest(decodeResult: success, version: HTTP/1.1)
POST /session/ea6b7a6290cf323dabcd17dd7a71eaea/window/maximize HTTP/1.1
User-Agent: selenium/4.1.4 (java windows)
Content-Length: 3
Content-Type: application/json; charset=utf-8
host: localhost:59594
accept: */*

Response DefaultHttpResponse(decodeResult: success, version: HTTP/1.1)
HTTP/1.1 200 OK
Content-Type: application/json; charset=utf-8
cache-control: no-cache
content-length: 52

12:16:51.932 [AsyncHttpClient-1-9] DEBUG org.asynchttpclient.netty.channel.ChannelManager - Adding key: http://localhost:59594 for channel [id: 0x1030af43, L:/127.0.0.1:60014 - R:localhost/127.0.0.1:59594]
12:16:51.984 [AsyncHttpClient-1-8] DEBUG org.asynchttpclient.netty.handler.HttpHandler - 

Request DefaultHttpRequest(decodeResult: success, version: HTTP/1.1)
POST /session/6911ba94daf8b96966883228983b4567/window/maximize HTTP/1.1
User-Agent: selenium/4.1.4 (java windows)
Content-Length: 3
Content-Type: application/json; charset=utf-8
host: localhost:65490
accept: */*

Response DefaultHttpResponse(decodeResult: success, version: HTTP/1.1)
HTTP/1.1 200 OK
Content-Type: application/json; charset=utf-8
cache-control: no-cache
content-length: 52

12:16:51.985 [AsyncHttpClient-1-8] DEBUG org.asynchttpclient.netty.channel.ChannelManager - Adding key: http://localhost:65490 for channel [id: 0xbb27fea8, L:/127.0.0.1:60012 - R:localhost/127.0.0.1:65490]
12:16:52.007 [Forwarding get on session ea6b7a6290cf323dabcd17dd7a71eaea to remote] DEBUG org.asynchttpclient.netty.request.NettyRequestSender - Using pooled Channel '[id: 0x1030af43, L:/127.0.0.1:60014 - R:localhost/127.0.0.1:59594]' for 'POST' to 'http://localhost:59594/session/ea6b7a6290cf323dabcd17dd7a71eaea/url'
12:16:52.007 [Forwarding get on session ea6b7a6290cf323dabcd17dd7a71eaea to remote] DEBUG org.asynchttpclient.netty.request.NettyRequestSender - Using open Channel [id: 0x1030af43, L:/127.0.0.1:60014 - R:localhost/127.0.0.1:59594] for POST '/session/ea6b7a6290cf323dabcd17dd7a71eaea/url'
12:16:52.007 [Forwarding get on session 6911ba94daf8b96966883228983b4567 to remote] DEBUG org.asynchttpclient.netty.request.NettyRequestSender - Using pooled Channel '[id: 0xbb27fea8, L:/127.0.0.1:60012 - R:localhost/127.0.0.1:65490]' for 'POST' to 'http://localhost:65490/session/6911ba94daf8b96966883228983b4567/url'
12:16:52.007 [Forwarding get on session 6911ba94daf8b96966883228983b4567 to remote] DEBUG org.asynchttpclient.netty.request.NettyRequestSender - Using open Channel [id: 0xbb27fea8, L:/127.0.0.1:60012 - R:localhost/127.0.0.1:65490] for POST '/session/6911ba94daf8b96966883228983b4567/url'
12:16:52.414 [AsyncHttpClient-1-1] DEBUG org.asynchttpclient.netty.channel.DefaultChannelPool - Entry count for : http://localhost:60017 : 1
12:16:52.415 [AsyncHttpClient-1-1] DEBUG org.asynchttpclient.netty.channel.DefaultChannelPool - Entry count for : http://localhost:60015 : 1
12:16:53.489 [AsyncHttpClient-1-1] DEBUG org.asynchttpclient.netty.channel.DefaultChannelPool - Entry count for : http://localhost:60017 : 1
12:16:53.489 [AsyncHttpClient-1-1] DEBUG org.asynchttpclient.netty.channel.DefaultChannelPool - Entry count for : http://localhost:60015 : 1
12:16:54.046 [AsyncHttpClient-1-9] DEBUG org.asynchttpclient.netty.handler.HttpHandler - 

Request DefaultHttpRequest(decodeResult: success, version: HTTP/1.1)
POST /session/ea6b7a6290cf323dabcd17dd7a71eaea/url HTTP/1.1
User-Agent: selenium/4.1.4 (java windows)
Content-Length: 94
Content-Type: application/json; charset=utf-8
host: localhost:59594
accept: */*

Response DefaultHttpResponse(decodeResult: success, version: HTTP/1.1)
HTTP/1.1 200 OK
Content-Type: application/json; charset=utf-8
cache-control: no-cache
content-length: 14

12:16:54.046 [AsyncHttpClient-1-9] DEBUG org.asynchttpclient.netty.channel.ChannelManager - Adding key: http://localhost:59594 for channel [id: 0x1030af43, L:/127.0.0.1:60014 - R:localhost/127.0.0.1:59594]
12:16:54.057 [AsyncHttpClient-1-8] DEBUG org.asynchttpclient.netty.handler.HttpHandler - 

Request DefaultHttpRequest(decodeResult: success, version: HTTP/1.1)
POST /session/6911ba94daf8b96966883228983b4567/url HTTP/1.1
User-Agent: selenium/4.1.4 (java windows)
Content-Length: 94
Content-Type: application/json; charset=utf-8
host: localhost:65490
accept: */*

Response DefaultHttpResponse(decodeResult: success, version: HTTP/1.1)
HTTP/1.1 200 OK
Content-Type: application/json; charset=utf-8
cache-control: no-cache
content-length: 14

12:16:54.057 [AsyncHttpClient-1-8] DEBUG org.asynchttpclient.netty.channel.ChannelManager - Adding key: http://localhost:65490 for channel [id: 0xbb27fea8, L:/127.0.0.1:60012 - R:localhost/127.0.0.1:65490]
12:16:54.065 [Forwarding findElement on session 6911ba94daf8b96966883228983b4567 to remote] DEBUG org.asynchttpclient.netty.request.NettyRequestSender - Using pooled Channel '[id: 0xbb27fea8, L:/127.0.0.1:60012 - R:localhost/127.0.0.1:65490]' for 'POST' to 'http://localhost:65490/session/6911ba94daf8b96966883228983b4567/element'
12:16:54.065 [Forwarding findElement on session ea6b7a6290cf323dabcd17dd7a71eaea to remote] DEBUG org.asynchttpclient.netty.request.NettyRequestSender - Using pooled Channel '[id: 0x1030af43, L:/127.0.0.1:60014 - R:localhost/127.0.0.1:59594]' for 'POST' to 'http://localhost:59594/session/ea6b7a6290cf323dabcd17dd7a71eaea/element'
12:16:54.066 [Forwarding findElement on session 6911ba94daf8b96966883228983b4567 to remote] DEBUG org.asynchttpclient.netty.request.NettyRequestSender - Using open Channel [id: 0xbb27fea8, L:/127.0.0.1:60012 - R:localhost/127.0.0.1:65490] for POST '/session/6911ba94daf8b96966883228983b4567/element'
12:16:54.066 [Forwarding findElement on session ea6b7a6290cf323dabcd17dd7a71eaea to remote] DEBUG org.asynchttpclient.netty.request.NettyRequestSender - Using open Channel [id: 0x1030af43, L:/127.0.0.1:60014 - R:localhost/127.0.0.1:59594] for POST '/session/ea6b7a6290cf323dabcd17dd7a71eaea/element'
12:16:54.084 [AsyncHttpClient-1-8] DEBUG org.asynchttpclient.netty.handler.HttpHandler - 

Request DefaultHttpRequest(decodeResult: success, version: HTTP/1.1)
POST /session/6911ba94daf8b96966883228983b4567/element HTTP/1.1
User-Agent: selenium/4.1.4 (java windows)
Content-Length: 49
Content-Type: application/json; charset=utf-8
host: localhost:65490
accept: */*

Response DefaultHttpResponse(decodeResult: success, version: HTTP/1.1)
HTTP/1.1 200 OK
Content-Type: application/json; charset=utf-8
cache-control: no-cache
content-length: 88

12:16:54.084 [AsyncHttpClient-1-9] DEBUG org.asynchttpclient.netty.handler.HttpHandler - 

Request DefaultHttpRequest(decodeResult: success, version: HTTP/1.1)
POST /session/ea6b7a6290cf323dabcd17dd7a71eaea/element HTTP/1.1
User-Agent: selenium/4.1.4 (java windows)
Content-Length: 49
Content-Type: application/json; charset=utf-8
host: localhost:59594
accept: */*

Response DefaultHttpResponse(decodeResult: success, version: HTTP/1.1)
HTTP/1.1 200 OK
Content-Type: application/json; charset=utf-8
cache-control: no-cache
content-length: 88

12:16:54.084 [AsyncHttpClient-1-9] DEBUG org.asynchttpclient.netty.channel.ChannelManager - Adding key: http://localhost:59594 for channel [id: 0x1030af43, L:/127.0.0.1:60014 - R:localhost/127.0.0.1:59594]
12:16:54.084 [AsyncHttpClient-1-8] DEBUG org.asynchttpclient.netty.channel.ChannelManager - Adding key: http://localhost:65490 for channel [id: 0xbb27fea8, L:/127.0.0.1:60012 - R:localhost/127.0.0.1:65490]
12:16:54.116 [Forwarding isElementDisplayed on session 6911ba94daf8b96966883228983b4567 to remote] DEBUG org.asynchttpclient.netty.request.NettyRequestSender - Using pooled Channel '[id: 0xbb27fea8, L:/127.0.0.1:60012 - R:localhost/127.0.0.1:65490]' for 'POST' to 'http://localhost:65490/session/6911ba94daf8b96966883228983b4567/execute/sync'
12:16:54.116 [Forwarding isElementDisplayed on session 6911ba94daf8b96966883228983b4567 to remote] DEBUG org.asynchttpclient.netty.request.NettyRequestSender - Using open Channel [id: 0xbb27fea8, L:/127.0.0.1:60012 - R:localhost/127.0.0.1:65490] for POST '/session/6911ba94daf8b96966883228983b4567/execute/sync'
12:16:54.123 [Forwarding isElementDisplayed on session ea6b7a6290cf323dabcd17dd7a71eaea to remote] DEBUG org.asynchttpclient.netty.request.NettyRequestSender - Using pooled Channel '[id: 0x1030af43, L:/127.0.0.1:60014 - R:localhost/127.0.0.1:59594]' for 'POST' to 'http://localhost:59594/session/ea6b7a6290cf323dabcd17dd7a71eaea/execute/sync'
12:16:54.123 [Forwarding isElementDisplayed on session ea6b7a6290cf323dabcd17dd7a71eaea to remote] DEBUG org.asynchttpclient.netty.request.NettyRequestSender - Using open Channel [id: 0x1030af43, L:/127.0.0.1:60014 - R:localhost/127.0.0.1:59594] for POST '/session/ea6b7a6290cf323dabcd17dd7a71eaea/execute/sync'
12:16:54.167 [AsyncHttpClient-1-8] DEBUG org.asynchttpclient.netty.handler.HttpHandler - 

Request DefaultHttpRequest(decodeResult: success, version: HTTP/1.1)
POST /session/6911ba94daf8b96966883228983b4567/execute/sync HTTP/1.1
User-Agent: selenium/4.1.4 (java windows)
Content-Length: 48780
Content-Type: application/json; charset=utf-8
host: localhost:65490
accept: */*

Response DefaultHttpResponse(decodeResult: success, version: HTTP/1.1)
HTTP/1.1 200 OK
Content-Type: application/json; charset=utf-8
cache-control: no-cache
content-length: 14

12:16:54.167 [AsyncHttpClient-1-8] DEBUG org.asynchttpclient.netty.channel.ChannelManager - Adding key: http://localhost:65490 for channel [id: 0xbb27fea8, L:/127.0.0.1:60012 - R:localhost/127.0.0.1:65490]
12:16:54.172 [Forwarding findElement on session 6911ba94daf8b96966883228983b4567 to remote] DEBUG org.asynchttpclient.netty.request.NettyRequestSender - Using pooled Channel '[id: 0xbb27fea8, L:/127.0.0.1:60012 - R:localhost/127.0.0.1:65490]' for 'POST' to 'http://localhost:65490/session/6911ba94daf8b96966883228983b4567/element'
12:16:54.172 [Forwarding findElement on session 6911ba94daf8b96966883228983b4567 to remote] DEBUG org.asynchttpclient.netty.request.NettyRequestSender - Using open Channel [id: 0xbb27fea8, L:/127.0.0.1:60012 - R:localhost/127.0.0.1:65490] for POST '/session/6911ba94daf8b96966883228983b4567/element'
12:16:54.180 [AsyncHttpClient-1-9] DEBUG org.asynchttpclient.netty.handler.HttpHandler - 

Request DefaultHttpRequest(decodeResult: success, version: HTTP/1.1)
POST /session/ea6b7a6290cf323dabcd17dd7a71eaea/execute/sync HTTP/1.1
User-Agent: selenium/4.1.4 (java windows)
Content-Length: 48780
Content-Type: application/json; charset=utf-8
host: localhost:59594
accept: */*

Response DefaultHttpResponse(decodeResult: success, version: HTTP/1.1)
HTTP/1.1 200 OK
Content-Type: application/json; charset=utf-8
cache-control: no-cache
content-length: 14

12:16:54.181 [AsyncHttpClient-1-9] DEBUG org.asynchttpclient.netty.channel.ChannelManager - Adding key: http://localhost:59594 for channel [id: 0x1030af43, L:/127.0.0.1:60014 - R:localhost/127.0.0.1:59594]
12:16:54.184 [Forwarding findElement on session ea6b7a6290cf323dabcd17dd7a71eaea to remote] DEBUG org.asynchttpclient.netty.request.NettyRequestSender - Using pooled Channel '[id: 0x1030af43, L:/127.0.0.1:60014 - R:localhost/127.0.0.1:59594]' for 'POST' to 'http://localhost:59594/session/ea6b7a6290cf323dabcd17dd7a71eaea/element'
12:16:54.184 [Forwarding findElement on session ea6b7a6290cf323dabcd17dd7a71eaea to remote] DEBUG org.asynchttpclient.netty.request.NettyRequestSender - Using open Channel [id: 0x1030af43, L:/127.0.0.1:60014 - R:localhost/127.0.0.1:59594] for POST '/session/ea6b7a6290cf323dabcd17dd7a71eaea/element'
12:16:54.194 [AsyncHttpClient-1-8] DEBUG org.asynchttpclient.netty.handler.HttpHandler - 

Request DefaultHttpRequest(decodeResult: success, version: HTTP/1.1)
POST /session/6911ba94daf8b96966883228983b4567/element HTTP/1.1
User-Agent: selenium/4.1.4 (java windows)
Content-Length: 49
Content-Type: application/json; charset=utf-8
host: localhost:65490
accept: */*

Response DefaultHttpResponse(decodeResult: success, version: HTTP/1.1)
HTTP/1.1 200 OK
Content-Type: application/json; charset=utf-8
cache-control: no-cache
content-length: 88

12:16:54.195 [AsyncHttpClient-1-8] DEBUG org.asynchttpclient.netty.channel.ChannelManager - Adding key: http://localhost:65490 for channel [id: 0xbb27fea8, L:/127.0.0.1:60012 - R:localhost/127.0.0.1:65490]
12:16:54.197 [Forwarding isElementEnabled on session 6911ba94daf8b96966883228983b4567 to remote] DEBUG org.asynchttpclient.netty.request.NettyRequestSender - Using pooled Channel '[id: 0xbb27fea8, L:/127.0.0.1:60012 - R:localhost/127.0.0.1:65490]' for 'GET' to 'http://localhost:65490/session/6911ba94daf8b96966883228983b4567/element/86b1f960-1a98-4f78-bea5-70d18db888d7/enabled'
12:16:54.197 [Forwarding isElementEnabled on session 6911ba94daf8b96966883228983b4567 to remote] DEBUG org.asynchttpclient.netty.request.NettyRequestSender - Using open Channel [id: 0xbb27fea8, L:/127.0.0.1:60012 - R:localhost/127.0.0.1:65490] for GET '/session/6911ba94daf8b96966883228983b4567/element/86b1f960-1a98-4f78-bea5-70d18db888d7/enabled'
12:16:54.208 [AsyncHttpClient-1-9] DEBUG org.asynchttpclient.netty.handler.HttpHandler - 

Request DefaultHttpRequest(decodeResult: success, version: HTTP/1.1)
POST /session/ea6b7a6290cf323dabcd17dd7a71eaea/element HTTP/1.1
User-Agent: selenium/4.1.4 (java windows)
Content-Length: 49
Content-Type: application/json; charset=utf-8
host: localhost:59594
accept: */*

Response DefaultHttpResponse(decodeResult: success, version: HTTP/1.1)
HTTP/1.1 200 OK
Content-Type: application/json; charset=utf-8
cache-control: no-cache
content-length: 88

12:16:54.208 [AsyncHttpClient-1-9] DEBUG org.asynchttpclient.netty.channel.ChannelManager - Adding key: http://localhost:59594 for channel [id: 0x1030af43, L:/127.0.0.1:60014 - R:localhost/127.0.0.1:59594]
12:16:54.210 [Forwarding isElementEnabled on session ea6b7a6290cf323dabcd17dd7a71eaea to remote] DEBUG org.asynchttpclient.netty.request.NettyRequestSender - Using pooled Channel '[id: 0x1030af43, L:/127.0.0.1:60014 - R:localhost/127.0.0.1:59594]' for 'GET' to 'http://localhost:59594/session/ea6b7a6290cf323dabcd17dd7a71eaea/element/d9f4f184-9e91-44a2-8720-d7bec0dd52fd/enabled'
12:16:54.210 [Forwarding isElementEnabled on session ea6b7a6290cf323dabcd17dd7a71eaea to remote] DEBUG org.asynchttpclient.netty.request.NettyRequestSender - Using open Channel [id: 0x1030af43, L:/127.0.0.1:60014 - R:localhost/127.0.0.1:59594] for GET '/session/ea6b7a6290cf323dabcd17dd7a71eaea/element/d9f4f184-9e91-44a2-8720-d7bec0dd52fd/enabled'
12:16:54.217 [AsyncHttpClient-1-8] DEBUG org.asynchttpclient.netty.handler.HttpHandler - 

Request DefaultFullHttpRequest(decodeResult: success, version: HTTP/1.1, content: EmptyByteBufBE)
GET /session/6911ba94daf8b96966883228983b4567/element/86b1f960-1a98-4f78-bea5-70d18db888d7/enabled HTTP/1.1
User-Agent: selenium/4.1.4 (java windows)
Cache-Control: no-cache
Content-Type: application/json; charset=utf-8
host: localhost:65490
accept: */*

Response DefaultHttpResponse(decodeResult: success, version: HTTP/1.1)
HTTP/1.1 200 OK
Content-Type: application/json; charset=utf-8
cache-control: no-cache
content-length: 14

12:16:54.217 [AsyncHttpClient-1-8] DEBUG org.asynchttpclient.netty.channel.ChannelManager - Adding key: http://localhost:65490 for channel [id: 0xbb27fea8, L:/127.0.0.1:60012 - R:localhost/127.0.0.1:65490]
12:16:54.222 [Forwarding findElement on session 6911ba94daf8b96966883228983b4567 to remote] DEBUG org.asynchttpclient.netty.request.NettyRequestSender - Using pooled Channel '[id: 0xbb27fea8, L:/127.0.0.1:60012 - R:localhost/127.0.0.1:65490]' for 'POST' to 'http://localhost:65490/session/6911ba94daf8b96966883228983b4567/element'
12:16:54.222 [Forwarding findElement on session 6911ba94daf8b96966883228983b4567 to remote] DEBUG org.asynchttpclient.netty.request.NettyRequestSender - Using open Channel [id: 0xbb27fea8, L:/127.0.0.1:60012 - R:localhost/127.0.0.1:65490] for POST '/session/6911ba94daf8b96966883228983b4567/element'
12:16:54.226 [AsyncHttpClient-1-9] DEBUG org.asynchttpclient.netty.handler.HttpHandler - 

Request DefaultFullHttpRequest(decodeResult: success, version: HTTP/1.1, content: EmptyByteBufBE)
GET /session/ea6b7a6290cf323dabcd17dd7a71eaea/element/d9f4f184-9e91-44a2-8720-d7bec0dd52fd/enabled HTTP/1.1
User-Agent: selenium/4.1.4 (java windows)
Cache-Control: no-cache
Content-Type: application/json; charset=utf-8
host: localhost:59594
accept: */*

Response DefaultHttpResponse(decodeResult: success, version: HTTP/1.1)
HTTP/1.1 200 OK
Content-Type: application/json; charset=utf-8
cache-control: no-cache
content-length: 14

12:16:54.226 [AsyncHttpClient-1-9] DEBUG org.asynchttpclient.netty.channel.ChannelManager - Adding key: http://localhost:59594 for channel [id: 0x1030af43, L:/127.0.0.1:60014 - R:localhost/127.0.0.1:59594]
12:16:54.229 [Forwarding findElement on session ea6b7a6290cf323dabcd17dd7a71eaea to remote] DEBUG org.asynchttpclient.netty.request.NettyRequestSender - Using pooled Channel '[id: 0x1030af43, L:/127.0.0.1:60014 - R:localhost/127.0.0.1:59594]' for 'POST' to 'http://localhost:59594/session/ea6b7a6290cf323dabcd17dd7a71eaea/element'
12:16:54.229 [Forwarding findElement on session ea6b7a6290cf323dabcd17dd7a71eaea to remote] DEBUG org.asynchttpclient.netty.request.NettyRequestSender - Using open Channel [id: 0x1030af43, L:/127.0.0.1:60014 - R:localhost/127.0.0.1:59594] for POST '/session/ea6b7a6290cf323dabcd17dd7a71eaea/element'
12:16:54.236 [AsyncHttpClient-1-8] DEBUG org.asynchttpclient.netty.handler.HttpHandler - 

Request DefaultHttpRequest(decodeResult: success, version: HTTP/1.1)
POST /session/6911ba94daf8b96966883228983b4567/element HTTP/1.1
User-Agent: selenium/4.1.4 (java windows)
Content-Length: 49
Content-Type: application/json; charset=utf-8
host: localhost:65490
accept: */*

Response DefaultHttpResponse(decodeResult: success, version: HTTP/1.1)
HTTP/1.1 200 OK
Content-Type: application/json; charset=utf-8
cache-control: no-cache
content-length: 88

12:16:54.236 [AsyncHttpClient-1-8] DEBUG org.asynchttpclient.netty.channel.ChannelManager - Adding key: http://localhost:65490 for channel [id: 0xbb27fea8, L:/127.0.0.1:60012 - R:localhost/127.0.0.1:65490]
12:16:54.241 [Forwarding sendKeysToElement on session 6911ba94daf8b96966883228983b4567 to remote] DEBUG org.asynchttpclient.netty.request.NettyRequestSender - Using pooled Channel '[id: 0xbb27fea8, L:/127.0.0.1:60012 - R:localhost/127.0.0.1:65490]' for 'POST' to 'http://localhost:65490/session/6911ba94daf8b96966883228983b4567/element/86b1f960-1a98-4f78-bea5-70d18db888d7/value'
12:16:54.241 [Forwarding sendKeysToElement on session 6911ba94daf8b96966883228983b4567 to remote] DEBUG org.asynchttpclient.netty.request.NettyRequestSender - Using open Channel [id: 0xbb27fea8, L:/127.0.0.1:60012 - R:localhost/127.0.0.1:65490] for POST '/session/6911ba94daf8b96966883228983b4567/element/86b1f960-1a98-4f78-bea5-70d18db888d7/value'
12:16:54.242 [AsyncHttpClient-1-9] DEBUG org.asynchttpclient.netty.handler.HttpHandler - 

Request DefaultHttpRequest(decodeResult: success, version: HTTP/1.1)
POST /session/ea6b7a6290cf323dabcd17dd7a71eaea/element HTTP/1.1
User-Agent: selenium/4.1.4 (java windows)
Content-Length: 49
Content-Type: application/json; charset=utf-8
host: localhost:59594
accept: */*

Response DefaultHttpResponse(decodeResult: success, version: HTTP/1.1)
HTTP/1.1 200 OK
Content-Type: application/json; charset=utf-8
cache-control: no-cache
content-length: 88

12:16:54.242 [AsyncHttpClient-1-9] DEBUG org.asynchttpclient.netty.channel.ChannelManager - Adding key: http://localhost:59594 for channel [id: 0x1030af43, L:/127.0.0.1:60014 - R:localhost/127.0.0.1:59594]
12:16:54.246 [Forwarding sendKeysToElement on session ea6b7a6290cf323dabcd17dd7a71eaea to remote] DEBUG org.asynchttpclient.netty.request.NettyRequestSender - Using pooled Channel '[id: 0x1030af43, L:/127.0.0.1:60014 - R:localhost/127.0.0.1:59594]' for 'POST' to 'http://localhost:59594/session/ea6b7a6290cf323dabcd17dd7a71eaea/element/d9f4f184-9e91-44a2-8720-d7bec0dd52fd/value'
12:16:54.246 [Forwarding sendKeysToElement on session ea6b7a6290cf323dabcd17dd7a71eaea to remote] DEBUG org.asynchttpclient.netty.request.NettyRequestSender - Using open Channel [id: 0x1030af43, L:/127.0.0.1:60014 - R:localhost/127.0.0.1:59594] for POST '/session/ea6b7a6290cf323dabcd17dd7a71eaea/element/d9f4f184-9e91-44a2-8720-d7bec0dd52fd/value'
12:16:54.335 [AsyncHttpClient-1-9] DEBUG org.asynchttpclient.netty.handler.HttpHandler - 

Request DefaultHttpRequest(decodeResult: success, version: HTTP/1.1)
POST /session/ea6b7a6290cf323dabcd17dd7a71eaea/element/d9f4f184-9e91-44a2-8720-d7bec0dd52fd/value HTTP/1.1
User-Agent: selenium/4.1.4 (java windows)
Content-Length: 161
Content-Type: application/json; charset=utf-8
host: localhost:59594
accept: */*

Response DefaultHttpResponse(decodeResult: success, version: HTTP/1.1)
HTTP/1.1 200 OK
Content-Type: application/json; charset=utf-8
cache-control: no-cache
content-length: 14

12:16:54.337 [AsyncHttpClient-1-9] DEBUG org.asynchttpclient.netty.channel.ChannelManager - Adding key: http://localhost:59594 for channel [id: 0x1030af43, L:/127.0.0.1:60014 - R:localhost/127.0.0.1:59594]
12:16:54.344 [Forwarding findElement on session ea6b7a6290cf323dabcd17dd7a71eaea to remote] DEBUG org.asynchttpclient.netty.request.NettyRequestSender - Using pooled Channel '[id: 0x1030af43, L:/127.0.0.1:60014 - R:localhost/127.0.0.1:59594]' for 'POST' to 'http://localhost:59594/session/ea6b7a6290cf323dabcd17dd7a71eaea/element'
12:16:54.344 [Forwarding findElement on session ea6b7a6290cf323dabcd17dd7a71eaea to remote] DEBUG org.asynchttpclient.netty.request.NettyRequestSender - Using open Channel [id: 0x1030af43, L:/127.0.0.1:60014 - R:localhost/127.0.0.1:59594] for POST '/session/ea6b7a6290cf323dabcd17dd7a71eaea/element'
12:16:54.361 [AsyncHttpClient-1-8] DEBUG org.asynchttpclient.netty.handler.HttpHandler - 

Request DefaultHttpRequest(decodeResult: success, version: HTTP/1.1)
POST /session/6911ba94daf8b96966883228983b4567/element/86b1f960-1a98-4f78-bea5-70d18db888d7/value HTTP/1.1
User-Agent: selenium/4.1.4 (java windows)
Content-Length: 171
Content-Type: application/json; charset=utf-8
host: localhost:65490
accept: */*

Response DefaultHttpResponse(decodeResult: success, version: HTTP/1.1)
HTTP/1.1 200 OK
Content-Type: application/json; charset=utf-8
cache-control: no-cache
content-length: 14

12:16:54.362 [AsyncHttpClient-1-8] DEBUG org.asynchttpclient.netty.channel.ChannelManager - Adding key: http://localhost:65490 for channel [id: 0xbb27fea8, L:/127.0.0.1:60012 - R:localhost/127.0.0.1:65490]
12:16:54.367 [AsyncHttpClient-1-9] DEBUG org.asynchttpclient.netty.handler.HttpHandler - 

Request DefaultHttpRequest(decodeResult: success, version: HTTP/1.1)
POST /session/ea6b7a6290cf323dabcd17dd7a71eaea/element HTTP/1.1
User-Agent: selenium/4.1.4 (java windows)
Content-Length: 53
Content-Type: application/json; charset=utf-8
host: localhost:59594
accept: */*

Response DefaultHttpResponse(decodeResult: success, version: HTTP/1.1)
HTTP/1.1 200 OK
Content-Type: application/json; charset=utf-8
cache-control: no-cache
content-length: 88

12:16:54.367 [Forwarding findElement on session 6911ba94daf8b96966883228983b4567 to remote] DEBUG org.asynchttpclient.netty.request.NettyRequestSender - Using pooled Channel '[id: 0xbb27fea8, L:/127.0.0.1:60012 - R:localhost/127.0.0.1:65490]' for 'POST' to 'http://localhost:65490/session/6911ba94daf8b96966883228983b4567/element'
12:16:54.367 [AsyncHttpClient-1-9] DEBUG org.asynchttpclient.netty.channel.ChannelManager - Adding key: http://localhost:59594 for channel [id: 0x1030af43, L:/127.0.0.1:60014 - R:localhost/127.0.0.1:59594]
12:16:54.367 [Forwarding findElement on session 6911ba94daf8b96966883228983b4567 to remote] DEBUG org.asynchttpclient.netty.request.NettyRequestSender - Using open Channel [id: 0xbb27fea8, L:/127.0.0.1:60012 - R:localhost/127.0.0.1:65490] for POST '/session/6911ba94daf8b96966883228983b4567/element'
12:16:54.378 [Forwarding isElementDisplayed on session ea6b7a6290cf323dabcd17dd7a71eaea to remote] DEBUG org.asynchttpclient.netty.request.NettyRequestSender - Using pooled Channel '[id: 0x1030af43, L:/127.0.0.1:60014 - R:localhost/127.0.0.1:59594]' for 'POST' to 'http://localhost:59594/session/ea6b7a6290cf323dabcd17dd7a71eaea/execute/sync'
12:16:54.378 [Forwarding isElementDisplayed on session ea6b7a6290cf323dabcd17dd7a71eaea to remote] DEBUG org.asynchttpclient.netty.request.NettyRequestSender - Using open Channel [id: 0x1030af43, L:/127.0.0.1:60014 - R:localhost/127.0.0.1:59594] for POST '/session/ea6b7a6290cf323dabcd17dd7a71eaea/execute/sync'
12:16:54.395 [AsyncHttpClient-1-8] DEBUG org.asynchttpclient.netty.handler.HttpHandler - 

Request DefaultHttpRequest(decodeResult: success, version: HTTP/1.1)
POST /session/6911ba94daf8b96966883228983b4567/element HTTP/1.1
User-Agent: selenium/4.1.4 (java windows)
Content-Length: 53
Content-Type: application/json; charset=utf-8
host: localhost:65490
accept: */*

Response DefaultHttpResponse(decodeResult: success, version: HTTP/1.1)
HTTP/1.1 200 OK
Content-Type: application/json; charset=utf-8
cache-control: no-cache
content-length: 88

12:16:54.396 [AsyncHttpClient-1-8] DEBUG org.asynchttpclient.netty.channel.ChannelManager - Adding key: http://localhost:65490 for channel [id: 0xbb27fea8, L:/127.0.0.1:60012 - R:localhost/127.0.0.1:65490]
12:16:54.412 [AsyncHttpClient-1-9] DEBUG org.asynchttpclient.netty.handler.HttpHandler - 

Request DefaultHttpRequest(decodeResult: success, version: HTTP/1.1)
POST /session/ea6b7a6290cf323dabcd17dd7a71eaea/execute/sync HTTP/1.1
User-Agent: selenium/4.1.4 (java windows)
Content-Length: 48780
Content-Type: application/json; charset=utf-8
host: localhost:59594
accept: */*

Response DefaultHttpResponse(decodeResult: success, version: HTTP/1.1)
HTTP/1.1 200 OK
Content-Type: application/json; charset=utf-8
cache-control: no-cache
content-length: 14

12:16:54.412 [AsyncHttpClient-1-9] DEBUG org.asynchttpclient.netty.channel.ChannelManager - Adding key: http://localhost:59594 for channel [id: 0x1030af43, L:/127.0.0.1:60014 - R:localhost/127.0.0.1:59594]
12:16:54.412 [Forwarding isElementDisplayed on session 6911ba94daf8b96966883228983b4567 to remote] DEBUG org.asynchttpclient.netty.request.NettyRequestSender - Using pooled Channel '[id: 0xbb27fea8, L:/127.0.0.1:60012 - R:localhost/127.0.0.1:65490]' for 'POST' to 'http://localhost:65490/session/6911ba94daf8b96966883228983b4567/execute/sync'
12:16:54.412 [Forwarding isElementDisplayed on session 6911ba94daf8b96966883228983b4567 to remote] DEBUG org.asynchttpclient.netty.request.NettyRequestSender - Using open Channel [id: 0xbb27fea8, L:/127.0.0.1:60012 - R:localhost/127.0.0.1:65490] for POST '/session/6911ba94daf8b96966883228983b4567/execute/sync'
12:16:54.414 [Forwarding findElement on session ea6b7a6290cf323dabcd17dd7a71eaea to remote] DEBUG org.asynchttpclient.netty.request.NettyRequestSender - Using pooled Channel '[id: 0x1030af43, L:/127.0.0.1:60014 - R:localhost/127.0.0.1:59594]' for 'POST' to 'http://localhost:59594/session/ea6b7a6290cf323dabcd17dd7a71eaea/element'
12:16:54.414 [Forwarding findElement on session ea6b7a6290cf323dabcd17dd7a71eaea to remote] DEBUG org.asynchttpclient.netty.request.NettyRequestSender - Using open Channel [id: 0x1030af43, L:/127.0.0.1:60014 - R:localhost/127.0.0.1:59594] for POST '/session/ea6b7a6290cf323dabcd17dd7a71eaea/element'
12:16:54.426 [AsyncHttpClient-1-9] DEBUG org.asynchttpclient.netty.handler.HttpHandler - 

Request DefaultHttpRequest(decodeResult: success, version: HTTP/1.1)
POST /session/ea6b7a6290cf323dabcd17dd7a71eaea/element HTTP/1.1
User-Agent: selenium/4.1.4 (java windows)
Content-Length: 53
Content-Type: application/json; charset=utf-8
host: localhost:59594
accept: */*

Response DefaultHttpResponse(decodeResult: success, version: HTTP/1.1)
HTTP/1.1 200 OK
Content-Type: application/json; charset=utf-8
cache-control: no-cache
content-length: 88

12:16:54.427 [AsyncHttpClient-1-9] DEBUG org.asynchttpclient.netty.channel.ChannelManager - Adding key: http://localhost:59594 for channel [id: 0x1030af43, L:/127.0.0.1:60014 - R:localhost/127.0.0.1:59594]
12:16:54.429 [Forwarding isElementEnabled on session ea6b7a6290cf323dabcd17dd7a71eaea to remote] DEBUG org.asynchttpclient.netty.request.NettyRequestSender - Using pooled Channel '[id: 0x1030af43, L:/127.0.0.1:60014 - R:localhost/127.0.0.1:59594]' for 'GET' to 'http://localhost:59594/session/ea6b7a6290cf323dabcd17dd7a71eaea/element/ca30e805-096d-4f2d-b8b2-85d31e31a9d9/enabled'
12:16:54.429 [Forwarding isElementEnabled on session ea6b7a6290cf323dabcd17dd7a71eaea to remote] DEBUG org.asynchttpclient.netty.request.NettyRequestSender - Using open Channel [id: 0x1030af43, L:/127.0.0.1:60014 - R:localhost/127.0.0.1:59594] for GET '/session/ea6b7a6290cf323dabcd17dd7a71eaea/element/ca30e805-096d-4f2d-b8b2-85d31e31a9d9/enabled'
12:16:54.437 [AsyncHttpClient-1-8] DEBUG org.asynchttpclient.netty.handler.HttpHandler - 

Request DefaultHttpRequest(decodeResult: success, version: HTTP/1.1)
POST /session/6911ba94daf8b96966883228983b4567/execute/sync HTTP/1.1
User-Agent: selenium/4.1.4 (java windows)
Content-Length: 48780
Content-Type: application/json; charset=utf-8
host: localhost:65490
accept: */*

Response DefaultHttpResponse(decodeResult: success, version: HTTP/1.1)
HTTP/1.1 200 OK
Content-Type: application/json; charset=utf-8
cache-control: no-cache
content-length: 14

12:16:54.437 [AsyncHttpClient-1-8] DEBUG org.asynchttpclient.netty.channel.ChannelManager - Adding key: http://localhost:65490 for channel [id: 0xbb27fea8, L:/127.0.0.1:60012 - R:localhost/127.0.0.1:65490]
12:16:54.440 [Forwarding findElement on session 6911ba94daf8b96966883228983b4567 to remote] DEBUG org.asynchttpclient.netty.request.NettyRequestSender - Using pooled Channel '[id: 0xbb27fea8, L:/127.0.0.1:60012 - R:localhost/127.0.0.1:65490]' for 'POST' to 'http://localhost:65490/session/6911ba94daf8b96966883228983b4567/element'
12:16:54.441 [Forwarding findElement on session 6911ba94daf8b96966883228983b4567 to remote] DEBUG org.asynchttpclient.netty.request.NettyRequestSender - Using open Channel [id: 0xbb27fea8, L:/127.0.0.1:60012 - R:localhost/127.0.0.1:65490] for POST '/session/6911ba94daf8b96966883228983b4567/element'
12:16:54.445 [AsyncHttpClient-1-9] DEBUG org.asynchttpclient.netty.handler.HttpHandler - 

Request DefaultFullHttpRequest(decodeResult: success, version: HTTP/1.1, content: EmptyByteBufBE)
GET /session/ea6b7a6290cf323dabcd17dd7a71eaea/element/ca30e805-096d-4f2d-b8b2-85d31e31a9d9/enabled HTTP/1.1
User-Agent: selenium/4.1.4 (java windows)
Cache-Control: no-cache
Content-Type: application/json; charset=utf-8
host: localhost:59594
accept: */*

Response DefaultHttpResponse(decodeResult: success, version: HTTP/1.1)
HTTP/1.1 200 OK
Content-Type: application/json; charset=utf-8
cache-control: no-cache
content-length: 14

12:16:54.445 [AsyncHttpClient-1-9] DEBUG org.asynchttpclient.netty.channel.ChannelManager - Adding key: http://localhost:59594 for channel [id: 0x1030af43, L:/127.0.0.1:60014 - R:localhost/127.0.0.1:59594]
12:16:54.448 [Forwarding findElement on session ea6b7a6290cf323dabcd17dd7a71eaea to remote] DEBUG org.asynchttpclient.netty.request.NettyRequestSender - Using pooled Channel '[id: 0x1030af43, L:/127.0.0.1:60014 - R:localhost/127.0.0.1:59594]' for 'POST' to 'http://localhost:59594/session/ea6b7a6290cf323dabcd17dd7a71eaea/element'
12:16:54.448 [Forwarding findElement on session ea6b7a6290cf323dabcd17dd7a71eaea to remote] DEBUG org.asynchttpclient.netty.request.NettyRequestSender - Using open Channel [id: 0x1030af43, L:/127.0.0.1:60014 - R:localhost/127.0.0.1:59594] for POST '/session/ea6b7a6290cf323dabcd17dd7a71eaea/element'
12:16:54.462 [AsyncHttpClient-1-9] DEBUG org.asynchttpclient.netty.handler.HttpHandler - 

Request DefaultHttpRequest(decodeResult: success, version: HTTP/1.1)
POST /session/ea6b7a6290cf323dabcd17dd7a71eaea/element HTTP/1.1
User-Agent: selenium/4.1.4 (java windows)
Content-Length: 53
Content-Type: application/json; charset=utf-8
host: localhost:59594
accept: */*

Response DefaultHttpResponse(decodeResult: success, version: HTTP/1.1)
HTTP/1.1 200 OK
Content-Type: application/json; charset=utf-8
cache-control: no-cache
content-length: 88

12:16:54.462 [AsyncHttpClient-1-9] DEBUG org.asynchttpclient.netty.channel.ChannelManager - Adding key: http://localhost:59594 for channel [id: 0x1030af43, L:/127.0.0.1:60014 - R:localhost/127.0.0.1:59594]
12:16:54.465 [AsyncHttpClient-1-8] DEBUG org.asynchttpclient.netty.handler.HttpHandler - 

Request DefaultHttpRequest(decodeResult: success, version: HTTP/1.1)
POST /session/6911ba94daf8b96966883228983b4567/element HTTP/1.1
User-Agent: selenium/4.1.4 (java windows)
Content-Length: 53
Content-Type: application/json; charset=utf-8
host: localhost:65490
accept: */*

Response DefaultHttpResponse(decodeResult: success, version: HTTP/1.1)
HTTP/1.1 200 OK
Content-Type: application/json; charset=utf-8
cache-control: no-cache
content-length: 88

12:16:54.465 [Forwarding sendKeysToElement on session ea6b7a6290cf323dabcd17dd7a71eaea to remote] DEBUG org.asynchttpclient.netty.request.NettyRequestSender - Using pooled Channel '[id: 0x1030af43, L:/127.0.0.1:60014 - R:localhost/127.0.0.1:59594]' for 'POST' to 'http://localhost:59594/session/ea6b7a6290cf323dabcd17dd7a71eaea/element/ca30e805-096d-4f2d-b8b2-85d31e31a9d9/value'
12:16:54.465 [AsyncHttpClient-1-8] DEBUG org.asynchttpclient.netty.channel.ChannelManager - Adding key: http://localhost:65490 for channel [id: 0xbb27fea8, L:/127.0.0.1:60012 - R:localhost/127.0.0.1:65490]
12:16:54.465 [Forwarding sendKeysToElement on session ea6b7a6290cf323dabcd17dd7a71eaea to remote] DEBUG org.asynchttpclient.netty.request.NettyRequestSender - Using open Channel [id: 0x1030af43, L:/127.0.0.1:60014 - R:localhost/127.0.0.1:59594] for POST '/session/ea6b7a6290cf323dabcd17dd7a71eaea/element/ca30e805-096d-4f2d-b8b2-85d31e31a9d9/value'
12:16:54.467 [Forwarding isElementEnabled on session 6911ba94daf8b96966883228983b4567 to remote] DEBUG org.asynchttpclient.netty.request.NettyRequestSender - Using pooled Channel '[id: 0xbb27fea8, L:/127.0.0.1:60012 - R:localhost/127.0.0.1:65490]' for 'GET' to 'http://localhost:65490/session/6911ba94daf8b96966883228983b4567/element/d34015cb-de16-4f50-b58c-95c1a036e3d1/enabled'
12:16:54.468 [Forwarding isElementEnabled on session 6911ba94daf8b96966883228983b4567 to remote] DEBUG org.asynchttpclient.netty.request.NettyRequestSender - Using open Channel [id: 0xbb27fea8, L:/127.0.0.1:60012 - R:localhost/127.0.0.1:65490] for GET '/session/6911ba94daf8b96966883228983b4567/element/d34015cb-de16-4f50-b58c-95c1a036e3d1/enabled'
12:16:54.483 [AsyncHttpClient-1-8] DEBUG org.asynchttpclient.netty.handler.HttpHandler - 

Request DefaultFullHttpRequest(decodeResult: success, version: HTTP/1.1, content: EmptyByteBufBE)
GET /session/6911ba94daf8b96966883228983b4567/element/d34015cb-de16-4f50-b58c-95c1a036e3d1/enabled HTTP/1.1
User-Agent: selenium/4.1.4 (java windows)
Cache-Control: no-cache
Content-Type: application/json; charset=utf-8
host: localhost:65490
accept: */*

Response DefaultHttpResponse(decodeResult: success, version: HTTP/1.1)
HTTP/1.1 200 OK
Content-Type: application/json; charset=utf-8
cache-control: no-cache
content-length: 14

12:16:54.484 [AsyncHttpClient-1-8] DEBUG org.asynchttpclient.netty.channel.ChannelManager - Adding key: http://localhost:65490 for channel [id: 0xbb27fea8, L:/127.0.0.1:60012 - R:localhost/127.0.0.1:65490]
12:16:54.490 [Forwarding findElement on session 6911ba94daf8b96966883228983b4567 to remote] DEBUG org.asynchttpclient.netty.request.NettyRequestSender - Using pooled Channel '[id: 0xbb27fea8, L:/127.0.0.1:60012 - R:localhost/127.0.0.1:65490]' for 'POST' to 'http://localhost:65490/session/6911ba94daf8b96966883228983b4567/element'
12:16:54.491 [Forwarding findElement on session 6911ba94daf8b96966883228983b4567 to remote] DEBUG org.asynchttpclient.netty.request.NettyRequestSender - Using open Channel [id: 0xbb27fea8, L:/127.0.0.1:60012 - R:localhost/127.0.0.1:65490] for POST '/session/6911ba94daf8b96966883228983b4567/element'
12:16:54.501 [AsyncHttpClient-1-8] DEBUG org.asynchttpclient.netty.handler.HttpHandler - 

Request DefaultHttpRequest(decodeResult: success, version: HTTP/1.1)
POST /session/6911ba94daf8b96966883228983b4567/element HTTP/1.1
User-Agent: selenium/4.1.4 (java windows)
Content-Length: 53
Content-Type: application/json; charset=utf-8
host: localhost:65490
accept: */*

Response DefaultHttpResponse(decodeResult: success, version: HTTP/1.1)
HTTP/1.1 200 OK
Content-Type: application/json; charset=utf-8
cache-control: no-cache
content-length: 88

12:16:54.502 [AsyncHttpClient-1-8] DEBUG org.asynchttpclient.netty.channel.ChannelManager - Adding key: http://localhost:65490 for channel [id: 0xbb27fea8, L:/127.0.0.1:60012 - R:localhost/127.0.0.1:65490]
12:16:54.508 [Forwarding sendKeysToElement on session 6911ba94daf8b96966883228983b4567 to remote] DEBUG org.asynchttpclient.netty.request.NettyRequestSender - Using pooled Channel '[id: 0xbb27fea8, L:/127.0.0.1:60012 - R:localhost/127.0.0.1:65490]' for 'POST' to 'http://localhost:65490/session/6911ba94daf8b96966883228983b4567/element/d34015cb-de16-4f50-b58c-95c1a036e3d1/value'
12:16:54.508 [Forwarding sendKeysToElement on session 6911ba94daf8b96966883228983b4567 to remote] DEBUG org.asynchttpclient.netty.request.NettyRequestSender - Using open Channel [id: 0xbb27fea8, L:/127.0.0.1:60012 - R:localhost/127.0.0.1:65490] for POST '/session/6911ba94daf8b96966883228983b4567/element/d34015cb-de16-4f50-b58c-95c1a036e3d1/value'
12:16:54.560 [AsyncHttpClient-1-9] DEBUG org.asynchttpclient.netty.handler.HttpHandler - 

Request DefaultHttpRequest(decodeResult: success, version: HTTP/1.1)
POST /session/ea6b7a6290cf323dabcd17dd7a71eaea/element/ca30e805-096d-4f2d-b8b2-85d31e31a9d9/value HTTP/1.1
User-Agent: selenium/4.1.4 (java windows)
Content-Length: 161
Content-Type: application/json; charset=utf-8
host: localhost:59594
accept: */*

Response DefaultHttpResponse(decodeResult: success, version: HTTP/1.1)
HTTP/1.1 200 OK
Content-Type: application/json; charset=utf-8
cache-control: no-cache
content-length: 14

12:16:54.560 [AsyncHttpClient-1-9] DEBUG org.asynchttpclient.netty.channel.ChannelManager - Adding key: http://localhost:59594 for channel [id: 0x1030af43, L:/127.0.0.1:60014 - R:localhost/127.0.0.1:59594]
12:16:54.565 [Forwarding findElement on session ea6b7a6290cf323dabcd17dd7a71eaea to remote] DEBUG org.asynchttpclient.netty.request.NettyRequestSender - Using pooled Channel '[id: 0x1030af43, L:/127.0.0.1:60014 - R:localhost/127.0.0.1:59594]' for 'POST' to 'http://localhost:59594/session/ea6b7a6290cf323dabcd17dd7a71eaea/element'
12:16:54.565 [Forwarding findElement on session ea6b7a6290cf323dabcd17dd7a71eaea to remote] DEBUG org.asynchttpclient.netty.request.NettyRequestSender - Using open Channel [id: 0x1030af43, L:/127.0.0.1:60014 - R:localhost/127.0.0.1:59594] for POST '/session/ea6b7a6290cf323dabcd17dd7a71eaea/element'
12:16:54.586 [AsyncHttpClient-1-9] DEBUG org.asynchttpclient.netty.handler.HttpHandler - 

Request DefaultHttpRequest(decodeResult: success, version: HTTP/1.1)
POST /session/ea6b7a6290cf323dabcd17dd7a71eaea/element HTTP/1.1
User-Agent: selenium/4.1.4 (java windows)
Content-Length: 59
Content-Type: application/json; charset=utf-8
host: localhost:59594
accept: */*

Response DefaultHttpResponse(decodeResult: success, version: HTTP/1.1)
HTTP/1.1 200 OK
Content-Type: application/json; charset=utf-8
cache-control: no-cache
content-length: 88

12:16:54.587 [AsyncHttpClient-1-9] DEBUG org.asynchttpclient.netty.channel.ChannelManager - Adding key: http://localhost:59594 for channel [id: 0x1030af43, L:/127.0.0.1:60014 - R:localhost/127.0.0.1:59594]
12:16:54.594 [AsyncHttpClient-1-1] DEBUG org.asynchttpclient.netty.channel.DefaultChannelPool - Entry count for : http://localhost:59594 : 1
12:16:54.594 [AsyncHttpClient-1-1] DEBUG org.asynchttpclient.netty.channel.DefaultChannelPool - Entry count for : http://localhost:60017 : 1
12:16:54.594 [AsyncHttpClient-1-1] DEBUG org.asynchttpclient.netty.channel.DefaultChannelPool - Entry count for : http://localhost:60015 : 1
12:16:54.597 [Forwarding isElementDisplayed on session ea6b7a6290cf323dabcd17dd7a71eaea to remote] DEBUG org.asynchttpclient.netty.request.NettyRequestSender - Using pooled Channel '[id: 0x1030af43, L:/127.0.0.1:60014 - R:localhost/127.0.0.1:59594]' for 'POST' to 'http://localhost:59594/session/ea6b7a6290cf323dabcd17dd7a71eaea/execute/sync'
12:16:54.597 [Forwarding isElementDisplayed on session ea6b7a6290cf323dabcd17dd7a71eaea to remote] DEBUG org.asynchttpclient.netty.request.NettyRequestSender - Using open Channel [id: 0x1030af43, L:/127.0.0.1:60014 - R:localhost/127.0.0.1:59594] for POST '/session/ea6b7a6290cf323dabcd17dd7a71eaea/execute/sync'
12:16:54.616 [AsyncHttpClient-1-9] DEBUG org.asynchttpclient.netty.handler.HttpHandler - 

Request DefaultHttpRequest(decodeResult: success, version: HTTP/1.1)
POST /session/ea6b7a6290cf323dabcd17dd7a71eaea/execute/sync HTTP/1.1
User-Agent: selenium/4.1.4 (java windows)
Content-Length: 48780
Content-Type: application/json; charset=utf-8
host: localhost:59594
accept: */*

Response DefaultHttpResponse(decodeResult: success, version: HTTP/1.1)
HTTP/1.1 200 OK
Content-Type: application/json; charset=utf-8
cache-control: no-cache
content-length: 14

12:16:54.616 [AsyncHttpClient-1-9] DEBUG org.asynchttpclient.netty.channel.ChannelManager - Adding key: http://localhost:59594 for channel [id: 0x1030af43, L:/127.0.0.1:60014 - R:localhost/127.0.0.1:59594]
12:16:54.621 [Forwarding findElement on session ea6b7a6290cf323dabcd17dd7a71eaea to remote] DEBUG org.asynchttpclient.netty.request.NettyRequestSender - Using pooled Channel '[id: 0x1030af43, L:/127.0.0.1:60014 - R:localhost/127.0.0.1:59594]' for 'POST' to 'http://localhost:59594/session/ea6b7a6290cf323dabcd17dd7a71eaea/element'
12:16:54.621 [Forwarding findElement on session ea6b7a6290cf323dabcd17dd7a71eaea to remote] DEBUG org.asynchttpclient.netty.request.NettyRequestSender - Using open Channel [id: 0x1030af43, L:/127.0.0.1:60014 - R:localhost/127.0.0.1:59594] for POST '/session/ea6b7a6290cf323dabcd17dd7a71eaea/element'
12:16:54.644 [AsyncHttpClient-1-9] DEBUG org.asynchttpclient.netty.handler.HttpHandler - 

Request DefaultHttpRequest(decodeResult: success, version: HTTP/1.1)
POST /session/ea6b7a6290cf323dabcd17dd7a71eaea/element HTTP/1.1
User-Agent: selenium/4.1.4 (java windows)
Content-Length: 59
Content-Type: application/json; charset=utf-8
host: localhost:59594
accept: */*

Response DefaultHttpResponse(decodeResult: success, version: HTTP/1.1)
HTTP/1.1 200 OK
Content-Type: application/json; charset=utf-8
cache-control: no-cache
content-length: 88

12:16:54.645 [AsyncHttpClient-1-9] DEBUG org.asynchttpclient.netty.channel.ChannelManager - Adding key: http://localhost:59594 for channel [id: 0x1030af43, L:/127.0.0.1:60014 - R:localhost/127.0.0.1:59594]
12:16:54.649 [Forwarding isElementEnabled on session ea6b7a6290cf323dabcd17dd7a71eaea to remote] DEBUG org.asynchttpclient.netty.request.NettyRequestSender - Using pooled Channel '[id: 0x1030af43, L:/127.0.0.1:60014 - R:localhost/127.0.0.1:59594]' for 'GET' to 'http://localhost:59594/session/ea6b7a6290cf323dabcd17dd7a71eaea/element/03e64edb-54a6-4b76-b3b3-0d6af8fad2d2/enabled'
12:16:54.650 [Forwarding isElementEnabled on session ea6b7a6290cf323dabcd17dd7a71eaea to remote] DEBUG org.asynchttpclient.netty.request.NettyRequestSender - Using open Channel [id: 0x1030af43, L:/127.0.0.1:60014 - R:localhost/127.0.0.1:59594] for GET '/session/ea6b7a6290cf323dabcd17dd7a71eaea/element/03e64edb-54a6-4b76-b3b3-0d6af8fad2d2/enabled'
12:16:54.684 [AsyncHttpClient-1-9] DEBUG org.asynchttpclient.netty.handler.HttpHandler - 

Request DefaultFullHttpRequest(decodeResult: success, version: HTTP/1.1, content: EmptyByteBufBE)
GET /session/ea6b7a6290cf323dabcd17dd7a71eaea/element/03e64edb-54a6-4b76-b3b3-0d6af8fad2d2/enabled HTTP/1.1
User-Agent: selenium/4.1.4 (java windows)
Cache-Control: no-cache
Content-Type: application/json; charset=utf-8
host: localhost:59594
accept: */*

Response DefaultHttpResponse(decodeResult: success, version: HTTP/1.1)
HTTP/1.1 200 OK
Content-Type: application/json; charset=utf-8
cache-control: no-cache
content-length: 14

12:16:54.684 [AsyncHttpClient-1-9] DEBUG org.asynchttpclient.netty.channel.ChannelManager - Adding key: http://localhost:59594 for channel [id: 0x1030af43, L:/127.0.0.1:60014 - R:localhost/127.0.0.1:59594]
12:16:54.690 [Forwarding findElement on session ea6b7a6290cf323dabcd17dd7a71eaea to remote] DEBUG org.asynchttpclient.netty.request.NettyRequestSender - Using pooled Channel '[id: 0x1030af43, L:/127.0.0.1:60014 - R:localhost/127.0.0.1:59594]' for 'POST' to 'http://localhost:59594/session/ea6b7a6290cf323dabcd17dd7a71eaea/element'
12:16:54.690 [Forwarding findElement on session ea6b7a6290cf323dabcd17dd7a71eaea to remote] DEBUG org.asynchttpclient.netty.request.NettyRequestSender - Using open Channel [id: 0x1030af43, L:/127.0.0.1:60014 - R:localhost/127.0.0.1:59594] for POST '/session/ea6b7a6290cf323dabcd17dd7a71eaea/element'
12:16:54.712 [AsyncHttpClient-1-8] DEBUG org.asynchttpclient.netty.handler.HttpHandler - 

Request DefaultHttpRequest(decodeResult: success, version: HTTP/1.1)
POST /session/6911ba94daf8b96966883228983b4567/element/d34015cb-de16-4f50-b58c-95c1a036e3d1/value HTTP/1.1
User-Agent: selenium/4.1.4 (java windows)
Content-Length: 201
Content-Type: application/json; charset=utf-8
host: localhost:65490
accept: */*

Response DefaultHttpResponse(decodeResult: success, version: HTTP/1.1)
HTTP/1.1 200 OK
Content-Type: application/json; charset=utf-8
cache-control: no-cache
content-length: 14

12:16:54.712 [AsyncHttpClient-1-8] DEBUG org.asynchttpclient.netty.channel.ChannelManager - Adding key: http://localhost:65490 for channel [id: 0xbb27fea8, L:/127.0.0.1:60012 - R:localhost/127.0.0.1:65490]
12:16:54.716 [Forwarding findElement on session 6911ba94daf8b96966883228983b4567 to remote] DEBUG org.asynchttpclient.netty.request.NettyRequestSender - Using pooled Channel '[id: 0xbb27fea8, L:/127.0.0.1:60012 - R:localhost/127.0.0.1:65490]' for 'POST' to 'http://localhost:65490/session/6911ba94daf8b96966883228983b4567/element'
12:16:54.716 [Forwarding findElement on session 6911ba94daf8b96966883228983b4567 to remote] DEBUG org.asynchttpclient.netty.request.NettyRequestSender - Using open Channel [id: 0xbb27fea8, L:/127.0.0.1:60012 - R:localhost/127.0.0.1:65490] for POST '/session/6911ba94daf8b96966883228983b4567/element'
12:16:54.731 [AsyncHttpClient-1-9] DEBUG org.asynchttpclient.netty.handler.HttpHandler - 

Request DefaultHttpRequest(decodeResult: success, version: HTTP/1.1)
POST /session/ea6b7a6290cf323dabcd17dd7a71eaea/element HTTP/1.1
User-Agent: selenium/4.1.4 (java windows)
Content-Length: 59
Content-Type: application/json; charset=utf-8
host: localhost:59594
accept: */*

Response DefaultHttpResponse(decodeResult: success, version: HTTP/1.1)
HTTP/1.1 200 OK
Content-Type: application/json; charset=utf-8
cache-control: no-cache
content-length: 88

12:16:54.732 [AsyncHttpClient-1-9] DEBUG org.asynchttpclient.netty.channel.ChannelManager - Adding key: http://localhost:59594 for channel [id: 0x1030af43, L:/127.0.0.1:60014 - R:localhost/127.0.0.1:59594]
12:16:54.734 [Forwarding clickElement on session ea6b7a6290cf323dabcd17dd7a71eaea to remote] DEBUG org.asynchttpclient.netty.request.NettyRequestSender - Using pooled Channel '[id: 0x1030af43, L:/127.0.0.1:60014 - R:localhost/127.0.0.1:59594]' for 'POST' to 'http://localhost:59594/session/ea6b7a6290cf323dabcd17dd7a71eaea/element/03e64edb-54a6-4b76-b3b3-0d6af8fad2d2/click'
12:16:54.734 [Forwarding clickElement on session ea6b7a6290cf323dabcd17dd7a71eaea to remote] DEBUG org.asynchttpclient.netty.request.NettyRequestSender - Using open Channel [id: 0x1030af43, L:/127.0.0.1:60014 - R:localhost/127.0.0.1:59594] for POST '/session/ea6b7a6290cf323dabcd17dd7a71eaea/element/03e64edb-54a6-4b76-b3b3-0d6af8fad2d2/click'
12:16:54.743 [AsyncHttpClient-1-8] DEBUG org.asynchttpclient.netty.handler.HttpHandler - 

Request DefaultHttpRequest(decodeResult: success, version: HTTP/1.1)
POST /session/6911ba94daf8b96966883228983b4567/element HTTP/1.1
User-Agent: selenium/4.1.4 (java windows)
Content-Length: 59
Content-Type: application/json; charset=utf-8
host: localhost:65490
accept: */*

Response DefaultHttpResponse(decodeResult: success, version: HTTP/1.1)
HTTP/1.1 200 OK
Content-Type: application/json; charset=utf-8
cache-control: no-cache
content-length: 88

12:16:54.743 [AsyncHttpClient-1-8] DEBUG org.asynchttpclient.netty.channel.ChannelManager - Adding key: http://localhost:65490 for channel [id: 0xbb27fea8, L:/127.0.0.1:60012 - R:localhost/127.0.0.1:65490]
12:16:54.748 [Forwarding isElementDisplayed on session 6911ba94daf8b96966883228983b4567 to remote] DEBUG org.asynchttpclient.netty.request.NettyRequestSender - Using pooled Channel '[id: 0xbb27fea8, L:/127.0.0.1:60012 - R:localhost/127.0.0.1:65490]' for 'POST' to 'http://localhost:65490/session/6911ba94daf8b96966883228983b4567/execute/sync'
12:16:54.748 [Forwarding isElementDisplayed on session 6911ba94daf8b96966883228983b4567 to remote] DEBUG org.asynchttpclient.netty.request.NettyRequestSender - Using open Channel [id: 0xbb27fea8, L:/127.0.0.1:60012 - R:localhost/127.0.0.1:65490] for POST '/session/6911ba94daf8b96966883228983b4567/execute/sync'
12:16:54.783 [AsyncHttpClient-1-8] DEBUG org.asynchttpclient.netty.handler.HttpHandler - 

Request DefaultHttpRequest(decodeResult: success, version: HTTP/1.1)
POST /session/6911ba94daf8b96966883228983b4567/execute/sync HTTP/1.1
User-Agent: selenium/4.1.4 (java windows)
Content-Length: 48780
Content-Type: application/json; charset=utf-8
host: localhost:65490
accept: */*

Response DefaultHttpResponse(decodeResult: success, version: HTTP/1.1)
HTTP/1.1 200 OK
Content-Type: application/json; charset=utf-8
cache-control: no-cache
content-length: 14

12:16:54.783 [AsyncHttpClient-1-8] DEBUG org.asynchttpclient.netty.channel.ChannelManager - Adding key: http://localhost:65490 for channel [id: 0xbb27fea8, L:/127.0.0.1:60012 - R:localhost/127.0.0.1:65490]
12:16:54.794 [Forwarding findElement on session 6911ba94daf8b96966883228983b4567 to remote] DEBUG org.asynchttpclient.netty.request.NettyRequestSender - Using pooled Channel '[id: 0xbb27fea8, L:/127.0.0.1:60012 - R:localhost/127.0.0.1:65490]' for 'POST' to 'http://localhost:65490/session/6911ba94daf8b96966883228983b4567/element'
12:16:54.794 [Forwarding findElement on session 6911ba94daf8b96966883228983b4567 to remote] DEBUG org.asynchttpclient.netty.request.NettyRequestSender - Using open Channel [id: 0xbb27fea8, L:/127.0.0.1:60012 - R:localhost/127.0.0.1:65490] for POST '/session/6911ba94daf8b96966883228983b4567/element'
12:16:54.809 [AsyncHttpClient-1-8] DEBUG org.asynchttpclient.netty.handler.HttpHandler - 

Request DefaultHttpRequest(decodeResult: success, version: HTTP/1.1)
POST /session/6911ba94daf8b96966883228983b4567/element HTTP/1.1
User-Agent: selenium/4.1.4 (java windows)
Content-Length: 59
Content-Type: application/json; charset=utf-8
host: localhost:65490
accept: */*

Response DefaultHttpResponse(decodeResult: success, version: HTTP/1.1)
HTTP/1.1 200 OK
Content-Type: application/json; charset=utf-8
cache-control: no-cache
content-length: 88

12:16:54.810 [AsyncHttpClient-1-8] DEBUG org.asynchttpclient.netty.channel.ChannelManager - Adding key: http://localhost:65490 for channel [id: 0xbb27fea8, L:/127.0.0.1:60012 - R:localhost/127.0.0.1:65490]
12:16:54.812 [Forwarding isElementEnabled on session 6911ba94daf8b96966883228983b4567 to remote] DEBUG org.asynchttpclient.netty.request.NettyRequestSender - Using pooled Channel '[id: 0xbb27fea8, L:/127.0.0.1:60012 - R:localhost/127.0.0.1:65490]' for 'GET' to 'http://localhost:65490/session/6911ba94daf8b96966883228983b4567/element/960c11c4-109f-446e-b2b8-a628c3379fe7/enabled'
12:16:54.812 [Forwarding isElementEnabled on session 6911ba94daf8b96966883228983b4567 to remote] DEBUG org.asynchttpclient.netty.request.NettyRequestSender - Using open Channel [id: 0xbb27fea8, L:/127.0.0.1:60012 - R:localhost/127.0.0.1:65490] for GET '/session/6911ba94daf8b96966883228983b4567/element/960c11c4-109f-446e-b2b8-a628c3379fe7/enabled'
12:16:54.831 [AsyncHttpClient-1-8] DEBUG org.asynchttpclient.netty.handler.HttpHandler - 

Request DefaultFullHttpRequest(decodeResult: success, version: HTTP/1.1, content: EmptyByteBufBE)
GET /session/6911ba94daf8b96966883228983b4567/element/960c11c4-109f-446e-b2b8-a628c3379fe7/enabled HTTP/1.1
User-Agent: selenium/4.1.4 (java windows)
Cache-Control: no-cache
Content-Type: application/json; charset=utf-8
host: localhost:65490
accept: */*

Response DefaultHttpResponse(decodeResult: success, version: HTTP/1.1)
HTTP/1.1 200 OK
Content-Type: application/json; charset=utf-8
cache-control: no-cache
content-length: 14

12:16:54.831 [AsyncHttpClient-1-8] DEBUG org.asynchttpclient.netty.channel.ChannelManager - Adding key: http://localhost:65490 for channel [id: 0xbb27fea8, L:/127.0.0.1:60012 - R:localhost/127.0.0.1:65490]
12:16:54.833 [Forwarding findElement on session 6911ba94daf8b96966883228983b4567 to remote] DEBUG org.asynchttpclient.netty.request.NettyRequestSender - Using pooled Channel '[id: 0xbb27fea8, L:/127.0.0.1:60012 - R:localhost/127.0.0.1:65490]' for 'POST' to 'http://localhost:65490/session/6911ba94daf8b96966883228983b4567/element'
12:16:54.833 [Forwarding findElement on session 6911ba94daf8b96966883228983b4567 to remote] DEBUG org.asynchttpclient.netty.request.NettyRequestSender - Using open Channel [id: 0xbb27fea8, L:/127.0.0.1:60012 - R:localhost/127.0.0.1:65490] for POST '/session/6911ba94daf8b96966883228983b4567/element'
12:16:54.845 [AsyncHttpClient-1-8] DEBUG org.asynchttpclient.netty.handler.HttpHandler - 

Request DefaultHttpRequest(decodeResult: success, version: HTTP/1.1)
POST /session/6911ba94daf8b96966883228983b4567/element HTTP/1.1
User-Agent: selenium/4.1.4 (java windows)
Content-Length: 59
Content-Type: application/json; charset=utf-8
host: localhost:65490
accept: */*

Response DefaultHttpResponse(decodeResult: success, version: HTTP/1.1)
HTTP/1.1 200 OK
Content-Type: application/json; charset=utf-8
cache-control: no-cache
content-length: 88

12:16:54.845 [AsyncHttpClient-1-8] DEBUG org.asynchttpclient.netty.channel.ChannelManager - Adding key: http://localhost:65490 for channel [id: 0xbb27fea8, L:/127.0.0.1:60012 - R:localhost/127.0.0.1:65490]
12:16:54.848 [Forwarding clickElement on session 6911ba94daf8b96966883228983b4567 to remote] DEBUG org.asynchttpclient.netty.request.NettyRequestSender - Using pooled Channel '[id: 0xbb27fea8, L:/127.0.0.1:60012 - R:localhost/127.0.0.1:65490]' for 'POST' to 'http://localhost:65490/session/6911ba94daf8b96966883228983b4567/element/960c11c4-109f-446e-b2b8-a628c3379fe7/click'
12:16:54.848 [Forwarding clickElement on session 6911ba94daf8b96966883228983b4567 to remote] DEBUG org.asynchttpclient.netty.request.NettyRequestSender - Using open Channel [id: 0xbb27fea8, L:/127.0.0.1:60012 - R:localhost/127.0.0.1:65490] for POST '/session/6911ba94daf8b96966883228983b4567/element/960c11c4-109f-446e-b2b8-a628c3379fe7/click'
12:16:55.516 [AsyncHttpClient-1-8] DEBUG org.asynchttpclient.netty.handler.HttpHandler - 

Request DefaultHttpRequest(decodeResult: success, version: HTTP/1.1)
POST /session/6911ba94daf8b96966883228983b4567/element/960c11c4-109f-446e-b2b8-a628c3379fe7/click HTTP/1.1
User-Agent: selenium/4.1.4 (java windows)
Content-Length: 50
Content-Type: application/json; charset=utf-8
host: localhost:65490
accept: */*

Response DefaultHttpResponse(decodeResult: success, version: HTTP/1.1)
HTTP/1.1 200 OK
Content-Type: application/json; charset=utf-8
cache-control: no-cache
content-length: 14

12:16:55.516 [AsyncHttpClient-1-9] DEBUG org.asynchttpclient.netty.handler.HttpHandler - 

Request DefaultHttpRequest(decodeResult: success, version: HTTP/1.1)
POST /session/ea6b7a6290cf323dabcd17dd7a71eaea/element/03e64edb-54a6-4b76-b3b3-0d6af8fad2d2/click HTTP/1.1
User-Agent: selenium/4.1.4 (java windows)
Content-Length: 50
Content-Type: application/json; charset=utf-8
host: localhost:59594
accept: */*

Response DefaultHttpResponse(decodeResult: success, version: HTTP/1.1)
HTTP/1.1 200 OK
Content-Type: application/json; charset=utf-8
cache-control: no-cache
content-length: 14

12:16:55.517 [AsyncHttpClient-1-8] DEBUG org.asynchttpclient.netty.channel.ChannelManager - Adding key: http://localhost:65490 for channel [id: 0xbb27fea8, L:/127.0.0.1:60012 - R:localhost/127.0.0.1:65490]
12:16:55.517 [AsyncHttpClient-1-9] DEBUG org.asynchttpclient.netty.channel.ChannelManager - Adding key: http://localhost:59594 for channel [id: 0x1030af43, L:/127.0.0.1:60014 - R:localhost/127.0.0.1:59594]
12:16:55.533 [AsyncHttpClient-1-5] DEBUG org.asynchttpclient.netty.handler.WebSocketHandler - Channel Closed: [id: 0xb2399a93, L:/127.0.0.1:60032 ! R:localhost/127.0.0.1:60017] with attribute NettyResponseFuture{currentRetry=5,
	isDone=1,
	isCancelled=0,
	asyncHandler=org.asynchttpclient.ws.WebSocketUpgradeHandler@573d1f08,
	nettyRequest=org.asynchttpclient.netty.request.NettyRequest@181923a9,
	future=java.util.concurrent.CompletableFuture@2adffb25[Completed normally],
	uri=ws://localhost:60017/devtools/browser/21d68547-5c96-4aef-831e-d1a54cb5a675,
	keepAlive=true,
	redirectCount=0,
	timeoutsHolder=null,
	inAuth=0,
	touch=1663690611794}
12:16:55.533 [AsyncHttpClient-1-5] DEBUG org.asynchttpclient.netty.channel.ChannelManager - Closing Channel [id: 0xb2399a93, L:/127.0.0.1:60032 ! R:localhost/127.0.0.1:60017] 
12:16:55.534 [AsyncHttpClient-1-2] DEBUG org.asynchttpclient.netty.handler.WebSocketHandler - Channel Closed: [id: 0x9add175c, L:/127.0.0.1:60028 ! R:localhost/127.0.0.1:60015] with attribute NettyResponseFuture{currentRetry=5,
	isDone=1,
	isCancelled=0,
	asyncHandler=org.asynchttpclient.ws.WebSocketUpgradeHandler@2b4bf401,
	nettyRequest=org.asynchttpclient.netty.request.NettyRequest@47948bef,
	future=java.util.concurrent.CompletableFuture@77897db[Completed normally],
	uri=ws://localhost:60015/devtools/browser/bce39a0c-59c7-49c1-bd65-00e6827f7726,
	keepAlive=true,
	redirectCount=0,
	timeoutsHolder=null,
	inAuth=0,
	touch=1663690611642}
12:16:55.534 [AsyncHttpClient-1-2] DEBUG org.asynchttpclient.netty.channel.ChannelManager - Closing Channel [id: 0x9add175c, L:/127.0.0.1:60028 ! R:localhost/127.0.0.1:60015] 
12:16:55.541 [Driver Command Executor] DEBUG org.asynchttpclient.netty.request.NettyRequestSender - Using pooled Channel '[id: 0xbb27fea8, L:/127.0.0.1:60012 - R:localhost/127.0.0.1:65490]' for 'DELETE' to 'http://localhost:65490/session/6911ba94daf8b96966883228983b4567'
12:16:55.542 [Driver Command Executor] DEBUG org.asynchttpclient.netty.request.NettyRequestSender - Using open Channel [id: 0xbb27fea8, L:/127.0.0.1:60012 - R:localhost/127.0.0.1:65490] for DELETE '/session/6911ba94daf8b96966883228983b4567'
12:16:55.543 [Driver Command Executor] DEBUG org.asynchttpclient.netty.request.NettyRequestSender - Using pooled Channel '[id: 0x1030af43, L:/127.0.0.1:60014 - R:localhost/127.0.0.1:59594]' for 'DELETE' to 'http://localhost:59594/session/ea6b7a6290cf323dabcd17dd7a71eaea'
12:16:55.543 [Driver Command Executor] DEBUG org.asynchttpclient.netty.request.NettyRequestSender - Using open Channel [id: 0x1030af43, L:/127.0.0.1:60014 - R:localhost/127.0.0.1:59594] for DELETE '/session/ea6b7a6290cf323dabcd17dd7a71eaea'
12:16:55.610 [AsyncHttpClient-1-3] DEBUG org.asynchttpclient.netty.handler.HttpHandler - Unexpected I/O exception on channel [id: 0x28e71147, L:/127.0.0.1:60027 - R:localhost/127.0.0.1:60015]
java.net.SocketException: Connection reset
	at java.base/sun.nio.ch.SocketChannelImpl.throwConnectionReset(SocketChannelImpl.java:367)
	at java.base/sun.nio.ch.SocketChannelImpl.read(SocketChannelImpl.java:398)
	at io.netty.buffer.PooledByteBuf.setBytes(PooledByteBuf.java:258)
	at io.netty.buffer.AbstractByteBuf.writeBytes(AbstractByteBuf.java:1132)
	at io.netty.channel.socket.nio.NioSocketChannel.doReadBytes(NioSocketChannel.java:357)
	at io.netty.channel.nio.AbstractNioByteChannel$NioByteUnsafe.read(AbstractNioByteChannel.java:151)
	at io.netty.channel.nio.NioEventLoop.processSelectedKey(NioEventLoop.java:722)
	at io.netty.channel.nio.NioEventLoop.processSelectedKeysOptimized(NioEventLoop.java:658)
	at io.netty.channel.nio.NioEventLoop.processSelectedKeys(NioEventLoop.java:584)
	at io.netty.channel.nio.NioEventLoop.run(NioEventLoop.java:496)
	at io.netty.util.concurrent.SingleThreadEventExecutor$4.run(SingleThreadEventExecutor.java:986)
	at io.netty.util.internal.ThreadExecutorMap$2.run(ThreadExecutorMap.java:74)
	at io.netty.util.concurrent.FastThreadLocalRunnable.run(FastThreadLocalRunnable.java:30)
	at java.base/java.lang.Thread.run(Thread.java:832)
12:16:55.610 [AsyncHttpClient-1-3] DEBUG org.asynchttpclient.netty.channel.ChannelManager - Closing Channel [id: 0x28e71147, L:/127.0.0.1:60027 - R:localhost/127.0.0.1:60015] 
12:16:55.610 [AsyncHttpClient-1-3] DEBUG org.asynchttpclient.netty.handler.HttpHandler - Channel Closed: [id: 0x28e71147, L:/127.0.0.1:60027 ! R:localhost/127.0.0.1:60015] with attribute DISCARD
12:16:55.695 [AsyncHttpClient-1-1] DEBUG org.asynchttpclient.netty.channel.DefaultChannelPool - Entry count for : http://localhost:60017 : 1
12:16:55.698 [AsyncHttpClient-1-1] DEBUG org.asynchttpclient.netty.channel.DefaultChannelPool - Entry count for : http://localhost:60015 : 1
12:16:55.698 [AsyncHttpClient-1-1] DEBUG org.asynchttpclient.netty.channel.DefaultChannelPool - Adding Candidate expired Channel [id: 0x28e71147, L:/127.0.0.1:60027 ! R:localhost/127.0.0.1:60015] isIdleTimeoutExpired=false isRemotelyClosed=true isTtlExpired=false
12:16:55.698 [AsyncHttpClient-1-1] DEBUG org.asynchttpclient.netty.channel.DefaultChannelPool - Closing Idle Channel [id: 0x28e71147, L:/127.0.0.1:60027 ! R:localhost/127.0.0.1:60015]
12:16:55.698 [AsyncHttpClient-1-1] DEBUG org.asynchttpclient.netty.channel.DefaultChannelPool - Closed 1 connections out of 2 in 0 ms
12:16:55.756 [AsyncHttpClient-1-4] DEBUG org.asynchttpclient.netty.handler.HttpHandler - Unexpected I/O exception on channel [id: 0xdf86806c, L:/127.0.0.1:60031 - R:localhost/127.0.0.1:60017]
java.net.SocketException: Connection reset
	at java.base/sun.nio.ch.SocketChannelImpl.throwConnectionReset(SocketChannelImpl.java:367)
	at java.base/sun.nio.ch.SocketChannelImpl.read(SocketChannelImpl.java:398)
	at io.netty.buffer.PooledByteBuf.setBytes(PooledByteBuf.java:258)
	at io.netty.buffer.AbstractByteBuf.writeBytes(AbstractByteBuf.java:1132)
	at io.netty.channel.socket.nio.NioSocketChannel.doReadBytes(NioSocketChannel.java:357)
	at io.netty.channel.nio.AbstractNioByteChannel$NioByteUnsafe.read(AbstractNioByteChannel.java:151)
	at io.netty.channel.nio.NioEventLoop.processSelectedKey(NioEventLoop.java:722)
	at io.netty.channel.nio.NioEventLoop.processSelectedKeysOptimized(NioEventLoop.java:658)
	at io.netty.channel.nio.NioEventLoop.processSelectedKeys(NioEventLoop.java:584)
	at io.netty.channel.nio.NioEventLoop.run(NioEventLoop.java:496)
	at io.netty.util.concurrent.SingleThreadEventExecutor$4.run(SingleThreadEventExecutor.java:986)
	at io.netty.util.internal.ThreadExecutorMap$2.run(ThreadExecutorMap.java:74)
	at io.netty.util.concurrent.FastThreadLocalRunnable.run(FastThreadLocalRunnable.java:30)
	at java.base/java.lang.Thread.run(Thread.java:832)
12:16:55.757 [AsyncHttpClient-1-4] DEBUG org.asynchttpclient.netty.channel.ChannelManager - Closing Channel [id: 0xdf86806c, L:/127.0.0.1:60031 - R:localhost/127.0.0.1:60017] 
12:16:55.757 [AsyncHttpClient-1-4] DEBUG org.asynchttpclient.netty.handler.HttpHandler - Channel Closed: [id: 0xdf86806c, L:/127.0.0.1:60031 ! R:localhost/127.0.0.1:60017] with attribute DISCARD
12:16:55.773 [AsyncHttpClient-1-8] DEBUG org.asynchttpclient.netty.handler.HttpHandler - 

Request DefaultFullHttpRequest(decodeResult: success, version: HTTP/1.1, content: EmptyByteBufBE)
DELETE /session/6911ba94daf8b96966883228983b4567 HTTP/1.1
User-Agent: selenium/4.1.4 (java windows)
Content-Type: application/json; charset=utf-8
host: localhost:65490
accept: */*

Response DefaultHttpResponse(decodeResult: success, version: HTTP/1.1)
HTTP/1.1 200 OK
Content-Type: application/json; charset=utf-8
cache-control: no-cache
content-length: 14

12:16:55.774 [AsyncHttpClient-1-8] DEBUG org.asynchttpclient.netty.channel.ChannelManager - Adding key: http://localhost:65490 for channel [id: 0xbb27fea8, L:/127.0.0.1:60012 - R:localhost/127.0.0.1:65490]
12:16:56.062 [AsyncHttpClient-1-8] DEBUG org.asynchttpclient.netty.handler.HttpHandler - Channel Closed: [id: 0xbb27fea8, L:/127.0.0.1:60012 ! R:localhost/127.0.0.1:65490] with attribute DISCARD
]]></system-out>
    <system-err><![CDATA[Starting ChromeDriver 105.0.5195.52 (412c95e518836d8a7d97250d62b29c2ae6a26a85-refs/branch-heads/5195@{#853}) on port 59594
Only local connections are allowed.
Please see https://chromedriver.chromium.org/security-considerations for suggestions on keeping ChromeDriver safe.
Starting ChromeDriver 105.0.5195.52 (412c95e518836d8a7d97250d62b29c2ae6a26a85-refs/branch-heads/5195@{#853}) on port 65490
Only local connections are allowed.
Please see https://chromedriver.chromium.org/security-considerations for suggestions on keeping ChromeDriver safe.
CChhrroommeeDDrriivveerr  wwaass  ssttaarrtteed ds usuccccesesssffuullllyy..

Sep 20, 2022 12:16:51 PM org.openqa.selenium.remote.ProtocolHandshake createSession
INFO: Detected dialect: W3C
Sep 20, 2022 12:16:51 PM org.openqa.selenium.devtools.CdpVersionFinder findNearestMatch
WARNING: Unable to find an exact match for CDP version 105, so returning the closest version found: 101
Sep 20, 2022 12:16:51 PM org.openqa.selenium.devtools.CdpVersionFinder findNearestMatch
INFO: Found CDP implementation for version 105 of 101
Sep 20, 2022 12:16:51 PM org.openqa.selenium.remote.ProtocolHandshake createSession
INFO: Detected dialect: W3C
Sep 20, 2022 12:16:51 PM org.openqa.selenium.devtools.CdpVersionFinder findNearestMatch
WARNING: Unable to find an exact match for CDP version 105, so returning the closest version found: 101
Sep 20, 2022 12:16:51 PM org.openqa.selenium.devtools.CdpVersionFinder findNearestMatch
INFO: Found CDP implementation for version 105 of 101
]]></system-err>
  </testcase>
  <testcase name="runScenario[&quot;login with invalid credentials&quot;, &quot;webdriver university login page&quot;](4)" classname="runners.RunnerClass" time="1.915">
    <system-out><![CDATA[12:16:56.789 [AsyncHttpClient-1-1] DEBUG org.asynchttpclient.netty.channel.DefaultChannelPool - Entry count for : http://localhost:65490 : 1
12:16:56.789 [AsyncHttpClient-1-1] DEBUG org.asynchttpclient.netty.channel.DefaultChannelPool - Entry count for : http://localhost:60017 : 1
12:16:56.789 [AsyncHttpClient-1-1] DEBUG org.asynchttpclient.netty.channel.DefaultChannelPool - Adding Candidate expired Channel [id: 0xbb27fea8, L:/127.0.0.1:60012 ! R:localhost/127.0.0.1:65490] isIdleTimeoutExpired=false isRemotelyClosed=true isTtlExpired=false
12:16:56.789 [AsyncHttpClient-1-1] DEBUG org.asynchttpclient.netty.channel.DefaultChannelPool - Closing Idle Channel [id: 0xbb27fea8, L:/127.0.0.1:60012 ! R:localhost/127.0.0.1:65490]
12:16:56.789 [AsyncHttpClient-1-1] DEBUG org.asynchttpclient.netty.channel.DefaultChannelPool - Adding Candidate expired Channel [id: 0xdf86806c, L:/127.0.0.1:60031 ! R:localhost/127.0.0.1:60017] isIdleTimeoutExpired=false isRemotelyClosed=true isTtlExpired=false
12:16:56.789 [AsyncHttpClient-1-1] DEBUG org.asynchttpclient.netty.channel.DefaultChannelPool - Closing Idle Channel [id: 0xdf86806c, L:/127.0.0.1:60031 ! R:localhost/127.0.0.1:60017]
12:16:56.789 [AsyncHttpClient-1-1] DEBUG org.asynchttpclient.netty.channel.DefaultChannelPool - Closed 2 connections out of 2 in 0 ms
12:16:57.175 [AsyncHttpClient-1-6] DEBUG org.asynchttpclient.netty.channel.NettyConnectListener - Using new Channel '[id: 0x0ab1842a, L:/127.0.0.1:60053 - R:localhost/127.0.0.1:62649]' for 'POST' to '/session'
12:16:57.425 [AsyncHttpClient-1-9] DEBUG org.asynchttpclient.netty.handler.HttpHandler - 

Request DefaultFullHttpRequest(decodeResult: success, version: HTTP/1.1, content: EmptyByteBufBE)
DELETE /session/ea6b7a6290cf323dabcd17dd7a71eaea HTTP/1.1
User-Agent: selenium/4.1.4 (java windows)
Content-Type: application/json; charset=utf-8
host: localhost:59594
accept: */*

Response DefaultHttpResponse(decodeResult: success, version: HTTP/1.1)
HTTP/1.1 200 OK
Content-Type: application/json; charset=utf-8
cache-control: no-cache
content-length: 14

12:16:57.426 [AsyncHttpClient-1-9] DEBUG org.asynchttpclient.netty.channel.ChannelManager - Adding key: http://localhost:59594 for channel [id: 0x1030af43, L:/127.0.0.1:60014 - R:localhost/127.0.0.1:59594]
12:16:57.838 [AsyncHttpClient-1-9] DEBUG org.asynchttpclient.netty.handler.HttpHandler - Channel Closed: [id: 0x1030af43, L:/127.0.0.1:60014 ! R:localhost/127.0.0.1:59594] with attribute DISCARD
12:16:57.910 [AsyncHttpClient-1-1] DEBUG org.asynchttpclient.netty.channel.DefaultChannelPool - Entry count for : http://localhost:59594 : 1
12:16:57.911 [AsyncHttpClient-1-1] DEBUG org.asynchttpclient.netty.channel.DefaultChannelPool - Adding Candidate expired Channel [id: 0x1030af43, L:/127.0.0.1:60014 ! R:localhost/127.0.0.1:59594] isIdleTimeoutExpired=false isRemotelyClosed=true isTtlExpired=false
12:16:57.911 [AsyncHttpClient-1-1] DEBUG org.asynchttpclient.netty.channel.DefaultChannelPool - Closing Idle Channel [id: 0x1030af43, L:/127.0.0.1:60014 ! R:localhost/127.0.0.1:59594]
12:16:57.911 [AsyncHttpClient-1-1] DEBUG org.asynchttpclient.netty.channel.DefaultChannelPool - Closed 1 connections out of 1 in 0 ms
12:16:58.301 [AsyncHttpClient-1-6] DEBUG org.asynchttpclient.netty.handler.HttpHandler - 

Request DefaultHttpRequest(decodeResult: success, version: HTTP/1.1)
POST /session HTTP/1.1
User-Agent: selenium/4.1.4 (java windows)
Content-Length: 437
Content-Type: application/json; charset=utf-8
host: localhost:62649
accept: */*

Response DefaultHttpResponse(decodeResult: success, version: HTTP/1.1)
HTTP/1.1 200 OK
Content-Type: application/json; charset=utf-8
cache-control: no-cache
content-length: 789

12:16:58.302 [AsyncHttpClient-1-6] DEBUG org.asynchttpclient.netty.channel.ChannelManager - Adding key: http://localhost:62649 for channel [id: 0x0ab1842a, L:/127.0.0.1:60053 - R:localhost/127.0.0.1:62649]
12:16:58.316 [AsyncHttpClient-1-7] DEBUG org.asynchttpclient.netty.channel.NettyConnectListener - Using new Channel '[id: 0xe092620f, L:/127.0.0.1:60062 - R:localhost/127.0.0.1:60056]' for 'GET' to '/json/version'
12:16:58.319 [AsyncHttpClient-1-7] DEBUG org.asynchttpclient.netty.handler.HttpHandler - 

Request DefaultFullHttpRequest(decodeResult: success, version: HTTP/1.1, content: EmptyByteBufBE)
GET /json/version HTTP/1.1
User-Agent: selenium/4.1.4 (java windows)
host: localhost:60056
accept: */*

Response DefaultHttpResponse(decodeResult: success, version: HTTP/1.1)
HTTP/1.1 200 OK
Content-Type: application/json; charset=UTF-8
content-length: 423

12:16:58.319 [AsyncHttpClient-1-7] DEBUG org.asynchttpclient.netty.channel.ChannelManager - Adding key: http://localhost:60056 for channel [id: 0xe092620f, L:/127.0.0.1:60062 - R:localhost/127.0.0.1:60056]
12:16:58.322 [AsyncHttpClient-1-8] DEBUG org.asynchttpclient.netty.channel.NettyConnectListener - Using new Channel '[id: 0x33db2301, L:/127.0.0.1:60063 - R:localhost/127.0.0.1:60056]' for 'GET' to '/devtools/browser/a469e5e3-044b-4db4-a918-5480d181f74e'
12:16:58.333 [AsyncHttpClient-1-8] DEBUG org.asynchttpclient.netty.handler.WebSocketHandler - 

Request DefaultFullHttpRequest(decodeResult: success, version: HTTP/1.1, content: EmptyByteBufBE)
GET /devtools/browser/a469e5e3-044b-4db4-a918-5480d181f74e HTTP/1.1
upgrade: websocket
connection: upgrade
sec-websocket-key: ObbaqeubdDI/8qfe9JmtTw==
sec-websocket-version: 13
origin: http://localhost:60056
host: localhost:60056
accept: */*
user-agent: AHC/2.1

Response DefaultHttpResponse(decodeResult: success, version: HTTP/1.1)
HTTP/1.1 101 WebSocket Protocol Handshake
Upgrade: WebSocket
Connection: Upgrade
Sec-WebSocket-Accept: /L7iDA28oJ7mU+Kt7+QC7yHCxFI=

12:16:58.341 [Forwarding maximizeCurrentWindow on session 545c6052dee7269dba5df44420b2146c to remote] DEBUG org.asynchttpclient.netty.request.NettyRequestSender - Using pooled Channel '[id: 0x0ab1842a, L:/127.0.0.1:60053 - R:localhost/127.0.0.1:62649]' for 'POST' to 'http://localhost:62649/session/545c6052dee7269dba5df44420b2146c/window/maximize'
12:16:58.341 [Forwarding maximizeCurrentWindow on session 545c6052dee7269dba5df44420b2146c to remote] DEBUG org.asynchttpclient.netty.request.NettyRequestSender - Using open Channel [id: 0x0ab1842a, L:/127.0.0.1:60053 - R:localhost/127.0.0.1:62649] for POST '/session/545c6052dee7269dba5df44420b2146c/window/maximize'
]]></system-out>
    <system-err><![CDATA[Starting ChromeDriver 105.0.5195.52 (412c95e518836d8a7d97250d62b29c2ae6a26a85-refs/branch-heads/5195@{#853}) on port 62649
Only local connections are allowed.
Please see https://chromedriver.chromium.org/security-considerations for suggestions on keeping ChromeDriver safe.
ChromeDriver was started successfully.
Sep 20, 2022 12:16:58 PM org.openqa.selenium.remote.ProtocolHandshake createSession
INFO: Detected dialect: W3C
Sep 20, 2022 12:16:58 PM org.openqa.selenium.devtools.CdpVersionFinder findNearestMatch
WARNING: Unable to find an exact match for CDP version 105, so returning the closest version found: 101
Sep 20, 2022 12:16:58 PM org.openqa.selenium.devtools.CdpVersionFinder findNearestMatch
INFO: Found CDP implementation for version 105 of 101
]]></system-err>
  </testcase>
  <testcase name="runScenario[&quot;&quot;, &quot;webdriver university login page&quot;](5)" classname="runners.RunnerClass" time="4.187">
    <system-out><![CDATA[12:16:58.552 [AsyncHttpClient-1-6] DEBUG org.asynchttpclient.netty.handler.HttpHandler - 

Request DefaultHttpRequest(decodeResult: success, version: HTTP/1.1)
POST /session/545c6052dee7269dba5df44420b2146c/window/maximize HTTP/1.1
User-Agent: selenium/4.1.4 (java windows)
Content-Length: 3
Content-Type: application/json; charset=utf-8
host: localhost:62649
accept: */*

Response DefaultHttpResponse(decodeResult: success, version: HTTP/1.1)
HTTP/1.1 200 OK
Content-Type: application/json; charset=utf-8
cache-control: no-cache
content-length: 52

12:16:58.552 [AsyncHttpClient-1-6] DEBUG org.asynchttpclient.netty.channel.ChannelManager - Adding key: http://localhost:62649 for channel [id: 0x0ab1842a, L:/127.0.0.1:60053 - R:localhost/127.0.0.1:62649]
12:16:58.562 [Forwarding get on session 545c6052dee7269dba5df44420b2146c to remote] DEBUG org.asynchttpclient.netty.request.NettyRequestSender - Using pooled Channel '[id: 0x0ab1842a, L:/127.0.0.1:60053 - R:localhost/127.0.0.1:62649]' for 'POST' to 'http://localhost:62649/session/545c6052dee7269dba5df44420b2146c/url'
12:16:58.562 [Forwarding get on session 545c6052dee7269dba5df44420b2146c to remote] DEBUG org.asynchttpclient.netty.request.NettyRequestSender - Using open Channel [id: 0x0ab1842a, L:/127.0.0.1:60053 - R:localhost/127.0.0.1:62649] for POST '/session/545c6052dee7269dba5df44420b2146c/url'
12:16:59.000 [AsyncHttpClient-1-1] DEBUG org.asynchttpclient.netty.channel.DefaultChannelPool - Entry count for : http://localhost:60056 : 1
12:16:59.082 [AsyncHttpClient-1-9] DEBUG org.asynchttpclient.netty.channel.NettyConnectListener - Using new Channel '[id: 0xba47334a, L:/127.0.0.1:60070 - R:localhost/127.0.0.1:53220]' for 'POST' to '/session'
12:16:59.886 [AsyncHttpClient-1-6] DEBUG org.asynchttpclient.netty.handler.HttpHandler - 

Request DefaultHttpRequest(decodeResult: success, version: HTTP/1.1)
POST /session/545c6052dee7269dba5df44420b2146c/url HTTP/1.1
User-Agent: selenium/4.1.4 (java windows)
Content-Length: 94
Content-Type: application/json; charset=utf-8
host: localhost:62649
accept: */*

Response DefaultHttpResponse(decodeResult: success, version: HTTP/1.1)
HTTP/1.1 200 OK
Content-Type: application/json; charset=utf-8
cache-control: no-cache
content-length: 14

12:16:59.886 [AsyncHttpClient-1-6] DEBUG org.asynchttpclient.netty.channel.ChannelManager - Adding key: http://localhost:62649 for channel [id: 0x0ab1842a, L:/127.0.0.1:60053 - R:localhost/127.0.0.1:62649]
12:16:59.893 [Forwarding findElement on session 545c6052dee7269dba5df44420b2146c to remote] DEBUG org.asynchttpclient.netty.request.NettyRequestSender - Using pooled Channel '[id: 0x0ab1842a, L:/127.0.0.1:60053 - R:localhost/127.0.0.1:62649]' for 'POST' to 'http://localhost:62649/session/545c6052dee7269dba5df44420b2146c/element'
12:16:59.895 [Forwarding findElement on session 545c6052dee7269dba5df44420b2146c to remote] DEBUG org.asynchttpclient.netty.request.NettyRequestSender - Using open Channel [id: 0x0ab1842a, L:/127.0.0.1:60053 - R:localhost/127.0.0.1:62649] for POST '/session/545c6052dee7269dba5df44420b2146c/element'
12:17:00.120 [AsyncHttpClient-1-1] DEBUG org.asynchttpclient.netty.channel.DefaultChannelPool - Entry count for : http://localhost:60056 : 1
12:17:00.155 [AsyncHttpClient-1-6] DEBUG org.asynchttpclient.netty.handler.HttpHandler - 

Request DefaultHttpRequest(decodeResult: success, version: HTTP/1.1)
POST /session/545c6052dee7269dba5df44420b2146c/element HTTP/1.1
User-Agent: selenium/4.1.4 (java windows)
Content-Length: 49
Content-Type: application/json; charset=utf-8
host: localhost:62649
accept: */*

Response DefaultHttpResponse(decodeResult: success, version: HTTP/1.1)
HTTP/1.1 200 OK
Content-Type: application/json; charset=utf-8
cache-control: no-cache
content-length: 88

12:17:00.156 [AsyncHttpClient-1-6] DEBUG org.asynchttpclient.netty.channel.ChannelManager - Adding key: http://localhost:62649 for channel [id: 0x0ab1842a, L:/127.0.0.1:60053 - R:localhost/127.0.0.1:62649]
12:17:00.169 [Forwarding isElementDisplayed on session 545c6052dee7269dba5df44420b2146c to remote] DEBUG org.asynchttpclient.netty.request.NettyRequestSender - Using pooled Channel '[id: 0x0ab1842a, L:/127.0.0.1:60053 - R:localhost/127.0.0.1:62649]' for 'POST' to 'http://localhost:62649/session/545c6052dee7269dba5df44420b2146c/execute/sync'
12:17:00.169 [Forwarding isElementDisplayed on session 545c6052dee7269dba5df44420b2146c to remote] DEBUG org.asynchttpclient.netty.request.NettyRequestSender - Using open Channel [id: 0x0ab1842a, L:/127.0.0.1:60053 - R:localhost/127.0.0.1:62649] for POST '/session/545c6052dee7269dba5df44420b2146c/execute/sync'
12:17:00.365 [AsyncHttpClient-1-6] DEBUG org.asynchttpclient.netty.handler.HttpHandler - 

Request DefaultHttpRequest(decodeResult: success, version: HTTP/1.1)
POST /session/545c6052dee7269dba5df44420b2146c/execute/sync HTTP/1.1
User-Agent: selenium/4.1.4 (java windows)
Content-Length: 48780
Content-Type: application/json; charset=utf-8
host: localhost:62649
accept: */*

Response DefaultHttpResponse(decodeResult: success, version: HTTP/1.1)
HTTP/1.1 200 OK
Content-Type: application/json; charset=utf-8
cache-control: no-cache
content-length: 14

12:17:00.366 [AsyncHttpClient-1-6] DEBUG org.asynchttpclient.netty.channel.ChannelManager - Adding key: http://localhost:62649 for channel [id: 0x0ab1842a, L:/127.0.0.1:60053 - R:localhost/127.0.0.1:62649]
12:17:00.372 [Forwarding findElement on session 545c6052dee7269dba5df44420b2146c to remote] DEBUG org.asynchttpclient.netty.request.NettyRequestSender - Using pooled Channel '[id: 0x0ab1842a, L:/127.0.0.1:60053 - R:localhost/127.0.0.1:62649]' for 'POST' to 'http://localhost:62649/session/545c6052dee7269dba5df44420b2146c/element'
12:17:00.372 [Forwarding findElement on session 545c6052dee7269dba5df44420b2146c to remote] DEBUG org.asynchttpclient.netty.request.NettyRequestSender - Using open Channel [id: 0x0ab1842a, L:/127.0.0.1:60053 - R:localhost/127.0.0.1:62649] for POST '/session/545c6052dee7269dba5df44420b2146c/element'
12:17:00.499 [AsyncHttpClient-1-6] DEBUG org.asynchttpclient.netty.handler.HttpHandler - 

Request DefaultHttpRequest(decodeResult: success, version: HTTP/1.1)
POST /session/545c6052dee7269dba5df44420b2146c/element HTTP/1.1
User-Agent: selenium/4.1.4 (java windows)
Content-Length: 49
Content-Type: application/json; charset=utf-8
host: localhost:62649
accept: */*

Response DefaultHttpResponse(decodeResult: success, version: HTTP/1.1)
HTTP/1.1 200 OK
Content-Type: application/json; charset=utf-8
cache-control: no-cache
content-length: 88

12:17:00.499 [AsyncHttpClient-1-6] DEBUG org.asynchttpclient.netty.channel.ChannelManager - Adding key: http://localhost:62649 for channel [id: 0x0ab1842a, L:/127.0.0.1:60053 - R:localhost/127.0.0.1:62649]
12:17:00.501 [Forwarding isElementEnabled on session 545c6052dee7269dba5df44420b2146c to remote] DEBUG org.asynchttpclient.netty.request.NettyRequestSender - Using pooled Channel '[id: 0x0ab1842a, L:/127.0.0.1:60053 - R:localhost/127.0.0.1:62649]' for 'GET' to 'http://localhost:62649/session/545c6052dee7269dba5df44420b2146c/element/2ad8bc54-fe1f-4c99-a0d7-2cc9c3e62133/enabled'
12:17:00.501 [Forwarding isElementEnabled on session 545c6052dee7269dba5df44420b2146c to remote] DEBUG org.asynchttpclient.netty.request.NettyRequestSender - Using open Channel [id: 0x0ab1842a, L:/127.0.0.1:60053 - R:localhost/127.0.0.1:62649] for GET '/session/545c6052dee7269dba5df44420b2146c/element/2ad8bc54-fe1f-4c99-a0d7-2cc9c3e62133/enabled'
12:17:00.522 [AsyncHttpClient-1-9] DEBUG org.asynchttpclient.netty.handler.HttpHandler - 

Request DefaultHttpRequest(decodeResult: success, version: HTTP/1.1)
POST /session HTTP/1.1
User-Agent: selenium/4.1.4 (java windows)
Content-Length: 437
Content-Type: application/json; charset=utf-8
host: localhost:53220
accept: */*

Response DefaultHttpResponse(decodeResult: success, version: HTTP/1.1)
HTTP/1.1 200 OK
Content-Type: application/json; charset=utf-8
cache-control: no-cache
content-length: 790

12:17:00.522 [AsyncHttpClient-1-9] DEBUG org.asynchttpclient.netty.channel.ChannelManager - Adding key: http://localhost:53220 for channel [id: 0xba47334a, L:/127.0.0.1:60070 - R:localhost/127.0.0.1:53220]
12:17:00.540 [AsyncHttpClient-1-3] DEBUG org.asynchttpclient.netty.channel.NettyConnectListener - Using new Channel '[id: 0x1da0f91c, L:/127.0.0.1:60080 - R:localhost/127.0.0.1:60075]' for 'GET' to '/json/version'
12:17:00.546 [AsyncHttpClient-1-3] DEBUG org.asynchttpclient.netty.handler.HttpHandler - 

Request DefaultFullHttpRequest(decodeResult: success, version: HTTP/1.1, content: EmptyByteBufBE)
GET /json/version HTTP/1.1
User-Agent: selenium/4.1.4 (java windows)
host: localhost:60075
accept: */*

Response DefaultHttpResponse(decodeResult: success, version: HTTP/1.1)
HTTP/1.1 200 OK
Content-Type: application/json; charset=UTF-8
content-length: 423

12:17:00.546 [AsyncHttpClient-1-3] DEBUG org.asynchttpclient.netty.channel.ChannelManager - Adding key: http://localhost:60075 for channel [id: 0x1da0f91c, L:/127.0.0.1:60080 - R:localhost/127.0.0.1:60075]
12:17:00.548 [AsyncHttpClient-1-2] DEBUG org.asynchttpclient.netty.channel.NettyConnectListener - Using new Channel '[id: 0x9e43cd81, L:/127.0.0.1:60081 - R:localhost/127.0.0.1:60075]' for 'GET' to '/devtools/browser/b12a23c6-c703-4056-b894-7e4e5a0c44a1'
12:17:00.554 [AsyncHttpClient-1-2] DEBUG org.asynchttpclient.netty.handler.WebSocketHandler - 

Request DefaultFullHttpRequest(decodeResult: success, version: HTTP/1.1, content: EmptyByteBufBE)
GET /devtools/browser/b12a23c6-c703-4056-b894-7e4e5a0c44a1 HTTP/1.1
upgrade: websocket
connection: upgrade
sec-websocket-key: r2JH/KDOFOfTSIkqlytfMQ==
sec-websocket-version: 13
origin: http://localhost:60075
host: localhost:60075
accept: */*
user-agent: AHC/2.1

Response DefaultHttpResponse(decodeResult: success, version: HTTP/1.1)
HTTP/1.1 101 WebSocket Protocol Handshake
Upgrade: WebSocket
Connection: Upgrade
Sec-WebSocket-Accept: H0hcqchcdi5G/v/hTOSShWjZPiQ=

12:17:00.566 [Forwarding maximizeCurrentWindow on session b76d300ccb6e630efb38d2d4210b30c6 to remote] DEBUG org.asynchttpclient.netty.request.NettyRequestSender - Using pooled Channel '[id: 0xba47334a, L:/127.0.0.1:60070 - R:localhost/127.0.0.1:53220]' for 'POST' to 'http://localhost:53220/session/b76d300ccb6e630efb38d2d4210b30c6/window/maximize'
12:17:00.566 [Forwarding maximizeCurrentWindow on session b76d300ccb6e630efb38d2d4210b30c6 to remote] DEBUG org.asynchttpclient.netty.request.NettyRequestSender - Using open Channel [id: 0xba47334a, L:/127.0.0.1:60070 - R:localhost/127.0.0.1:53220] for POST '/session/b76d300ccb6e630efb38d2d4210b30c6/window/maximize'
12:17:00.584 [AsyncHttpClient-1-6] DEBUG org.asynchttpclient.netty.handler.HttpHandler - 

Request DefaultFullHttpRequest(decodeResult: success, version: HTTP/1.1, content: EmptyByteBufBE)
GET /session/545c6052dee7269dba5df44420b2146c/element/2ad8bc54-fe1f-4c99-a0d7-2cc9c3e62133/enabled HTTP/1.1
User-Agent: selenium/4.1.4 (java windows)
Cache-Control: no-cache
Content-Type: application/json; charset=utf-8
host: localhost:62649
accept: */*

Response DefaultHttpResponse(decodeResult: success, version: HTTP/1.1)
HTTP/1.1 200 OK
Content-Type: application/json; charset=utf-8
cache-control: no-cache
content-length: 14

12:17:00.584 [AsyncHttpClient-1-6] DEBUG org.asynchttpclient.netty.channel.ChannelManager - Adding key: http://localhost:62649 for channel [id: 0x0ab1842a, L:/127.0.0.1:60053 - R:localhost/127.0.0.1:62649]
12:17:00.586 [Forwarding findElement on session 545c6052dee7269dba5df44420b2146c to remote] DEBUG org.asynchttpclient.netty.request.NettyRequestSender - Using pooled Channel '[id: 0x0ab1842a, L:/127.0.0.1:60053 - R:localhost/127.0.0.1:62649]' for 'POST' to 'http://localhost:62649/session/545c6052dee7269dba5df44420b2146c/element'
12:17:00.586 [Forwarding findElement on session 545c6052dee7269dba5df44420b2146c to remote] DEBUG org.asynchttpclient.netty.request.NettyRequestSender - Using open Channel [id: 0x0ab1842a, L:/127.0.0.1:60053 - R:localhost/127.0.0.1:62649] for POST '/session/545c6052dee7269dba5df44420b2146c/element'
12:17:00.604 [AsyncHttpClient-1-6] DEBUG org.asynchttpclient.netty.handler.HttpHandler - 

Request DefaultHttpRequest(decodeResult: success, version: HTTP/1.1)
POST /session/545c6052dee7269dba5df44420b2146c/element HTTP/1.1
User-Agent: selenium/4.1.4 (java windows)
Content-Length: 49
Content-Type: application/json; charset=utf-8
host: localhost:62649
accept: */*

Response DefaultHttpResponse(decodeResult: success, version: HTTP/1.1)
HTTP/1.1 200 OK
Content-Type: application/json; charset=utf-8
cache-control: no-cache
content-length: 88

12:17:00.604 [AsyncHttpClient-1-6] DEBUG org.asynchttpclient.netty.channel.ChannelManager - Adding key: http://localhost:62649 for channel [id: 0x0ab1842a, L:/127.0.0.1:60053 - R:localhost/127.0.0.1:62649]
12:17:00.622 [Forwarding sendKeysToElement on session 545c6052dee7269dba5df44420b2146c to remote] DEBUG org.asynchttpclient.netty.request.NettyRequestSender - Using pooled Channel '[id: 0x0ab1842a, L:/127.0.0.1:60053 - R:localhost/127.0.0.1:62649]' for 'POST' to 'http://localhost:62649/session/545c6052dee7269dba5df44420b2146c/element/2ad8bc54-fe1f-4c99-a0d7-2cc9c3e62133/value'
12:17:00.622 [Forwarding sendKeysToElement on session 545c6052dee7269dba5df44420b2146c to remote] DEBUG org.asynchttpclient.netty.request.NettyRequestSender - Using open Channel [id: 0x0ab1842a, L:/127.0.0.1:60053 - R:localhost/127.0.0.1:62649] for POST '/session/545c6052dee7269dba5df44420b2146c/element/2ad8bc54-fe1f-4c99-a0d7-2cc9c3e62133/value'
12:17:00.770 [AsyncHttpClient-1-9] DEBUG org.asynchttpclient.netty.handler.HttpHandler - 

Request DefaultHttpRequest(decodeResult: success, version: HTTP/1.1)
POST /session/b76d300ccb6e630efb38d2d4210b30c6/window/maximize HTTP/1.1
User-Agent: selenium/4.1.4 (java windows)
Content-Length: 3
Content-Type: application/json; charset=utf-8
host: localhost:53220
accept: */*

Response DefaultHttpResponse(decodeResult: success, version: HTTP/1.1)
HTTP/1.1 200 OK
Content-Type: application/json; charset=utf-8
cache-control: no-cache
content-length: 52

12:17:00.770 [AsyncHttpClient-1-9] DEBUG org.asynchttpclient.netty.channel.ChannelManager - Adding key: http://localhost:53220 for channel [id: 0xba47334a, L:/127.0.0.1:60070 - R:localhost/127.0.0.1:53220]
12:17:00.774 [Forwarding get on session b76d300ccb6e630efb38d2d4210b30c6 to remote] DEBUG org.asynchttpclient.netty.request.NettyRequestSender - Using pooled Channel '[id: 0xba47334a, L:/127.0.0.1:60070 - R:localhost/127.0.0.1:53220]' for 'POST' to 'http://localhost:53220/session/b76d300ccb6e630efb38d2d4210b30c6/url'
12:17:00.777 [Forwarding get on session b76d300ccb6e630efb38d2d4210b30c6 to remote] DEBUG org.asynchttpclient.netty.request.NettyRequestSender - Using open Channel [id: 0xba47334a, L:/127.0.0.1:60070 - R:localhost/127.0.0.1:53220] for POST '/session/b76d300ccb6e630efb38d2d4210b30c6/url'
12:17:00.817 [AsyncHttpClient-1-6] DEBUG org.asynchttpclient.netty.handler.HttpHandler - 

Request DefaultHttpRequest(decodeResult: success, version: HTTP/1.1)
POST /session/545c6052dee7269dba5df44420b2146c/element/2ad8bc54-fe1f-4c99-a0d7-2cc9c3e62133/value HTTP/1.1
User-Agent: selenium/4.1.4 (java windows)
Content-Length: 171
Content-Type: application/json; charset=utf-8
host: localhost:62649
accept: */*

Response DefaultHttpResponse(decodeResult: success, version: HTTP/1.1)
HTTP/1.1 200 OK
Content-Type: application/json; charset=utf-8
cache-control: no-cache
content-length: 14

12:17:00.817 [AsyncHttpClient-1-6] DEBUG org.asynchttpclient.netty.channel.ChannelManager - Adding key: http://localhost:62649 for channel [id: 0x0ab1842a, L:/127.0.0.1:60053 - R:localhost/127.0.0.1:62649]
12:17:00.824 [Forwarding findElement on session 545c6052dee7269dba5df44420b2146c to remote] DEBUG org.asynchttpclient.netty.request.NettyRequestSender - Using pooled Channel '[id: 0x0ab1842a, L:/127.0.0.1:60053 - R:localhost/127.0.0.1:62649]' for 'POST' to 'http://localhost:62649/session/545c6052dee7269dba5df44420b2146c/element'
12:17:00.827 [Forwarding findElement on session 545c6052dee7269dba5df44420b2146c to remote] DEBUG org.asynchttpclient.netty.request.NettyRequestSender - Using open Channel [id: 0x0ab1842a, L:/127.0.0.1:60053 - R:localhost/127.0.0.1:62649] for POST '/session/545c6052dee7269dba5df44420b2146c/element'
12:17:00.887 [AsyncHttpClient-1-6] DEBUG org.asynchttpclient.netty.handler.HttpHandler - 

Request DefaultHttpRequest(decodeResult: success, version: HTTP/1.1)
POST /session/545c6052dee7269dba5df44420b2146c/element HTTP/1.1
User-Agent: selenium/4.1.4 (java windows)
Content-Length: 53
Content-Type: application/json; charset=utf-8
host: localhost:62649
accept: */*

Response DefaultHttpResponse(decodeResult: success, version: HTTP/1.1)
HTTP/1.1 200 OK
Content-Type: application/json; charset=utf-8
cache-control: no-cache
content-length: 88

12:17:00.887 [AsyncHttpClient-1-6] DEBUG org.asynchttpclient.netty.channel.ChannelManager - Adding key: http://localhost:62649 for channel [id: 0x0ab1842a, L:/127.0.0.1:60053 - R:localhost/127.0.0.1:62649]
12:17:00.897 [Forwarding isElementDisplayed on session 545c6052dee7269dba5df44420b2146c to remote] DEBUG org.asynchttpclient.netty.request.NettyRequestSender - Using pooled Channel '[id: 0x0ab1842a, L:/127.0.0.1:60053 - R:localhost/127.0.0.1:62649]' for 'POST' to 'http://localhost:62649/session/545c6052dee7269dba5df44420b2146c/execute/sync'
12:17:00.897 [Forwarding isElementDisplayed on session 545c6052dee7269dba5df44420b2146c to remote] DEBUG org.asynchttpclient.netty.request.NettyRequestSender - Using open Channel [id: 0x0ab1842a, L:/127.0.0.1:60053 - R:localhost/127.0.0.1:62649] for POST '/session/545c6052dee7269dba5df44420b2146c/execute/sync'
12:17:00.930 [AsyncHttpClient-1-6] DEBUG org.asynchttpclient.netty.handler.HttpHandler - 

Request DefaultHttpRequest(decodeResult: success, version: HTTP/1.1)
POST /session/545c6052dee7269dba5df44420b2146c/execute/sync HTTP/1.1
User-Agent: selenium/4.1.4 (java windows)
Content-Length: 48780
Content-Type: application/json; charset=utf-8
host: localhost:62649
accept: */*

Response DefaultHttpResponse(decodeResult: success, version: HTTP/1.1)
HTTP/1.1 200 OK
Content-Type: application/json; charset=utf-8
cache-control: no-cache
content-length: 14

12:17:00.931 [AsyncHttpClient-1-6] DEBUG org.asynchttpclient.netty.channel.ChannelManager - Adding key: http://localhost:62649 for channel [id: 0x0ab1842a, L:/127.0.0.1:60053 - R:localhost/127.0.0.1:62649]
12:17:00.933 [Forwarding findElement on session 545c6052dee7269dba5df44420b2146c to remote] DEBUG org.asynchttpclient.netty.request.NettyRequestSender - Using pooled Channel '[id: 0x0ab1842a, L:/127.0.0.1:60053 - R:localhost/127.0.0.1:62649]' for 'POST' to 'http://localhost:62649/session/545c6052dee7269dba5df44420b2146c/element'
12:17:00.933 [Forwarding findElement on session 545c6052dee7269dba5df44420b2146c to remote] DEBUG org.asynchttpclient.netty.request.NettyRequestSender - Using open Channel [id: 0x0ab1842a, L:/127.0.0.1:60053 - R:localhost/127.0.0.1:62649] for POST '/session/545c6052dee7269dba5df44420b2146c/element'
12:17:00.946 [AsyncHttpClient-1-6] DEBUG org.asynchttpclient.netty.handler.HttpHandler - 

Request DefaultHttpRequest(decodeResult: success, version: HTTP/1.1)
POST /session/545c6052dee7269dba5df44420b2146c/element HTTP/1.1
User-Agent: selenium/4.1.4 (java windows)
Content-Length: 53
Content-Type: application/json; charset=utf-8
host: localhost:62649
accept: */*

Response DefaultHttpResponse(decodeResult: success, version: HTTP/1.1)
HTTP/1.1 200 OK
Content-Type: application/json; charset=utf-8
cache-control: no-cache
content-length: 88

12:17:00.946 [AsyncHttpClient-1-6] DEBUG org.asynchttpclient.netty.channel.ChannelManager - Adding key: http://localhost:62649 for channel [id: 0x0ab1842a, L:/127.0.0.1:60053 - R:localhost/127.0.0.1:62649]
12:17:00.949 [Forwarding isElementEnabled on session 545c6052dee7269dba5df44420b2146c to remote] DEBUG org.asynchttpclient.netty.request.NettyRequestSender - Using pooled Channel '[id: 0x0ab1842a, L:/127.0.0.1:60053 - R:localhost/127.0.0.1:62649]' for 'GET' to 'http://localhost:62649/session/545c6052dee7269dba5df44420b2146c/element/eb1b304b-1532-44ae-b78e-78260abf294f/enabled'
12:17:00.949 [Forwarding isElementEnabled on session 545c6052dee7269dba5df44420b2146c to remote] DEBUG org.asynchttpclient.netty.request.NettyRequestSender - Using open Channel [id: 0x0ab1842a, L:/127.0.0.1:60053 - R:localhost/127.0.0.1:62649] for GET '/session/545c6052dee7269dba5df44420b2146c/element/eb1b304b-1532-44ae-b78e-78260abf294f/enabled'
12:17:00.965 [AsyncHttpClient-1-6] DEBUG org.asynchttpclient.netty.handler.HttpHandler - 

Request DefaultFullHttpRequest(decodeResult: success, version: HTTP/1.1, content: EmptyByteBufBE)
GET /session/545c6052dee7269dba5df44420b2146c/element/eb1b304b-1532-44ae-b78e-78260abf294f/enabled HTTP/1.1
User-Agent: selenium/4.1.4 (java windows)
Cache-Control: no-cache
Content-Type: application/json; charset=utf-8
host: localhost:62649
accept: */*

Response DefaultHttpResponse(decodeResult: success, version: HTTP/1.1)
HTTP/1.1 200 OK
Content-Type: application/json; charset=utf-8
cache-control: no-cache
content-length: 14

12:17:00.965 [AsyncHttpClient-1-6] DEBUG org.asynchttpclient.netty.channel.ChannelManager - Adding key: http://localhost:62649 for channel [id: 0x0ab1842a, L:/127.0.0.1:60053 - R:localhost/127.0.0.1:62649]
12:17:00.968 [Forwarding findElement on session 545c6052dee7269dba5df44420b2146c to remote] DEBUG org.asynchttpclient.netty.request.NettyRequestSender - Using pooled Channel '[id: 0x0ab1842a, L:/127.0.0.1:60053 - R:localhost/127.0.0.1:62649]' for 'POST' to 'http://localhost:62649/session/545c6052dee7269dba5df44420b2146c/element'
12:17:00.968 [Forwarding findElement on session 545c6052dee7269dba5df44420b2146c to remote] DEBUG org.asynchttpclient.netty.request.NettyRequestSender - Using open Channel [id: 0x0ab1842a, L:/127.0.0.1:60053 - R:localhost/127.0.0.1:62649] for POST '/session/545c6052dee7269dba5df44420b2146c/element'
12:17:00.981 [AsyncHttpClient-1-6] DEBUG org.asynchttpclient.netty.handler.HttpHandler - 

Request DefaultHttpRequest(decodeResult: success, version: HTTP/1.1)
POST /session/545c6052dee7269dba5df44420b2146c/element HTTP/1.1
User-Agent: selenium/4.1.4 (java windows)
Content-Length: 53
Content-Type: application/json; charset=utf-8
host: localhost:62649
accept: */*

Response DefaultHttpResponse(decodeResult: success, version: HTTP/1.1)
HTTP/1.1 200 OK
Content-Type: application/json; charset=utf-8
cache-control: no-cache
content-length: 88

12:17:00.982 [AsyncHttpClient-1-6] DEBUG org.asynchttpclient.netty.channel.ChannelManager - Adding key: http://localhost:62649 for channel [id: 0x0ab1842a, L:/127.0.0.1:60053 - R:localhost/127.0.0.1:62649]
12:17:00.984 [Forwarding sendKeysToElement on session 545c6052dee7269dba5df44420b2146c to remote] DEBUG org.asynchttpclient.netty.request.NettyRequestSender - Using pooled Channel '[id: 0x0ab1842a, L:/127.0.0.1:60053 - R:localhost/127.0.0.1:62649]' for 'POST' to 'http://localhost:62649/session/545c6052dee7269dba5df44420b2146c/element/eb1b304b-1532-44ae-b78e-78260abf294f/value'
12:17:00.984 [Forwarding sendKeysToElement on session 545c6052dee7269dba5df44420b2146c to remote] DEBUG org.asynchttpclient.netty.request.NettyRequestSender - Using open Channel [id: 0x0ab1842a, L:/127.0.0.1:60053 - R:localhost/127.0.0.1:62649] for POST '/session/545c6052dee7269dba5df44420b2146c/element/eb1b304b-1532-44ae-b78e-78260abf294f/value'
12:17:01.089 [AsyncHttpClient-1-6] DEBUG org.asynchttpclient.netty.handler.HttpHandler - 

Request DefaultHttpRequest(decodeResult: success, version: HTTP/1.1)
POST /session/545c6052dee7269dba5df44420b2146c/element/eb1b304b-1532-44ae-b78e-78260abf294f/value HTTP/1.1
User-Agent: selenium/4.1.4 (java windows)
Content-Length: 201
Content-Type: application/json; charset=utf-8
host: localhost:62649
accept: */*

Response DefaultHttpResponse(decodeResult: success, version: HTTP/1.1)
HTTP/1.1 200 OK
Content-Type: application/json; charset=utf-8
cache-control: no-cache
content-length: 14

12:17:01.089 [AsyncHttpClient-1-6] DEBUG org.asynchttpclient.netty.channel.ChannelManager - Adding key: http://localhost:62649 for channel [id: 0x0ab1842a, L:/127.0.0.1:60053 - R:localhost/127.0.0.1:62649]
12:17:01.097 [Forwarding findElement on session 545c6052dee7269dba5df44420b2146c to remote] DEBUG org.asynchttpclient.netty.request.NettyRequestSender - Using pooled Channel '[id: 0x0ab1842a, L:/127.0.0.1:60053 - R:localhost/127.0.0.1:62649]' for 'POST' to 'http://localhost:62649/session/545c6052dee7269dba5df44420b2146c/element'
12:17:01.098 [Forwarding findElement on session 545c6052dee7269dba5df44420b2146c to remote] DEBUG org.asynchttpclient.netty.request.NettyRequestSender - Using open Channel [id: 0x0ab1842a, L:/127.0.0.1:60053 - R:localhost/127.0.0.1:62649] for POST '/session/545c6052dee7269dba5df44420b2146c/element'
12:17:01.119 [AsyncHttpClient-1-6] DEBUG org.asynchttpclient.netty.handler.HttpHandler - 

Request DefaultHttpRequest(decodeResult: success, version: HTTP/1.1)
POST /session/545c6052dee7269dba5df44420b2146c/element HTTP/1.1
User-Agent: selenium/4.1.4 (java windows)
Content-Length: 59
Content-Type: application/json; charset=utf-8
host: localhost:62649
accept: */*

Response DefaultHttpResponse(decodeResult: success, version: HTTP/1.1)
HTTP/1.1 200 OK
Content-Type: application/json; charset=utf-8
cache-control: no-cache
content-length: 88

12:17:01.119 [AsyncHttpClient-1-6] DEBUG org.asynchttpclient.netty.channel.ChannelManager - Adding key: http://localhost:62649 for channel [id: 0x0ab1842a, L:/127.0.0.1:60053 - R:localhost/127.0.0.1:62649]
12:17:01.131 [Forwarding isElementDisplayed on session 545c6052dee7269dba5df44420b2146c to remote] DEBUG org.asynchttpclient.netty.request.NettyRequestSender - Using pooled Channel '[id: 0x0ab1842a, L:/127.0.0.1:60053 - R:localhost/127.0.0.1:62649]' for 'POST' to 'http://localhost:62649/session/545c6052dee7269dba5df44420b2146c/execute/sync'
12:17:01.131 [Forwarding isElementDisplayed on session 545c6052dee7269dba5df44420b2146c to remote] DEBUG org.asynchttpclient.netty.request.NettyRequestSender - Using open Channel [id: 0x0ab1842a, L:/127.0.0.1:60053 - R:localhost/127.0.0.1:62649] for POST '/session/545c6052dee7269dba5df44420b2146c/execute/sync'
12:17:01.202 [AsyncHttpClient-1-1] DEBUG org.asynchttpclient.netty.channel.DefaultChannelPool - Entry count for : http://localhost:60056 : 1
12:17:01.202 [AsyncHttpClient-1-1] DEBUG org.asynchttpclient.netty.channel.DefaultChannelPool - Entry count for : http://localhost:60075 : 1
12:17:01.240 [AsyncHttpClient-1-6] DEBUG org.asynchttpclient.netty.handler.HttpHandler - 

Request DefaultHttpRequest(decodeResult: success, version: HTTP/1.1)
POST /session/545c6052dee7269dba5df44420b2146c/execute/sync HTTP/1.1
User-Agent: selenium/4.1.4 (java windows)
Content-Length: 48780
Content-Type: application/json; charset=utf-8
host: localhost:62649
accept: */*

Response DefaultHttpResponse(decodeResult: success, version: HTTP/1.1)
HTTP/1.1 200 OK
Content-Type: application/json; charset=utf-8
cache-control: no-cache
content-length: 14

12:17:01.240 [AsyncHttpClient-1-6] DEBUG org.asynchttpclient.netty.channel.ChannelManager - Adding key: http://localhost:62649 for channel [id: 0x0ab1842a, L:/127.0.0.1:60053 - R:localhost/127.0.0.1:62649]
12:17:01.246 [Forwarding findElement on session 545c6052dee7269dba5df44420b2146c to remote] DEBUG org.asynchttpclient.netty.request.NettyRequestSender - Using pooled Channel '[id: 0x0ab1842a, L:/127.0.0.1:60053 - R:localhost/127.0.0.1:62649]' for 'POST' to 'http://localhost:62649/session/545c6052dee7269dba5df44420b2146c/element'
12:17:01.247 [Forwarding findElement on session 545c6052dee7269dba5df44420b2146c to remote] DEBUG org.asynchttpclient.netty.request.NettyRequestSender - Using open Channel [id: 0x0ab1842a, L:/127.0.0.1:60053 - R:localhost/127.0.0.1:62649] for POST '/session/545c6052dee7269dba5df44420b2146c/element'
12:17:01.268 [AsyncHttpClient-1-6] DEBUG org.asynchttpclient.netty.handler.HttpHandler - 

Request DefaultHttpRequest(decodeResult: success, version: HTTP/1.1)
POST /session/545c6052dee7269dba5df44420b2146c/element HTTP/1.1
User-Agent: selenium/4.1.4 (java windows)
Content-Length: 59
Content-Type: application/json; charset=utf-8
host: localhost:62649
accept: */*

Response DefaultHttpResponse(decodeResult: success, version: HTTP/1.1)
HTTP/1.1 200 OK
Content-Type: application/json; charset=utf-8
cache-control: no-cache
content-length: 88

12:17:01.268 [AsyncHttpClient-1-6] DEBUG org.asynchttpclient.netty.channel.ChannelManager - Adding key: http://localhost:62649 for channel [id: 0x0ab1842a, L:/127.0.0.1:60053 - R:localhost/127.0.0.1:62649]
12:17:01.270 [Forwarding isElementEnabled on session 545c6052dee7269dba5df44420b2146c to remote] DEBUG org.asynchttpclient.netty.request.NettyRequestSender - Using pooled Channel '[id: 0x0ab1842a, L:/127.0.0.1:60053 - R:localhost/127.0.0.1:62649]' for 'GET' to 'http://localhost:62649/session/545c6052dee7269dba5df44420b2146c/element/7b71ef59-1aac-43a3-8a12-3044e13d0218/enabled'
12:17:01.270 [Forwarding isElementEnabled on session 545c6052dee7269dba5df44420b2146c to remote] DEBUG org.asynchttpclient.netty.request.NettyRequestSender - Using open Channel [id: 0x0ab1842a, L:/127.0.0.1:60053 - R:localhost/127.0.0.1:62649] for GET '/session/545c6052dee7269dba5df44420b2146c/element/7b71ef59-1aac-43a3-8a12-3044e13d0218/enabled'
12:17:01.354 [AsyncHttpClient-1-6] DEBUG org.asynchttpclient.netty.handler.HttpHandler - 

Request DefaultFullHttpRequest(decodeResult: success, version: HTTP/1.1, content: EmptyByteBufBE)
GET /session/545c6052dee7269dba5df44420b2146c/element/7b71ef59-1aac-43a3-8a12-3044e13d0218/enabled HTTP/1.1
User-Agent: selenium/4.1.4 (java windows)
Cache-Control: no-cache
Content-Type: application/json; charset=utf-8
host: localhost:62649
accept: */*

Response DefaultHttpResponse(decodeResult: success, version: HTTP/1.1)
HTTP/1.1 200 OK
Content-Type: application/json; charset=utf-8
cache-control: no-cache
content-length: 14

12:17:01.354 [AsyncHttpClient-1-6] DEBUG org.asynchttpclient.netty.channel.ChannelManager - Adding key: http://localhost:62649 for channel [id: 0x0ab1842a, L:/127.0.0.1:60053 - R:localhost/127.0.0.1:62649]
12:17:01.356 [Forwarding findElement on session 545c6052dee7269dba5df44420b2146c to remote] DEBUG org.asynchttpclient.netty.request.NettyRequestSender - Using pooled Channel '[id: 0x0ab1842a, L:/127.0.0.1:60053 - R:localhost/127.0.0.1:62649]' for 'POST' to 'http://localhost:62649/session/545c6052dee7269dba5df44420b2146c/element'
12:17:01.356 [Forwarding findElement on session 545c6052dee7269dba5df44420b2146c to remote] DEBUG org.asynchttpclient.netty.request.NettyRequestSender - Using open Channel [id: 0x0ab1842a, L:/127.0.0.1:60053 - R:localhost/127.0.0.1:62649] for POST '/session/545c6052dee7269dba5df44420b2146c/element'
12:17:01.367 [AsyncHttpClient-1-6] DEBUG org.asynchttpclient.netty.handler.HttpHandler - 

Request DefaultHttpRequest(decodeResult: success, version: HTTP/1.1)
POST /session/545c6052dee7269dba5df44420b2146c/element HTTP/1.1
User-Agent: selenium/4.1.4 (java windows)
Content-Length: 59
Content-Type: application/json; charset=utf-8
host: localhost:62649
accept: */*

Response DefaultHttpResponse(decodeResult: success, version: HTTP/1.1)
HTTP/1.1 200 OK
Content-Type: application/json; charset=utf-8
cache-control: no-cache
content-length: 88

12:17:01.367 [AsyncHttpClient-1-6] DEBUG org.asynchttpclient.netty.channel.ChannelManager - Adding key: http://localhost:62649 for channel [id: 0x0ab1842a, L:/127.0.0.1:60053 - R:localhost/127.0.0.1:62649]
12:17:01.370 [Forwarding clickElement on session 545c6052dee7269dba5df44420b2146c to remote] DEBUG org.asynchttpclient.netty.request.NettyRequestSender - Using pooled Channel '[id: 0x0ab1842a, L:/127.0.0.1:60053 - R:localhost/127.0.0.1:62649]' for 'POST' to 'http://localhost:62649/session/545c6052dee7269dba5df44420b2146c/element/7b71ef59-1aac-43a3-8a12-3044e13d0218/click'
12:17:01.370 [Forwarding clickElement on session 545c6052dee7269dba5df44420b2146c to remote] DEBUG org.asynchttpclient.netty.request.NettyRequestSender - Using open Channel [id: 0x0ab1842a, L:/127.0.0.1:60053 - R:localhost/127.0.0.1:62649] for POST '/session/545c6052dee7269dba5df44420b2146c/element/7b71ef59-1aac-43a3-8a12-3044e13d0218/click'
12:17:01.449 [AsyncHttpClient-1-6] DEBUG org.asynchttpclient.netty.handler.HttpHandler - 

Request DefaultHttpRequest(decodeResult: success, version: HTTP/1.1)
POST /session/545c6052dee7269dba5df44420b2146c/element/7b71ef59-1aac-43a3-8a12-3044e13d0218/click HTTP/1.1
User-Agent: selenium/4.1.4 (java windows)
Content-Length: 50
Content-Type: application/json; charset=utf-8
host: localhost:62649
accept: */*

Response DefaultHttpResponse(decodeResult: success, version: HTTP/1.1)
HTTP/1.1 200 OK
Content-Type: application/json; charset=utf-8
cache-control: no-cache
content-length: 14

12:17:01.450 [AsyncHttpClient-1-6] DEBUG org.asynchttpclient.netty.channel.ChannelManager - Adding key: http://localhost:62649 for channel [id: 0x0ab1842a, L:/127.0.0.1:60053 - R:localhost/127.0.0.1:62649]
12:17:01.461 [Forwarding getAlertText on session 545c6052dee7269dba5df44420b2146c to remote] DEBUG org.asynchttpclient.netty.request.NettyRequestSender - Using pooled Channel '[id: 0x0ab1842a, L:/127.0.0.1:60053 - R:localhost/127.0.0.1:62649]' for 'GET' to 'http://localhost:62649/session/545c6052dee7269dba5df44420b2146c/alert/text'
12:17:01.461 [Forwarding getAlertText on session 545c6052dee7269dba5df44420b2146c to remote] DEBUG org.asynchttpclient.netty.request.NettyRequestSender - Using open Channel [id: 0x0ab1842a, L:/127.0.0.1:60053 - R:localhost/127.0.0.1:62649] for GET '/session/545c6052dee7269dba5df44420b2146c/alert/text'
12:17:01.465 [AsyncHttpClient-1-6] DEBUG org.asynchttpclient.netty.handler.HttpHandler - 

Request DefaultFullHttpRequest(decodeResult: success, version: HTTP/1.1, content: EmptyByteBufBE)
GET /session/545c6052dee7269dba5df44420b2146c/alert/text HTTP/1.1
User-Agent: selenium/4.1.4 (java windows)
Cache-Control: no-cache
Content-Type: application/json; charset=utf-8
host: localhost:62649
accept: */*

Response DefaultHttpResponse(decodeResult: success, version: HTTP/1.1)
HTTP/1.1 200 OK
Content-Type: application/json; charset=utf-8
cache-control: no-cache
content-length: 32

12:17:01.466 [AsyncHttpClient-1-6] DEBUG org.asynchttpclient.netty.channel.ChannelManager - Adding key: http://localhost:62649 for channel [id: 0x0ab1842a, L:/127.0.0.1:60053 - R:localhost/127.0.0.1:62649]
12:17:01.471 [Forwarding getAlertText on session 545c6052dee7269dba5df44420b2146c to remote] DEBUG org.asynchttpclient.netty.request.NettyRequestSender - Using pooled Channel '[id: 0x0ab1842a, L:/127.0.0.1:60053 - R:localhost/127.0.0.1:62649]' for 'GET' to 'http://localhost:62649/session/545c6052dee7269dba5df44420b2146c/alert/text'
12:17:01.471 [Forwarding getAlertText on session 545c6052dee7269dba5df44420b2146c to remote] DEBUG org.asynchttpclient.netty.request.NettyRequestSender - Using open Channel [id: 0x0ab1842a, L:/127.0.0.1:60053 - R:localhost/127.0.0.1:62649] for GET '/session/545c6052dee7269dba5df44420b2146c/alert/text'
12:17:01.483 [AsyncHttpClient-1-6] DEBUG org.asynchttpclient.netty.handler.HttpHandler - 

Request DefaultFullHttpRequest(decodeResult: success, version: HTTP/1.1, content: EmptyByteBufBE)
GET /session/545c6052dee7269dba5df44420b2146c/alert/text HTTP/1.1
User-Agent: selenium/4.1.4 (java windows)
Cache-Control: no-cache
Content-Type: application/json; charset=utf-8
host: localhost:62649
accept: */*

Response DefaultHttpResponse(decodeResult: success, version: HTTP/1.1)
HTTP/1.1 200 OK
Content-Type: application/json; charset=utf-8
cache-control: no-cache
content-length: 32

12:17:01.484 [AsyncHttpClient-1-6] DEBUG org.asynchttpclient.netty.channel.ChannelManager - Adding key: http://localhost:62649 for channel [id: 0x0ab1842a, L:/127.0.0.1:60053 - R:localhost/127.0.0.1:62649]
12:17:01.491 [Forwarding getAlertText on session 545c6052dee7269dba5df44420b2146c to remote] DEBUG org.asynchttpclient.netty.request.NettyRequestSender - Using pooled Channel '[id: 0x0ab1842a, L:/127.0.0.1:60053 - R:localhost/127.0.0.1:62649]' for 'GET' to 'http://localhost:62649/session/545c6052dee7269dba5df44420b2146c/alert/text'
12:17:01.491 [Forwarding getAlertText on session 545c6052dee7269dba5df44420b2146c to remote] DEBUG org.asynchttpclient.netty.request.NettyRequestSender - Using open Channel [id: 0x0ab1842a, L:/127.0.0.1:60053 - R:localhost/127.0.0.1:62649] for GET '/session/545c6052dee7269dba5df44420b2146c/alert/text'
12:17:01.496 [AsyncHttpClient-1-6] DEBUG org.asynchttpclient.netty.handler.HttpHandler - 

Request DefaultFullHttpRequest(decodeResult: success, version: HTTP/1.1, content: EmptyByteBufBE)
GET /session/545c6052dee7269dba5df44420b2146c/alert/text HTTP/1.1
User-Agent: selenium/4.1.4 (java windows)
Cache-Control: no-cache
Content-Type: application/json; charset=utf-8
host: localhost:62649
accept: */*

Response DefaultHttpResponse(decodeResult: success, version: HTTP/1.1)
HTTP/1.1 200 OK
Content-Type: application/json; charset=utf-8
cache-control: no-cache
content-length: 32

12:17:01.497 [AsyncHttpClient-1-6] DEBUG org.asynchttpclient.netty.channel.ChannelManager - Adding key: http://localhost:62649 for channel [id: 0x0ab1842a, L:/127.0.0.1:60053 - R:localhost/127.0.0.1:62649]
12:17:01.535 [AsyncHttpClient-1-8] DEBUG org.asynchttpclient.netty.handler.WebSocketHandler - Channel Closed: [id: 0x33db2301, L:/127.0.0.1:60063 ! R:localhost/127.0.0.1:60056] with attribute NettyResponseFuture{currentRetry=5,
	isDone=1,
	isCancelled=0,
	asyncHandler=org.asynchttpclient.ws.WebSocketUpgradeHandler@4430053d,
	nettyRequest=org.asynchttpclient.netty.request.NettyRequest@3ebda8f6,
	future=java.util.concurrent.CompletableFuture@2620c445[Completed normally],
	uri=ws://localhost:60056/devtools/browser/a469e5e3-044b-4db4-a918-5480d181f74e,
	keepAlive=true,
	redirectCount=0,
	timeoutsHolder=null,
	inAuth=0,
	touch=1663690618333}
12:17:01.536 [AsyncHttpClient-1-8] DEBUG org.asynchttpclient.netty.channel.ChannelManager - Closing Channel [id: 0x33db2301, L:/127.0.0.1:60063 ! R:localhost/127.0.0.1:60056] 
12:17:01.542 [Driver Command Executor] DEBUG org.asynchttpclient.netty.request.NettyRequestSender - Using pooled Channel '[id: 0x0ab1842a, L:/127.0.0.1:60053 - R:localhost/127.0.0.1:62649]' for 'DELETE' to 'http://localhost:62649/session/545c6052dee7269dba5df44420b2146c'
12:17:01.547 [Driver Command Executor] DEBUG org.asynchttpclient.netty.request.NettyRequestSender - Using open Channel [id: 0x0ab1842a, L:/127.0.0.1:60053 - R:localhost/127.0.0.1:62649] for DELETE '/session/545c6052dee7269dba5df44420b2146c'
12:17:01.803 [AsyncHttpClient-1-9] DEBUG org.asynchttpclient.netty.handler.HttpHandler - 

Request DefaultHttpRequest(decodeResult: success, version: HTTP/1.1)
POST /session/b76d300ccb6e630efb38d2d4210b30c6/url HTTP/1.1
User-Agent: selenium/4.1.4 (java windows)
Content-Length: 94
Content-Type: application/json; charset=utf-8
host: localhost:53220
accept: */*

Response DefaultHttpResponse(decodeResult: success, version: HTTP/1.1)
HTTP/1.1 200 OK
Content-Type: application/json; charset=utf-8
cache-control: no-cache
content-length: 14

12:17:01.803 [AsyncHttpClient-1-9] DEBUG org.asynchttpclient.netty.channel.ChannelManager - Adding key: http://localhost:53220 for channel [id: 0xba47334a, L:/127.0.0.1:60070 - R:localhost/127.0.0.1:53220]
12:17:01.806 [Forwarding findElement on session b76d300ccb6e630efb38d2d4210b30c6 to remote] DEBUG org.asynchttpclient.netty.request.NettyRequestSender - Using pooled Channel '[id: 0xba47334a, L:/127.0.0.1:60070 - R:localhost/127.0.0.1:53220]' for 'POST' to 'http://localhost:53220/session/b76d300ccb6e630efb38d2d4210b30c6/element'
12:17:01.807 [Forwarding findElement on session b76d300ccb6e630efb38d2d4210b30c6 to remote] DEBUG org.asynchttpclient.netty.request.NettyRequestSender - Using open Channel [id: 0xba47334a, L:/127.0.0.1:60070 - R:localhost/127.0.0.1:53220] for POST '/session/b76d300ccb6e630efb38d2d4210b30c6/element'
12:17:01.833 [AsyncHttpClient-1-9] DEBUG org.asynchttpclient.netty.handler.HttpHandler - 

Request DefaultHttpRequest(decodeResult: success, version: HTTP/1.1)
POST /session/b76d300ccb6e630efb38d2d4210b30c6/element HTTP/1.1
User-Agent: selenium/4.1.4 (java windows)
Content-Length: 49
Content-Type: application/json; charset=utf-8
host: localhost:53220
accept: */*

Response DefaultHttpResponse(decodeResult: success, version: HTTP/1.1)
HTTP/1.1 200 OK
Content-Type: application/json; charset=utf-8
cache-control: no-cache
content-length: 88

12:17:01.833 [AsyncHttpClient-1-9] DEBUG org.asynchttpclient.netty.channel.ChannelManager - Adding key: http://localhost:53220 for channel [id: 0xba47334a, L:/127.0.0.1:60070 - R:localhost/127.0.0.1:53220]
12:17:01.844 [Forwarding isElementDisplayed on session b76d300ccb6e630efb38d2d4210b30c6 to remote] DEBUG org.asynchttpclient.netty.request.NettyRequestSender - Using pooled Channel '[id: 0xba47334a, L:/127.0.0.1:60070 - R:localhost/127.0.0.1:53220]' for 'POST' to 'http://localhost:53220/session/b76d300ccb6e630efb38d2d4210b30c6/execute/sync'
12:17:01.844 [Forwarding isElementDisplayed on session b76d300ccb6e630efb38d2d4210b30c6 to remote] DEBUG org.asynchttpclient.netty.request.NettyRequestSender - Using open Channel [id: 0xba47334a, L:/127.0.0.1:60070 - R:localhost/127.0.0.1:53220] for POST '/session/b76d300ccb6e630efb38d2d4210b30c6/execute/sync'
12:17:01.869 [AsyncHttpClient-1-9] DEBUG org.asynchttpclient.netty.handler.HttpHandler - 

Request DefaultHttpRequest(decodeResult: success, version: HTTP/1.1)
POST /session/b76d300ccb6e630efb38d2d4210b30c6/execute/sync HTTP/1.1
User-Agent: selenium/4.1.4 (java windows)
Content-Length: 48780
Content-Type: application/json; charset=utf-8
host: localhost:53220
accept: */*

Response DefaultHttpResponse(decodeResult: success, version: HTTP/1.1)
HTTP/1.1 200 OK
Content-Type: application/json; charset=utf-8
cache-control: no-cache
content-length: 14

12:17:01.869 [AsyncHttpClient-1-9] DEBUG org.asynchttpclient.netty.channel.ChannelManager - Adding key: http://localhost:53220 for channel [id: 0xba47334a, L:/127.0.0.1:60070 - R:localhost/127.0.0.1:53220]
12:17:01.871 [Forwarding findElement on session b76d300ccb6e630efb38d2d4210b30c6 to remote] DEBUG org.asynchttpclient.netty.request.NettyRequestSender - Using pooled Channel '[id: 0xba47334a, L:/127.0.0.1:60070 - R:localhost/127.0.0.1:53220]' for 'POST' to 'http://localhost:53220/session/b76d300ccb6e630efb38d2d4210b30c6/element'
12:17:01.871 [Forwarding findElement on session b76d300ccb6e630efb38d2d4210b30c6 to remote] DEBUG org.asynchttpclient.netty.request.NettyRequestSender - Using open Channel [id: 0xba47334a, L:/127.0.0.1:60070 - R:localhost/127.0.0.1:53220] for POST '/session/b76d300ccb6e630efb38d2d4210b30c6/element'
12:17:01.881 [AsyncHttpClient-1-9] DEBUG org.asynchttpclient.netty.handler.HttpHandler - 

Request DefaultHttpRequest(decodeResult: success, version: HTTP/1.1)
POST /session/b76d300ccb6e630efb38d2d4210b30c6/element HTTP/1.1
User-Agent: selenium/4.1.4 (java windows)
Content-Length: 49
Content-Type: application/json; charset=utf-8
host: localhost:53220
accept: */*

Response DefaultHttpResponse(decodeResult: success, version: HTTP/1.1)
HTTP/1.1 200 OK
Content-Type: application/json; charset=utf-8
cache-control: no-cache
content-length: 88

12:17:01.882 [AsyncHttpClient-1-9] DEBUG org.asynchttpclient.netty.channel.ChannelManager - Adding key: http://localhost:53220 for channel [id: 0xba47334a, L:/127.0.0.1:60070 - R:localhost/127.0.0.1:53220]
12:17:01.883 [Forwarding isElementEnabled on session b76d300ccb6e630efb38d2d4210b30c6 to remote] DEBUG org.asynchttpclient.netty.request.NettyRequestSender - Using pooled Channel '[id: 0xba47334a, L:/127.0.0.1:60070 - R:localhost/127.0.0.1:53220]' for 'GET' to 'http://localhost:53220/session/b76d300ccb6e630efb38d2d4210b30c6/element/30594d78-6091-4bc9-871d-46633fbe268e/enabled'
12:17:01.883 [Forwarding isElementEnabled on session b76d300ccb6e630efb38d2d4210b30c6 to remote] DEBUG org.asynchttpclient.netty.request.NettyRequestSender - Using open Channel [id: 0xba47334a, L:/127.0.0.1:60070 - R:localhost/127.0.0.1:53220] for GET '/session/b76d300ccb6e630efb38d2d4210b30c6/element/30594d78-6091-4bc9-871d-46633fbe268e/enabled'
12:17:01.896 [AsyncHttpClient-1-9] DEBUG org.asynchttpclient.netty.handler.HttpHandler - 

Request DefaultFullHttpRequest(decodeResult: success, version: HTTP/1.1, content: EmptyByteBufBE)
GET /session/b76d300ccb6e630efb38d2d4210b30c6/element/30594d78-6091-4bc9-871d-46633fbe268e/enabled HTTP/1.1
User-Agent: selenium/4.1.4 (java windows)
Cache-Control: no-cache
Content-Type: application/json; charset=utf-8
host: localhost:53220
accept: */*

Response DefaultHttpResponse(decodeResult: success, version: HTTP/1.1)
HTTP/1.1 200 OK
Content-Type: application/json; charset=utf-8
cache-control: no-cache
content-length: 14

12:17:01.896 [AsyncHttpClient-1-9] DEBUG org.asynchttpclient.netty.channel.ChannelManager - Adding key: http://localhost:53220 for channel [id: 0xba47334a, L:/127.0.0.1:60070 - R:localhost/127.0.0.1:53220]
12:17:01.898 [Forwarding findElement on session b76d300ccb6e630efb38d2d4210b30c6 to remote] DEBUG org.asynchttpclient.netty.request.NettyRequestSender - Using pooled Channel '[id: 0xba47334a, L:/127.0.0.1:60070 - R:localhost/127.0.0.1:53220]' for 'POST' to 'http://localhost:53220/session/b76d300ccb6e630efb38d2d4210b30c6/element'
12:17:01.898 [Forwarding findElement on session b76d300ccb6e630efb38d2d4210b30c6 to remote] DEBUG org.asynchttpclient.netty.request.NettyRequestSender - Using open Channel [id: 0xba47334a, L:/127.0.0.1:60070 - R:localhost/127.0.0.1:53220] for POST '/session/b76d300ccb6e630efb38d2d4210b30c6/element'
12:17:01.906 [AsyncHttpClient-1-9] DEBUG org.asynchttpclient.netty.handler.HttpHandler - 

Request DefaultHttpRequest(decodeResult: success, version: HTTP/1.1)
POST /session/b76d300ccb6e630efb38d2d4210b30c6/element HTTP/1.1
User-Agent: selenium/4.1.4 (java windows)
Content-Length: 49
Content-Type: application/json; charset=utf-8
host: localhost:53220
accept: */*

Response DefaultHttpResponse(decodeResult: success, version: HTTP/1.1)
HTTP/1.1 200 OK
Content-Type: application/json; charset=utf-8
cache-control: no-cache
content-length: 88

12:17:01.906 [AsyncHttpClient-1-9] DEBUG org.asynchttpclient.netty.channel.ChannelManager - Adding key: http://localhost:53220 for channel [id: 0xba47334a, L:/127.0.0.1:60070 - R:localhost/127.0.0.1:53220]
12:17:01.909 [Forwarding sendKeysToElement on session b76d300ccb6e630efb38d2d4210b30c6 to remote] DEBUG org.asynchttpclient.netty.request.NettyRequestSender - Using pooled Channel '[id: 0xba47334a, L:/127.0.0.1:60070 - R:localhost/127.0.0.1:53220]' for 'POST' to 'http://localhost:53220/session/b76d300ccb6e630efb38d2d4210b30c6/element/30594d78-6091-4bc9-871d-46633fbe268e/value'
12:17:01.911 [Forwarding sendKeysToElement on session b76d300ccb6e630efb38d2d4210b30c6 to remote] DEBUG org.asynchttpclient.netty.request.NettyRequestSender - Using open Channel [id: 0xba47334a, L:/127.0.0.1:60070 - R:localhost/127.0.0.1:53220] for POST '/session/b76d300ccb6e630efb38d2d4210b30c6/element/30594d78-6091-4bc9-871d-46633fbe268e/value'
12:17:01.996 [AsyncHttpClient-1-9] DEBUG org.asynchttpclient.netty.handler.HttpHandler - 

Request DefaultHttpRequest(decodeResult: success, version: HTTP/1.1)
POST /session/b76d300ccb6e630efb38d2d4210b30c6/element/30594d78-6091-4bc9-871d-46633fbe268e/value HTTP/1.1
User-Agent: selenium/4.1.4 (java windows)
Content-Length: 181
Content-Type: application/json; charset=utf-8
host: localhost:53220
accept: */*

Response DefaultHttpResponse(decodeResult: success, version: HTTP/1.1)
HTTP/1.1 200 OK
Content-Type: application/json; charset=utf-8
cache-control: no-cache
content-length: 14

12:17:01.996 [AsyncHttpClient-1-9] DEBUG org.asynchttpclient.netty.channel.ChannelManager - Adding key: http://localhost:53220 for channel [id: 0xba47334a, L:/127.0.0.1:60070 - R:localhost/127.0.0.1:53220]
12:17:02.001 [Forwarding findElement on session b76d300ccb6e630efb38d2d4210b30c6 to remote] DEBUG org.asynchttpclient.netty.request.NettyRequestSender - Using pooled Channel '[id: 0xba47334a, L:/127.0.0.1:60070 - R:localhost/127.0.0.1:53220]' for 'POST' to 'http://localhost:53220/session/b76d300ccb6e630efb38d2d4210b30c6/element'
12:17:02.001 [Forwarding findElement on session b76d300ccb6e630efb38d2d4210b30c6 to remote] DEBUG org.asynchttpclient.netty.request.NettyRequestSender - Using open Channel [id: 0xba47334a, L:/127.0.0.1:60070 - R:localhost/127.0.0.1:53220] for POST '/session/b76d300ccb6e630efb38d2d4210b30c6/element'
12:17:02.008 [AsyncHttpClient-1-7] DEBUG org.asynchttpclient.netty.handler.HttpHandler - Unexpected I/O exception on channel [id: 0xe092620f, L:/127.0.0.1:60062 - R:localhost/127.0.0.1:60056]
java.net.SocketException: Connection reset
	at java.base/sun.nio.ch.SocketChannelImpl.throwConnectionReset(SocketChannelImpl.java:367)
	at java.base/sun.nio.ch.SocketChannelImpl.read(SocketChannelImpl.java:398)
	at io.netty.buffer.PooledByteBuf.setBytes(PooledByteBuf.java:258)
	at io.netty.buffer.AbstractByteBuf.writeBytes(AbstractByteBuf.java:1132)
	at io.netty.channel.socket.nio.NioSocketChannel.doReadBytes(NioSocketChannel.java:357)
	at io.netty.channel.nio.AbstractNioByteChannel$NioByteUnsafe.read(AbstractNioByteChannel.java:151)
	at io.netty.channel.nio.NioEventLoop.processSelectedKey(NioEventLoop.java:722)
	at io.netty.channel.nio.NioEventLoop.processSelectedKeysOptimized(NioEventLoop.java:658)
	at io.netty.channel.nio.NioEventLoop.processSelectedKeys(NioEventLoop.java:584)
	at io.netty.channel.nio.NioEventLoop.run(NioEventLoop.java:496)
	at io.netty.util.concurrent.SingleThreadEventExecutor$4.run(SingleThreadEventExecutor.java:986)
	at io.netty.util.internal.ThreadExecutorMap$2.run(ThreadExecutorMap.java:74)
	at io.netty.util.concurrent.FastThreadLocalRunnable.run(FastThreadLocalRunnable.java:30)
	at java.base/java.lang.Thread.run(Thread.java:832)
12:17:02.008 [AsyncHttpClient-1-7] DEBUG org.asynchttpclient.netty.channel.ChannelManager - Closing Channel [id: 0xe092620f, L:/127.0.0.1:60062 - R:localhost/127.0.0.1:60056] 
12:17:02.008 [AsyncHttpClient-1-7] DEBUG org.asynchttpclient.netty.handler.HttpHandler - Channel Closed: [id: 0xe092620f, L:/127.0.0.1:60062 ! R:localhost/127.0.0.1:60056] with attribute DISCARD
12:17:02.020 [AsyncHttpClient-1-9] DEBUG org.asynchttpclient.netty.handler.HttpHandler - 

Request DefaultHttpRequest(decodeResult: success, version: HTTP/1.1)
POST /session/b76d300ccb6e630efb38d2d4210b30c6/element HTTP/1.1
User-Agent: selenium/4.1.4 (java windows)
Content-Length: 53
Content-Type: application/json; charset=utf-8
host: localhost:53220
accept: */*

Response DefaultHttpResponse(decodeResult: success, version: HTTP/1.1)
HTTP/1.1 200 OK
Content-Type: application/json; charset=utf-8
cache-control: no-cache
content-length: 88

12:17:02.020 [AsyncHttpClient-1-9] DEBUG org.asynchttpclient.netty.channel.ChannelManager - Adding key: http://localhost:53220 for channel [id: 0xba47334a, L:/127.0.0.1:60070 - R:localhost/127.0.0.1:53220]
12:17:02.026 [Forwarding isElementDisplayed on session b76d300ccb6e630efb38d2d4210b30c6 to remote] DEBUG org.asynchttpclient.netty.request.NettyRequestSender - Using pooled Channel '[id: 0xba47334a, L:/127.0.0.1:60070 - R:localhost/127.0.0.1:53220]' for 'POST' to 'http://localhost:53220/session/b76d300ccb6e630efb38d2d4210b30c6/execute/sync'
12:17:02.026 [Forwarding isElementDisplayed on session b76d300ccb6e630efb38d2d4210b30c6 to remote] DEBUG org.asynchttpclient.netty.request.NettyRequestSender - Using open Channel [id: 0xba47334a, L:/127.0.0.1:60070 - R:localhost/127.0.0.1:53220] for POST '/session/b76d300ccb6e630efb38d2d4210b30c6/execute/sync'
12:17:02.052 [AsyncHttpClient-1-9] DEBUG org.asynchttpclient.netty.handler.HttpHandler - 

Request DefaultHttpRequest(decodeResult: success, version: HTTP/1.1)
POST /session/b76d300ccb6e630efb38d2d4210b30c6/execute/sync HTTP/1.1
User-Agent: selenium/4.1.4 (java windows)
Content-Length: 48780
Content-Type: application/json; charset=utf-8
host: localhost:53220
accept: */*

Response DefaultHttpResponse(decodeResult: success, version: HTTP/1.1)
HTTP/1.1 200 OK
Content-Type: application/json; charset=utf-8
cache-control: no-cache
content-length: 14

12:17:02.052 [AsyncHttpClient-1-9] DEBUG org.asynchttpclient.netty.channel.ChannelManager - Adding key: http://localhost:53220 for channel [id: 0xba47334a, L:/127.0.0.1:60070 - R:localhost/127.0.0.1:53220]
12:17:02.054 [Forwarding findElement on session b76d300ccb6e630efb38d2d4210b30c6 to remote] DEBUG org.asynchttpclient.netty.request.NettyRequestSender - Using pooled Channel '[id: 0xba47334a, L:/127.0.0.1:60070 - R:localhost/127.0.0.1:53220]' for 'POST' to 'http://localhost:53220/session/b76d300ccb6e630efb38d2d4210b30c6/element'
12:17:02.054 [Forwarding findElement on session b76d300ccb6e630efb38d2d4210b30c6 to remote] DEBUG org.asynchttpclient.netty.request.NettyRequestSender - Using open Channel [id: 0xba47334a, L:/127.0.0.1:60070 - R:localhost/127.0.0.1:53220] for POST '/session/b76d300ccb6e630efb38d2d4210b30c6/element'
12:17:02.066 [AsyncHttpClient-1-9] DEBUG org.asynchttpclient.netty.handler.HttpHandler - 

Request DefaultHttpRequest(decodeResult: success, version: HTTP/1.1)
POST /session/b76d300ccb6e630efb38d2d4210b30c6/element HTTP/1.1
User-Agent: selenium/4.1.4 (java windows)
Content-Length: 53
Content-Type: application/json; charset=utf-8
host: localhost:53220
accept: */*

Response DefaultHttpResponse(decodeResult: success, version: HTTP/1.1)
HTTP/1.1 200 OK
Content-Type: application/json; charset=utf-8
cache-control: no-cache
content-length: 88

12:17:02.066 [AsyncHttpClient-1-9] DEBUG org.asynchttpclient.netty.channel.ChannelManager - Adding key: http://localhost:53220 for channel [id: 0xba47334a, L:/127.0.0.1:60070 - R:localhost/127.0.0.1:53220]
12:17:02.068 [Forwarding isElementEnabled on session b76d300ccb6e630efb38d2d4210b30c6 to remote] DEBUG org.asynchttpclient.netty.request.NettyRequestSender - Using pooled Channel '[id: 0xba47334a, L:/127.0.0.1:60070 - R:localhost/127.0.0.1:53220]' for 'GET' to 'http://localhost:53220/session/b76d300ccb6e630efb38d2d4210b30c6/element/992e5ec8-3403-46f0-8a62-1c463d202038/enabled'
12:17:02.068 [Forwarding isElementEnabled on session b76d300ccb6e630efb38d2d4210b30c6 to remote] DEBUG org.asynchttpclient.netty.request.NettyRequestSender - Using open Channel [id: 0xba47334a, L:/127.0.0.1:60070 - R:localhost/127.0.0.1:53220] for GET '/session/b76d300ccb6e630efb38d2d4210b30c6/element/992e5ec8-3403-46f0-8a62-1c463d202038/enabled'
12:17:02.074 [AsyncHttpClient-1-6] DEBUG org.asynchttpclient.netty.handler.HttpHandler - 

Request DefaultFullHttpRequest(decodeResult: success, version: HTTP/1.1, content: EmptyByteBufBE)
DELETE /session/545c6052dee7269dba5df44420b2146c HTTP/1.1
User-Agent: selenium/4.1.4 (java windows)
Content-Type: application/json; charset=utf-8
host: localhost:62649
accept: */*

Response DefaultHttpResponse(decodeResult: success, version: HTTP/1.1)
HTTP/1.1 200 OK
Content-Type: application/json; charset=utf-8
cache-control: no-cache
content-length: 14

12:17:02.075 [AsyncHttpClient-1-6] DEBUG org.asynchttpclient.netty.channel.ChannelManager - Adding key: http://localhost:62649 for channel [id: 0x0ab1842a, L:/127.0.0.1:60053 - R:localhost/127.0.0.1:62649]
12:17:02.085 [AsyncHttpClient-1-9] DEBUG org.asynchttpclient.netty.handler.HttpHandler - 

Request DefaultFullHttpRequest(decodeResult: success, version: HTTP/1.1, content: EmptyByteBufBE)
GET /session/b76d300ccb6e630efb38d2d4210b30c6/element/992e5ec8-3403-46f0-8a62-1c463d202038/enabled HTTP/1.1
User-Agent: selenium/4.1.4 (java windows)
Cache-Control: no-cache
Content-Type: application/json; charset=utf-8
host: localhost:53220
accept: */*

Response DefaultHttpResponse(decodeResult: success, version: HTTP/1.1)
HTTP/1.1 200 OK
Content-Type: application/json; charset=utf-8
cache-control: no-cache
content-length: 14

12:17:02.085 [AsyncHttpClient-1-9] DEBUG org.asynchttpclient.netty.channel.ChannelManager - Adding key: http://localhost:53220 for channel [id: 0xba47334a, L:/127.0.0.1:60070 - R:localhost/127.0.0.1:53220]
12:17:02.089 [Forwarding findElement on session b76d300ccb6e630efb38d2d4210b30c6 to remote] DEBUG org.asynchttpclient.netty.request.NettyRequestSender - Using pooled Channel '[id: 0xba47334a, L:/127.0.0.1:60070 - R:localhost/127.0.0.1:53220]' for 'POST' to 'http://localhost:53220/session/b76d300ccb6e630efb38d2d4210b30c6/element'
12:17:02.089 [Forwarding findElement on session b76d300ccb6e630efb38d2d4210b30c6 to remote] DEBUG org.asynchttpclient.netty.request.NettyRequestSender - Using open Channel [id: 0xba47334a, L:/127.0.0.1:60070 - R:localhost/127.0.0.1:53220] for POST '/session/b76d300ccb6e630efb38d2d4210b30c6/element'
12:17:02.104 [AsyncHttpClient-1-9] DEBUG org.asynchttpclient.netty.handler.HttpHandler - 

Request DefaultHttpRequest(decodeResult: success, version: HTTP/1.1)
POST /session/b76d300ccb6e630efb38d2d4210b30c6/element HTTP/1.1
User-Agent: selenium/4.1.4 (java windows)
Content-Length: 53
Content-Type: application/json; charset=utf-8
host: localhost:53220
accept: */*

Response DefaultHttpResponse(decodeResult: success, version: HTTP/1.1)
HTTP/1.1 200 OK
Content-Type: application/json; charset=utf-8
cache-control: no-cache
content-length: 88

12:17:02.105 [AsyncHttpClient-1-9] DEBUG org.asynchttpclient.netty.channel.ChannelManager - Adding key: http://localhost:53220 for channel [id: 0xba47334a, L:/127.0.0.1:60070 - R:localhost/127.0.0.1:53220]
12:17:02.108 [Forwarding sendKeysToElement on session b76d300ccb6e630efb38d2d4210b30c6 to remote] DEBUG org.asynchttpclient.netty.request.NettyRequestSender - Using pooled Channel '[id: 0xba47334a, L:/127.0.0.1:60070 - R:localhost/127.0.0.1:53220]' for 'POST' to 'http://localhost:53220/session/b76d300ccb6e630efb38d2d4210b30c6/element/992e5ec8-3403-46f0-8a62-1c463d202038/value'
12:17:02.108 [Forwarding sendKeysToElement on session b76d300ccb6e630efb38d2d4210b30c6 to remote] DEBUG org.asynchttpclient.netty.request.NettyRequestSender - Using open Channel [id: 0xba47334a, L:/127.0.0.1:60070 - R:localhost/127.0.0.1:53220] for POST '/session/b76d300ccb6e630efb38d2d4210b30c6/element/992e5ec8-3403-46f0-8a62-1c463d202038/value'
12:17:02.172 [AsyncHttpClient-1-6] DEBUG org.asynchttpclient.netty.handler.HttpHandler - Channel Closed: [id: 0x0ab1842a, L:/127.0.0.1:60053 ! R:localhost/127.0.0.1:62649] with attribute DISCARD
12:17:02.196 [AsyncHttpClient-1-9] DEBUG org.asynchttpclient.netty.handler.HttpHandler - 

Request DefaultHttpRequest(decodeResult: success, version: HTTP/1.1)
POST /session/b76d300ccb6e630efb38d2d4210b30c6/element/992e5ec8-3403-46f0-8a62-1c463d202038/value HTTP/1.1
User-Agent: selenium/4.1.4 (java windows)
Content-Length: 181
Content-Type: application/json; charset=utf-8
host: localhost:53220
accept: */*

Response DefaultHttpResponse(decodeResult: success, version: HTTP/1.1)
HTTP/1.1 200 OK
Content-Type: application/json; charset=utf-8
cache-control: no-cache
content-length: 14

12:17:02.196 [AsyncHttpClient-1-9] DEBUG org.asynchttpclient.netty.channel.ChannelManager - Adding key: http://localhost:53220 for channel [id: 0xba47334a, L:/127.0.0.1:60070 - R:localhost/127.0.0.1:53220]
12:17:02.200 [Forwarding findElement on session b76d300ccb6e630efb38d2d4210b30c6 to remote] DEBUG org.asynchttpclient.netty.request.NettyRequestSender - Using pooled Channel '[id: 0xba47334a, L:/127.0.0.1:60070 - R:localhost/127.0.0.1:53220]' for 'POST' to 'http://localhost:53220/session/b76d300ccb6e630efb38d2d4210b30c6/element'
12:17:02.200 [Forwarding findElement on session b76d300ccb6e630efb38d2d4210b30c6 to remote] DEBUG org.asynchttpclient.netty.request.NettyRequestSender - Using open Channel [id: 0xba47334a, L:/127.0.0.1:60070 - R:localhost/127.0.0.1:53220] for POST '/session/b76d300ccb6e630efb38d2d4210b30c6/element'
12:17:02.213 [AsyncHttpClient-1-9] DEBUG org.asynchttpclient.netty.handler.HttpHandler - 

Request DefaultHttpRequest(decodeResult: success, version: HTTP/1.1)
POST /session/b76d300ccb6e630efb38d2d4210b30c6/element HTTP/1.1
User-Agent: selenium/4.1.4 (java windows)
Content-Length: 59
Content-Type: application/json; charset=utf-8
host: localhost:53220
accept: */*

Response DefaultHttpResponse(decodeResult: success, version: HTTP/1.1)
HTTP/1.1 200 OK
Content-Type: application/json; charset=utf-8
cache-control: no-cache
content-length: 88

12:17:02.214 [AsyncHttpClient-1-9] DEBUG org.asynchttpclient.netty.channel.ChannelManager - Adding key: http://localhost:53220 for channel [id: 0xba47334a, L:/127.0.0.1:60070 - R:localhost/127.0.0.1:53220]
12:17:02.218 [Forwarding isElementDisplayed on session b76d300ccb6e630efb38d2d4210b30c6 to remote] DEBUG org.asynchttpclient.netty.request.NettyRequestSender - Using pooled Channel '[id: 0xba47334a, L:/127.0.0.1:60070 - R:localhost/127.0.0.1:53220]' for 'POST' to 'http://localhost:53220/session/b76d300ccb6e630efb38d2d4210b30c6/execute/sync'
12:17:02.219 [Forwarding isElementDisplayed on session b76d300ccb6e630efb38d2d4210b30c6 to remote] DEBUG org.asynchttpclient.netty.request.NettyRequestSender - Using open Channel [id: 0xba47334a, L:/127.0.0.1:60070 - R:localhost/127.0.0.1:53220] for POST '/session/b76d300ccb6e630efb38d2d4210b30c6/execute/sync'
12:17:02.233 [AsyncHttpClient-1-9] DEBUG org.asynchttpclient.netty.handler.HttpHandler - 

Request DefaultHttpRequest(decodeResult: success, version: HTTP/1.1)
POST /session/b76d300ccb6e630efb38d2d4210b30c6/execute/sync HTTP/1.1
User-Agent: selenium/4.1.4 (java windows)
Content-Length: 48780
Content-Type: application/json; charset=utf-8
host: localhost:53220
accept: */*

Response DefaultHttpResponse(decodeResult: success, version: HTTP/1.1)
HTTP/1.1 200 OK
Content-Type: application/json; charset=utf-8
cache-control: no-cache
content-length: 14

12:17:02.233 [AsyncHttpClient-1-9] DEBUG org.asynchttpclient.netty.channel.ChannelManager - Adding key: http://localhost:53220 for channel [id: 0xba47334a, L:/127.0.0.1:60070 - R:localhost/127.0.0.1:53220]
12:17:02.234 [Forwarding findElement on session b76d300ccb6e630efb38d2d4210b30c6 to remote] DEBUG org.asynchttpclient.netty.request.NettyRequestSender - Using pooled Channel '[id: 0xba47334a, L:/127.0.0.1:60070 - R:localhost/127.0.0.1:53220]' for 'POST' to 'http://localhost:53220/session/b76d300ccb6e630efb38d2d4210b30c6/element'
12:17:02.234 [Forwarding findElement on session b76d300ccb6e630efb38d2d4210b30c6 to remote] DEBUG org.asynchttpclient.netty.request.NettyRequestSender - Using open Channel [id: 0xba47334a, L:/127.0.0.1:60070 - R:localhost/127.0.0.1:53220] for POST '/session/b76d300ccb6e630efb38d2d4210b30c6/element'
12:17:02.241 [AsyncHttpClient-1-9] DEBUG org.asynchttpclient.netty.handler.HttpHandler - 

Request DefaultHttpRequest(decodeResult: success, version: HTTP/1.1)
POST /session/b76d300ccb6e630efb38d2d4210b30c6/element HTTP/1.1
User-Agent: selenium/4.1.4 (java windows)
Content-Length: 59
Content-Type: application/json; charset=utf-8
host: localhost:53220
accept: */*

Response DefaultHttpResponse(decodeResult: success, version: HTTP/1.1)
HTTP/1.1 200 OK
Content-Type: application/json; charset=utf-8
cache-control: no-cache
content-length: 88

12:17:02.241 [AsyncHttpClient-1-9] DEBUG org.asynchttpclient.netty.channel.ChannelManager - Adding key: http://localhost:53220 for channel [id: 0xba47334a, L:/127.0.0.1:60070 - R:localhost/127.0.0.1:53220]
12:17:02.242 [Forwarding isElementEnabled on session b76d300ccb6e630efb38d2d4210b30c6 to remote] DEBUG org.asynchttpclient.netty.request.NettyRequestSender - Using pooled Channel '[id: 0xba47334a, L:/127.0.0.1:60070 - R:localhost/127.0.0.1:53220]' for 'GET' to 'http://localhost:53220/session/b76d300ccb6e630efb38d2d4210b30c6/element/7cecf960-38f3-4eba-87c6-eb0046312900/enabled'
12:17:02.242 [Forwarding isElementEnabled on session b76d300ccb6e630efb38d2d4210b30c6 to remote] DEBUG org.asynchttpclient.netty.request.NettyRequestSender - Using open Channel [id: 0xba47334a, L:/127.0.0.1:60070 - R:localhost/127.0.0.1:53220] for GET '/session/b76d300ccb6e630efb38d2d4210b30c6/element/7cecf960-38f3-4eba-87c6-eb0046312900/enabled'
12:17:02.253 [AsyncHttpClient-1-9] DEBUG org.asynchttpclient.netty.handler.HttpHandler - 

Request DefaultFullHttpRequest(decodeResult: success, version: HTTP/1.1, content: EmptyByteBufBE)
GET /session/b76d300ccb6e630efb38d2d4210b30c6/element/7cecf960-38f3-4eba-87c6-eb0046312900/enabled HTTP/1.1
User-Agent: selenium/4.1.4 (java windows)
Cache-Control: no-cache
Content-Type: application/json; charset=utf-8
host: localhost:53220
accept: */*

Response DefaultHttpResponse(decodeResult: success, version: HTTP/1.1)
HTTP/1.1 200 OK
Content-Type: application/json; charset=utf-8
cache-control: no-cache
content-length: 14

12:17:02.253 [AsyncHttpClient-1-9] DEBUG org.asynchttpclient.netty.channel.ChannelManager - Adding key: http://localhost:53220 for channel [id: 0xba47334a, L:/127.0.0.1:60070 - R:localhost/127.0.0.1:53220]
12:17:02.255 [Forwarding findElement on session b76d300ccb6e630efb38d2d4210b30c6 to remote] DEBUG org.asynchttpclient.netty.request.NettyRequestSender - Using pooled Channel '[id: 0xba47334a, L:/127.0.0.1:60070 - R:localhost/127.0.0.1:53220]' for 'POST' to 'http://localhost:53220/session/b76d300ccb6e630efb38d2d4210b30c6/element'
12:17:02.255 [Forwarding findElement on session b76d300ccb6e630efb38d2d4210b30c6 to remote] DEBUG org.asynchttpclient.netty.request.NettyRequestSender - Using open Channel [id: 0xba47334a, L:/127.0.0.1:60070 - R:localhost/127.0.0.1:53220] for POST '/session/b76d300ccb6e630efb38d2d4210b30c6/element'
12:17:02.266 [AsyncHttpClient-1-9] DEBUG org.asynchttpclient.netty.handler.HttpHandler - 

Request DefaultHttpRequest(decodeResult: success, version: HTTP/1.1)
POST /session/b76d300ccb6e630efb38d2d4210b30c6/element HTTP/1.1
User-Agent: selenium/4.1.4 (java windows)
Content-Length: 59
Content-Type: application/json; charset=utf-8
host: localhost:53220
accept: */*

Response DefaultHttpResponse(decodeResult: success, version: HTTP/1.1)
HTTP/1.1 200 OK
Content-Type: application/json; charset=utf-8
cache-control: no-cache
content-length: 88

12:17:02.266 [AsyncHttpClient-1-9] DEBUG org.asynchttpclient.netty.channel.ChannelManager - Adding key: http://localhost:53220 for channel [id: 0xba47334a, L:/127.0.0.1:60070 - R:localhost/127.0.0.1:53220]
12:17:02.267 [Forwarding clickElement on session b76d300ccb6e630efb38d2d4210b30c6 to remote] DEBUG org.asynchttpclient.netty.request.NettyRequestSender - Using pooled Channel '[id: 0xba47334a, L:/127.0.0.1:60070 - R:localhost/127.0.0.1:53220]' for 'POST' to 'http://localhost:53220/session/b76d300ccb6e630efb38d2d4210b30c6/element/7cecf960-38f3-4eba-87c6-eb0046312900/click'
12:17:02.267 [Forwarding clickElement on session b76d300ccb6e630efb38d2d4210b30c6 to remote] DEBUG org.asynchttpclient.netty.request.NettyRequestSender - Using open Channel [id: 0xba47334a, L:/127.0.0.1:60070 - R:localhost/127.0.0.1:53220] for POST '/session/b76d300ccb6e630efb38d2d4210b30c6/element/7cecf960-38f3-4eba-87c6-eb0046312900/click'
12:17:02.295 [AsyncHttpClient-1-1] DEBUG org.asynchttpclient.netty.channel.DefaultChannelPool - Entry count for : http://localhost:60056 : 1
12:17:02.296 [AsyncHttpClient-1-1] DEBUG org.asynchttpclient.netty.channel.DefaultChannelPool - Entry count for : http://localhost:60075 : 1
12:17:02.296 [AsyncHttpClient-1-1] DEBUG org.asynchttpclient.netty.channel.DefaultChannelPool - Entry count for : http://localhost:62649 : 1
12:17:02.296 [AsyncHttpClient-1-1] DEBUG org.asynchttpclient.netty.channel.DefaultChannelPool - Adding Candidate expired Channel [id: 0xe092620f, L:/127.0.0.1:60062 ! R:localhost/127.0.0.1:60056] isIdleTimeoutExpired=false isRemotelyClosed=true isTtlExpired=false
12:17:02.296 [AsyncHttpClient-1-1] DEBUG org.asynchttpclient.netty.channel.DefaultChannelPool - Closing Idle Channel [id: 0xe092620f, L:/127.0.0.1:60062 ! R:localhost/127.0.0.1:60056]
12:17:02.296 [AsyncHttpClient-1-1] DEBUG org.asynchttpclient.netty.channel.DefaultChannelPool - Adding Candidate expired Channel [id: 0x0ab1842a, L:/127.0.0.1:60053 ! R:localhost/127.0.0.1:62649] isIdleTimeoutExpired=false isRemotelyClosed=true isTtlExpired=false
12:17:02.296 [AsyncHttpClient-1-1] DEBUG org.asynchttpclient.netty.channel.DefaultChannelPool - Closing Idle Channel [id: 0x0ab1842a, L:/127.0.0.1:60053 ! R:localhost/127.0.0.1:62649]
12:17:02.298 [AsyncHttpClient-1-1] DEBUG org.asynchttpclient.netty.channel.DefaultChannelPool - Closed 2 connections out of 3 in 2 ms
12:17:02.312 [AsyncHttpClient-1-9] DEBUG org.asynchttpclient.netty.handler.HttpHandler - 

Request DefaultHttpRequest(decodeResult: success, version: HTTP/1.1)
POST /session/b76d300ccb6e630efb38d2d4210b30c6/element/7cecf960-38f3-4eba-87c6-eb0046312900/click HTTP/1.1
User-Agent: selenium/4.1.4 (java windows)
Content-Length: 50
Content-Type: application/json; charset=utf-8
host: localhost:53220
accept: */*

Response DefaultHttpResponse(decodeResult: success, version: HTTP/1.1)
HTTP/1.1 200 OK
Content-Type: application/json; charset=utf-8
cache-control: no-cache
content-length: 14

12:17:02.313 [AsyncHttpClient-1-9] DEBUG org.asynchttpclient.netty.channel.ChannelManager - Adding key: http://localhost:53220 for channel [id: 0xba47334a, L:/127.0.0.1:60070 - R:localhost/127.0.0.1:53220]
12:17:02.316 [Forwarding getAlertText on session b76d300ccb6e630efb38d2d4210b30c6 to remote] DEBUG org.asynchttpclient.netty.request.NettyRequestSender - Using pooled Channel '[id: 0xba47334a, L:/127.0.0.1:60070 - R:localhost/127.0.0.1:53220]' for 'GET' to 'http://localhost:53220/session/b76d300ccb6e630efb38d2d4210b30c6/alert/text'
12:17:02.316 [Forwarding getAlertText on session b76d300ccb6e630efb38d2d4210b30c6 to remote] DEBUG org.asynchttpclient.netty.request.NettyRequestSender - Using open Channel [id: 0xba47334a, L:/127.0.0.1:60070 - R:localhost/127.0.0.1:53220] for GET '/session/b76d300ccb6e630efb38d2d4210b30c6/alert/text'
12:17:02.317 [AsyncHttpClient-1-9] DEBUG org.asynchttpclient.netty.handler.HttpHandler - 

Request DefaultFullHttpRequest(decodeResult: success, version: HTTP/1.1, content: EmptyByteBufBE)
GET /session/b76d300ccb6e630efb38d2d4210b30c6/alert/text HTTP/1.1
User-Agent: selenium/4.1.4 (java windows)
Cache-Control: no-cache
Content-Type: application/json; charset=utf-8
host: localhost:53220
accept: */*

Response DefaultHttpResponse(decodeResult: success, version: HTTP/1.1)
HTTP/1.1 200 OK
Content-Type: application/json; charset=utf-8
cache-control: no-cache
content-length: 29

12:17:02.317 [AsyncHttpClient-1-9] DEBUG org.asynchttpclient.netty.channel.ChannelManager - Adding key: http://localhost:53220 for channel [id: 0xba47334a, L:/127.0.0.1:60070 - R:localhost/127.0.0.1:53220]
12:17:02.318 [Forwarding getAlertText on session b76d300ccb6e630efb38d2d4210b30c6 to remote] DEBUG org.asynchttpclient.netty.request.NettyRequestSender - Using pooled Channel '[id: 0xba47334a, L:/127.0.0.1:60070 - R:localhost/127.0.0.1:53220]' for 'GET' to 'http://localhost:53220/session/b76d300ccb6e630efb38d2d4210b30c6/alert/text'
12:17:02.318 [Forwarding getAlertText on session b76d300ccb6e630efb38d2d4210b30c6 to remote] DEBUG org.asynchttpclient.netty.request.NettyRequestSender - Using open Channel [id: 0xba47334a, L:/127.0.0.1:60070 - R:localhost/127.0.0.1:53220] for GET '/session/b76d300ccb6e630efb38d2d4210b30c6/alert/text'
12:17:02.319 [AsyncHttpClient-1-9] DEBUG org.asynchttpclient.netty.handler.HttpHandler - 

Request DefaultFullHttpRequest(decodeResult: success, version: HTTP/1.1, content: EmptyByteBufBE)
GET /session/b76d300ccb6e630efb38d2d4210b30c6/alert/text HTTP/1.1
User-Agent: selenium/4.1.4 (java windows)
Cache-Control: no-cache
Content-Type: application/json; charset=utf-8
host: localhost:53220
accept: */*

Response DefaultHttpResponse(decodeResult: success, version: HTTP/1.1)
HTTP/1.1 200 OK
Content-Type: application/json; charset=utf-8
cache-control: no-cache
content-length: 29

12:17:02.319 [AsyncHttpClient-1-9] DEBUG org.asynchttpclient.netty.channel.ChannelManager - Adding key: http://localhost:53220 for channel [id: 0xba47334a, L:/127.0.0.1:60070 - R:localhost/127.0.0.1:53220]
12:17:02.320 [Forwarding getAlertText on session b76d300ccb6e630efb38d2d4210b30c6 to remote] DEBUG org.asynchttpclient.netty.request.NettyRequestSender - Using pooled Channel '[id: 0xba47334a, L:/127.0.0.1:60070 - R:localhost/127.0.0.1:53220]' for 'GET' to 'http://localhost:53220/session/b76d300ccb6e630efb38d2d4210b30c6/alert/text'
12:17:02.321 [Forwarding getAlertText on session b76d300ccb6e630efb38d2d4210b30c6 to remote] DEBUG org.asynchttpclient.netty.request.NettyRequestSender - Using open Channel [id: 0xba47334a, L:/127.0.0.1:60070 - R:localhost/127.0.0.1:53220] for GET '/session/b76d300ccb6e630efb38d2d4210b30c6/alert/text'
12:17:02.322 [AsyncHttpClient-1-9] DEBUG org.asynchttpclient.netty.handler.HttpHandler - 

Request DefaultFullHttpRequest(decodeResult: success, version: HTTP/1.1, content: EmptyByteBufBE)
GET /session/b76d300ccb6e630efb38d2d4210b30c6/alert/text HTTP/1.1
User-Agent: selenium/4.1.4 (java windows)
Cache-Control: no-cache
Content-Type: application/json; charset=utf-8
host: localhost:53220
accept: */*

Response DefaultHttpResponse(decodeResult: success, version: HTTP/1.1)
HTTP/1.1 200 OK
Content-Type: application/json; charset=utf-8
cache-control: no-cache
content-length: 29

12:17:02.322 [AsyncHttpClient-1-9] DEBUG org.asynchttpclient.netty.channel.ChannelManager - Adding key: http://localhost:53220 for channel [id: 0xba47334a, L:/127.0.0.1:60070 - R:localhost/127.0.0.1:53220]
12:17:02.324 [AsyncHttpClient-1-2] DEBUG org.asynchttpclient.netty.handler.WebSocketHandler - Channel Closed: [id: 0x9e43cd81, L:/127.0.0.1:60081 ! R:localhost/127.0.0.1:60075] with attribute NettyResponseFuture{currentRetry=5,
	isDone=1,
	isCancelled=0,
	asyncHandler=org.asynchttpclient.ws.WebSocketUpgradeHandler@349f6f97,
	nettyRequest=org.asynchttpclient.netty.request.NettyRequest@771ae090,
	future=java.util.concurrent.CompletableFuture@16a4d7f0[Completed normally],
	uri=ws://localhost:60075/devtools/browser/b12a23c6-c703-4056-b894-7e4e5a0c44a1,
	keepAlive=true,
	redirectCount=0,
	timeoutsHolder=null,
	inAuth=0,
	touch=1663690620554}
12:17:02.324 [AsyncHttpClient-1-2] DEBUG org.asynchttpclient.netty.channel.ChannelManager - Closing Channel [id: 0x9e43cd81, L:/127.0.0.1:60081 ! R:localhost/127.0.0.1:60075] 
12:17:02.325 [Driver Command Executor] DEBUG org.asynchttpclient.netty.request.NettyRequestSender - Using pooled Channel '[id: 0xba47334a, L:/127.0.0.1:60070 - R:localhost/127.0.0.1:53220]' for 'DELETE' to 'http://localhost:53220/session/b76d300ccb6e630efb38d2d4210b30c6'
12:17:02.325 [Driver Command Executor] DEBUG org.asynchttpclient.netty.request.NettyRequestSender - Using open Channel [id: 0xba47334a, L:/127.0.0.1:60070 - R:localhost/127.0.0.1:53220] for DELETE '/session/b76d300ccb6e630efb38d2d4210b30c6'
]]></system-out>
    <system-err><![CDATA[Starting ChromeDriver 105.0.5195.52 (412c95e518836d8a7d97250d62b29c2ae6a26a85-refs/branch-heads/5195@{#853}) on port 53220
Only local connections are allowed.
Please see https://chromedriver.chromium.org/security-considerations for suggestions on keeping ChromeDriver safe.
ChromeDriver was started successfully.
Sep 20, 2022 12:17:00 PM org.openqa.selenium.remote.ProtocolHandshake createSession
INFO: Detected dialect: W3C
Sep 20, 2022 12:17:00 PM org.openqa.selenium.devtools.CdpVersionFinder findNearestMatch
WARNING: Unable to find an exact match for CDP version 105, so returning the closest version found: 101
Sep 20, 2022 12:17:00 PM org.openqa.selenium.devtools.CdpVersionFinder findNearestMatch
INFO: Found CDP implementation for version 105 of 101
]]></system-err>
  </testcase>
  <testcase name="runScenario[&quot;&quot;, &quot;webdriver university login page&quot;](6)" classname="runners.RunnerClass" time="0.751">
    <system-out><![CDATA[12:17:02.750 [AsyncHttpClient-1-3] DEBUG org.asynchttpclient.netty.handler.HttpHandler - Unexpected I/O exception on channel [id: 0x1da0f91c, L:/127.0.0.1:60080 - R:localhost/127.0.0.1:60075]
java.net.SocketException: Connection reset
	at java.base/sun.nio.ch.SocketChannelImpl.throwConnectionReset(SocketChannelImpl.java:367)
	at java.base/sun.nio.ch.SocketChannelImpl.read(SocketChannelImpl.java:398)
	at io.netty.buffer.PooledByteBuf.setBytes(PooledByteBuf.java:258)
	at io.netty.buffer.AbstractByteBuf.writeBytes(AbstractByteBuf.java:1132)
	at io.netty.channel.socket.nio.NioSocketChannel.doReadBytes(NioSocketChannel.java:357)
	at io.netty.channel.nio.AbstractNioByteChannel$NioByteUnsafe.read(AbstractNioByteChannel.java:151)
	at io.netty.channel.nio.NioEventLoop.processSelectedKey(NioEventLoop.java:722)
	at io.netty.channel.nio.NioEventLoop.processSelectedKeysOptimized(NioEventLoop.java:658)
	at io.netty.channel.nio.NioEventLoop.processSelectedKeys(NioEventLoop.java:584)
	at io.netty.channel.nio.NioEventLoop.run(NioEventLoop.java:496)
	at io.netty.util.concurrent.SingleThreadEventExecutor$4.run(SingleThreadEventExecutor.java:986)
	at io.netty.util.internal.ThreadExecutorMap$2.run(ThreadExecutorMap.java:74)
	at io.netty.util.concurrent.FastThreadLocalRunnable.run(FastThreadLocalRunnable.java:30)
	at java.base/java.lang.Thread.run(Thread.java:832)
12:17:02.750 [AsyncHttpClient-1-3] DEBUG org.asynchttpclient.netty.channel.ChannelManager - Closing Channel [id: 0x1da0f91c, L:/127.0.0.1:60080 - R:localhost/127.0.0.1:60075] 
12:17:02.750 [AsyncHttpClient-1-3] DEBUG org.asynchttpclient.netty.handler.HttpHandler - Channel Closed: [id: 0x1da0f91c, L:/127.0.0.1:60080 ! R:localhost/127.0.0.1:60075] with attribute DISCARD
12:17:02.776 [AsyncHttpClient-1-9] DEBUG org.asynchttpclient.netty.handler.HttpHandler - 

Request DefaultFullHttpRequest(decodeResult: success, version: HTTP/1.1, content: EmptyByteBufBE)
DELETE /session/b76d300ccb6e630efb38d2d4210b30c6 HTTP/1.1
User-Agent: selenium/4.1.4 (java windows)
Content-Type: application/json; charset=utf-8
host: localhost:53220
accept: */*

Response DefaultHttpResponse(decodeResult: success, version: HTTP/1.1)
HTTP/1.1 200 OK
Content-Type: application/json; charset=utf-8
cache-control: no-cache
content-length: 14

12:17:02.777 [AsyncHttpClient-1-9] DEBUG org.asynchttpclient.netty.channel.ChannelManager - Adding key: http://localhost:53220 for channel [id: 0xba47334a, L:/127.0.0.1:60070 - R:localhost/127.0.0.1:53220]
12:17:02.934 [AsyncHttpClient-1-9] DEBUG org.asynchttpclient.netty.handler.HttpHandler - Channel Closed: [id: 0xba47334a, L:/127.0.0.1:60070 ! R:localhost/127.0.0.1:53220] with attribute DISCARD
12:17:03.272 [AsyncHttpClient-1-4] DEBUG org.asynchttpclient.netty.channel.NettyConnectListener - Using new Channel '[id: 0x50ef15a0, L:/127.0.0.1:60097 - R:localhost/127.0.0.1:61726]' for 'POST' to '/session'
12:17:03.400 [AsyncHttpClient-1-1] DEBUG org.asynchttpclient.netty.channel.DefaultChannelPool - Entry count for : http://localhost:60075 : 1
12:17:03.400 [AsyncHttpClient-1-1] DEBUG org.asynchttpclient.netty.channel.DefaultChannelPool - Entry count for : http://localhost:53220 : 1
12:17:03.400 [AsyncHttpClient-1-1] DEBUG org.asynchttpclient.netty.channel.DefaultChannelPool - Adding Candidate expired Channel [id: 0x1da0f91c, L:/127.0.0.1:60080 ! R:localhost/127.0.0.1:60075] isIdleTimeoutExpired=false isRemotelyClosed=true isTtlExpired=false
12:17:03.400 [AsyncHttpClient-1-1] DEBUG org.asynchttpclient.netty.channel.DefaultChannelPool - Closing Idle Channel [id: 0x1da0f91c, L:/127.0.0.1:60080 ! R:localhost/127.0.0.1:60075]
12:17:03.400 [AsyncHttpClient-1-1] DEBUG org.asynchttpclient.netty.channel.DefaultChannelPool - Adding Candidate expired Channel [id: 0xba47334a, L:/127.0.0.1:60070 ! R:localhost/127.0.0.1:53220] isIdleTimeoutExpired=false isRemotelyClosed=true isTtlExpired=false
12:17:03.400 [AsyncHttpClient-1-1] DEBUG org.asynchttpclient.netty.channel.DefaultChannelPool - Closing Idle Channel [id: 0xba47334a, L:/127.0.0.1:60070 ! R:localhost/127.0.0.1:53220]
12:17:03.400 [AsyncHttpClient-1-1] DEBUG org.asynchttpclient.netty.channel.DefaultChannelPool - Closed 2 connections out of 2 in 0 ms
]]></system-out>
    <system-err><![CDATA[Starting ChromeDriver 105.0.5195.52 (412c95e518836d8a7d97250d62b29c2ae6a26a85-refs/branch-heads/5195@{#853}) on port 61726
Only local connections are allowed.
Please see https://chromedriver.chromium.org/security-considerations for suggestions on keeping ChromeDriver safe.
ChromeDriver was started successfully.
]]></system-err>
  </testcase>
  <testcase name="runScenario[&quot;&quot;, &quot;webdriver university login page&quot;](7)" classname="runners.RunnerClass" time="3.788">
    <system-out><![CDATA[12:17:04.017 [AsyncHttpClient-1-5] DEBUG org.asynchttpclient.netty.channel.NettyConnectListener - Using new Channel '[id: 0x94a868fe, L:/127.0.0.1:60102 - R:localhost/127.0.0.1:60931]' for 'POST' to '/session'
12:17:04.242 [AsyncHttpClient-1-4] DEBUG org.asynchttpclient.netty.handler.HttpHandler - 

Request DefaultHttpRequest(decodeResult: success, version: HTTP/1.1)
POST /session HTTP/1.1
User-Agent: selenium/4.1.4 (java windows)
Content-Length: 437
Content-Type: application/json; charset=utf-8
host: localhost:61726
accept: */*

Response DefaultHttpResponse(decodeResult: success, version: HTTP/1.1)
HTTP/1.1 200 OK
Content-Type: application/json; charset=utf-8
cache-control: no-cache
content-length: 791

12:17:04.243 [AsyncHttpClient-1-4] DEBUG org.asynchttpclient.netty.channel.ChannelManager - Adding key: http://localhost:61726 for channel [id: 0x50ef15a0, L:/127.0.0.1:60097 - R:localhost/127.0.0.1:61726]
12:17:04.257 [AsyncHttpClient-1-6] DEBUG org.asynchttpclient.netty.channel.NettyConnectListener - Using new Channel '[id: 0xd7e597b1, L:/127.0.0.1:60106 - R:localhost/127.0.0.1:60099]' for 'GET' to '/json/version'
12:17:04.258 [AsyncHttpClient-1-6] DEBUG org.asynchttpclient.netty.handler.HttpHandler - 

Request DefaultFullHttpRequest(decodeResult: success, version: HTTP/1.1, content: EmptyByteBufBE)
GET /json/version HTTP/1.1
User-Agent: selenium/4.1.4 (java windows)
host: localhost:60099
accept: */*

Response DefaultHttpResponse(decodeResult: success, version: HTTP/1.1)
HTTP/1.1 200 OK
Content-Type: application/json; charset=UTF-8
content-length: 423

12:17:04.258 [AsyncHttpClient-1-6] DEBUG org.asynchttpclient.netty.channel.ChannelManager - Adding key: http://localhost:60099 for channel [id: 0xd7e597b1, L:/127.0.0.1:60106 - R:localhost/127.0.0.1:60099]
12:17:04.260 [AsyncHttpClient-1-7] DEBUG org.asynchttpclient.netty.channel.NettyConnectListener - Using new Channel '[id: 0xa53258f0, L:/127.0.0.1:60107 - R:localhost/127.0.0.1:60099]' for 'GET' to '/devtools/browser/f0e02629-5803-42f8-8200-0ef2a4545c96'
12:17:04.261 [AsyncHttpClient-1-7] DEBUG org.asynchttpclient.netty.handler.WebSocketHandler - 

Request DefaultFullHttpRequest(decodeResult: success, version: HTTP/1.1, content: EmptyByteBufBE)
GET /devtools/browser/f0e02629-5803-42f8-8200-0ef2a4545c96 HTTP/1.1
upgrade: websocket
connection: upgrade
sec-websocket-key: S8a5ST+PSXemxd1lkXafEA==
sec-websocket-version: 13
origin: http://localhost:60099
host: localhost:60099
accept: */*
user-agent: AHC/2.1

Response DefaultHttpResponse(decodeResult: success, version: HTTP/1.1)
HTTP/1.1 101 WebSocket Protocol Handshake
Upgrade: WebSocket
Connection: Upgrade
Sec-WebSocket-Accept: 21vCn3FKgTm+MDgGCzWAQt/Qw/M=

12:17:04.269 [Forwarding maximizeCurrentWindow on session 76fca63ddcbe3e9e84ddcba92987627f to remote] DEBUG org.asynchttpclient.netty.request.NettyRequestSender - Using pooled Channel '[id: 0x50ef15a0, L:/127.0.0.1:60097 - R:localhost/127.0.0.1:61726]' for 'POST' to 'http://localhost:61726/session/76fca63ddcbe3e9e84ddcba92987627f/window/maximize'
12:17:04.270 [Forwarding maximizeCurrentWindow on session 76fca63ddcbe3e9e84ddcba92987627f to remote] DEBUG org.asynchttpclient.netty.request.NettyRequestSender - Using open Channel [id: 0x50ef15a0, L:/127.0.0.1:60097 - R:localhost/127.0.0.1:61726] for POST '/session/76fca63ddcbe3e9e84ddcba92987627f/window/maximize'
12:17:04.403 [AsyncHttpClient-1-4] DEBUG org.asynchttpclient.netty.handler.HttpHandler - 

Request DefaultHttpRequest(decodeResult: success, version: HTTP/1.1)
POST /session/76fca63ddcbe3e9e84ddcba92987627f/window/maximize HTTP/1.1
User-Agent: selenium/4.1.4 (java windows)
Content-Length: 3
Content-Type: application/json; charset=utf-8
host: localhost:61726
accept: */*

Response DefaultHttpResponse(decodeResult: success, version: HTTP/1.1)
HTTP/1.1 200 OK
Content-Type: application/json; charset=utf-8
cache-control: no-cache
content-length: 52

12:17:04.403 [AsyncHttpClient-1-4] DEBUG org.asynchttpclient.netty.channel.ChannelManager - Adding key: http://localhost:61726 for channel [id: 0x50ef15a0, L:/127.0.0.1:60097 - R:localhost/127.0.0.1:61726]
12:17:04.407 [Forwarding get on session 76fca63ddcbe3e9e84ddcba92987627f to remote] DEBUG org.asynchttpclient.netty.request.NettyRequestSender - Using pooled Channel '[id: 0x50ef15a0, L:/127.0.0.1:60097 - R:localhost/127.0.0.1:61726]' for 'POST' to 'http://localhost:61726/session/76fca63ddcbe3e9e84ddcba92987627f/url'
12:17:04.407 [Forwarding get on session 76fca63ddcbe3e9e84ddcba92987627f to remote] DEBUG org.asynchttpclient.netty.request.NettyRequestSender - Using open Channel [id: 0x50ef15a0, L:/127.0.0.1:60097 - R:localhost/127.0.0.1:61726] for POST '/session/76fca63ddcbe3e9e84ddcba92987627f/url'
12:17:04.503 [AsyncHttpClient-1-1] DEBUG org.asynchttpclient.netty.channel.DefaultChannelPool - Entry count for : http://localhost:60099 : 1
12:17:05.265 [AsyncHttpClient-1-5] DEBUG org.asynchttpclient.netty.handler.HttpHandler - 

Request DefaultHttpRequest(decodeResult: success, version: HTTP/1.1)
POST /session HTTP/1.1
User-Agent: selenium/4.1.4 (java windows)
Content-Length: 437
Content-Type: application/json; charset=utf-8
host: localhost:60931
accept: */*

Response DefaultHttpResponse(decodeResult: success, version: HTTP/1.1)
HTTP/1.1 200 OK
Content-Type: application/json; charset=utf-8
cache-control: no-cache
content-length: 791

12:17:05.265 [AsyncHttpClient-1-5] DEBUG org.asynchttpclient.netty.channel.ChannelManager - Adding key: http://localhost:60931 for channel [id: 0x94a868fe, L:/127.0.0.1:60102 - R:localhost/127.0.0.1:60931]
12:17:05.281 [AsyncHttpClient-1-8] DEBUG org.asynchttpclient.netty.channel.NettyConnectListener - Using new Channel '[id: 0x1b5ca8c9, L:/127.0.0.1:60119 - R:localhost/127.0.0.1:60113]' for 'GET' to '/json/version'
12:17:05.286 [AsyncHttpClient-1-8] DEBUG org.asynchttpclient.netty.handler.HttpHandler - 

Request DefaultFullHttpRequest(decodeResult: success, version: HTTP/1.1, content: EmptyByteBufBE)
GET /json/version HTTP/1.1
User-Agent: selenium/4.1.4 (java windows)
host: localhost:60113
accept: */*

Response DefaultHttpResponse(decodeResult: success, version: HTTP/1.1)
HTTP/1.1 200 OK
Content-Type: application/json; charset=UTF-8
content-length: 423

12:17:05.286 [AsyncHttpClient-1-8] DEBUG org.asynchttpclient.netty.channel.ChannelManager - Adding key: http://localhost:60113 for channel [id: 0x1b5ca8c9, L:/127.0.0.1:60119 - R:localhost/127.0.0.1:60113]
12:17:05.290 [AsyncHttpClient-1-9] DEBUG org.asynchttpclient.netty.channel.NettyConnectListener - Using new Channel '[id: 0xd05613e9, L:/127.0.0.1:60121 - R:localhost/127.0.0.1:60113]' for 'GET' to '/devtools/browser/56bcdca5-4109-4791-8941-b74f3238bed4'
12:17:05.292 [AsyncHttpClient-1-9] DEBUG org.asynchttpclient.netty.handler.WebSocketHandler - 

Request DefaultFullHttpRequest(decodeResult: success, version: HTTP/1.1, content: EmptyByteBufBE)
GET /devtools/browser/56bcdca5-4109-4791-8941-b74f3238bed4 HTTP/1.1
upgrade: websocket
connection: upgrade
sec-websocket-key: 7OUN0SqsBwBkxRiT9lCT8g==
sec-websocket-version: 13
origin: http://localhost:60113
host: localhost:60113
accept: */*
user-agent: AHC/2.1

Response DefaultHttpResponse(decodeResult: success, version: HTTP/1.1)
HTTP/1.1 101 WebSocket Protocol Handshake
Upgrade: WebSocket
Connection: Upgrade
Sec-WebSocket-Accept: evBqT9qQ0a8Dob1f79l0IBkbv+0=

12:17:05.304 [Forwarding maximizeCurrentWindow on session d44bb7f3706ec65f92f8ebdd446b4f74 to remote] DEBUG org.asynchttpclient.netty.request.NettyRequestSender - Using pooled Channel '[id: 0x94a868fe, L:/127.0.0.1:60102 - R:localhost/127.0.0.1:60931]' for 'POST' to 'http://localhost:60931/session/d44bb7f3706ec65f92f8ebdd446b4f74/window/maximize'
12:17:05.304 [Forwarding maximizeCurrentWindow on session d44bb7f3706ec65f92f8ebdd446b4f74 to remote] DEBUG org.asynchttpclient.netty.request.NettyRequestSender - Using open Channel [id: 0x94a868fe, L:/127.0.0.1:60102 - R:localhost/127.0.0.1:60931] for POST '/session/d44bb7f3706ec65f92f8ebdd446b4f74/window/maximize'
12:17:05.505 [AsyncHttpClient-1-5] DEBUG org.asynchttpclient.netty.handler.HttpHandler - 

Request DefaultHttpRequest(decodeResult: success, version: HTTP/1.1)
POST /session/d44bb7f3706ec65f92f8ebdd446b4f74/window/maximize HTTP/1.1
User-Agent: selenium/4.1.4 (java windows)
Content-Length: 3
Content-Type: application/json; charset=utf-8
host: localhost:60931
accept: */*

Response DefaultHttpResponse(decodeResult: success, version: HTTP/1.1)
HTTP/1.1 200 OK
Content-Type: application/json; charset=utf-8
cache-control: no-cache
content-length: 52

12:17:05.505 [AsyncHttpClient-1-5] DEBUG org.asynchttpclient.netty.channel.ChannelManager - Adding key: http://localhost:60931 for channel [id: 0x94a868fe, L:/127.0.0.1:60102 - R:localhost/127.0.0.1:60931]
12:17:05.510 [Forwarding get on session d44bb7f3706ec65f92f8ebdd446b4f74 to remote] DEBUG org.asynchttpclient.netty.request.NettyRequestSender - Using pooled Channel '[id: 0x94a868fe, L:/127.0.0.1:60102 - R:localhost/127.0.0.1:60931]' for 'POST' to 'http://localhost:60931/session/d44bb7f3706ec65f92f8ebdd446b4f74/url'
12:17:05.510 [Forwarding get on session d44bb7f3706ec65f92f8ebdd446b4f74 to remote] DEBUG org.asynchttpclient.netty.request.NettyRequestSender - Using open Channel [id: 0x94a868fe, L:/127.0.0.1:60102 - R:localhost/127.0.0.1:60931] for POST '/session/d44bb7f3706ec65f92f8ebdd446b4f74/url'
12:17:05.610 [AsyncHttpClient-1-1] DEBUG org.asynchttpclient.netty.channel.DefaultChannelPool - Entry count for : http://localhost:60099 : 1
12:17:05.610 [AsyncHttpClient-1-1] DEBUG org.asynchttpclient.netty.channel.DefaultChannelPool - Entry count for : http://localhost:60113 : 1
12:17:05.661 [AsyncHttpClient-1-4] DEBUG org.asynchttpclient.netty.handler.HttpHandler - 

Request DefaultHttpRequest(decodeResult: success, version: HTTP/1.1)
POST /session/76fca63ddcbe3e9e84ddcba92987627f/url HTTP/1.1
User-Agent: selenium/4.1.4 (java windows)
Content-Length: 94
Content-Type: application/json; charset=utf-8
host: localhost:61726
accept: */*

Response DefaultHttpResponse(decodeResult: success, version: HTTP/1.1)
HTTP/1.1 200 OK
Content-Type: application/json; charset=utf-8
cache-control: no-cache
content-length: 14

12:17:05.661 [AsyncHttpClient-1-4] DEBUG org.asynchttpclient.netty.channel.ChannelManager - Adding key: http://localhost:61726 for channel [id: 0x50ef15a0, L:/127.0.0.1:60097 - R:localhost/127.0.0.1:61726]
12:17:05.665 [Forwarding findElement on session 76fca63ddcbe3e9e84ddcba92987627f to remote] DEBUG org.asynchttpclient.netty.request.NettyRequestSender - Using pooled Channel '[id: 0x50ef15a0, L:/127.0.0.1:60097 - R:localhost/127.0.0.1:61726]' for 'POST' to 'http://localhost:61726/session/76fca63ddcbe3e9e84ddcba92987627f/element'
12:17:05.665 [Forwarding findElement on session 76fca63ddcbe3e9e84ddcba92987627f to remote] DEBUG org.asynchttpclient.netty.request.NettyRequestSender - Using open Channel [id: 0x50ef15a0, L:/127.0.0.1:60097 - R:localhost/127.0.0.1:61726] for POST '/session/76fca63ddcbe3e9e84ddcba92987627f/element'
12:17:05.694 [AsyncHttpClient-1-4] DEBUG org.asynchttpclient.netty.handler.HttpHandler - 

Request DefaultHttpRequest(decodeResult: success, version: HTTP/1.1)
POST /session/76fca63ddcbe3e9e84ddcba92987627f/element HTTP/1.1
User-Agent: selenium/4.1.4 (java windows)
Content-Length: 49
Content-Type: application/json; charset=utf-8
host: localhost:61726
accept: */*

Response DefaultHttpResponse(decodeResult: success, version: HTTP/1.1)
HTTP/1.1 200 OK
Content-Type: application/json; charset=utf-8
cache-control: no-cache
content-length: 88

12:17:05.694 [AsyncHttpClient-1-4] DEBUG org.asynchttpclient.netty.channel.ChannelManager - Adding key: http://localhost:61726 for channel [id: 0x50ef15a0, L:/127.0.0.1:60097 - R:localhost/127.0.0.1:61726]
12:17:05.702 [Forwarding isElementDisplayed on session 76fca63ddcbe3e9e84ddcba92987627f to remote] DEBUG org.asynchttpclient.netty.request.NettyRequestSender - Using pooled Channel '[id: 0x50ef15a0, L:/127.0.0.1:60097 - R:localhost/127.0.0.1:61726]' for 'POST' to 'http://localhost:61726/session/76fca63ddcbe3e9e84ddcba92987627f/execute/sync'
12:17:05.702 [Forwarding isElementDisplayed on session 76fca63ddcbe3e9e84ddcba92987627f to remote] DEBUG org.asynchttpclient.netty.request.NettyRequestSender - Using open Channel [id: 0x50ef15a0, L:/127.0.0.1:60097 - R:localhost/127.0.0.1:61726] for POST '/session/76fca63ddcbe3e9e84ddcba92987627f/execute/sync'
12:17:05.737 [AsyncHttpClient-1-4] DEBUG org.asynchttpclient.netty.handler.HttpHandler - 

Request DefaultHttpRequest(decodeResult: success, version: HTTP/1.1)
POST /session/76fca63ddcbe3e9e84ddcba92987627f/execute/sync HTTP/1.1
User-Agent: selenium/4.1.4 (java windows)
Content-Length: 48780
Content-Type: application/json; charset=utf-8
host: localhost:61726
accept: */*

Response DefaultHttpResponse(decodeResult: success, version: HTTP/1.1)
HTTP/1.1 200 OK
Content-Type: application/json; charset=utf-8
cache-control: no-cache
content-length: 14

12:17:05.737 [AsyncHttpClient-1-4] DEBUG org.asynchttpclient.netty.channel.ChannelManager - Adding key: http://localhost:61726 for channel [id: 0x50ef15a0, L:/127.0.0.1:60097 - R:localhost/127.0.0.1:61726]
12:17:05.739 [Forwarding findElement on session 76fca63ddcbe3e9e84ddcba92987627f to remote] DEBUG org.asynchttpclient.netty.request.NettyRequestSender - Using pooled Channel '[id: 0x50ef15a0, L:/127.0.0.1:60097 - R:localhost/127.0.0.1:61726]' for 'POST' to 'http://localhost:61726/session/76fca63ddcbe3e9e84ddcba92987627f/element'
12:17:05.739 [Forwarding findElement on session 76fca63ddcbe3e9e84ddcba92987627f to remote] DEBUG org.asynchttpclient.netty.request.NettyRequestSender - Using open Channel [id: 0x50ef15a0, L:/127.0.0.1:60097 - R:localhost/127.0.0.1:61726] for POST '/session/76fca63ddcbe3e9e84ddcba92987627f/element'
12:17:05.755 [AsyncHttpClient-1-4] DEBUG org.asynchttpclient.netty.handler.HttpHandler - 

Request DefaultHttpRequest(decodeResult: success, version: HTTP/1.1)
POST /session/76fca63ddcbe3e9e84ddcba92987627f/element HTTP/1.1
User-Agent: selenium/4.1.4 (java windows)
Content-Length: 49
Content-Type: application/json; charset=utf-8
host: localhost:61726
accept: */*

Response DefaultHttpResponse(decodeResult: success, version: HTTP/1.1)
HTTP/1.1 200 OK
Content-Type: application/json; charset=utf-8
cache-control: no-cache
content-length: 88

12:17:05.755 [AsyncHttpClient-1-4] DEBUG org.asynchttpclient.netty.channel.ChannelManager - Adding key: http://localhost:61726 for channel [id: 0x50ef15a0, L:/127.0.0.1:60097 - R:localhost/127.0.0.1:61726]
12:17:05.756 [Forwarding isElementEnabled on session 76fca63ddcbe3e9e84ddcba92987627f to remote] DEBUG org.asynchttpclient.netty.request.NettyRequestSender - Using pooled Channel '[id: 0x50ef15a0, L:/127.0.0.1:60097 - R:localhost/127.0.0.1:61726]' for 'GET' to 'http://localhost:61726/session/76fca63ddcbe3e9e84ddcba92987627f/element/43c0919c-4c4c-4237-81bd-4fc323a65ecc/enabled'
12:17:05.756 [Forwarding isElementEnabled on session 76fca63ddcbe3e9e84ddcba92987627f to remote] DEBUG org.asynchttpclient.netty.request.NettyRequestSender - Using open Channel [id: 0x50ef15a0, L:/127.0.0.1:60097 - R:localhost/127.0.0.1:61726] for GET '/session/76fca63ddcbe3e9e84ddcba92987627f/element/43c0919c-4c4c-4237-81bd-4fc323a65ecc/enabled'
12:17:05.774 [AsyncHttpClient-1-4] DEBUG org.asynchttpclient.netty.handler.HttpHandler - 

Request DefaultFullHttpRequest(decodeResult: success, version: HTTP/1.1, content: EmptyByteBufBE)
GET /session/76fca63ddcbe3e9e84ddcba92987627f/element/43c0919c-4c4c-4237-81bd-4fc323a65ecc/enabled HTTP/1.1
User-Agent: selenium/4.1.4 (java windows)
Cache-Control: no-cache
Content-Type: application/json; charset=utf-8
host: localhost:61726
accept: */*

Response DefaultHttpResponse(decodeResult: success, version: HTTP/1.1)
HTTP/1.1 200 OK
Content-Type: application/json; charset=utf-8
cache-control: no-cache
content-length: 14

12:17:05.774 [AsyncHttpClient-1-4] DEBUG org.asynchttpclient.netty.channel.ChannelManager - Adding key: http://localhost:61726 for channel [id: 0x50ef15a0, L:/127.0.0.1:60097 - R:localhost/127.0.0.1:61726]
12:17:05.776 [Forwarding findElement on session 76fca63ddcbe3e9e84ddcba92987627f to remote] DEBUG org.asynchttpclient.netty.request.NettyRequestSender - Using pooled Channel '[id: 0x50ef15a0, L:/127.0.0.1:60097 - R:localhost/127.0.0.1:61726]' for 'POST' to 'http://localhost:61726/session/76fca63ddcbe3e9e84ddcba92987627f/element'
12:17:05.776 [Forwarding findElement on session 76fca63ddcbe3e9e84ddcba92987627f to remote] DEBUG org.asynchttpclient.netty.request.NettyRequestSender - Using open Channel [id: 0x50ef15a0, L:/127.0.0.1:60097 - R:localhost/127.0.0.1:61726] for POST '/session/76fca63ddcbe3e9e84ddcba92987627f/element'
12:17:05.792 [AsyncHttpClient-1-4] DEBUG org.asynchttpclient.netty.handler.HttpHandler - 

Request DefaultHttpRequest(decodeResult: success, version: HTTP/1.1)
POST /session/76fca63ddcbe3e9e84ddcba92987627f/element HTTP/1.1
User-Agent: selenium/4.1.4 (java windows)
Content-Length: 49
Content-Type: application/json; charset=utf-8
host: localhost:61726
accept: */*

Response DefaultHttpResponse(decodeResult: success, version: HTTP/1.1)
HTTP/1.1 200 OK
Content-Type: application/json; charset=utf-8
cache-control: no-cache
content-length: 88

12:17:05.793 [AsyncHttpClient-1-4] DEBUG org.asynchttpclient.netty.channel.ChannelManager - Adding key: http://localhost:61726 for channel [id: 0x50ef15a0, L:/127.0.0.1:60097 - R:localhost/127.0.0.1:61726]
12:17:05.796 [Forwarding sendKeysToElement on session 76fca63ddcbe3e9e84ddcba92987627f to remote] DEBUG org.asynchttpclient.netty.request.NettyRequestSender - Using pooled Channel '[id: 0x50ef15a0, L:/127.0.0.1:60097 - R:localhost/127.0.0.1:61726]' for 'POST' to 'http://localhost:61726/session/76fca63ddcbe3e9e84ddcba92987627f/element/43c0919c-4c4c-4237-81bd-4fc323a65ecc/value'
12:17:05.797 [Forwarding sendKeysToElement on session 76fca63ddcbe3e9e84ddcba92987627f to remote] DEBUG org.asynchttpclient.netty.request.NettyRequestSender - Using open Channel [id: 0x50ef15a0, L:/127.0.0.1:60097 - R:localhost/127.0.0.1:61726] for POST '/session/76fca63ddcbe3e9e84ddcba92987627f/element/43c0919c-4c4c-4237-81bd-4fc323a65ecc/value'
12:17:05.904 [AsyncHttpClient-1-4] DEBUG org.asynchttpclient.netty.handler.HttpHandler - 

Request DefaultHttpRequest(decodeResult: success, version: HTTP/1.1)
POST /session/76fca63ddcbe3e9e84ddcba92987627f/element/43c0919c-4c4c-4237-81bd-4fc323a65ecc/value HTTP/1.1
User-Agent: selenium/4.1.4 (java windows)
Content-Length: 181
Content-Type: application/json; charset=utf-8
host: localhost:61726
accept: */*

Response DefaultHttpResponse(decodeResult: success, version: HTTP/1.1)
HTTP/1.1 200 OK
Content-Type: application/json; charset=utf-8
cache-control: no-cache
content-length: 14

12:17:05.905 [AsyncHttpClient-1-4] DEBUG org.asynchttpclient.netty.channel.ChannelManager - Adding key: http://localhost:61726 for channel [id: 0x50ef15a0, L:/127.0.0.1:60097 - R:localhost/127.0.0.1:61726]
12:17:05.908 [Forwarding findElement on session 76fca63ddcbe3e9e84ddcba92987627f to remote] DEBUG org.asynchttpclient.netty.request.NettyRequestSender - Using pooled Channel '[id: 0x50ef15a0, L:/127.0.0.1:60097 - R:localhost/127.0.0.1:61726]' for 'POST' to 'http://localhost:61726/session/76fca63ddcbe3e9e84ddcba92987627f/element'
12:17:05.908 [Forwarding findElement on session 76fca63ddcbe3e9e84ddcba92987627f to remote] DEBUG org.asynchttpclient.netty.request.NettyRequestSender - Using open Channel [id: 0x50ef15a0, L:/127.0.0.1:60097 - R:localhost/127.0.0.1:61726] for POST '/session/76fca63ddcbe3e9e84ddcba92987627f/element'
12:17:05.926 [AsyncHttpClient-1-4] DEBUG org.asynchttpclient.netty.handler.HttpHandler - 

Request DefaultHttpRequest(decodeResult: success, version: HTTP/1.1)
POST /session/76fca63ddcbe3e9e84ddcba92987627f/element HTTP/1.1
User-Agent: selenium/4.1.4 (java windows)
Content-Length: 53
Content-Type: application/json; charset=utf-8
host: localhost:61726
accept: */*

Response DefaultHttpResponse(decodeResult: success, version: HTTP/1.1)
HTTP/1.1 200 OK
Content-Type: application/json; charset=utf-8
cache-control: no-cache
content-length: 88

12:17:05.926 [AsyncHttpClient-1-4] DEBUG org.asynchttpclient.netty.channel.ChannelManager - Adding key: http://localhost:61726 for channel [id: 0x50ef15a0, L:/127.0.0.1:60097 - R:localhost/127.0.0.1:61726]
12:17:05.935 [Forwarding isElementDisplayed on session 76fca63ddcbe3e9e84ddcba92987627f to remote] DEBUG org.asynchttpclient.netty.request.NettyRequestSender - Using pooled Channel '[id: 0x50ef15a0, L:/127.0.0.1:60097 - R:localhost/127.0.0.1:61726]' for 'POST' to 'http://localhost:61726/session/76fca63ddcbe3e9e84ddcba92987627f/execute/sync'
12:17:05.935 [Forwarding isElementDisplayed on session 76fca63ddcbe3e9e84ddcba92987627f to remote] DEBUG org.asynchttpclient.netty.request.NettyRequestSender - Using open Channel [id: 0x50ef15a0, L:/127.0.0.1:60097 - R:localhost/127.0.0.1:61726] for POST '/session/76fca63ddcbe3e9e84ddcba92987627f/execute/sync'
12:17:05.959 [AsyncHttpClient-1-4] DEBUG org.asynchttpclient.netty.handler.HttpHandler - 

Request DefaultHttpRequest(decodeResult: success, version: HTTP/1.1)
POST /session/76fca63ddcbe3e9e84ddcba92987627f/execute/sync HTTP/1.1
User-Agent: selenium/4.1.4 (java windows)
Content-Length: 48780
Content-Type: application/json; charset=utf-8
host: localhost:61726
accept: */*

Response DefaultHttpResponse(decodeResult: success, version: HTTP/1.1)
HTTP/1.1 200 OK
Content-Type: application/json; charset=utf-8
cache-control: no-cache
content-length: 14

12:17:05.959 [AsyncHttpClient-1-4] DEBUG org.asynchttpclient.netty.channel.ChannelManager - Adding key: http://localhost:61726 for channel [id: 0x50ef15a0, L:/127.0.0.1:60097 - R:localhost/127.0.0.1:61726]
12:17:05.961 [Forwarding findElement on session 76fca63ddcbe3e9e84ddcba92987627f to remote] DEBUG org.asynchttpclient.netty.request.NettyRequestSender - Using pooled Channel '[id: 0x50ef15a0, L:/127.0.0.1:60097 - R:localhost/127.0.0.1:61726]' for 'POST' to 'http://localhost:61726/session/76fca63ddcbe3e9e84ddcba92987627f/element'
12:17:05.961 [Forwarding findElement on session 76fca63ddcbe3e9e84ddcba92987627f to remote] DEBUG org.asynchttpclient.netty.request.NettyRequestSender - Using open Channel [id: 0x50ef15a0, L:/127.0.0.1:60097 - R:localhost/127.0.0.1:61726] for POST '/session/76fca63ddcbe3e9e84ddcba92987627f/element'
12:17:05.973 [AsyncHttpClient-1-4] DEBUG org.asynchttpclient.netty.handler.HttpHandler - 

Request DefaultHttpRequest(decodeResult: success, version: HTTP/1.1)
POST /session/76fca63ddcbe3e9e84ddcba92987627f/element HTTP/1.1
User-Agent: selenium/4.1.4 (java windows)
Content-Length: 53
Content-Type: application/json; charset=utf-8
host: localhost:61726
accept: */*

Response DefaultHttpResponse(decodeResult: success, version: HTTP/1.1)
HTTP/1.1 200 OK
Content-Type: application/json; charset=utf-8
cache-control: no-cache
content-length: 88

12:17:05.973 [AsyncHttpClient-1-4] DEBUG org.asynchttpclient.netty.channel.ChannelManager - Adding key: http://localhost:61726 for channel [id: 0x50ef15a0, L:/127.0.0.1:60097 - R:localhost/127.0.0.1:61726]
12:17:05.975 [Forwarding isElementEnabled on session 76fca63ddcbe3e9e84ddcba92987627f to remote] DEBUG org.asynchttpclient.netty.request.NettyRequestSender - Using pooled Channel '[id: 0x50ef15a0, L:/127.0.0.1:60097 - R:localhost/127.0.0.1:61726]' for 'GET' to 'http://localhost:61726/session/76fca63ddcbe3e9e84ddcba92987627f/element/d2fbfc51-bbdc-4739-8ac5-96403c26f108/enabled'
12:17:05.975 [Forwarding isElementEnabled on session 76fca63ddcbe3e9e84ddcba92987627f to remote] DEBUG org.asynchttpclient.netty.request.NettyRequestSender - Using open Channel [id: 0x50ef15a0, L:/127.0.0.1:60097 - R:localhost/127.0.0.1:61726] for GET '/session/76fca63ddcbe3e9e84ddcba92987627f/element/d2fbfc51-bbdc-4739-8ac5-96403c26f108/enabled'
12:17:05.989 [AsyncHttpClient-1-4] DEBUG org.asynchttpclient.netty.handler.HttpHandler - 

Request DefaultFullHttpRequest(decodeResult: success, version: HTTP/1.1, content: EmptyByteBufBE)
GET /session/76fca63ddcbe3e9e84ddcba92987627f/element/d2fbfc51-bbdc-4739-8ac5-96403c26f108/enabled HTTP/1.1
User-Agent: selenium/4.1.4 (java windows)
Cache-Control: no-cache
Content-Type: application/json; charset=utf-8
host: localhost:61726
accept: */*

Response DefaultHttpResponse(decodeResult: success, version: HTTP/1.1)
HTTP/1.1 200 OK
Content-Type: application/json; charset=utf-8
cache-control: no-cache
content-length: 14

12:17:05.989 [AsyncHttpClient-1-4] DEBUG org.asynchttpclient.netty.channel.ChannelManager - Adding key: http://localhost:61726 for channel [id: 0x50ef15a0, L:/127.0.0.1:60097 - R:localhost/127.0.0.1:61726]
12:17:05.992 [Forwarding findElement on session 76fca63ddcbe3e9e84ddcba92987627f to remote] DEBUG org.asynchttpclient.netty.request.NettyRequestSender - Using pooled Channel '[id: 0x50ef15a0, L:/127.0.0.1:60097 - R:localhost/127.0.0.1:61726]' for 'POST' to 'http://localhost:61726/session/76fca63ddcbe3e9e84ddcba92987627f/element'
12:17:05.992 [Forwarding findElement on session 76fca63ddcbe3e9e84ddcba92987627f to remote] DEBUG org.asynchttpclient.netty.request.NettyRequestSender - Using open Channel [id: 0x50ef15a0, L:/127.0.0.1:60097 - R:localhost/127.0.0.1:61726] for POST '/session/76fca63ddcbe3e9e84ddcba92987627f/element'
12:17:06.006 [AsyncHttpClient-1-4] DEBUG org.asynchttpclient.netty.handler.HttpHandler - 

Request DefaultHttpRequest(decodeResult: success, version: HTTP/1.1)
POST /session/76fca63ddcbe3e9e84ddcba92987627f/element HTTP/1.1
User-Agent: selenium/4.1.4 (java windows)
Content-Length: 53
Content-Type: application/json; charset=utf-8
host: localhost:61726
accept: */*

Response DefaultHttpResponse(decodeResult: success, version: HTTP/1.1)
HTTP/1.1 200 OK
Content-Type: application/json; charset=utf-8
cache-control: no-cache
content-length: 88

12:17:06.006 [AsyncHttpClient-1-4] DEBUG org.asynchttpclient.netty.channel.ChannelManager - Adding key: http://localhost:61726 for channel [id: 0x50ef15a0, L:/127.0.0.1:60097 - R:localhost/127.0.0.1:61726]
12:17:06.008 [Forwarding sendKeysToElement on session 76fca63ddcbe3e9e84ddcba92987627f to remote] DEBUG org.asynchttpclient.netty.request.NettyRequestSender - Using pooled Channel '[id: 0x50ef15a0, L:/127.0.0.1:60097 - R:localhost/127.0.0.1:61726]' for 'POST' to 'http://localhost:61726/session/76fca63ddcbe3e9e84ddcba92987627f/element/d2fbfc51-bbdc-4739-8ac5-96403c26f108/value'
12:17:06.008 [Forwarding sendKeysToElement on session 76fca63ddcbe3e9e84ddcba92987627f to remote] DEBUG org.asynchttpclient.netty.request.NettyRequestSender - Using open Channel [id: 0x50ef15a0, L:/127.0.0.1:60097 - R:localhost/127.0.0.1:61726] for POST '/session/76fca63ddcbe3e9e84ddcba92987627f/element/d2fbfc51-bbdc-4739-8ac5-96403c26f108/value'
12:17:06.095 [AsyncHttpClient-1-4] DEBUG org.asynchttpclient.netty.handler.HttpHandler - 

Request DefaultHttpRequest(decodeResult: success, version: HTTP/1.1)
POST /session/76fca63ddcbe3e9e84ddcba92987627f/element/d2fbfc51-bbdc-4739-8ac5-96403c26f108/value HTTP/1.1
User-Agent: selenium/4.1.4 (java windows)
Content-Length: 181
Content-Type: application/json; charset=utf-8
host: localhost:61726
accept: */*

Response DefaultHttpResponse(decodeResult: success, version: HTTP/1.1)
HTTP/1.1 200 OK
Content-Type: application/json; charset=utf-8
cache-control: no-cache
content-length: 14

12:17:06.096 [AsyncHttpClient-1-4] DEBUG org.asynchttpclient.netty.channel.ChannelManager - Adding key: http://localhost:61726 for channel [id: 0x50ef15a0, L:/127.0.0.1:60097 - R:localhost/127.0.0.1:61726]
12:17:06.102 [Forwarding findElement on session 76fca63ddcbe3e9e84ddcba92987627f to remote] DEBUG org.asynchttpclient.netty.request.NettyRequestSender - Using pooled Channel '[id: 0x50ef15a0, L:/127.0.0.1:60097 - R:localhost/127.0.0.1:61726]' for 'POST' to 'http://localhost:61726/session/76fca63ddcbe3e9e84ddcba92987627f/element'
12:17:06.102 [Forwarding findElement on session 76fca63ddcbe3e9e84ddcba92987627f to remote] DEBUG org.asynchttpclient.netty.request.NettyRequestSender - Using open Channel [id: 0x50ef15a0, L:/127.0.0.1:60097 - R:localhost/127.0.0.1:61726] for POST '/session/76fca63ddcbe3e9e84ddcba92987627f/element'
12:17:06.122 [AsyncHttpClient-1-4] DEBUG org.asynchttpclient.netty.handler.HttpHandler - 

Request DefaultHttpRequest(decodeResult: success, version: HTTP/1.1)
POST /session/76fca63ddcbe3e9e84ddcba92987627f/element HTTP/1.1
User-Agent: selenium/4.1.4 (java windows)
Content-Length: 59
Content-Type: application/json; charset=utf-8
host: localhost:61726
accept: */*

Response DefaultHttpResponse(decodeResult: success, version: HTTP/1.1)
HTTP/1.1 200 OK
Content-Type: application/json; charset=utf-8
cache-control: no-cache
content-length: 88

12:17:06.122 [AsyncHttpClient-1-4] DEBUG org.asynchttpclient.netty.channel.ChannelManager - Adding key: http://localhost:61726 for channel [id: 0x50ef15a0, L:/127.0.0.1:60097 - R:localhost/127.0.0.1:61726]
12:17:06.127 [Forwarding isElementDisplayed on session 76fca63ddcbe3e9e84ddcba92987627f to remote] DEBUG org.asynchttpclient.netty.request.NettyRequestSender - Using pooled Channel '[id: 0x50ef15a0, L:/127.0.0.1:60097 - R:localhost/127.0.0.1:61726]' for 'POST' to 'http://localhost:61726/session/76fca63ddcbe3e9e84ddcba92987627f/execute/sync'
12:17:06.127 [Forwarding isElementDisplayed on session 76fca63ddcbe3e9e84ddcba92987627f to remote] DEBUG org.asynchttpclient.netty.request.NettyRequestSender - Using open Channel [id: 0x50ef15a0, L:/127.0.0.1:60097 - R:localhost/127.0.0.1:61726] for POST '/session/76fca63ddcbe3e9e84ddcba92987627f/execute/sync'
12:17:06.143 [AsyncHttpClient-1-4] DEBUG org.asynchttpclient.netty.handler.HttpHandler - 

Request DefaultHttpRequest(decodeResult: success, version: HTTP/1.1)
POST /session/76fca63ddcbe3e9e84ddcba92987627f/execute/sync HTTP/1.1
User-Agent: selenium/4.1.4 (java windows)
Content-Length: 48780
Content-Type: application/json; charset=utf-8
host: localhost:61726
accept: */*

Response DefaultHttpResponse(decodeResult: success, version: HTTP/1.1)
HTTP/1.1 200 OK
Content-Type: application/json; charset=utf-8
cache-control: no-cache
content-length: 14

12:17:06.143 [AsyncHttpClient-1-4] DEBUG org.asynchttpclient.netty.channel.ChannelManager - Adding key: http://localhost:61726 for channel [id: 0x50ef15a0, L:/127.0.0.1:60097 - R:localhost/127.0.0.1:61726]
12:17:06.144 [Forwarding findElement on session 76fca63ddcbe3e9e84ddcba92987627f to remote] DEBUG org.asynchttpclient.netty.request.NettyRequestSender - Using pooled Channel '[id: 0x50ef15a0, L:/127.0.0.1:60097 - R:localhost/127.0.0.1:61726]' for 'POST' to 'http://localhost:61726/session/76fca63ddcbe3e9e84ddcba92987627f/element'
12:17:06.144 [Forwarding findElement on session 76fca63ddcbe3e9e84ddcba92987627f to remote] DEBUG org.asynchttpclient.netty.request.NettyRequestSender - Using open Channel [id: 0x50ef15a0, L:/127.0.0.1:60097 - R:localhost/127.0.0.1:61726] for POST '/session/76fca63ddcbe3e9e84ddcba92987627f/element'
12:17:06.156 [AsyncHttpClient-1-4] DEBUG org.asynchttpclient.netty.handler.HttpHandler - 

Request DefaultHttpRequest(decodeResult: success, version: HTTP/1.1)
POST /session/76fca63ddcbe3e9e84ddcba92987627f/element HTTP/1.1
User-Agent: selenium/4.1.4 (java windows)
Content-Length: 59
Content-Type: application/json; charset=utf-8
host: localhost:61726
accept: */*

Response DefaultHttpResponse(decodeResult: success, version: HTTP/1.1)
HTTP/1.1 200 OK
Content-Type: application/json; charset=utf-8
cache-control: no-cache
content-length: 88

12:17:06.156 [AsyncHttpClient-1-4] DEBUG org.asynchttpclient.netty.channel.ChannelManager - Adding key: http://localhost:61726 for channel [id: 0x50ef15a0, L:/127.0.0.1:60097 - R:localhost/127.0.0.1:61726]
12:17:06.158 [Forwarding isElementEnabled on session 76fca63ddcbe3e9e84ddcba92987627f to remote] DEBUG org.asynchttpclient.netty.request.NettyRequestSender - Using pooled Channel '[id: 0x50ef15a0, L:/127.0.0.1:60097 - R:localhost/127.0.0.1:61726]' for 'GET' to 'http://localhost:61726/session/76fca63ddcbe3e9e84ddcba92987627f/element/ffee4c1b-96a3-4830-af91-29be6d1b2c48/enabled'
12:17:06.158 [Forwarding isElementEnabled on session 76fca63ddcbe3e9e84ddcba92987627f to remote] DEBUG org.asynchttpclient.netty.request.NettyRequestSender - Using open Channel [id: 0x50ef15a0, L:/127.0.0.1:60097 - R:localhost/127.0.0.1:61726] for GET '/session/76fca63ddcbe3e9e84ddcba92987627f/element/ffee4c1b-96a3-4830-af91-29be6d1b2c48/enabled'
12:17:06.169 [AsyncHttpClient-1-4] DEBUG org.asynchttpclient.netty.handler.HttpHandler - 

Request DefaultFullHttpRequest(decodeResult: success, version: HTTP/1.1, content: EmptyByteBufBE)
GET /session/76fca63ddcbe3e9e84ddcba92987627f/element/ffee4c1b-96a3-4830-af91-29be6d1b2c48/enabled HTTP/1.1
User-Agent: selenium/4.1.4 (java windows)
Cache-Control: no-cache
Content-Type: application/json; charset=utf-8
host: localhost:61726
accept: */*

Response DefaultHttpResponse(decodeResult: success, version: HTTP/1.1)
HTTP/1.1 200 OK
Content-Type: application/json; charset=utf-8
cache-control: no-cache
content-length: 14

12:17:06.170 [AsyncHttpClient-1-4] DEBUG org.asynchttpclient.netty.channel.ChannelManager - Adding key: http://localhost:61726 for channel [id: 0x50ef15a0, L:/127.0.0.1:60097 - R:localhost/127.0.0.1:61726]
12:17:06.172 [Forwarding findElement on session 76fca63ddcbe3e9e84ddcba92987627f to remote] DEBUG org.asynchttpclient.netty.request.NettyRequestSender - Using pooled Channel '[id: 0x50ef15a0, L:/127.0.0.1:60097 - R:localhost/127.0.0.1:61726]' for 'POST' to 'http://localhost:61726/session/76fca63ddcbe3e9e84ddcba92987627f/element'
12:17:06.172 [Forwarding findElement on session 76fca63ddcbe3e9e84ddcba92987627f to remote] DEBUG org.asynchttpclient.netty.request.NettyRequestSender - Using open Channel [id: 0x50ef15a0, L:/127.0.0.1:60097 - R:localhost/127.0.0.1:61726] for POST '/session/76fca63ddcbe3e9e84ddcba92987627f/element'
12:17:06.181 [AsyncHttpClient-1-4] DEBUG org.asynchttpclient.netty.handler.HttpHandler - 

Request DefaultHttpRequest(decodeResult: success, version: HTTP/1.1)
POST /session/76fca63ddcbe3e9e84ddcba92987627f/element HTTP/1.1
User-Agent: selenium/4.1.4 (java windows)
Content-Length: 59
Content-Type: application/json; charset=utf-8
host: localhost:61726
accept: */*

Response DefaultHttpResponse(decodeResult: success, version: HTTP/1.1)
HTTP/1.1 200 OK
Content-Type: application/json; charset=utf-8
cache-control: no-cache
content-length: 88

12:17:06.181 [AsyncHttpClient-1-4] DEBUG org.asynchttpclient.netty.channel.ChannelManager - Adding key: http://localhost:61726 for channel [id: 0x50ef15a0, L:/127.0.0.1:60097 - R:localhost/127.0.0.1:61726]
12:17:06.185 [Forwarding clickElement on session 76fca63ddcbe3e9e84ddcba92987627f to remote] DEBUG org.asynchttpclient.netty.request.NettyRequestSender - Using pooled Channel '[id: 0x50ef15a0, L:/127.0.0.1:60097 - R:localhost/127.0.0.1:61726]' for 'POST' to 'http://localhost:61726/session/76fca63ddcbe3e9e84ddcba92987627f/element/ffee4c1b-96a3-4830-af91-29be6d1b2c48/click'
12:17:06.185 [Forwarding clickElement on session 76fca63ddcbe3e9e84ddcba92987627f to remote] DEBUG org.asynchttpclient.netty.request.NettyRequestSender - Using open Channel [id: 0x50ef15a0, L:/127.0.0.1:60097 - R:localhost/127.0.0.1:61726] for POST '/session/76fca63ddcbe3e9e84ddcba92987627f/element/ffee4c1b-96a3-4830-af91-29be6d1b2c48/click'
12:17:06.290 [AsyncHttpClient-1-4] DEBUG org.asynchttpclient.netty.handler.HttpHandler - 

Request DefaultHttpRequest(decodeResult: success, version: HTTP/1.1)
POST /session/76fca63ddcbe3e9e84ddcba92987627f/element/ffee4c1b-96a3-4830-af91-29be6d1b2c48/click HTTP/1.1
User-Agent: selenium/4.1.4 (java windows)
Content-Length: 50
Content-Type: application/json; charset=utf-8
host: localhost:61726
accept: */*

Response DefaultHttpResponse(decodeResult: success, version: HTTP/1.1)
HTTP/1.1 200 OK
Content-Type: application/json; charset=utf-8
cache-control: no-cache
content-length: 14

12:17:06.290 [AsyncHttpClient-1-4] DEBUG org.asynchttpclient.netty.channel.ChannelManager - Adding key: http://localhost:61726 for channel [id: 0x50ef15a0, L:/127.0.0.1:60097 - R:localhost/127.0.0.1:61726]
12:17:06.294 [Forwarding getAlertText on session 76fca63ddcbe3e9e84ddcba92987627f to remote] DEBUG org.asynchttpclient.netty.request.NettyRequestSender - Using pooled Channel '[id: 0x50ef15a0, L:/127.0.0.1:60097 - R:localhost/127.0.0.1:61726]' for 'GET' to 'http://localhost:61726/session/76fca63ddcbe3e9e84ddcba92987627f/alert/text'
12:17:06.294 [Forwarding getAlertText on session 76fca63ddcbe3e9e84ddcba92987627f to remote] DEBUG org.asynchttpclient.netty.request.NettyRequestSender - Using open Channel [id: 0x50ef15a0, L:/127.0.0.1:60097 - R:localhost/127.0.0.1:61726] for GET '/session/76fca63ddcbe3e9e84ddcba92987627f/alert/text'
12:17:06.295 [AsyncHttpClient-1-4] DEBUG org.asynchttpclient.netty.handler.HttpHandler - 

Request DefaultFullHttpRequest(decodeResult: success, version: HTTP/1.1, content: EmptyByteBufBE)
GET /session/76fca63ddcbe3e9e84ddcba92987627f/alert/text HTTP/1.1
User-Agent: selenium/4.1.4 (java windows)
Cache-Control: no-cache
Content-Type: application/json; charset=utf-8
host: localhost:61726
accept: */*

Response DefaultHttpResponse(decodeResult: success, version: HTTP/1.1)
HTTP/1.1 200 OK
Content-Type: application/json; charset=utf-8
cache-control: no-cache
content-length: 29

12:17:06.295 [AsyncHttpClient-1-4] DEBUG org.asynchttpclient.netty.channel.ChannelManager - Adding key: http://localhost:61726 for channel [id: 0x50ef15a0, L:/127.0.0.1:60097 - R:localhost/127.0.0.1:61726]
12:17:06.296 [Forwarding getAlertText on session 76fca63ddcbe3e9e84ddcba92987627f to remote] DEBUG org.asynchttpclient.netty.request.NettyRequestSender - Using pooled Channel '[id: 0x50ef15a0, L:/127.0.0.1:60097 - R:localhost/127.0.0.1:61726]' for 'GET' to 'http://localhost:61726/session/76fca63ddcbe3e9e84ddcba92987627f/alert/text'
12:17:06.300 [Forwarding getAlertText on session 76fca63ddcbe3e9e84ddcba92987627f to remote] DEBUG org.asynchttpclient.netty.request.NettyRequestSender - Using open Channel [id: 0x50ef15a0, L:/127.0.0.1:60097 - R:localhost/127.0.0.1:61726] for GET '/session/76fca63ddcbe3e9e84ddcba92987627f/alert/text'
12:17:06.302 [AsyncHttpClient-1-4] DEBUG org.asynchttpclient.netty.handler.HttpHandler - 

Request DefaultFullHttpRequest(decodeResult: success, version: HTTP/1.1, content: EmptyByteBufBE)
GET /session/76fca63ddcbe3e9e84ddcba92987627f/alert/text HTTP/1.1
User-Agent: selenium/4.1.4 (java windows)
Cache-Control: no-cache
Content-Type: application/json; charset=utf-8
host: localhost:61726
accept: */*

Response DefaultHttpResponse(decodeResult: success, version: HTTP/1.1)
HTTP/1.1 200 OK
Content-Type: application/json; charset=utf-8
cache-control: no-cache
content-length: 29

12:17:06.302 [AsyncHttpClient-1-4] DEBUG org.asynchttpclient.netty.channel.ChannelManager - Adding key: http://localhost:61726 for channel [id: 0x50ef15a0, L:/127.0.0.1:60097 - R:localhost/127.0.0.1:61726]
12:17:06.303 [Forwarding getAlertText on session 76fca63ddcbe3e9e84ddcba92987627f to remote] DEBUG org.asynchttpclient.netty.request.NettyRequestSender - Using pooled Channel '[id: 0x50ef15a0, L:/127.0.0.1:60097 - R:localhost/127.0.0.1:61726]' for 'GET' to 'http://localhost:61726/session/76fca63ddcbe3e9e84ddcba92987627f/alert/text'
12:17:06.303 [Forwarding getAlertText on session 76fca63ddcbe3e9e84ddcba92987627f to remote] DEBUG org.asynchttpclient.netty.request.NettyRequestSender - Using open Channel [id: 0x50ef15a0, L:/127.0.0.1:60097 - R:localhost/127.0.0.1:61726] for GET '/session/76fca63ddcbe3e9e84ddcba92987627f/alert/text'
12:17:06.304 [AsyncHttpClient-1-4] DEBUG org.asynchttpclient.netty.handler.HttpHandler - 

Request DefaultFullHttpRequest(decodeResult: success, version: HTTP/1.1, content: EmptyByteBufBE)
GET /session/76fca63ddcbe3e9e84ddcba92987627f/alert/text HTTP/1.1
User-Agent: selenium/4.1.4 (java windows)
Cache-Control: no-cache
Content-Type: application/json; charset=utf-8
host: localhost:61726
accept: */*

Response DefaultHttpResponse(decodeResult: success, version: HTTP/1.1)
HTTP/1.1 200 OK
Content-Type: application/json; charset=utf-8
cache-control: no-cache
content-length: 29

12:17:06.305 [AsyncHttpClient-1-4] DEBUG org.asynchttpclient.netty.channel.ChannelManager - Adding key: http://localhost:61726 for channel [id: 0x50ef15a0, L:/127.0.0.1:60097 - R:localhost/127.0.0.1:61726]
12:17:06.309 [AsyncHttpClient-1-7] DEBUG org.asynchttpclient.netty.handler.WebSocketHandler - Channel Closed: [id: 0xa53258f0, L:/127.0.0.1:60107 ! R:localhost/127.0.0.1:60099] with attribute NettyResponseFuture{currentRetry=5,
	isDone=1,
	isCancelled=0,
	asyncHandler=org.asynchttpclient.ws.WebSocketUpgradeHandler@c56818b,
	nettyRequest=org.asynchttpclient.netty.request.NettyRequest@28eca48d,
	future=java.util.concurrent.CompletableFuture@737e5c99[Completed normally],
	uri=ws://localhost:60099/devtools/browser/f0e02629-5803-42f8-8200-0ef2a4545c96,
	keepAlive=true,
	redirectCount=0,
	timeoutsHolder=null,
	inAuth=0,
	touch=1663690624261}
12:17:06.309 [AsyncHttpClient-1-7] DEBUG org.asynchttpclient.netty.channel.ChannelManager - Closing Channel [id: 0xa53258f0, L:/127.0.0.1:60107 ! R:localhost/127.0.0.1:60099] 
12:17:06.310 [Driver Command Executor] DEBUG org.asynchttpclient.netty.request.NettyRequestSender - Using pooled Channel '[id: 0x50ef15a0, L:/127.0.0.1:60097 - R:localhost/127.0.0.1:61726]' for 'DELETE' to 'http://localhost:61726/session/76fca63ddcbe3e9e84ddcba92987627f'
12:17:06.311 [Driver Command Executor] DEBUG org.asynchttpclient.netty.request.NettyRequestSender - Using open Channel [id: 0x50ef15a0, L:/127.0.0.1:60097 - R:localhost/127.0.0.1:61726] for DELETE '/session/76fca63ddcbe3e9e84ddcba92987627f'
12:17:06.557 [AsyncHttpClient-1-6] DEBUG org.asynchttpclient.netty.handler.HttpHandler - Unexpected I/O exception on channel [id: 0xd7e597b1, L:/127.0.0.1:60106 - R:localhost/127.0.0.1:60099]
java.net.SocketException: Connection reset
	at java.base/sun.nio.ch.SocketChannelImpl.throwConnectionReset(SocketChannelImpl.java:367)
	at java.base/sun.nio.ch.SocketChannelImpl.read(SocketChannelImpl.java:398)
	at io.netty.buffer.PooledByteBuf.setBytes(PooledByteBuf.java:258)
	at io.netty.buffer.AbstractByteBuf.writeBytes(AbstractByteBuf.java:1132)
	at io.netty.channel.socket.nio.NioSocketChannel.doReadBytes(NioSocketChannel.java:357)
	at io.netty.channel.nio.AbstractNioByteChannel$NioByteUnsafe.read(AbstractNioByteChannel.java:151)
	at io.netty.channel.nio.NioEventLoop.processSelectedKey(NioEventLoop.java:722)
	at io.netty.channel.nio.NioEventLoop.processSelectedKeysOptimized(NioEventLoop.java:658)
	at io.netty.channel.nio.NioEventLoop.processSelectedKeys(NioEventLoop.java:584)
	at io.netty.channel.nio.NioEventLoop.run(NioEventLoop.java:496)
	at io.netty.util.concurrent.SingleThreadEventExecutor$4.run(SingleThreadEventExecutor.java:986)
	at io.netty.util.internal.ThreadExecutorMap$2.run(ThreadExecutorMap.java:74)
	at io.netty.util.concurrent.FastThreadLocalRunnable.run(FastThreadLocalRunnable.java:30)
	at java.base/java.lang.Thread.run(Thread.java:832)
12:17:06.557 [AsyncHttpClient-1-6] DEBUG org.asynchttpclient.netty.channel.ChannelManager - Closing Channel [id: 0xd7e597b1, L:/127.0.0.1:60106 - R:localhost/127.0.0.1:60099] 
12:17:06.557 [AsyncHttpClient-1-6] DEBUG org.asynchttpclient.netty.handler.HttpHandler - Channel Closed: [id: 0xd7e597b1, L:/127.0.0.1:60106 ! R:localhost/127.0.0.1:60099] with attribute DISCARD
12:17:06.589 [AsyncHttpClient-1-4] DEBUG org.asynchttpclient.netty.handler.HttpHandler - 

Request DefaultFullHttpRequest(decodeResult: success, version: HTTP/1.1, content: EmptyByteBufBE)
DELETE /session/76fca63ddcbe3e9e84ddcba92987627f HTTP/1.1
User-Agent: selenium/4.1.4 (java windows)
Content-Type: application/json; charset=utf-8
host: localhost:61726
accept: */*

Response DefaultHttpResponse(decodeResult: success, version: HTTP/1.1)
HTTP/1.1 200 OK
Content-Type: application/json; charset=utf-8
cache-control: no-cache
content-length: 14

12:17:06.590 [AsyncHttpClient-1-4] DEBUG org.asynchttpclient.netty.channel.ChannelManager - Adding key: http://localhost:61726 for channel [id: 0x50ef15a0, L:/127.0.0.1:60097 - R:localhost/127.0.0.1:61726]
12:17:06.686 [AsyncHttpClient-1-5] DEBUG org.asynchttpclient.netty.handler.HttpHandler - 

Request DefaultHttpRequest(decodeResult: success, version: HTTP/1.1)
POST /session/d44bb7f3706ec65f92f8ebdd446b4f74/url HTTP/1.1
User-Agent: selenium/4.1.4 (java windows)
Content-Length: 94
Content-Type: application/json; charset=utf-8
host: localhost:60931
accept: */*

Response DefaultHttpResponse(decodeResult: success, version: HTTP/1.1)
HTTP/1.1 200 OK
Content-Type: application/json; charset=utf-8
cache-control: no-cache
content-length: 14

12:17:06.686 [AsyncHttpClient-1-5] DEBUG org.asynchttpclient.netty.channel.ChannelManager - Adding key: http://localhost:60931 for channel [id: 0x94a868fe, L:/127.0.0.1:60102 - R:localhost/127.0.0.1:60931]
12:17:06.688 [Forwarding findElement on session d44bb7f3706ec65f92f8ebdd446b4f74 to remote] DEBUG org.asynchttpclient.netty.request.NettyRequestSender - Using pooled Channel '[id: 0x94a868fe, L:/127.0.0.1:60102 - R:localhost/127.0.0.1:60931]' for 'POST' to 'http://localhost:60931/session/d44bb7f3706ec65f92f8ebdd446b4f74/element'
12:17:06.688 [Forwarding findElement on session d44bb7f3706ec65f92f8ebdd446b4f74 to remote] DEBUG org.asynchttpclient.netty.request.NettyRequestSender - Using open Channel [id: 0x94a868fe, L:/127.0.0.1:60102 - R:localhost/127.0.0.1:60931] for POST '/session/d44bb7f3706ec65f92f8ebdd446b4f74/element'
12:17:06.689 [AsyncHttpClient-1-1] DEBUG org.asynchttpclient.netty.channel.DefaultChannelPool - Entry count for : http://localhost:60099 : 1
12:17:06.689 [AsyncHttpClient-1-1] DEBUG org.asynchttpclient.netty.channel.DefaultChannelPool - Entry count for : http://localhost:61726 : 1
12:17:06.689 [AsyncHttpClient-1-1] DEBUG org.asynchttpclient.netty.channel.DefaultChannelPool - Entry count for : http://localhost:60113 : 1
12:17:06.689 [AsyncHttpClient-1-1] DEBUG org.asynchttpclient.netty.channel.DefaultChannelPool - Adding Candidate expired Channel [id: 0xd7e597b1, L:/127.0.0.1:60106 ! R:localhost/127.0.0.1:60099] isIdleTimeoutExpired=false isRemotelyClosed=true isTtlExpired=false
12:17:06.689 [AsyncHttpClient-1-1] DEBUG org.asynchttpclient.netty.channel.DefaultChannelPool - Closing Idle Channel [id: 0xd7e597b1, L:/127.0.0.1:60106 ! R:localhost/127.0.0.1:60099]
12:17:06.689 [AsyncHttpClient-1-1] DEBUG org.asynchttpclient.netty.channel.DefaultChannelPool - Closed 1 connections out of 3 in 0 ms
12:17:06.704 [AsyncHttpClient-1-5] DEBUG org.asynchttpclient.netty.handler.HttpHandler - 

Request DefaultHttpRequest(decodeResult: success, version: HTTP/1.1)
POST /session/d44bb7f3706ec65f92f8ebdd446b4f74/element HTTP/1.1
User-Agent: selenium/4.1.4 (java windows)
Content-Length: 49
Content-Type: application/json; charset=utf-8
host: localhost:60931
accept: */*

Response DefaultHttpResponse(decodeResult: success, version: HTTP/1.1)
HTTP/1.1 200 OK
Content-Type: application/json; charset=utf-8
cache-control: no-cache
content-length: 88

12:17:06.704 [AsyncHttpClient-1-5] DEBUG org.asynchttpclient.netty.channel.ChannelManager - Adding key: http://localhost:60931 for channel [id: 0x94a868fe, L:/127.0.0.1:60102 - R:localhost/127.0.0.1:60931]
12:17:06.712 [Forwarding isElementDisplayed on session d44bb7f3706ec65f92f8ebdd446b4f74 to remote] DEBUG org.asynchttpclient.netty.request.NettyRequestSender - Using pooled Channel '[id: 0x94a868fe, L:/127.0.0.1:60102 - R:localhost/127.0.0.1:60931]' for 'POST' to 'http://localhost:60931/session/d44bb7f3706ec65f92f8ebdd446b4f74/execute/sync'
12:17:06.712 [Forwarding isElementDisplayed on session d44bb7f3706ec65f92f8ebdd446b4f74 to remote] DEBUG org.asynchttpclient.netty.request.NettyRequestSender - Using open Channel [id: 0x94a868fe, L:/127.0.0.1:60102 - R:localhost/127.0.0.1:60931] for POST '/session/d44bb7f3706ec65f92f8ebdd446b4f74/execute/sync'
12:17:06.712 [AsyncHttpClient-1-4] DEBUG org.asynchttpclient.netty.handler.HttpHandler - Channel Closed: [id: 0x50ef15a0, L:/127.0.0.1:60097 ! R:localhost/127.0.0.1:61726] with attribute DISCARD
12:17:06.734 [AsyncHttpClient-1-5] DEBUG org.asynchttpclient.netty.handler.HttpHandler - 

Request DefaultHttpRequest(decodeResult: success, version: HTTP/1.1)
POST /session/d44bb7f3706ec65f92f8ebdd446b4f74/execute/sync HTTP/1.1
User-Agent: selenium/4.1.4 (java windows)
Content-Length: 48780
Content-Type: application/json; charset=utf-8
host: localhost:60931
accept: */*

Response DefaultHttpResponse(decodeResult: success, version: HTTP/1.1)
HTTP/1.1 200 OK
Content-Type: application/json; charset=utf-8
cache-control: no-cache
content-length: 14

12:17:06.734 [AsyncHttpClient-1-5] DEBUG org.asynchttpclient.netty.channel.ChannelManager - Adding key: http://localhost:60931 for channel [id: 0x94a868fe, L:/127.0.0.1:60102 - R:localhost/127.0.0.1:60931]
12:17:06.735 [Forwarding findElement on session d44bb7f3706ec65f92f8ebdd446b4f74 to remote] DEBUG org.asynchttpclient.netty.request.NettyRequestSender - Using pooled Channel '[id: 0x94a868fe, L:/127.0.0.1:60102 - R:localhost/127.0.0.1:60931]' for 'POST' to 'http://localhost:60931/session/d44bb7f3706ec65f92f8ebdd446b4f74/element'
12:17:06.736 [Forwarding findElement on session d44bb7f3706ec65f92f8ebdd446b4f74 to remote] DEBUG org.asynchttpclient.netty.request.NettyRequestSender - Using open Channel [id: 0x94a868fe, L:/127.0.0.1:60102 - R:localhost/127.0.0.1:60931] for POST '/session/d44bb7f3706ec65f92f8ebdd446b4f74/element'
12:17:06.743 [AsyncHttpClient-1-5] DEBUG org.asynchttpclient.netty.handler.HttpHandler - 

Request DefaultHttpRequest(decodeResult: success, version: HTTP/1.1)
POST /session/d44bb7f3706ec65f92f8ebdd446b4f74/element HTTP/1.1
User-Agent: selenium/4.1.4 (java windows)
Content-Length: 49
Content-Type: application/json; charset=utf-8
host: localhost:60931
accept: */*

Response DefaultHttpResponse(decodeResult: success, version: HTTP/1.1)
HTTP/1.1 200 OK
Content-Type: application/json; charset=utf-8
cache-control: no-cache
content-length: 88

12:17:06.743 [AsyncHttpClient-1-5] DEBUG org.asynchttpclient.netty.channel.ChannelManager - Adding key: http://localhost:60931 for channel [id: 0x94a868fe, L:/127.0.0.1:60102 - R:localhost/127.0.0.1:60931]
12:17:06.744 [Forwarding isElementEnabled on session d44bb7f3706ec65f92f8ebdd446b4f74 to remote] DEBUG org.asynchttpclient.netty.request.NettyRequestSender - Using pooled Channel '[id: 0x94a868fe, L:/127.0.0.1:60102 - R:localhost/127.0.0.1:60931]' for 'GET' to 'http://localhost:60931/session/d44bb7f3706ec65f92f8ebdd446b4f74/element/f0c691d1-1cac-4fd1-92d2-cb9c0505a6c5/enabled'
12:17:06.745 [Forwarding isElementEnabled on session d44bb7f3706ec65f92f8ebdd446b4f74 to remote] DEBUG org.asynchttpclient.netty.request.NettyRequestSender - Using open Channel [id: 0x94a868fe, L:/127.0.0.1:60102 - R:localhost/127.0.0.1:60931] for GET '/session/d44bb7f3706ec65f92f8ebdd446b4f74/element/f0c691d1-1cac-4fd1-92d2-cb9c0505a6c5/enabled'
12:17:06.757 [AsyncHttpClient-1-5] DEBUG org.asynchttpclient.netty.handler.HttpHandler - 

Request DefaultFullHttpRequest(decodeResult: success, version: HTTP/1.1, content: EmptyByteBufBE)
GET /session/d44bb7f3706ec65f92f8ebdd446b4f74/element/f0c691d1-1cac-4fd1-92d2-cb9c0505a6c5/enabled HTTP/1.1
User-Agent: selenium/4.1.4 (java windows)
Cache-Control: no-cache
Content-Type: application/json; charset=utf-8
host: localhost:60931
accept: */*

Response DefaultHttpResponse(decodeResult: success, version: HTTP/1.1)
HTTP/1.1 200 OK
Content-Type: application/json; charset=utf-8
cache-control: no-cache
content-length: 14

12:17:06.757 [AsyncHttpClient-1-5] DEBUG org.asynchttpclient.netty.channel.ChannelManager - Adding key: http://localhost:60931 for channel [id: 0x94a868fe, L:/127.0.0.1:60102 - R:localhost/127.0.0.1:60931]
12:17:06.758 [Forwarding findElement on session d44bb7f3706ec65f92f8ebdd446b4f74 to remote] DEBUG org.asynchttpclient.netty.request.NettyRequestSender - Using pooled Channel '[id: 0x94a868fe, L:/127.0.0.1:60102 - R:localhost/127.0.0.1:60931]' for 'POST' to 'http://localhost:60931/session/d44bb7f3706ec65f92f8ebdd446b4f74/element'
12:17:06.758 [Forwarding findElement on session d44bb7f3706ec65f92f8ebdd446b4f74 to remote] DEBUG org.asynchttpclient.netty.request.NettyRequestSender - Using open Channel [id: 0x94a868fe, L:/127.0.0.1:60102 - R:localhost/127.0.0.1:60931] for POST '/session/d44bb7f3706ec65f92f8ebdd446b4f74/element'
12:17:06.768 [AsyncHttpClient-1-5] DEBUG org.asynchttpclient.netty.handler.HttpHandler - 

Request DefaultHttpRequest(decodeResult: success, version: HTTP/1.1)
POST /session/d44bb7f3706ec65f92f8ebdd446b4f74/element HTTP/1.1
User-Agent: selenium/4.1.4 (java windows)
Content-Length: 49
Content-Type: application/json; charset=utf-8
host: localhost:60931
accept: */*

Response DefaultHttpResponse(decodeResult: success, version: HTTP/1.1)
HTTP/1.1 200 OK
Content-Type: application/json; charset=utf-8
cache-control: no-cache
content-length: 88

12:17:06.768 [AsyncHttpClient-1-5] DEBUG org.asynchttpclient.netty.channel.ChannelManager - Adding key: http://localhost:60931 for channel [id: 0x94a868fe, L:/127.0.0.1:60102 - R:localhost/127.0.0.1:60931]
12:17:06.770 [Forwarding sendKeysToElement on session d44bb7f3706ec65f92f8ebdd446b4f74 to remote] DEBUG org.asynchttpclient.netty.request.NettyRequestSender - Using pooled Channel '[id: 0x94a868fe, L:/127.0.0.1:60102 - R:localhost/127.0.0.1:60931]' for 'POST' to 'http://localhost:60931/session/d44bb7f3706ec65f92f8ebdd446b4f74/element/f0c691d1-1cac-4fd1-92d2-cb9c0505a6c5/value'
12:17:06.770 [Forwarding sendKeysToElement on session d44bb7f3706ec65f92f8ebdd446b4f74 to remote] DEBUG org.asynchttpclient.netty.request.NettyRequestSender - Using open Channel [id: 0x94a868fe, L:/127.0.0.1:60102 - R:localhost/127.0.0.1:60931] for POST '/session/d44bb7f3706ec65f92f8ebdd446b4f74/element/f0c691d1-1cac-4fd1-92d2-cb9c0505a6c5/value'
12:17:06.833 [AsyncHttpClient-1-5] DEBUG org.asynchttpclient.netty.handler.HttpHandler - 

Request DefaultHttpRequest(decodeResult: success, version: HTTP/1.1)
POST /session/d44bb7f3706ec65f92f8ebdd446b4f74/element/f0c691d1-1cac-4fd1-92d2-cb9c0505a6c5/value HTTP/1.1
User-Agent: selenium/4.1.4 (java windows)
Content-Length: 181
Content-Type: application/json; charset=utf-8
host: localhost:60931
accept: */*

Response DefaultHttpResponse(decodeResult: success, version: HTTP/1.1)
HTTP/1.1 200 OK
Content-Type: application/json; charset=utf-8
cache-control: no-cache
content-length: 14

12:17:06.833 [AsyncHttpClient-1-5] DEBUG org.asynchttpclient.netty.channel.ChannelManager - Adding key: http://localhost:60931 for channel [id: 0x94a868fe, L:/127.0.0.1:60102 - R:localhost/127.0.0.1:60931]
12:17:06.837 [Forwarding findElement on session d44bb7f3706ec65f92f8ebdd446b4f74 to remote] DEBUG org.asynchttpclient.netty.request.NettyRequestSender - Using pooled Channel '[id: 0x94a868fe, L:/127.0.0.1:60102 - R:localhost/127.0.0.1:60931]' for 'POST' to 'http://localhost:60931/session/d44bb7f3706ec65f92f8ebdd446b4f74/element'
12:17:06.837 [Forwarding findElement on session d44bb7f3706ec65f92f8ebdd446b4f74 to remote] DEBUG org.asynchttpclient.netty.request.NettyRequestSender - Using open Channel [id: 0x94a868fe, L:/127.0.0.1:60102 - R:localhost/127.0.0.1:60931] for POST '/session/d44bb7f3706ec65f92f8ebdd446b4f74/element'
12:17:06.853 [AsyncHttpClient-1-5] DEBUG org.asynchttpclient.netty.handler.HttpHandler - 

Request DefaultHttpRequest(decodeResult: success, version: HTTP/1.1)
POST /session/d44bb7f3706ec65f92f8ebdd446b4f74/element HTTP/1.1
User-Agent: selenium/4.1.4 (java windows)
Content-Length: 53
Content-Type: application/json; charset=utf-8
host: localhost:60931
accept: */*

Response DefaultHttpResponse(decodeResult: success, version: HTTP/1.1)
HTTP/1.1 200 OK
Content-Type: application/json; charset=utf-8
cache-control: no-cache
content-length: 88

12:17:06.853 [AsyncHttpClient-1-5] DEBUG org.asynchttpclient.netty.channel.ChannelManager - Adding key: http://localhost:60931 for channel [id: 0x94a868fe, L:/127.0.0.1:60102 - R:localhost/127.0.0.1:60931]
12:17:06.858 [Forwarding isElementDisplayed on session d44bb7f3706ec65f92f8ebdd446b4f74 to remote] DEBUG org.asynchttpclient.netty.request.NettyRequestSender - Using pooled Channel '[id: 0x94a868fe, L:/127.0.0.1:60102 - R:localhost/127.0.0.1:60931]' for 'POST' to 'http://localhost:60931/session/d44bb7f3706ec65f92f8ebdd446b4f74/execute/sync'
12:17:06.858 [Forwarding isElementDisplayed on session d44bb7f3706ec65f92f8ebdd446b4f74 to remote] DEBUG org.asynchttpclient.netty.request.NettyRequestSender - Using open Channel [id: 0x94a868fe, L:/127.0.0.1:60102 - R:localhost/127.0.0.1:60931] for POST '/session/d44bb7f3706ec65f92f8ebdd446b4f74/execute/sync'
12:17:06.879 [AsyncHttpClient-1-5] DEBUG org.asynchttpclient.netty.handler.HttpHandler - 

Request DefaultHttpRequest(decodeResult: success, version: HTTP/1.1)
POST /session/d44bb7f3706ec65f92f8ebdd446b4f74/execute/sync HTTP/1.1
User-Agent: selenium/4.1.4 (java windows)
Content-Length: 48780
Content-Type: application/json; charset=utf-8
host: localhost:60931
accept: */*

Response DefaultHttpResponse(decodeResult: success, version: HTTP/1.1)
HTTP/1.1 200 OK
Content-Type: application/json; charset=utf-8
cache-control: no-cache
content-length: 14

12:17:06.880 [AsyncHttpClient-1-5] DEBUG org.asynchttpclient.netty.channel.ChannelManager - Adding key: http://localhost:60931 for channel [id: 0x94a868fe, L:/127.0.0.1:60102 - R:localhost/127.0.0.1:60931]
12:17:06.882 [Forwarding findElement on session d44bb7f3706ec65f92f8ebdd446b4f74 to remote] DEBUG org.asynchttpclient.netty.request.NettyRequestSender - Using pooled Channel '[id: 0x94a868fe, L:/127.0.0.1:60102 - R:localhost/127.0.0.1:60931]' for 'POST' to 'http://localhost:60931/session/d44bb7f3706ec65f92f8ebdd446b4f74/element'
12:17:06.882 [Forwarding findElement on session d44bb7f3706ec65f92f8ebdd446b4f74 to remote] DEBUG org.asynchttpclient.netty.request.NettyRequestSender - Using open Channel [id: 0x94a868fe, L:/127.0.0.1:60102 - R:localhost/127.0.0.1:60931] for POST '/session/d44bb7f3706ec65f92f8ebdd446b4f74/element'
12:17:06.891 [AsyncHttpClient-1-5] DEBUG org.asynchttpclient.netty.handler.HttpHandler - 

Request DefaultHttpRequest(decodeResult: success, version: HTTP/1.1)
POST /session/d44bb7f3706ec65f92f8ebdd446b4f74/element HTTP/1.1
User-Agent: selenium/4.1.4 (java windows)
Content-Length: 53
Content-Type: application/json; charset=utf-8
host: localhost:60931
accept: */*

Response DefaultHttpResponse(decodeResult: success, version: HTTP/1.1)
HTTP/1.1 200 OK
Content-Type: application/json; charset=utf-8
cache-control: no-cache
content-length: 88

12:17:06.891 [AsyncHttpClient-1-5] DEBUG org.asynchttpclient.netty.channel.ChannelManager - Adding key: http://localhost:60931 for channel [id: 0x94a868fe, L:/127.0.0.1:60102 - R:localhost/127.0.0.1:60931]
12:17:06.891 [Forwarding isElementEnabled on session d44bb7f3706ec65f92f8ebdd446b4f74 to remote] DEBUG org.asynchttpclient.netty.request.NettyRequestSender - Using pooled Channel '[id: 0x94a868fe, L:/127.0.0.1:60102 - R:localhost/127.0.0.1:60931]' for 'GET' to 'http://localhost:60931/session/d44bb7f3706ec65f92f8ebdd446b4f74/element/5d3c953d-8f50-47ab-8c5b-56469ea72535/enabled'
12:17:06.892 [Forwarding isElementEnabled on session d44bb7f3706ec65f92f8ebdd446b4f74 to remote] DEBUG org.asynchttpclient.netty.request.NettyRequestSender - Using open Channel [id: 0x94a868fe, L:/127.0.0.1:60102 - R:localhost/127.0.0.1:60931] for GET '/session/d44bb7f3706ec65f92f8ebdd446b4f74/element/5d3c953d-8f50-47ab-8c5b-56469ea72535/enabled'
12:17:06.902 [AsyncHttpClient-1-5] DEBUG org.asynchttpclient.netty.handler.HttpHandler - 

Request DefaultFullHttpRequest(decodeResult: success, version: HTTP/1.1, content: EmptyByteBufBE)
GET /session/d44bb7f3706ec65f92f8ebdd446b4f74/element/5d3c953d-8f50-47ab-8c5b-56469ea72535/enabled HTTP/1.1
User-Agent: selenium/4.1.4 (java windows)
Cache-Control: no-cache
Content-Type: application/json; charset=utf-8
host: localhost:60931
accept: */*

Response DefaultHttpResponse(decodeResult: success, version: HTTP/1.1)
HTTP/1.1 200 OK
Content-Type: application/json; charset=utf-8
cache-control: no-cache
content-length: 14

12:17:06.902 [AsyncHttpClient-1-5] DEBUG org.asynchttpclient.netty.channel.ChannelManager - Adding key: http://localhost:60931 for channel [id: 0x94a868fe, L:/127.0.0.1:60102 - R:localhost/127.0.0.1:60931]
12:17:06.904 [Forwarding findElement on session d44bb7f3706ec65f92f8ebdd446b4f74 to remote] DEBUG org.asynchttpclient.netty.request.NettyRequestSender - Using pooled Channel '[id: 0x94a868fe, L:/127.0.0.1:60102 - R:localhost/127.0.0.1:60931]' for 'POST' to 'http://localhost:60931/session/d44bb7f3706ec65f92f8ebdd446b4f74/element'
12:17:06.904 [Forwarding findElement on session d44bb7f3706ec65f92f8ebdd446b4f74 to remote] DEBUG org.asynchttpclient.netty.request.NettyRequestSender - Using open Channel [id: 0x94a868fe, L:/127.0.0.1:60102 - R:localhost/127.0.0.1:60931] for POST '/session/d44bb7f3706ec65f92f8ebdd446b4f74/element'
12:17:06.912 [AsyncHttpClient-1-5] DEBUG org.asynchttpclient.netty.handler.HttpHandler - 

Request DefaultHttpRequest(decodeResult: success, version: HTTP/1.1)
POST /session/d44bb7f3706ec65f92f8ebdd446b4f74/element HTTP/1.1
User-Agent: selenium/4.1.4 (java windows)
Content-Length: 53
Content-Type: application/json; charset=utf-8
host: localhost:60931
accept: */*

Response DefaultHttpResponse(decodeResult: success, version: HTTP/1.1)
HTTP/1.1 200 OK
Content-Type: application/json; charset=utf-8
cache-control: no-cache
content-length: 88

12:17:06.912 [AsyncHttpClient-1-5] DEBUG org.asynchttpclient.netty.channel.ChannelManager - Adding key: http://localhost:60931 for channel [id: 0x94a868fe, L:/127.0.0.1:60102 - R:localhost/127.0.0.1:60931]
12:17:06.913 [Forwarding sendKeysToElement on session d44bb7f3706ec65f92f8ebdd446b4f74 to remote] DEBUG org.asynchttpclient.netty.request.NettyRequestSender - Using pooled Channel '[id: 0x94a868fe, L:/127.0.0.1:60102 - R:localhost/127.0.0.1:60931]' for 'POST' to 'http://localhost:60931/session/d44bb7f3706ec65f92f8ebdd446b4f74/element/5d3c953d-8f50-47ab-8c5b-56469ea72535/value'
12:17:06.913 [Forwarding sendKeysToElement on session d44bb7f3706ec65f92f8ebdd446b4f74 to remote] DEBUG org.asynchttpclient.netty.request.NettyRequestSender - Using open Channel [id: 0x94a868fe, L:/127.0.0.1:60102 - R:localhost/127.0.0.1:60931] for POST '/session/d44bb7f3706ec65f92f8ebdd446b4f74/element/5d3c953d-8f50-47ab-8c5b-56469ea72535/value'
12:17:06.998 [AsyncHttpClient-1-5] DEBUG org.asynchttpclient.netty.handler.HttpHandler - 

Request DefaultHttpRequest(decodeResult: success, version: HTTP/1.1)
POST /session/d44bb7f3706ec65f92f8ebdd446b4f74/element/5d3c953d-8f50-47ab-8c5b-56469ea72535/value HTTP/1.1
User-Agent: selenium/4.1.4 (java windows)
Content-Length: 181
Content-Type: application/json; charset=utf-8
host: localhost:60931
accept: */*

Response DefaultHttpResponse(decodeResult: success, version: HTTP/1.1)
HTTP/1.1 200 OK
Content-Type: application/json; charset=utf-8
cache-control: no-cache
content-length: 14

12:17:06.998 [AsyncHttpClient-1-5] DEBUG org.asynchttpclient.netty.channel.ChannelManager - Adding key: http://localhost:60931 for channel [id: 0x94a868fe, L:/127.0.0.1:60102 - R:localhost/127.0.0.1:60931]
12:17:07.002 [Forwarding findElement on session d44bb7f3706ec65f92f8ebdd446b4f74 to remote] DEBUG org.asynchttpclient.netty.request.NettyRequestSender - Using pooled Channel '[id: 0x94a868fe, L:/127.0.0.1:60102 - R:localhost/127.0.0.1:60931]' for 'POST' to 'http://localhost:60931/session/d44bb7f3706ec65f92f8ebdd446b4f74/element'
12:17:07.002 [Forwarding findElement on session d44bb7f3706ec65f92f8ebdd446b4f74 to remote] DEBUG org.asynchttpclient.netty.request.NettyRequestSender - Using open Channel [id: 0x94a868fe, L:/127.0.0.1:60102 - R:localhost/127.0.0.1:60931] for POST '/session/d44bb7f3706ec65f92f8ebdd446b4f74/element'
12:17:07.018 [AsyncHttpClient-1-5] DEBUG org.asynchttpclient.netty.handler.HttpHandler - 

Request DefaultHttpRequest(decodeResult: success, version: HTTP/1.1)
POST /session/d44bb7f3706ec65f92f8ebdd446b4f74/element HTTP/1.1
User-Agent: selenium/4.1.4 (java windows)
Content-Length: 59
Content-Type: application/json; charset=utf-8
host: localhost:60931
accept: */*

Response DefaultHttpResponse(decodeResult: success, version: HTTP/1.1)
HTTP/1.1 200 OK
Content-Type: application/json; charset=utf-8
cache-control: no-cache
content-length: 88

12:17:07.018 [AsyncHttpClient-1-5] DEBUG org.asynchttpclient.netty.channel.ChannelManager - Adding key: http://localhost:60931 for channel [id: 0x94a868fe, L:/127.0.0.1:60102 - R:localhost/127.0.0.1:60931]
12:17:07.022 [Forwarding isElementDisplayed on session d44bb7f3706ec65f92f8ebdd446b4f74 to remote] DEBUG org.asynchttpclient.netty.request.NettyRequestSender - Using pooled Channel '[id: 0x94a868fe, L:/127.0.0.1:60102 - R:localhost/127.0.0.1:60931]' for 'POST' to 'http://localhost:60931/session/d44bb7f3706ec65f92f8ebdd446b4f74/execute/sync'
12:17:07.022 [Forwarding isElementDisplayed on session d44bb7f3706ec65f92f8ebdd446b4f74 to remote] DEBUG org.asynchttpclient.netty.request.NettyRequestSender - Using open Channel [id: 0x94a868fe, L:/127.0.0.1:60102 - R:localhost/127.0.0.1:60931] for POST '/session/d44bb7f3706ec65f92f8ebdd446b4f74/execute/sync'
12:17:07.038 [AsyncHttpClient-1-5] DEBUG org.asynchttpclient.netty.handler.HttpHandler - 

Request DefaultHttpRequest(decodeResult: success, version: HTTP/1.1)
POST /session/d44bb7f3706ec65f92f8ebdd446b4f74/execute/sync HTTP/1.1
User-Agent: selenium/4.1.4 (java windows)
Content-Length: 48780
Content-Type: application/json; charset=utf-8
host: localhost:60931
accept: */*

Response DefaultHttpResponse(decodeResult: success, version: HTTP/1.1)
HTTP/1.1 200 OK
Content-Type: application/json; charset=utf-8
cache-control: no-cache
content-length: 14

12:17:07.038 [AsyncHttpClient-1-5] DEBUG org.asynchttpclient.netty.channel.ChannelManager - Adding key: http://localhost:60931 for channel [id: 0x94a868fe, L:/127.0.0.1:60102 - R:localhost/127.0.0.1:60931]
12:17:07.041 [Forwarding findElement on session d44bb7f3706ec65f92f8ebdd446b4f74 to remote] DEBUG org.asynchttpclient.netty.request.NettyRequestSender - Using pooled Channel '[id: 0x94a868fe, L:/127.0.0.1:60102 - R:localhost/127.0.0.1:60931]' for 'POST' to 'http://localhost:60931/session/d44bb7f3706ec65f92f8ebdd446b4f74/element'
12:17:07.041 [Forwarding findElement on session d44bb7f3706ec65f92f8ebdd446b4f74 to remote] DEBUG org.asynchttpclient.netty.request.NettyRequestSender - Using open Channel [id: 0x94a868fe, L:/127.0.0.1:60102 - R:localhost/127.0.0.1:60931] for POST '/session/d44bb7f3706ec65f92f8ebdd446b4f74/element'
12:17:07.053 [AsyncHttpClient-1-5] DEBUG org.asynchttpclient.netty.handler.HttpHandler - 

Request DefaultHttpRequest(decodeResult: success, version: HTTP/1.1)
POST /session/d44bb7f3706ec65f92f8ebdd446b4f74/element HTTP/1.1
User-Agent: selenium/4.1.4 (java windows)
Content-Length: 59
Content-Type: application/json; charset=utf-8
host: localhost:60931
accept: */*

Response DefaultHttpResponse(decodeResult: success, version: HTTP/1.1)
HTTP/1.1 200 OK
Content-Type: application/json; charset=utf-8
cache-control: no-cache
content-length: 88

12:17:07.053 [AsyncHttpClient-1-5] DEBUG org.asynchttpclient.netty.channel.ChannelManager - Adding key: http://localhost:60931 for channel [id: 0x94a868fe, L:/127.0.0.1:60102 - R:localhost/127.0.0.1:60931]
12:17:07.055 [Forwarding isElementEnabled on session d44bb7f3706ec65f92f8ebdd446b4f74 to remote] DEBUG org.asynchttpclient.netty.request.NettyRequestSender - Using pooled Channel '[id: 0x94a868fe, L:/127.0.0.1:60102 - R:localhost/127.0.0.1:60931]' for 'GET' to 'http://localhost:60931/session/d44bb7f3706ec65f92f8ebdd446b4f74/element/02915c84-d80e-418c-a6fe-45fcb24d53b5/enabled'
12:17:07.055 [Forwarding isElementEnabled on session d44bb7f3706ec65f92f8ebdd446b4f74 to remote] DEBUG org.asynchttpclient.netty.request.NettyRequestSender - Using open Channel [id: 0x94a868fe, L:/127.0.0.1:60102 - R:localhost/127.0.0.1:60931] for GET '/session/d44bb7f3706ec65f92f8ebdd446b4f74/element/02915c84-d80e-418c-a6fe-45fcb24d53b5/enabled'
12:17:07.069 [AsyncHttpClient-1-5] DEBUG org.asynchttpclient.netty.handler.HttpHandler - 

Request DefaultFullHttpRequest(decodeResult: success, version: HTTP/1.1, content: EmptyByteBufBE)
GET /session/d44bb7f3706ec65f92f8ebdd446b4f74/element/02915c84-d80e-418c-a6fe-45fcb24d53b5/enabled HTTP/1.1
User-Agent: selenium/4.1.4 (java windows)
Cache-Control: no-cache
Content-Type: application/json; charset=utf-8
host: localhost:60931
accept: */*

Response DefaultHttpResponse(decodeResult: success, version: HTTP/1.1)
HTTP/1.1 200 OK
Content-Type: application/json; charset=utf-8
cache-control: no-cache
content-length: 14

12:17:07.069 [AsyncHttpClient-1-5] DEBUG org.asynchttpclient.netty.channel.ChannelManager - Adding key: http://localhost:60931 for channel [id: 0x94a868fe, L:/127.0.0.1:60102 - R:localhost/127.0.0.1:60931]
12:17:07.071 [Forwarding findElement on session d44bb7f3706ec65f92f8ebdd446b4f74 to remote] DEBUG org.asynchttpclient.netty.request.NettyRequestSender - Using pooled Channel '[id: 0x94a868fe, L:/127.0.0.1:60102 - R:localhost/127.0.0.1:60931]' for 'POST' to 'http://localhost:60931/session/d44bb7f3706ec65f92f8ebdd446b4f74/element'
12:17:07.071 [Forwarding findElement on session d44bb7f3706ec65f92f8ebdd446b4f74 to remote] DEBUG org.asynchttpclient.netty.request.NettyRequestSender - Using open Channel [id: 0x94a868fe, L:/127.0.0.1:60102 - R:localhost/127.0.0.1:60931] for POST '/session/d44bb7f3706ec65f92f8ebdd446b4f74/element'
12:17:07.082 [AsyncHttpClient-1-5] DEBUG org.asynchttpclient.netty.handler.HttpHandler - 

Request DefaultHttpRequest(decodeResult: success, version: HTTP/1.1)
POST /session/d44bb7f3706ec65f92f8ebdd446b4f74/element HTTP/1.1
User-Agent: selenium/4.1.4 (java windows)
Content-Length: 59
Content-Type: application/json; charset=utf-8
host: localhost:60931
accept: */*

Response DefaultHttpResponse(decodeResult: success, version: HTTP/1.1)
HTTP/1.1 200 OK
Content-Type: application/json; charset=utf-8
cache-control: no-cache
content-length: 88

12:17:07.082 [AsyncHttpClient-1-5] DEBUG org.asynchttpclient.netty.channel.ChannelManager - Adding key: http://localhost:60931 for channel [id: 0x94a868fe, L:/127.0.0.1:60102 - R:localhost/127.0.0.1:60931]
12:17:07.084 [Forwarding clickElement on session d44bb7f3706ec65f92f8ebdd446b4f74 to remote] DEBUG org.asynchttpclient.netty.request.NettyRequestSender - Using pooled Channel '[id: 0x94a868fe, L:/127.0.0.1:60102 - R:localhost/127.0.0.1:60931]' for 'POST' to 'http://localhost:60931/session/d44bb7f3706ec65f92f8ebdd446b4f74/element/02915c84-d80e-418c-a6fe-45fcb24d53b5/click'
12:17:07.085 [Forwarding clickElement on session d44bb7f3706ec65f92f8ebdd446b4f74 to remote] DEBUG org.asynchttpclient.netty.request.NettyRequestSender - Using open Channel [id: 0x94a868fe, L:/127.0.0.1:60102 - R:localhost/127.0.0.1:60931] for POST '/session/d44bb7f3706ec65f92f8ebdd446b4f74/element/02915c84-d80e-418c-a6fe-45fcb24d53b5/click'
12:17:07.133 [AsyncHttpClient-1-5] DEBUG org.asynchttpclient.netty.handler.HttpHandler - 

Request DefaultHttpRequest(decodeResult: success, version: HTTP/1.1)
POST /session/d44bb7f3706ec65f92f8ebdd446b4f74/element/02915c84-d80e-418c-a6fe-45fcb24d53b5/click HTTP/1.1
User-Agent: selenium/4.1.4 (java windows)
Content-Length: 50
Content-Type: application/json; charset=utf-8
host: localhost:60931
accept: */*

Response DefaultHttpResponse(decodeResult: success, version: HTTP/1.1)
HTTP/1.1 200 OK
Content-Type: application/json; charset=utf-8
cache-control: no-cache
content-length: 14

12:17:07.133 [AsyncHttpClient-1-5] DEBUG org.asynchttpclient.netty.channel.ChannelManager - Adding key: http://localhost:60931 for channel [id: 0x94a868fe, L:/127.0.0.1:60102 - R:localhost/127.0.0.1:60931]
12:17:07.135 [Forwarding getAlertText on session d44bb7f3706ec65f92f8ebdd446b4f74 to remote] DEBUG org.asynchttpclient.netty.request.NettyRequestSender - Using pooled Channel '[id: 0x94a868fe, L:/127.0.0.1:60102 - R:localhost/127.0.0.1:60931]' for 'GET' to 'http://localhost:60931/session/d44bb7f3706ec65f92f8ebdd446b4f74/alert/text'
12:17:07.135 [Forwarding getAlertText on session d44bb7f3706ec65f92f8ebdd446b4f74 to remote] DEBUG org.asynchttpclient.netty.request.NettyRequestSender - Using open Channel [id: 0x94a868fe, L:/127.0.0.1:60102 - R:localhost/127.0.0.1:60931] for GET '/session/d44bb7f3706ec65f92f8ebdd446b4f74/alert/text'
12:17:07.136 [AsyncHttpClient-1-5] DEBUG org.asynchttpclient.netty.handler.HttpHandler - 

Request DefaultFullHttpRequest(decodeResult: success, version: HTTP/1.1, content: EmptyByteBufBE)
GET /session/d44bb7f3706ec65f92f8ebdd446b4f74/alert/text HTTP/1.1
User-Agent: selenium/4.1.4 (java windows)
Cache-Control: no-cache
Content-Type: application/json; charset=utf-8
host: localhost:60931
accept: */*

Response DefaultHttpResponse(decodeResult: success, version: HTTP/1.1)
HTTP/1.1 200 OK
Content-Type: application/json; charset=utf-8
cache-control: no-cache
content-length: 29

12:17:07.136 [AsyncHttpClient-1-5] DEBUG org.asynchttpclient.netty.channel.ChannelManager - Adding key: http://localhost:60931 for channel [id: 0x94a868fe, L:/127.0.0.1:60102 - R:localhost/127.0.0.1:60931]
12:17:07.137 [Forwarding getAlertText on session d44bb7f3706ec65f92f8ebdd446b4f74 to remote] DEBUG org.asynchttpclient.netty.request.NettyRequestSender - Using pooled Channel '[id: 0x94a868fe, L:/127.0.0.1:60102 - R:localhost/127.0.0.1:60931]' for 'GET' to 'http://localhost:60931/session/d44bb7f3706ec65f92f8ebdd446b4f74/alert/text'
12:17:07.137 [Forwarding getAlertText on session d44bb7f3706ec65f92f8ebdd446b4f74 to remote] DEBUG org.asynchttpclient.netty.request.NettyRequestSender - Using open Channel [id: 0x94a868fe, L:/127.0.0.1:60102 - R:localhost/127.0.0.1:60931] for GET '/session/d44bb7f3706ec65f92f8ebdd446b4f74/alert/text'
12:17:07.138 [AsyncHttpClient-1-5] DEBUG org.asynchttpclient.netty.handler.HttpHandler - 

Request DefaultFullHttpRequest(decodeResult: success, version: HTTP/1.1, content: EmptyByteBufBE)
GET /session/d44bb7f3706ec65f92f8ebdd446b4f74/alert/text HTTP/1.1
User-Agent: selenium/4.1.4 (java windows)
Cache-Control: no-cache
Content-Type: application/json; charset=utf-8
host: localhost:60931
accept: */*

Response DefaultHttpResponse(decodeResult: success, version: HTTP/1.1)
HTTP/1.1 200 OK
Content-Type: application/json; charset=utf-8
cache-control: no-cache
content-length: 29

12:17:07.138 [AsyncHttpClient-1-5] DEBUG org.asynchttpclient.netty.channel.ChannelManager - Adding key: http://localhost:60931 for channel [id: 0x94a868fe, L:/127.0.0.1:60102 - R:localhost/127.0.0.1:60931]
12:17:07.139 [Forwarding getAlertText on session d44bb7f3706ec65f92f8ebdd446b4f74 to remote] DEBUG org.asynchttpclient.netty.request.NettyRequestSender - Using pooled Channel '[id: 0x94a868fe, L:/127.0.0.1:60102 - R:localhost/127.0.0.1:60931]' for 'GET' to 'http://localhost:60931/session/d44bb7f3706ec65f92f8ebdd446b4f74/alert/text'
12:17:07.139 [Forwarding getAlertText on session d44bb7f3706ec65f92f8ebdd446b4f74 to remote] DEBUG org.asynchttpclient.netty.request.NettyRequestSender - Using open Channel [id: 0x94a868fe, L:/127.0.0.1:60102 - R:localhost/127.0.0.1:60931] for GET '/session/d44bb7f3706ec65f92f8ebdd446b4f74/alert/text'
12:17:07.139 [AsyncHttpClient-1-5] DEBUG org.asynchttpclient.netty.handler.HttpHandler - 

Request DefaultFullHttpRequest(decodeResult: success, version: HTTP/1.1, content: EmptyByteBufBE)
GET /session/d44bb7f3706ec65f92f8ebdd446b4f74/alert/text HTTP/1.1
User-Agent: selenium/4.1.4 (java windows)
Cache-Control: no-cache
Content-Type: application/json; charset=utf-8
host: localhost:60931
accept: */*

Response DefaultHttpResponse(decodeResult: success, version: HTTP/1.1)
HTTP/1.1 200 OK
Content-Type: application/json; charset=utf-8
cache-control: no-cache
content-length: 29

12:17:07.140 [AsyncHttpClient-1-5] DEBUG org.asynchttpclient.netty.channel.ChannelManager - Adding key: http://localhost:60931 for channel [id: 0x94a868fe, L:/127.0.0.1:60102 - R:localhost/127.0.0.1:60931]
12:17:07.141 [AsyncHttpClient-1-9] DEBUG org.asynchttpclient.netty.handler.WebSocketHandler - Channel Closed: [id: 0xd05613e9, L:/127.0.0.1:60121 ! R:localhost/127.0.0.1:60113] with attribute NettyResponseFuture{currentRetry=5,
	isDone=1,
	isCancelled=0,
	asyncHandler=org.asynchttpclient.ws.WebSocketUpgradeHandler@3f3b657,
	nettyRequest=org.asynchttpclient.netty.request.NettyRequest@7a4e7236,
	future=java.util.concurrent.CompletableFuture@4f59225d[Completed normally],
	uri=ws://localhost:60113/devtools/browser/56bcdca5-4109-4791-8941-b74f3238bed4,
	keepAlive=true,
	redirectCount=0,
	timeoutsHolder=null,
	inAuth=0,
	touch=1663690625293}
12:17:07.141 [AsyncHttpClient-1-9] DEBUG org.asynchttpclient.netty.channel.ChannelManager - Closing Channel [id: 0xd05613e9, L:/127.0.0.1:60121 ! R:localhost/127.0.0.1:60113] 
12:17:07.142 [Driver Command Executor] DEBUG org.asynchttpclient.netty.request.NettyRequestSender - Using pooled Channel '[id: 0x94a868fe, L:/127.0.0.1:60102 - R:localhost/127.0.0.1:60931]' for 'DELETE' to 'http://localhost:60931/session/d44bb7f3706ec65f92f8ebdd446b4f74'
12:17:07.142 [Driver Command Executor] DEBUG org.asynchttpclient.netty.request.NettyRequestSender - Using open Channel [id: 0x94a868fe, L:/127.0.0.1:60102 - R:localhost/127.0.0.1:60931] for DELETE '/session/d44bb7f3706ec65f92f8ebdd446b4f74'
12:17:07.194 [AsyncHttpClient-1-8] DEBUG org.asynchttpclient.netty.handler.HttpHandler - Unexpected I/O exception on channel [id: 0x1b5ca8c9, L:/127.0.0.1:60119 - R:localhost/127.0.0.1:60113]
java.net.SocketException: Connection reset
	at java.base/sun.nio.ch.SocketChannelImpl.throwConnectionReset(SocketChannelImpl.java:367)
	at java.base/sun.nio.ch.SocketChannelImpl.read(SocketChannelImpl.java:398)
	at io.netty.buffer.PooledByteBuf.setBytes(PooledByteBuf.java:258)
	at io.netty.buffer.AbstractByteBuf.writeBytes(AbstractByteBuf.java:1132)
	at io.netty.channel.socket.nio.NioSocketChannel.doReadBytes(NioSocketChannel.java:357)
	at io.netty.channel.nio.AbstractNioByteChannel$NioByteUnsafe.read(AbstractNioByteChannel.java:151)
	at io.netty.channel.nio.NioEventLoop.processSelectedKey(NioEventLoop.java:722)
	at io.netty.channel.nio.NioEventLoop.processSelectedKeysOptimized(NioEventLoop.java:658)
	at io.netty.channel.nio.NioEventLoop.processSelectedKeys(NioEventLoop.java:584)
	at io.netty.channel.nio.NioEventLoop.run(NioEventLoop.java:496)
	at io.netty.util.concurrent.SingleThreadEventExecutor$4.run(SingleThreadEventExecutor.java:986)
	at io.netty.util.internal.ThreadExecutorMap$2.run(ThreadExecutorMap.java:74)
	at io.netty.util.concurrent.FastThreadLocalRunnable.run(FastThreadLocalRunnable.java:30)
	at java.base/java.lang.Thread.run(Thread.java:832)
12:17:07.195 [AsyncHttpClient-1-8] DEBUG org.asynchttpclient.netty.channel.ChannelManager - Closing Channel [id: 0x1b5ca8c9, L:/127.0.0.1:60119 - R:localhost/127.0.0.1:60113] 
12:17:07.195 [AsyncHttpClient-1-8] DEBUG org.asynchttpclient.netty.handler.HttpHandler - Channel Closed: [id: 0x1b5ca8c9, L:/127.0.0.1:60119 ! R:localhost/127.0.0.1:60113] with attribute DISCARD
12:17:07.221 [AsyncHttpClient-1-5] DEBUG org.asynchttpclient.netty.handler.HttpHandler - 

Request DefaultFullHttpRequest(decodeResult: success, version: HTTP/1.1, content: EmptyByteBufBE)
DELETE /session/d44bb7f3706ec65f92f8ebdd446b4f74 HTTP/1.1
User-Agent: selenium/4.1.4 (java windows)
Content-Type: application/json; charset=utf-8
host: localhost:60931
accept: */*

Response DefaultHttpResponse(decodeResult: success, version: HTTP/1.1)
HTTP/1.1 200 OK
Content-Type: application/json; charset=utf-8
cache-control: no-cache
content-length: 14

12:17:07.221 [AsyncHttpClient-1-5] DEBUG org.asynchttpclient.netty.channel.ChannelManager - Adding key: http://localhost:60931 for channel [id: 0x94a868fe, L:/127.0.0.1:60102 - R:localhost/127.0.0.1:60931]
]]></system-out>
    <system-err><![CDATA[Starting ChromeDriver 105.0.5195.52 (412c95e518836d8a7d97250d62b29c2ae6a26a85-refs/branch-heads/5195@{#853}) on port 60931
Only local connections are allowed.
Please see https://chromedriver.chromium.org/security-considerations for suggestions on keeping ChromeDriver safe.
ChromeDriver was started successfully.
Sep 20, 2022 12:17:04 PM org.openqa.selenium.remote.ProtocolHandshake createSession
INFO: Detected dialect: W3C
Sep 20, 2022 12:17:04 PM org.openqa.selenium.devtools.CdpVersionFinder findNearestMatch
WARNING: Unable to find an exact match for CDP version 105, so returning the closest version found: 101
Sep 20, 2022 12:17:04 PM org.openqa.selenium.devtools.CdpVersionFinder findNearestMatch
INFO: Found CDP implementation for version 105 of 101
Sep 20, 2022 12:17:05 PM org.openqa.selenium.remote.ProtocolHandshake createSession
INFO: Detected dialect: W3C
Sep 20, 2022 12:17:05 PM org.openqa.selenium.devtools.CdpVersionFinder findNearestMatch
WARNING: Unable to find an exact match for CDP version 105, so returning the closest version found: 101
Sep 20, 2022 12:17:05 PM org.openqa.selenium.devtools.CdpVersionFinder findNearestMatch
INFO: Found CDP implementation for version 105 of 101
]]></system-err>
  </testcase>
  <testcase name="runScenario[&quot;&quot;, &quot;webdriver university login page&quot;](8)" classname="runners.RunnerClass" time="4.368">
    <system-out><![CDATA[12:17:07.303 [AsyncHttpClient-1-5] DEBUG org.asynchttpclient.netty.handler.HttpHandler - Channel Closed: [id: 0x94a868fe, L:/127.0.0.1:60102 ! R:localhost/127.0.0.1:60931] with attribute DISCARD
12:17:07.799 [AsyncHttpClient-1-1] DEBUG org.asynchttpclient.netty.channel.DefaultChannelPool - Entry count for : http://localhost:61726 : 1
12:17:07.799 [AsyncHttpClient-1-1] DEBUG org.asynchttpclient.netty.channel.DefaultChannelPool - Entry count for : http://localhost:60931 : 1
12:17:07.799 [AsyncHttpClient-1-1] DEBUG org.asynchttpclient.netty.channel.DefaultChannelPool - Entry count for : http://localhost:60113 : 1
12:17:07.799 [AsyncHttpClient-1-1] DEBUG org.asynchttpclient.netty.channel.DefaultChannelPool - Adding Candidate expired Channel [id: 0x50ef15a0, L:/127.0.0.1:60097 ! R:localhost/127.0.0.1:61726] isIdleTimeoutExpired=false isRemotelyClosed=true isTtlExpired=false
12:17:07.800 [AsyncHttpClient-1-1] DEBUG org.asynchttpclient.netty.channel.DefaultChannelPool - Closing Idle Channel [id: 0x50ef15a0, L:/127.0.0.1:60097 ! R:localhost/127.0.0.1:61726]
12:17:07.800 [AsyncHttpClient-1-1] DEBUG org.asynchttpclient.netty.channel.DefaultChannelPool - Adding Candidate expired Channel [id: 0x94a868fe, L:/127.0.0.1:60102 ! R:localhost/127.0.0.1:60931] isIdleTimeoutExpired=false isRemotelyClosed=true isTtlExpired=false
12:17:07.800 [AsyncHttpClient-1-1] DEBUG org.asynchttpclient.netty.channel.DefaultChannelPool - Closing Idle Channel [id: 0x94a868fe, L:/127.0.0.1:60102 ! R:localhost/127.0.0.1:60931]
12:17:07.800 [AsyncHttpClient-1-1] DEBUG org.asynchttpclient.netty.channel.DefaultChannelPool - Adding Candidate expired Channel [id: 0x1b5ca8c9, L:/127.0.0.1:60119 ! R:localhost/127.0.0.1:60113] isIdleTimeoutExpired=false isRemotelyClosed=true isTtlExpired=false
12:17:07.800 [AsyncHttpClient-1-1] DEBUG org.asynchttpclient.netty.channel.DefaultChannelPool - Closing Idle Channel [id: 0x1b5ca8c9, L:/127.0.0.1:60119 ! R:localhost/127.0.0.1:60113]
12:17:07.800 [AsyncHttpClient-1-1] DEBUG org.asynchttpclient.netty.channel.DefaultChannelPool - Closed 3 connections out of 3 in 1 ms
]]></system-out>
  </testcase>
</testsuite>