<?xml version="1.0" encoding="UTF-8"?>
<!-- Generated by org.testng.reporters.JUnitReportReporter -->
<testsuite hostname="DESKTOP-ODAQPF6" failures="0" tests="6" name="runners.RunnerClass" time="72.603" errors="0" timestamp="2022-09-13T13:15:07 EDT" skipped="0">
  <testcase classname="runners.RunnerClass" name="runScenario" time="17.035"/>
  <system-out/>
  <testcase classname="runners.RunnerClass" name="runScenario" time="7.192"/>
  <system-out/>
  <testcase classname="runners.RunnerClass" name="runScenario" time="7.053"/>
  <system-out/>
  <testcase classname="runners.RunnerClass" name="runScenario" time="17.051"/>
  <system-out/>
  <testcase classname="runners.RunnerClass" name="runScenario" time="7.142"/>
  <system-out/>
  <testcase classname="runners.RunnerClass" name="runScenario" time="17.130"/>
  <system-out/>
</testsuite> <!-- runners.RunnerClass -->
