<?xml version="1.0" encoding="UTF-8"?>
<!-- Generated by org.testng.reporters.JUnitReportReporter -->
<testsuite hostname="DESKTOP-ODAQPF6" failures="0" tests="8" name="runners.RunnerClass" time="65.396" errors="0" timestamp="2022-09-20T12:17:09 EDT" skipped="0">
  <testcase classname="runners.RunnerClass" name="runScenario" time="14.591"/>
  <system-out/>
  <testcase classname="runners.RunnerClass" name="runScenario" time="7.169"/>
  <system-out/>
  <testcase classname="runners.RunnerClass" name="runScenario" time="4.940"/>
  <system-out/>
  <testcase classname="runners.RunnerClass" name="runScenario" time="9.033"/>
  <system-out/>
  <testcase classname="runners.RunnerClass" name="runScenario" time="6.106"/>
  <system-out/>
  <testcase classname="runners.RunnerClass" name="runScenario" time="14.651"/>
  <system-out/>
  <testcase classname="runners.RunnerClass" name="runScenario" time="4.367"/>
  <system-out/>
  <testcase classname="runners.RunnerClass" name="runScenario" time="4.539"/>
  <system-out/>
</testsuite> <!-- runners.RunnerClass -->
